2019-06-08 03:58:18,075:INFO:	
2019-06-08 03:58:18,076:INFO:	
2019-06-08 03:58:18,077:INFO:	
2019-06-08 03:58:18,077:INFO:	===================================================================================================
2019-06-08 03:58:18,078:INFO:	kiperwasser_main
2019-06-08 03:58:18,079:INFO:	===================================================================================================
2019-06-08 03:58:18,079:INFO:	
2019-06-08 03:58:18,080:INFO:	
2019-06-08 03:58:18,080:INFO:	Arguments:
2019-06-08 03:58:18,081:INFO:	Namespace(batch_size=32, big_dataset=True, dev='/homedtic/lperez/datasets/1-billion-word-language-modeling-benchmark-r13output/conll_bpe_mini/1b_dev.bpe.conllu', dev_mode=False, do_training=True, embs=None, epochs=30, logging_file='/homedtic/lperez/UniParse/saved_models/1b/big_2_gpu_mini_dev/logging.log', model_file='model_1b.bpe.big.model', no_update_pretrained_emb=False, output_file='/homedtic/lperez/UniParse/saved_models/1b/big_2_gpu_mini_dev/output.out', patience=-1, results_folder='/homedtic/lperez/UniParse/saved_models/1b/big_2_gpu_mini_dev', tb_dest=None, test='/homedtic/lperez/datasets/1-billion-word-language-modeling-benchmark-r13output/conll_bpe_big/1b_test.bpe.conllu', train='/homedtic/lperez/datasets/1-billion-word-language-modeling-benchmark-r13output/conll_bpe_big/1b_train.bpe.conllu', vocab_file='vocab_1b.bpe.big.pkl')
2019-06-08 03:58:18,082:INFO:	
2019-06-08 05:13:27,090:INFO:	> saving vocab to /homedtic/lperez/UniParse/saved_models/1b/big_2_gpu_mini_dev/vocab_1b.bpe.big.pkl
2019-06-08 05:13:27,141:INFO:	Training with big dataset; subset_size = 10000
2019-06-08 05:13:27,142:DEBUG:	Init training with big dataset (there is no dev mode)
2019-06-08 05:13:27,142:INFO:	tokenizing dev data ...
2019-06-08 05:13:29,295:INFO:	... tokenized dev data
2019-06-08 05:13:29,296:INFO:	creating model ...
2019-06-08 05:13:29,395:INFO:	... model created
2019-06-08 05:13:29,396:INFO:	creating ModelSaveCallback ...
2019-06-08 05:13:29,397:INFO:	saving model to /homedtic/lperez/UniParse/saved_models/1b/big_2_gpu_mini_dev/model_1b.bpe.big.model  (after step 0)
2019-06-08 05:13:29,398:INFO:	... ModelSaveCallback created
2019-06-08 05:13:29,398:INFO:	creating Model ...
2019-06-08 05:13:29,447:INFO:	... Model created
2019-06-08 05:13:29,448:INFO:	training Model ...
2019-06-08 05:13:29,449:DEBUG:	...Training without patience for exactly 30 epochs
2019-06-08 05:13:29,450:INFO:	Epoch 1
2019-06-08 05:13:29,451:INFO:	=====================
2019-06-08 05:21:52,540:DEBUG:	Completed epoch 1 in 503.08990144729614
2019-06-08 05:22:25,895:DEBUG:	UAS (wo. punct) 0.82543	 LAS (wo. punct) 0.78777
2019-06-08 05:22:25,896:DEBUG:	UAS (w. punct) 0.80892	 LAS (w. punct) 0.77547
2019-06-08 05:22:29,953:INFO:	saved to /homedtic/lperez/UniParse/saved_models/1b/big_2_gpu_mini_dev/model_1b.bpe.big.model
2019-06-08 05:22:29,954:INFO:	Epoch 2
2019-06-08 05:22:29,954:INFO:	=====================
2019-06-08 05:30:54,655:DEBUG:	Completed epoch 2 in 504.7010884284973
2019-06-08 05:32:33,245:DEBUG:	UAS (wo. punct) 0.87532	 LAS (wo. punct) 0.84359
2019-06-08 05:32:33,248:DEBUG:	UAS (w. punct) 0.86351	 LAS (w. punct) 0.83533
2019-06-08 05:32:37,172:INFO:	saved to /homedtic/lperez/UniParse/saved_models/1b/big_2_gpu_mini_dev/model_1b.bpe.big.model
2019-06-08 05:32:37,173:INFO:	Epoch 3
2019-06-08 05:32:37,174:INFO:	=====================
2019-06-08 05:44:54,513:DEBUG:	Completed epoch 3 in 737.3399722576141
2019-06-08 05:46:38,985:DEBUG:	UAS (wo. punct) 0.88978	 LAS (wo. punct) 0.83699
2019-06-08 05:46:38,988:DEBUG:	UAS (w. punct) 0.87807	 LAS (w. punct) 0.83158
2019-06-08 05:46:43,077:INFO:	saved to /homedtic/lperez/UniParse/saved_models/1b/big_2_gpu_mini_dev/model_1b.bpe.big.model
2019-06-08 05:46:43,078:INFO:	Epoch 4
2019-06-08 05:46:43,079:INFO:	=====================
2019-06-08 05:59:07,672:DEBUG:	Completed epoch 4 in 744.5938549041748
2019-06-08 06:00:52,380:DEBUG:	UAS (wo. punct) 0.89433	 LAS (wo. punct) 0.83719
2019-06-08 06:00:52,383:DEBUG:	UAS (w. punct) 0.88351	 LAS (w. punct) 0.83332
2019-06-08 06:00:56,427:INFO:	saved to /homedtic/lperez/UniParse/saved_models/1b/big_2_gpu_mini_dev/model_1b.bpe.big.model
2019-06-08 06:00:56,427:INFO:	Epoch 5
2019-06-08 06:00:56,428:INFO:	=====================
2019-06-08 06:13:23,974:DEBUG:	Completed epoch 5 in 747.5468466281891
2019-06-08 06:15:09,730:DEBUG:	UAS (wo. punct) 0.89919	 LAS (wo. punct) 0.84771
2019-06-08 06:15:09,733:DEBUG:	UAS (w. punct) 0.8888	 LAS (w. punct) 0.84346
2019-06-08 06:15:13,883:INFO:	saved to /homedtic/lperez/UniParse/saved_models/1b/big_2_gpu_mini_dev/model_1b.bpe.big.model
2019-06-08 06:15:13,884:INFO:	Epoch 6
2019-06-08 06:15:13,884:INFO:	=====================
2019-06-08 06:27:38,820:DEBUG:	Completed epoch 6 in 744.9361913204193
2019-06-08 06:29:23,796:DEBUG:	UAS (wo. punct) 0.90179	 LAS (wo. punct) 0.85203
2019-06-08 06:29:23,798:DEBUG:	UAS (w. punct) 0.89078	 LAS (w. punct) 0.84691
2019-06-08 06:29:27,929:INFO:	saved to /homedtic/lperez/UniParse/saved_models/1b/big_2_gpu_mini_dev/model_1b.bpe.big.model
2019-06-08 06:29:27,930:INFO:	Epoch 7
2019-06-08 06:29:27,930:INFO:	=====================
2019-06-08 06:41:57,353:DEBUG:	Completed epoch 7 in 749.4232828617096
2019-06-08 06:43:43,179:DEBUG:	UAS (wo. punct) 0.90251	 LAS (wo. punct) 0.84708
2019-06-08 06:43:43,182:DEBUG:	UAS (w. punct) 0.89104	 LAS (w. punct) 0.84241
2019-06-08 06:43:47,260:INFO:	saved to /homedtic/lperez/UniParse/saved_models/1b/big_2_gpu_mini_dev/model_1b.bpe.big.model
2019-06-08 06:43:47,260:INFO:	Epoch 8
2019-06-08 06:43:47,261:INFO:	=====================
2019-06-08 06:56:18,219:DEBUG:	Completed epoch 8 in 750.9584720134735
2019-06-08 06:58:05,557:DEBUG:	UAS (wo. punct) 0.89855	 LAS (wo. punct) 0.843
2019-06-08 06:58:05,560:DEBUG:	UAS (w. punct) 0.88607	 LAS (w. punct) 0.83725
2019-06-08 06:58:05,561:INFO:	Epoch 9
2019-06-08 06:58:05,563:INFO:	=====================
2019-06-08 07:10:37,069:DEBUG:	Completed epoch 9 in 751.5073330402374
2019-06-08 07:12:23,988:DEBUG:	UAS (wo. punct) 0.90021	 LAS (wo. punct) 0.84809
2019-06-08 07:12:23,991:DEBUG:	UAS (w. punct) 0.88873	 LAS (w. punct) 0.84292
2019-06-08 07:12:23,992:INFO:	Epoch 10
2019-06-08 07:12:23,994:INFO:	=====================
2019-06-08 07:24:56,568:DEBUG:	Completed epoch 10 in 752.5758020877838
2019-06-08 07:26:44,483:DEBUG:	UAS (wo. punct) 0.89967	 LAS (wo. punct) 0.85374
2019-06-08 07:26:44,486:DEBUG:	UAS (w. punct) 0.88677	 LAS (w. punct) 0.84634
2019-06-08 07:26:44,488:INFO:	Epoch 11
2019-06-08 07:26:44,489:INFO:	=====================
2019-06-08 07:39:20,220:DEBUG:	Completed epoch 11 in 755.732048034668
2019-06-08 07:41:07,213:DEBUG:	UAS (wo. punct) 0.90184	 LAS (wo. punct) 0.85791
2019-06-08 07:41:07,214:DEBUG:	UAS (w. punct) 0.89012	 LAS (w. punct) 0.85154
2019-06-08 07:41:07,217:INFO:	Epoch 12
2019-06-08 07:41:07,219:INFO:	=====================
2019-06-08 07:53:40,878:DEBUG:	Completed epoch 12 in 753.6605653762817
2019-06-08 07:59:44,722:DEBUG:	UAS (wo. punct) 0.9	 LAS (wo. punct) 0.84875
2019-06-08 07:59:44,725:DEBUG:	UAS (w. punct) 0.88641	 LAS (w. punct) 0.84137
2019-06-08 07:59:44,728:INFO:	Epoch 13
2019-06-08 07:59:44,730:INFO:	=====================
2019-06-08 08:24:51,177:DEBUG:	Completed epoch 13 in 1506.4491593837738
2019-06-08 08:30:50,558:DEBUG:	UAS (wo. punct) 0.89612	 LAS (wo. punct) 0.84099
2019-06-08 08:30:50,562:DEBUG:	UAS (w. punct) 0.88431	 LAS (w. punct) 0.8359
2019-06-08 08:30:50,565:INFO:	Epoch 14
2019-06-08 08:30:50,567:INFO:	=====================
2019-06-08 08:56:11,188:DEBUG:	Completed epoch 14 in 1520.623015165329
2019-06-08 09:02:11,807:DEBUG:	UAS (wo. punct) 0.89665	 LAS (wo. punct) 0.85161
2019-06-08 09:02:11,811:DEBUG:	UAS (w. punct) 0.88509	 LAS (w. punct) 0.84544
2019-06-08 09:02:11,813:INFO:	Epoch 15
2019-06-08 09:02:11,815:INFO:	=====================
2019-06-08 09:27:36,809:DEBUG:	Completed epoch 15 in 1524.9958119392395
2019-06-08 09:33:42,750:DEBUG:	UAS (wo. punct) 0.89803	 LAS (wo. punct) 0.86167
2019-06-08 09:33:42,753:DEBUG:	UAS (w. punct) 0.88291	 LAS (w. punct) 0.8507
2019-06-08 09:33:42,756:INFO:	Epoch 16
2019-06-08 09:33:42,759:INFO:	=====================
2019-06-08 09:59:07,295:DEBUG:	Completed epoch 16 in 1524.5389444828033
2019-06-08 10:05:08,609:DEBUG:	UAS (wo. punct) 0.89923	 LAS (wo. punct) 0.86558
2019-06-08 10:05:08,612:DEBUG:	UAS (w. punct) 0.88647	 LAS (w. punct) 0.85681
2019-06-08 10:05:08,615:INFO:	Epoch 17
2019-06-08 10:05:08,617:INFO:	=====================
2019-06-08 10:30:56,986:DEBUG:	Completed epoch 17 in 1548.3718836307526
2019-06-08 10:36:53,052:DEBUG:	UAS (wo. punct) 0.90158	 LAS (wo. punct) 0.86641
2019-06-08 10:36:53,056:DEBUG:	UAS (w. punct) 0.88899	 LAS (w. punct) 0.85792
2019-06-08 10:36:53,058:INFO:	Epoch 18
2019-06-08 10:36:53,061:INFO:	=====================
2019-06-08 11:02:21,317:DEBUG:	Completed epoch 18 in 1528.258812904358
2019-06-08 11:08:22,988:DEBUG:	UAS (wo. punct) 0.90149	 LAS (wo. punct) 0.86725
2019-06-08 11:08:22,991:DEBUG:	UAS (w. punct) 0.88906	 LAS (w. punct) 0.85878
2019-06-08 11:08:22,993:INFO:	Epoch 19
2019-06-08 11:08:22,995:INFO:	=====================
2019-06-08 11:33:52,928:DEBUG:	Completed epoch 19 in 1529.935423374176
2019-06-08 11:39:56,183:DEBUG:	UAS (wo. punct) 0.9014	 LAS (wo. punct) 0.8648
2019-06-08 11:39:56,186:DEBUG:	UAS (w. punct) 0.88912	 LAS (w. punct) 0.85682
2019-06-08 11:39:56,189:INFO:	Epoch 20
2019-06-08 11:39:56,191:INFO:	=====================
2019-06-08 12:05:31,879:DEBUG:	Completed epoch 20 in 1535.6899960041046
2019-06-08 12:11:29,908:DEBUG:	UAS (wo. punct) 0.90083	 LAS (wo. punct) 0.87455
2019-06-08 12:11:29,912:DEBUG:	UAS (w. punct) 0.88837	 LAS (w. punct) 0.86508
2019-06-08 12:11:29,915:INFO:	Epoch 21
2019-06-08 12:11:29,918:INFO:	=====================
2019-06-08 12:37:12,949:DEBUG:	Completed epoch 21 in 1543.0344982147217
2019-06-08 12:43:14,926:DEBUG:	UAS (wo. punct) 0.90205	 LAS (wo. punct) 0.87362
2019-06-08 12:43:14,929:DEBUG:	UAS (w. punct) 0.88934	 LAS (w. punct) 0.86408
2019-06-08 12:43:14,932:INFO:	Epoch 22
2019-06-08 12:43:14,934:INFO:	=====================
2019-06-08 13:08:49,259:DEBUG:	Completed epoch 22 in 1534.3267562389374
2019-06-08 13:14:49,165:DEBUG:	UAS (wo. punct) 0.90357	 LAS (wo. punct) 0.87215
2019-06-08 13:14:49,169:DEBUG:	UAS (w. punct) 0.89138	 LAS (w. punct) 0.86353
2019-06-08 13:15:00,407:INFO:	saved to /homedtic/lperez/UniParse/saved_models/1b/big_2_gpu_mini_dev/model_1b.bpe.big.model
2019-06-08 13:15:00,407:INFO:	Epoch 23
2019-06-08 13:15:00,408:INFO:	=====================
2019-06-08 13:40:42,905:DEBUG:	Completed epoch 23 in 1542.4972116947174
2019-06-08 13:46:45,020:DEBUG:	UAS (wo. punct) 0.9029	 LAS (wo. punct) 0.87891
2019-06-08 13:46:45,023:DEBUG:	UAS (w. punct) 0.89152	 LAS (w. punct) 0.87025
2019-06-08 13:46:45,026:INFO:	Epoch 24
2019-06-08 13:46:45,028:INFO:	=====================
2019-06-08 14:12:16,795:DEBUG:	Completed epoch 24 in 1531.7689049243927
2019-06-08 14:18:13,642:DEBUG:	UAS (wo. punct) 0.90241	 LAS (wo. punct) 0.87801
2019-06-08 14:18:13,645:DEBUG:	UAS (w. punct) 0.89024	 LAS (w. punct) 0.86851
2019-06-08 14:18:13,647:INFO:	Epoch 25
2019-06-08 14:18:13,649:INFO:	=====================
2019-06-08 14:43:32,076:DEBUG:	Completed epoch 25 in 1518.4291634559631
2019-06-08 14:49:28,961:DEBUG:	UAS (wo. punct) 0.90038	 LAS (wo. punct) 0.87625
2019-06-08 14:49:28,964:DEBUG:	UAS (w. punct) 0.8869	 LAS (w. punct) 0.86538
2019-06-08 14:49:28,966:INFO:	Epoch 26
2019-06-08 14:49:28,968:INFO:	=====================
2019-06-08 15:15:07,681:DEBUG:	Completed epoch 26 in 1538.7155559062958
2019-06-08 15:21:04,180:DEBUG:	UAS (wo. punct) 0.90178	 LAS (wo. punct) 0.87987
2019-06-08 15:21:04,182:DEBUG:	UAS (w. punct) 0.88918	 LAS (w. punct) 0.86966
2019-06-08 15:21:04,185:INFO:	Epoch 27
2019-06-08 15:21:04,187:INFO:	=====================
2019-06-08 15:46:31,772:DEBUG:	Completed epoch 27 in 1527.5871205329895
2019-06-08 15:52:35,434:DEBUG:	UAS (wo. punct) 0.90403	 LAS (wo. punct) 0.88187
2019-06-08 15:52:35,436:DEBUG:	UAS (w. punct) 0.89221	 LAS (w. punct) 0.87255
2019-06-08 15:52:39,652:INFO:	saved to /homedtic/lperez/UniParse/saved_models/1b/big_2_gpu_mini_dev/model_1b.bpe.big.model
2019-06-08 15:52:39,653:INFO:	Epoch 28
2019-06-08 15:52:39,654:INFO:	=====================
2019-06-08 16:17:21,442:DEBUG:	Completed epoch 28 in 1481.7890310287476
2019-06-08 16:22:41,749:DEBUG:	UAS (wo. punct) 0.90407	 LAS (wo. punct) 0.88362
2019-06-08 16:22:41,751:DEBUG:	UAS (w. punct) 0.89287	 LAS (w. punct) 0.87462
2019-06-08 16:22:45,659:INFO:	saved to /homedtic/lperez/UniParse/saved_models/1b/big_2_gpu_mini_dev/model_1b.bpe.big.model
2019-06-08 16:22:45,660:INFO:	Epoch 29
2019-06-08 16:22:45,661:INFO:	=====================
2019-06-08 16:45:35,429:DEBUG:	Completed epoch 29 in 1369.7691175937653
2019-06-08 16:50:54,572:DEBUG:	UAS (wo. punct) 0.90551	 LAS (wo. punct) 0.88376
2019-06-08 16:50:54,574:DEBUG:	UAS (w. punct) 0.89353	 LAS (w. punct) 0.87418
2019-06-08 16:50:58,402:INFO:	saved to /homedtic/lperez/UniParse/saved_models/1b/big_2_gpu_mini_dev/model_1b.bpe.big.model
2019-06-08 16:50:58,402:INFO:	Epoch 30
2019-06-08 16:50:58,403:INFO:	=====================
2019-06-08 17:13:47,858:DEBUG:	Completed epoch 30 in 1369.455203294754
2019-06-08 17:19:07,265:DEBUG:	UAS (wo. punct) 0.90499	 LAS (wo. punct) 0.88349
2019-06-08 17:19:07,267:DEBUG:	UAS (w. punct) 0.89362	 LAS (w. punct) 0.87448
2019-06-08 17:19:07,269:DEBUG:	Finished at epoch 30
2019-06-08 17:19:07,326:INFO:	...Model trained
2019-06-08 17:19:07,327:INFO:	Model maxed on dev at epoch 29 
2019-06-11 14:28:12,678:INFO:	
2019-06-11 14:28:12,703:INFO:	
2019-06-11 14:28:12,705:INFO:	
2019-06-11 14:28:12,707:INFO:	===================================================================================================
2019-06-11 14:28:12,708:INFO:	kiperwasser_main
2019-06-11 14:28:12,709:INFO:	===================================================================================================
2019-06-11 14:28:12,711:INFO:	
2019-06-11 14:28:12,714:INFO:	
2019-06-11 14:28:12,717:INFO:	Arguments:
2019-06-11 14:28:12,722:INFO:	Namespace(batch_size=32, big_dataset=True, dev='/homedtic/lperez/datasets/1-billion-word-language-modeling-benchmark-r13output/conll_bpe_mini/1b_dev.bpe.conllu', dev_mode=False, do_training=False, embs=None, epochs=30, logging_file='/homedtic/lperez/UniParse/saved_models/1b/big_2_gpu_mini_dev/logging.log', model_file='model_1b.bpe.big.model', no_update_pretrained_emb=False, output_file='/homedtic/lperez/UniParse/saved_models/1b/big_2_gpu_mini_dev/output.out', patience=-1, results_folder='/homedtic/lperez/UniParse/saved_models/1b/big_2_gpu_mini_dev', tb_dest=None, test='/homedtic/lperez/datasets/1-billion-word-language-modeling-benchmark-r13output/conll_bpe_big/1b_test.bpe.conllu', train='/homedtic/lperez/datasets/1-billion-word-language-modeling-benchmark-r13output/conll_bpe_big/1b_train.bpe.conllu', vocab_file='vocab_1b.bpe.big.pkl')
2019-06-11 14:28:12,726:INFO:	
2019-06-12 04:31:08,620:DEBUG:	output file saved to /homedtic/lperez/UniParse/saved_models/1b/big_2_gpu_mini_dev/output.out
2019-06-12 04:31:08,903:INFO:	{'uas': 0.8951245485642072, 'las': 0.87664840445216974, 'nopunct_uas': 0.90734145101853303, 'nopunct_las': 0.886302857328922}
2019-06-12 04:31:08,906:INFO:	
2019-06-12 04:31:08,909:INFO:	--------------------------------------------------------
2019-06-12 04:31:08,911:INFO:	Test score: 0.907341451019 0.886302857329
2019-06-12 04:31:08,914:INFO:	--------------------------------------------------------
2019-06-12 04:31:08,917:INFO:	
