2019-07-09 13:10:17,841:INFO:	Size of /homedtic/lperez/UniParse/models/kiperwasser/ptb/normal/vocab.pkl: 34328
2019-07-09 13:10:18,331:INFO:	Size of /homedtic/lperez/UniParse/models/kiperwasser/1b/bpe/mini/only_words_false/vocab.pkl: 37347
2019-07-09 13:10:18,801:INFO:	Size of /homedtic/lperez/UniParse/models/kiperwasser/1b/bpe/mini/only_words_true/vocab.pkl: 37347
2019-07-09 13:10:21,259:INFO:	Size of /homedtic/lperez/UniParse/models/kiperwasser/1b/normal/run1/vocab.pkl: 1409764
2019-07-09 13:10:21,547:INFO:	Size of /homedtic/lperez/UniParse/models/kiperwasser/ud/vocab.pkl: 15666
2019-07-09 13:10:24,163:INFO:	File /homedtic/lperez/datasets/1-billion-word-language-modeling-benchmark-r13output/conll_bpe_medium/1b_test.bpe.conllu has 145955 sentences.
2019-07-09 13:10:37,529:INFO:	File /homedtic/lperez/datasets/1-billion-word-language-modeling-benchmark-r13output/conll_bpe_medium/1b_dev.bpe.conllu has 2852204 sentences.
2019-07-09 13:11:32,417:INFO:	File /homedtic/lperez/datasets/1-billion-word-language-modeling-benchmark-r13output/conll_bpe_medium/1b_train.bpe.conllu has 12309062 sentences.
2019-07-09 13:11:34,601:INFO:	File /homedtic/lperez/datasets/1-billion-word-language-modeling-benchmark-r13output/conll_bpe_big/1b_test.bpe.conllu has 306688 sentences.
2019-07-09 13:12:02,224:INFO:	File /homedtic/lperez/datasets/1-billion-word-language-modeling-benchmark-r13output/conll_bpe_big/1b_dev.bpe.conllu has 6067578 sentences.
2019-07-09 13:14:10,563:INFO:	File /homedtic/lperez/datasets/1-billion-word-language-modeling-benchmark-r13output/conll_bpe_big/1b_train.bpe.conllu has 25866961 sentences.
2019-07-09 13:14:11,552:INFO:	File /homedtic/lperez/datasets/1-billion-word-language-modeling-benchmark-r13output/conll_bpe_small/1b_test.bpe.conllu has 28797 sentences.
2019-07-09 13:14:14,414:INFO:	File /homedtic/lperez/datasets/1-billion-word-language-modeling-benchmark-r13output/conll_bpe_small/1b_dev.bpe.conllu has 558048 sentences.
2019-07-09 13:14:26,310:INFO:	File /homedtic/lperez/datasets/1-billion-word-language-modeling-benchmark-r13output/conll_bpe_small/1b_train.bpe.conllu has 2458640 sentences.
2019-07-09 13:14:29,110:INFO:	File /homedtic/lperez/datasets/1-billion-word-language-modeling-benchmark-r13output/conll_normal_individual_files/training-monolingual.tokenized.shuffled/news.en-00021-of-00100.conllu has 319338 sentences.
2019-07-09 13:14:31,442:INFO:	File /homedtic/lperez/datasets/1-billion-word-language-modeling-benchmark-r13output/conll_normal_individual_files/training-monolingual.tokenized.shuffled/news.en-00095-of-00100.conllu has 319080 sentences.
2019-07-09 13:14:33,269:INFO:	File /homedtic/lperez/datasets/1-billion-word-language-modeling-benchmark-r13output/conll_normal_individual_files/training-monolingual.tokenized.shuffled/news.en-00030-of-00100.conllu has 319240 sentences.
2019-07-09 13:14:35,002:INFO:	File /homedtic/lperez/datasets/1-billion-word-language-modeling-benchmark-r13output/conll_normal_individual_files/training-monolingual.tokenized.shuffled/news.en-00016-of-00100.conllu has 319776 sentences.
2019-07-09 13:14:37,278:INFO:	File /homedtic/lperez/datasets/1-billion-word-language-modeling-benchmark-r13output/conll_normal_individual_files/training-monolingual.tokenized.shuffled/news.en-00008-of-00100.conllu has 320488 sentences.
2019-07-09 13:14:39,482:INFO:	File /homedtic/lperez/datasets/1-billion-word-language-modeling-benchmark-r13output/conll_normal_individual_files/training-monolingual.tokenized.shuffled/news.en-00017-of-00100.conllu has 320153 sentences.
2019-07-09 13:14:41,576:INFO:	File /homedtic/lperez/datasets/1-billion-word-language-modeling-benchmark-r13output/conll_normal_individual_files/training-monolingual.tokenized.shuffled/news.en-00011-of-00100.conllu has 319491 sentences.
2019-07-09 13:14:43,384:INFO:	File /homedtic/lperez/datasets/1-billion-word-language-modeling-benchmark-r13output/conll_normal_individual_files/training-monolingual.tokenized.shuffled/news.en-00005-of-00100.conllu has 319011 sentences.
2019-07-09 13:14:45,247:INFO:	File /homedtic/lperez/datasets/1-billion-word-language-modeling-benchmark-r13output/conll_normal_individual_files/training-monolingual.tokenized.shuffled/news.en-00040-of-00100.conllu has 319057 sentences.
2019-07-09 13:14:47,134:INFO:	File /homedtic/lperez/datasets/1-billion-word-language-modeling-benchmark-r13output/conll_normal_individual_files/training-monolingual.tokenized.shuffled/news.en-00013-of-00100.conllu has 318828 sentences.
2019-07-09 13:14:49,019:INFO:	File /homedtic/lperez/datasets/1-billion-word-language-modeling-benchmark-r13output/conll_normal_individual_files/training-monolingual.tokenized.shuffled/news.en-00080-of-00100.conllu has 318757 sentences.
2019-07-09 13:14:50,865:INFO:	File /homedtic/lperez/datasets/1-billion-word-language-modeling-benchmark-r13output/conll_normal_individual_files/training-monolingual.tokenized.shuffled/news.en-00051-of-00100.conllu has 319311 sentences.
2019-07-09 13:14:52,652:INFO:	File /homedtic/lperez/datasets/1-billion-word-language-modeling-benchmark-r13output/conll_normal_individual_files/training-monolingual.tokenized.shuffled/news.en-00022-of-00100.conllu has 319077 sentences.
2019-07-09 13:14:54,546:INFO:	File /homedtic/lperez/datasets/1-billion-word-language-modeling-benchmark-r13output/conll_normal_individual_files/training-monolingual.tokenized.shuffled/news.en-00075-of-00100.conllu has 319250 sentences.
2019-07-09 13:14:56,571:INFO:	File /homedtic/lperez/datasets/1-billion-word-language-modeling-benchmark-r13output/conll_normal_individual_files/training-monolingual.tokenized.shuffled/news.en-00033-of-00100.conllu has 319755 sentences.
2019-07-09 13:14:58,423:INFO:	File /homedtic/lperez/datasets/1-billion-word-language-modeling-benchmark-r13output/conll_normal_individual_files/training-monolingual.tokenized.shuffled/news.en-00096-of-00100.conllu has 317706 sentences.
2019-07-09 13:15:00,241:INFO:	File /homedtic/lperez/datasets/1-billion-word-language-modeling-benchmark-r13output/conll_normal_individual_files/training-monolingual.tokenized.shuffled/news.en-00093-of-00100.conllu has 320152 sentences.
2019-07-09 13:15:02,089:INFO:	File /homedtic/lperez/datasets/1-billion-word-language-modeling-benchmark-r13output/conll_normal_individual_files/training-monolingual.tokenized.shuffled/news.en-00065-of-00100.conllu has 318884 sentences.
2019-07-09 13:15:04,607:INFO:	File /homedtic/lperez/datasets/1-billion-word-language-modeling-benchmark-r13output/conll_normal_individual_files/training-monolingual.tokenized.shuffled/news.en-00077-of-00100.conllu has 319054 sentences.
2019-07-09 13:15:06,490:INFO:	File /homedtic/lperez/datasets/1-billion-word-language-modeling-benchmark-r13output/conll_normal_individual_files/training-monolingual.tokenized.shuffled/news.en-00089-of-00100.conllu has 320127 sentences.
2019-07-09 13:15:08,105:INFO:	File /homedtic/lperez/datasets/1-billion-word-language-modeling-benchmark-r13output/conll_normal_individual_files/training-monolingual.tokenized.shuffled/news.en-00058-of-00100.conllu has 319448 sentences.
2019-07-09 13:15:09,954:INFO:	File /homedtic/lperez/datasets/1-billion-word-language-modeling-benchmark-r13output/conll_normal_individual_files/training-monolingual.tokenized.shuffled/news.en-00009-of-00100.conllu has 319114 sentences.
2019-07-09 13:15:12,504:INFO:	File /homedtic/lperez/datasets/1-billion-word-language-modeling-benchmark-r13output/conll_normal_individual_files/training-monolingual.tokenized.shuffled/news.en-00047-of-00100.conllu has 319896 sentences.
2019-07-09 13:15:14,604:INFO:	File /homedtic/lperez/datasets/1-billion-word-language-modeling-benchmark-r13output/conll_normal_individual_files/training-monolingual.tokenized.shuffled/news.en-00091-of-00100.conllu has 320339 sentences.
2019-07-09 13:15:16,644:INFO:	File /homedtic/lperez/datasets/1-billion-word-language-modeling-benchmark-r13output/conll_normal_individual_files/training-monolingual.tokenized.shuffled/news.en-00094-of-00100.conllu has 319546 sentences.
2019-07-09 13:15:18,460:INFO:	File /homedtic/lperez/datasets/1-billion-word-language-modeling-benchmark-r13output/conll_normal_individual_files/training-monolingual.tokenized.shuffled/news.en-00076-of-00100.conllu has 319512 sentences.
2019-07-09 13:15:20,419:INFO:	File /homedtic/lperez/datasets/1-billion-word-language-modeling-benchmark-r13output/conll_normal_individual_files/training-monolingual.tokenized.shuffled/news.en-00085-of-00100.conllu has 319463 sentences.
2019-07-09 13:15:22,631:INFO:	File /homedtic/lperez/datasets/1-billion-word-language-modeling-benchmark-r13output/conll_normal_individual_files/training-monolingual.tokenized.shuffled/news.en-00037-of-00100.conllu has 320723 sentences.
2019-07-09 13:15:24,408:INFO:	File /homedtic/lperez/datasets/1-billion-word-language-modeling-benchmark-r13output/conll_normal_individual_files/training-monolingual.tokenized.shuffled/news.en-00043-of-00100.conllu has 319506 sentences.
2019-07-09 13:15:26,278:INFO:	File /homedtic/lperez/datasets/1-billion-word-language-modeling-benchmark-r13output/conll_normal_individual_files/training-monolingual.tokenized.shuffled/news.en-00007-of-00100.conllu has 320022 sentences.
2019-07-09 13:15:28,213:INFO:	File /homedtic/lperez/datasets/1-billion-word-language-modeling-benchmark-r13output/conll_normal_individual_files/training-monolingual.tokenized.shuffled/news.en-00073-of-00100.conllu has 319565 sentences.
2019-07-09 13:15:29,967:INFO:	File /homedtic/lperez/datasets/1-billion-word-language-modeling-benchmark-r13output/conll_normal_individual_files/training-monolingual.tokenized.shuffled/news.en-00090-of-00100.conllu has 320625 sentences.
2019-07-09 13:15:31,871:INFO:	File /homedtic/lperez/datasets/1-billion-word-language-modeling-benchmark-r13output/conll_normal_individual_files/training-monolingual.tokenized.shuffled/news.en-00045-of-00100.conllu has 319487 sentences.
2019-07-09 13:15:33,682:INFO:	File /homedtic/lperez/datasets/1-billion-word-language-modeling-benchmark-r13output/conll_normal_individual_files/training-monolingual.tokenized.shuffled/news.en-00064-of-00100.conllu has 320857 sentences.
2019-07-09 13:15:35,477:INFO:	File /homedtic/lperez/datasets/1-billion-word-language-modeling-benchmark-r13output/conll_normal_individual_files/training-monolingual.tokenized.shuffled/news.en-00041-of-00100.conllu has 319336 sentences.
2019-07-09 13:15:37,424:INFO:	File /homedtic/lperez/datasets/1-billion-word-language-modeling-benchmark-r13output/conll_normal_individual_files/training-monolingual.tokenized.shuffled/news.en-00023-of-00100.conllu has 319351 sentences.
2019-07-09 13:15:39,322:INFO:	File /homedtic/lperez/datasets/1-billion-word-language-modeling-benchmark-r13output/conll_normal_individual_files/training-monolingual.tokenized.shuffled/news.en-00066-of-00100.conllu has 318985 sentences.
2019-07-09 13:15:41,131:INFO:	File /homedtic/lperez/datasets/1-billion-word-language-modeling-benchmark-r13output/conll_normal_individual_files/training-monolingual.tokenized.shuffled/news.en-00068-of-00100.conllu has 319452 sentences.
2019-07-09 13:15:42,952:INFO:	File /homedtic/lperez/datasets/1-billion-word-language-modeling-benchmark-r13output/conll_normal_individual_files/training-monolingual.tokenized.shuffled/news.en-00029-of-00100.conllu has 320168 sentences.
2019-07-09 13:15:44,881:INFO:	File /homedtic/lperez/datasets/1-billion-word-language-modeling-benchmark-r13output/conll_normal_individual_files/training-monolingual.tokenized.shuffled/news.en-00084-of-00100.conllu has 320373 sentences.
2019-07-09 13:15:47,440:INFO:	File /homedtic/lperez/datasets/1-billion-word-language-modeling-benchmark-r13output/conll_normal_individual_files/training-monolingual.tokenized.shuffled/news.en-00006-of-00100.conllu has 318438 sentences.
2019-07-09 13:15:49,233:INFO:	File /homedtic/lperez/datasets/1-billion-word-language-modeling-benchmark-r13output/conll_normal_individual_files/training-monolingual.tokenized.shuffled/news.en-00042-of-00100.conllu has 321390 sentences.
2019-07-09 13:15:51,033:INFO:	File /homedtic/lperez/datasets/1-billion-word-language-modeling-benchmark-r13output/conll_normal_individual_files/training-monolingual.tokenized.shuffled/news.en-00088-of-00100.conllu has 318716 sentences.
2019-07-09 13:15:53,035:INFO:	File /homedtic/lperez/datasets/1-billion-word-language-modeling-benchmark-r13output/conll_normal_individual_files/training-monolingual.tokenized.shuffled/news.en-00099-of-00100.conllu has 319131 sentences.
2019-07-09 13:15:54,895:INFO:	File /homedtic/lperez/datasets/1-billion-word-language-modeling-benchmark-r13output/conll_normal_individual_files/training-monolingual.tokenized.shuffled/news.en-00087-of-00100.conllu has 319828 sentences.
2019-07-09 13:15:56,608:INFO:	File /homedtic/lperez/datasets/1-billion-word-language-modeling-benchmark-r13output/conll_normal_individual_files/training-monolingual.tokenized.shuffled/news.en-00004-of-00100.conllu has 319664 sentences.
2019-07-09 13:15:58,774:INFO:	File /homedtic/lperez/datasets/1-billion-word-language-modeling-benchmark-r13output/conll_normal_individual_files/training-monolingual.tokenized.shuffled/news.en-00020-of-00100.conllu has 318645 sentences.
2019-07-09 13:16:01,664:INFO:	File /homedtic/lperez/datasets/1-billion-word-language-modeling-benchmark-r13output/conll_normal_individual_files/training-monolingual.tokenized.shuffled/news.en-00067-of-00100.conllu has 320044 sentences.
2019-07-09 13:16:04,479:INFO:	File /homedtic/lperez/datasets/1-billion-word-language-modeling-benchmark-r13output/conll_normal_individual_files/training-monolingual.tokenized.shuffled/news.en-00056-of-00100.conllu has 317917 sentences.
2019-07-09 13:16:06,792:INFO:	File /homedtic/lperez/datasets/1-billion-word-language-modeling-benchmark-r13output/conll_normal_individual_files/training-monolingual.tokenized.shuffled/news.en-00036-of-00100.conllu has 318608 sentences.
2019-07-09 13:16:08,592:INFO:	File /homedtic/lperez/datasets/1-billion-word-language-modeling-benchmark-r13output/conll_normal_individual_files/training-monolingual.tokenized.shuffled/news.en-00062-of-00100.conllu has 319882 sentences.
2019-07-09 13:16:10,329:INFO:	File /homedtic/lperez/datasets/1-billion-word-language-modeling-benchmark-r13output/conll_normal_individual_files/training-monolingual.tokenized.shuffled/news.en-00018-of-00100.conllu has 319715 sentences.
2019-07-09 13:16:12,146:INFO:	File /homedtic/lperez/datasets/1-billion-word-language-modeling-benchmark-r13output/conll_normal_individual_files/training-monolingual.tokenized.shuffled/news.en-00039-of-00100.conllu has 319561 sentences.
2019-07-09 13:16:13,887:INFO:	File /homedtic/lperez/datasets/1-billion-word-language-modeling-benchmark-r13output/conll_normal_individual_files/training-monolingual.tokenized.shuffled/news.en-00002-of-00100.conllu has 320444 sentences.
2019-07-09 13:16:15,651:INFO:	File /homedtic/lperez/datasets/1-billion-word-language-modeling-benchmark-r13output/conll_normal_individual_files/training-monolingual.tokenized.shuffled/news.en-00053-of-00100.conllu has 320509 sentences.
2019-07-09 13:16:17,329:INFO:	File /homedtic/lperez/datasets/1-billion-word-language-modeling-benchmark-r13output/conll_normal_individual_files/training-monolingual.tokenized.shuffled/news.en-00078-of-00100.conllu has 320344 sentences.
2019-07-09 13:16:18,963:INFO:	File /homedtic/lperez/datasets/1-billion-word-language-modeling-benchmark-r13output/conll_normal_individual_files/training-monolingual.tokenized.shuffled/news.en-00025-of-00100.conllu has 319985 sentences.
2019-07-09 13:16:20,727:INFO:	File /homedtic/lperez/datasets/1-billion-word-language-modeling-benchmark-r13output/conll_normal_individual_files/training-monolingual.tokenized.shuffled/news.en-00003-of-00100.conllu has 319169 sentences.
2019-07-09 13:16:23,031:INFO:	File /homedtic/lperez/datasets/1-billion-word-language-modeling-benchmark-r13output/conll_normal_individual_files/training-monolingual.tokenized.shuffled/news.en-00027-of-00100.conllu has 319866 sentences.
2019-07-09 13:16:24,791:INFO:	File /homedtic/lperez/datasets/1-billion-word-language-modeling-benchmark-r13output/conll_normal_individual_files/training-monolingual.tokenized.shuffled/news.en-00086-of-00100.conllu has 318715 sentences.
2019-07-09 13:16:26,749:INFO:	File /homedtic/lperez/datasets/1-billion-word-language-modeling-benchmark-r13output/conll_normal_individual_files/training-monolingual.tokenized.shuffled/news.en-00014-of-00100.conllu has 319831 sentences.
2019-07-09 13:16:31,209:INFO:	File /homedtic/lperez/datasets/1-billion-word-language-modeling-benchmark-r13output/conll_normal_individual_files/training-monolingual.tokenized.shuffled/news.en-00055-of-00100.conllu has 320543 sentences.
2019-07-09 13:16:33,261:INFO:	File /homedtic/lperez/datasets/1-billion-word-language-modeling-benchmark-r13output/conll_normal_individual_files/training-monolingual.tokenized.shuffled/news.en-00049-of-00100.conllu has 319714 sentences.
2019-07-09 13:16:36,517:INFO:	File /homedtic/lperez/datasets/1-billion-word-language-modeling-benchmark-r13output/conll_normal_individual_files/training-monolingual.tokenized.shuffled/news.en-00050-of-00100.conllu has 318412 sentences.
2019-07-09 13:16:38,504:INFO:	File /homedtic/lperez/datasets/1-billion-word-language-modeling-benchmark-r13output/conll_normal_individual_files/training-monolingual.tokenized.shuffled/news.en-00052-of-00100.conllu has 318826 sentences.
2019-07-09 13:16:40,418:INFO:	File /homedtic/lperez/datasets/1-billion-word-language-modeling-benchmark-r13output/conll_normal_individual_files/training-monolingual.tokenized.shuffled/news.en-00060-of-00100.conllu has 319962 sentences.
2019-07-09 13:16:42,190:INFO:	File /homedtic/lperez/datasets/1-billion-word-language-modeling-benchmark-r13output/conll_normal_individual_files/training-monolingual.tokenized.shuffled/news.en-00032-of-00100.conllu has 320995 sentences.
2019-07-09 13:16:43,974:INFO:	File /homedtic/lperez/datasets/1-billion-word-language-modeling-benchmark-r13output/conll_normal_individual_files/training-monolingual.tokenized.shuffled/news.en-00015-of-00100.conllu has 320078 sentences.
2019-07-09 13:16:45,730:INFO:	File /homedtic/lperez/datasets/1-billion-word-language-modeling-benchmark-r13output/conll_normal_individual_files/training-monolingual.tokenized.shuffled/news.en-00034-of-00100.conllu has 318407 sentences.
2019-07-09 13:16:47,451:INFO:	File /homedtic/lperez/datasets/1-billion-word-language-modeling-benchmark-r13output/conll_normal_individual_files/training-monolingual.tokenized.shuffled/news.en-00026-of-00100.conllu has 319513 sentences.
2019-07-09 13:16:49,259:INFO:	File /homedtic/lperez/datasets/1-billion-word-language-modeling-benchmark-r13output/conll_normal_individual_files/training-monolingual.tokenized.shuffled/news.en-00063-of-00100.conllu has 320424 sentences.
2019-07-09 13:16:51,093:INFO:	File /homedtic/lperez/datasets/1-billion-word-language-modeling-benchmark-r13output/conll_normal_individual_files/training-monolingual.tokenized.shuffled/news.en-00092-of-00100.conllu has 318918 sentences.
2019-07-09 13:16:53,143:INFO:	File /homedtic/lperez/datasets/1-billion-word-language-modeling-benchmark-r13output/conll_normal_individual_files/training-monolingual.tokenized.shuffled/news.en-00000-of-00100.conllu has 306688 sentences.
2019-07-09 13:16:55,047:INFO:	File /homedtic/lperez/datasets/1-billion-word-language-modeling-benchmark-r13output/conll_normal_individual_files/training-monolingual.tokenized.shuffled/news.en-00038-of-00100.conllu has 318280 sentences.
2019-07-09 13:16:56,903:INFO:	File /homedtic/lperez/datasets/1-billion-word-language-modeling-benchmark-r13output/conll_normal_individual_files/training-monolingual.tokenized.shuffled/news.en-00048-of-00100.conllu has 318130 sentences.
2019-07-09 13:16:58,712:INFO:	File /homedtic/lperez/datasets/1-billion-word-language-modeling-benchmark-r13output/conll_normal_individual_files/training-monolingual.tokenized.shuffled/news.en-00044-of-00100.conllu has 320032 sentences.
2019-07-09 13:17:00,518:INFO:	File /homedtic/lperez/datasets/1-billion-word-language-modeling-benchmark-r13output/conll_normal_individual_files/training-monolingual.tokenized.shuffled/news.en-00031-of-00100.conllu has 319646 sentences.
2019-07-09 13:17:02,267:INFO:	File /homedtic/lperez/datasets/1-billion-word-language-modeling-benchmark-r13output/conll_normal_individual_files/training-monolingual.tokenized.shuffled/news.en-00098-of-00100.conllu has 319534 sentences.
2019-07-09 13:17:04,077:INFO:	File /homedtic/lperez/datasets/1-billion-word-language-modeling-benchmark-r13output/conll_normal_individual_files/training-monolingual.tokenized.shuffled/news.en-00072-of-00100.conllu has 319562 sentences.
2019-07-09 13:17:05,795:INFO:	File /homedtic/lperez/datasets/1-billion-word-language-modeling-benchmark-r13output/conll_normal_individual_files/training-monolingual.tokenized.shuffled/news.en-00061-of-00100.conllu has 319815 sentences.
2019-07-09 13:17:07,657:INFO:	File /homedtic/lperez/datasets/1-billion-word-language-modeling-benchmark-r13output/conll_normal_individual_files/training-monolingual.tokenized.shuffled/news.en-00028-of-00100.conllu has 318566 sentences.
2019-07-09 13:17:09,445:INFO:	File /homedtic/lperez/datasets/1-billion-word-language-modeling-benchmark-r13output/conll_normal_individual_files/training-monolingual.tokenized.shuffled/news.en-00057-of-00100.conllu has 318439 sentences.
2019-07-09 13:17:11,432:INFO:	File /homedtic/lperez/datasets/1-billion-word-language-modeling-benchmark-r13output/conll_normal_individual_files/training-monolingual.tokenized.shuffled/news.en-00019-of-00100.conllu has 319104 sentences.
2019-07-09 13:17:13,190:INFO:	File /homedtic/lperez/datasets/1-billion-word-language-modeling-benchmark-r13output/conll_normal_individual_files/training-monolingual.tokenized.shuffled/news.en-00054-of-00100.conllu has 319766 sentences.
2019-07-09 13:17:15,037:INFO:	File /homedtic/lperez/datasets/1-billion-word-language-modeling-benchmark-r13output/conll_normal_individual_files/training-monolingual.tokenized.shuffled/news.en-00010-of-00100.conllu has 319812 sentences.
2019-07-09 13:17:16,847:INFO:	File /homedtic/lperez/datasets/1-billion-word-language-modeling-benchmark-r13output/conll_normal_individual_files/training-monolingual.tokenized.shuffled/news.en-00024-of-00100.conllu has 319302 sentences.
2019-07-09 13:17:18,641:INFO:	File /homedtic/lperez/datasets/1-billion-word-language-modeling-benchmark-r13output/conll_normal_individual_files/training-monolingual.tokenized.shuffled/news.en-00001-of-00100.conllu has 319848 sentences.
2019-07-09 13:17:20,554:INFO:	File /homedtic/lperez/datasets/1-billion-word-language-modeling-benchmark-r13output/conll_normal_individual_files/training-monolingual.tokenized.shuffled/news.en-00012-of-00100.conllu has 318974 sentences.
2019-07-09 13:17:22,544:INFO:	File /homedtic/lperez/datasets/1-billion-word-language-modeling-benchmark-r13output/conll_normal_individual_files/training-monolingual.tokenized.shuffled/news.en-00069-of-00100.conllu has 318602 sentences.
2019-07-09 13:17:24,847:INFO:	File /homedtic/lperez/datasets/1-billion-word-language-modeling-benchmark-r13output/conll_normal_individual_files/training-monolingual.tokenized.shuffled/news.en-00035-of-00100.conllu has 318705 sentences.
2019-07-09 13:17:26,796:INFO:	File /homedtic/lperez/datasets/1-billion-word-language-modeling-benchmark-r13output/conll_normal_individual_files/training-monolingual.tokenized.shuffled/news.en-00070-of-00100.conllu has 318650 sentences.
2019-07-09 13:17:28,657:INFO:	File /homedtic/lperez/datasets/1-billion-word-language-modeling-benchmark-r13output/conll_normal_individual_files/training-monolingual.tokenized.shuffled/news.en-00071-of-00100.conllu has 319823 sentences.
2019-07-09 13:17:30,366:INFO:	File /homedtic/lperez/datasets/1-billion-word-language-modeling-benchmark-r13output/conll_normal_individual_files/training-monolingual.tokenized.shuffled/news.en-00079-of-00100.conllu has 319132 sentences.
2019-07-09 13:17:32,187:INFO:	File /homedtic/lperez/datasets/1-billion-word-language-modeling-benchmark-r13output/conll_normal_individual_files/training-monolingual.tokenized.shuffled/news.en-00083-of-00100.conllu has 318689 sentences.
2019-07-09 13:17:34,287:INFO:	File /homedtic/lperez/datasets/1-billion-word-language-modeling-benchmark-r13output/conll_normal_individual_files/training-monolingual.tokenized.shuffled/news.en-00081-of-00100.conllu has 319703 sentences.
2019-07-09 13:17:36,280:INFO:	File /homedtic/lperez/datasets/1-billion-word-language-modeling-benchmark-r13output/conll_normal_individual_files/training-monolingual.tokenized.shuffled/news.en-00082-of-00100.conllu has 318052 sentences.
2019-07-09 13:17:38,270:INFO:	File /homedtic/lperez/datasets/1-billion-word-language-modeling-benchmark-r13output/conll_normal_individual_files/training-monolingual.tokenized.shuffled/news.en-00059-of-00100.conllu has 321297 sentences.
2019-07-09 13:17:40,231:INFO:	File /homedtic/lperez/datasets/1-billion-word-language-modeling-benchmark-r13output/conll_normal_individual_files/training-monolingual.tokenized.shuffled/news.en-00046-of-00100.conllu has 318635 sentences.
2019-07-09 13:17:41,945:INFO:	File /homedtic/lperez/datasets/1-billion-word-language-modeling-benchmark-r13output/conll_normal_individual_files/training-monolingual.tokenized.shuffled/news.en-00074-of-00100.conllu has 320001 sentences.
2019-07-09 13:17:43,817:INFO:	File /homedtic/lperez/datasets/1-billion-word-language-modeling-benchmark-r13output/conll_normal_individual_files/training-monolingual.tokenized.shuffled/news.en-00097-of-00100.conllu has 319255 sentences.
2019-07-09 13:17:44,557:INFO:	File /homedtic/lperez/datasets/1-billion-word-language-modeling-benchmark-r13output/conll_normal_individual_files/heldout-monolingual.tokenized.shuffled/news.en.heldout-00001-of-00050.conllu has 6206 sentences.
2019-07-09 13:17:45,070:INFO:	File /homedtic/lperez/datasets/1-billion-word-language-modeling-benchmark-r13output/conll_normal_individual_files/heldout-monolingual.tokenized.shuffled/news.en.heldout-00007-of-00050.conllu has 6229 sentences.
2019-07-09 13:17:46,267:INFO:	File /homedtic/lperez/datasets/1-billion-word-language-modeling-benchmark-r13output/conll_normal_individual_files/heldout-monolingual.tokenized.shuffled/news.en.heldout-00024-of-00050.conllu has 6119 sentences.
2019-07-09 13:17:46,676:INFO:	File /homedtic/lperez/datasets/1-billion-word-language-modeling-benchmark-r13output/conll_normal_individual_files/heldout-monolingual.tokenized.shuffled/news.en.heldout-00044-of-00050.conllu has 5986 sentences.
2019-07-09 13:17:47,128:INFO:	File /homedtic/lperez/datasets/1-billion-word-language-modeling-benchmark-r13output/conll_normal_individual_files/heldout-monolingual.tokenized.shuffled/news.en.heldout-00008-of-00050.conllu has 6213 sentences.
2019-07-09 13:17:47,616:INFO:	File /homedtic/lperez/datasets/1-billion-word-language-modeling-benchmark-r13output/conll_normal_individual_files/heldout-monolingual.tokenized.shuffled/news.en.heldout-00037-of-00050.conllu has 6311 sentences.
2019-07-09 13:17:48,089:INFO:	File /homedtic/lperez/datasets/1-billion-word-language-modeling-benchmark-r13output/conll_normal_individual_files/heldout-monolingual.tokenized.shuffled/news.en.heldout-00038-of-00050.conllu has 6101 sentences.
2019-07-09 13:17:48,539:INFO:	File /homedtic/lperez/datasets/1-billion-word-language-modeling-benchmark-r13output/conll_normal_individual_files/heldout-monolingual.tokenized.shuffled/news.en.heldout-00000-of-00050.conllu has 6075 sentences.
2019-07-09 13:17:48,955:INFO:	File /homedtic/lperez/datasets/1-billion-word-language-modeling-benchmark-r13output/conll_normal_individual_files/heldout-monolingual.tokenized.shuffled/news.en.heldout-00016-of-00050.conllu has 6159 sentences.
2019-07-09 13:17:49,620:INFO:	File /homedtic/lperez/datasets/1-billion-word-language-modeling-benchmark-r13output/conll_normal_individual_files/heldout-monolingual.tokenized.shuffled/news.en.heldout-00025-of-00050.conllu has 6074 sentences.
2019-07-09 13:17:50,134:INFO:	File /homedtic/lperez/datasets/1-billion-word-language-modeling-benchmark-r13output/conll_normal_individual_files/heldout-monolingual.tokenized.shuffled/news.en.heldout-00043-of-00050.conllu has 6133 sentences.
2019-07-09 13:17:50,557:INFO:	File /homedtic/lperez/datasets/1-billion-word-language-modeling-benchmark-r13output/conll_normal_individual_files/heldout-monolingual.tokenized.shuffled/news.en.heldout-00031-of-00050.conllu has 6242 sentences.
2019-07-09 13:17:51,150:INFO:	File /homedtic/lperez/datasets/1-billion-word-language-modeling-benchmark-r13output/conll_normal_individual_files/heldout-monolingual.tokenized.shuffled/news.en.heldout-00049-of-00050.conllu has 6167 sentences.
2019-07-09 13:17:51,913:INFO:	File /homedtic/lperez/datasets/1-billion-word-language-modeling-benchmark-r13output/conll_normal_individual_files/heldout-monolingual.tokenized.shuffled/news.en.heldout-00013-of-00050.conllu has 6119 sentences.
2019-07-09 13:17:52,522:INFO:	File /homedtic/lperez/datasets/1-billion-word-language-modeling-benchmark-r13output/conll_normal_individual_files/heldout-monolingual.tokenized.shuffled/news.en.heldout-00030-of-00050.conllu has 6132 sentences.
2019-07-09 13:17:53,084:INFO:	File /homedtic/lperez/datasets/1-billion-word-language-modeling-benchmark-r13output/conll_normal_individual_files/heldout-monolingual.tokenized.shuffled/news.en.heldout-00047-of-00050.conllu has 6057 sentences.
2019-07-09 13:17:53,589:INFO:	File /homedtic/lperez/datasets/1-billion-word-language-modeling-benchmark-r13output/conll_normal_individual_files/heldout-monolingual.tokenized.shuffled/news.en.heldout-00045-of-00050.conllu has 6075 sentences.
2019-07-09 13:17:54,153:INFO:	File /homedtic/lperez/datasets/1-billion-word-language-modeling-benchmark-r13output/conll_normal_individual_files/heldout-monolingual.tokenized.shuffled/news.en.heldout-00035-of-00050.conllu has 6113 sentences.
2019-07-09 13:17:54,597:INFO:	File /homedtic/lperez/datasets/1-billion-word-language-modeling-benchmark-r13output/conll_normal_individual_files/heldout-monolingual.tokenized.shuffled/news.en.heldout-00039-of-00050.conllu has 6239 sentences.
2019-07-09 13:17:55,103:INFO:	File /homedtic/lperez/datasets/1-billion-word-language-modeling-benchmark-r13output/conll_normal_individual_files/heldout-monolingual.tokenized.shuffled/news.en.heldout-00048-of-00050.conllu has 6098 sentences.
2019-07-09 13:17:55,662:INFO:	File /homedtic/lperez/datasets/1-billion-word-language-modeling-benchmark-r13output/conll_normal_individual_files/heldout-monolingual.tokenized.shuffled/news.en.heldout-00020-of-00050.conllu has 6076 sentences.
2019-07-09 13:17:56,428:INFO:	File /homedtic/lperez/datasets/1-billion-word-language-modeling-benchmark-r13output/conll_normal_individual_files/heldout-monolingual.tokenized.shuffled/news.en.heldout-00009-of-00050.conllu has 6185 sentences.
2019-07-09 13:17:56,909:INFO:	File /homedtic/lperez/datasets/1-billion-word-language-modeling-benchmark-r13output/conll_normal_individual_files/heldout-monolingual.tokenized.shuffled/news.en.heldout-00014-of-00050.conllu has 6159 sentences.
2019-07-09 13:17:57,475:INFO:	File /homedtic/lperez/datasets/1-billion-word-language-modeling-benchmark-r13output/conll_normal_individual_files/heldout-monolingual.tokenized.shuffled/news.en.heldout-00042-of-00050.conllu has 6090 sentences.
2019-07-09 13:17:58,103:INFO:	File /homedtic/lperez/datasets/1-billion-word-language-modeling-benchmark-r13output/conll_normal_individual_files/heldout-monolingual.tokenized.shuffled/news.en.heldout-00004-of-00050.conllu has 6124 sentences.
2019-07-09 13:17:58,988:INFO:	File /homedtic/lperez/datasets/1-billion-word-language-modeling-benchmark-r13output/conll_normal_individual_files/heldout-monolingual.tokenized.shuffled/news.en.heldout-00019-of-00050.conllu has 6046 sentences.
2019-07-09 13:17:59,864:INFO:	File /homedtic/lperez/datasets/1-billion-word-language-modeling-benchmark-r13output/conll_normal_individual_files/heldout-monolingual.tokenized.shuffled/news.en.heldout-00010-of-00050.conllu has 6111 sentences.
2019-07-09 13:18:00,564:INFO:	File /homedtic/lperez/datasets/1-billion-word-language-modeling-benchmark-r13output/conll_normal_individual_files/heldout-monolingual.tokenized.shuffled/news.en.heldout-00041-of-00050.conllu has 6099 sentences.
2019-07-09 13:18:00,998:INFO:	File /homedtic/lperez/datasets/1-billion-word-language-modeling-benchmark-r13output/conll_normal_individual_files/heldout-monolingual.tokenized.shuffled/news.en.heldout-00032-of-00050.conllu has 6190 sentences.
2019-07-09 13:18:01,487:INFO:	File /homedtic/lperez/datasets/1-billion-word-language-modeling-benchmark-r13output/conll_normal_individual_files/heldout-monolingual.tokenized.shuffled/news.en.heldout-00040-of-00050.conllu has 6086 sentences.
2019-07-09 13:18:01,932:INFO:	File /homedtic/lperez/datasets/1-billion-word-language-modeling-benchmark-r13output/conll_normal_individual_files/heldout-monolingual.tokenized.shuffled/news.en.heldout-00005-of-00050.conllu has 6192 sentences.
2019-07-09 13:18:02,740:INFO:	File /homedtic/lperez/datasets/1-billion-word-language-modeling-benchmark-r13output/conll_normal_individual_files/heldout-monolingual.tokenized.shuffled/news.en.heldout-00026-of-00050.conllu has 6291 sentences.
2019-07-09 13:18:03,215:INFO:	File /homedtic/lperez/datasets/1-billion-word-language-modeling-benchmark-r13output/conll_normal_individual_files/heldout-monolingual.tokenized.shuffled/news.en.heldout-00036-of-00050.conllu has 6192 sentences.
2019-07-09 13:18:03,669:INFO:	File /homedtic/lperez/datasets/1-billion-word-language-modeling-benchmark-r13output/conll_normal_individual_files/heldout-monolingual.tokenized.shuffled/news.en.heldout-00015-of-00050.conllu has 6104 sentences.
2019-07-09 13:18:04,214:INFO:	File /homedtic/lperez/datasets/1-billion-word-language-modeling-benchmark-r13output/conll_normal_individual_files/heldout-monolingual.tokenized.shuffled/news.en.heldout-00029-of-00050.conllu has 6047 sentences.
2019-07-09 13:18:04,738:INFO:	File /homedtic/lperez/datasets/1-billion-word-language-modeling-benchmark-r13output/conll_normal_individual_files/heldout-monolingual.tokenized.shuffled/news.en.heldout-00006-of-00050.conllu has 6033 sentences.
2019-07-09 13:18:05,192:INFO:	File /homedtic/lperez/datasets/1-billion-word-language-modeling-benchmark-r13output/conll_normal_individual_files/heldout-monolingual.tokenized.shuffled/news.en.heldout-00017-of-00050.conllu has 6074 sentences.
2019-07-09 13:18:05,611:INFO:	File /homedtic/lperez/datasets/1-billion-word-language-modeling-benchmark-r13output/conll_normal_individual_files/heldout-monolingual.tokenized.shuffled/news.en.heldout-00022-of-00050.conllu has 6148 sentences.
2019-07-09 13:18:06,088:INFO:	File /homedtic/lperez/datasets/1-billion-word-language-modeling-benchmark-r13output/conll_normal_individual_files/heldout-monolingual.tokenized.shuffled/news.en.heldout-00011-of-00050.conllu has 6105 sentences.
2019-07-09 13:18:06,570:INFO:	File /homedtic/lperez/datasets/1-billion-word-language-modeling-benchmark-r13output/conll_normal_individual_files/heldout-monolingual.tokenized.shuffled/news.en.heldout-00021-of-00050.conllu has 6035 sentences.
2019-07-09 13:18:07,075:INFO:	File /homedtic/lperez/datasets/1-billion-word-language-modeling-benchmark-r13output/conll_normal_individual_files/heldout-monolingual.tokenized.shuffled/news.en.heldout-00003-of-00050.conllu has 6202 sentences.
2019-07-09 13:18:07,537:INFO:	File /homedtic/lperez/datasets/1-billion-word-language-modeling-benchmark-r13output/conll_normal_individual_files/heldout-monolingual.tokenized.shuffled/news.en.heldout-00028-of-00050.conllu has 6193 sentences.
2019-07-09 13:18:07,986:INFO:	File /homedtic/lperez/datasets/1-billion-word-language-modeling-benchmark-r13output/conll_normal_individual_files/heldout-monolingual.tokenized.shuffled/news.en.heldout-00002-of-00050.conllu has 6071 sentences.
2019-07-09 13:18:08,478:INFO:	File /homedtic/lperez/datasets/1-billion-word-language-modeling-benchmark-r13output/conll_normal_individual_files/heldout-monolingual.tokenized.shuffled/news.en.heldout-00012-of-00050.conllu has 5986 sentences.
2019-07-09 13:18:09,107:INFO:	File /homedtic/lperez/datasets/1-billion-word-language-modeling-benchmark-r13output/conll_normal_individual_files/heldout-monolingual.tokenized.shuffled/news.en.heldout-00046-of-00050.conllu has 6219 sentences.
2019-07-09 13:18:09,507:INFO:	File /homedtic/lperez/datasets/1-billion-word-language-modeling-benchmark-r13output/conll_normal_individual_files/heldout-monolingual.tokenized.shuffled/news.en.heldout-00023-of-00050.conllu has 6030 sentences.
2019-07-09 13:18:09,979:INFO:	File /homedtic/lperez/datasets/1-billion-word-language-modeling-benchmark-r13output/conll_normal_individual_files/heldout-monolingual.tokenized.shuffled/news.en.heldout-00033-of-00050.conllu has 6052 sentences.
2019-07-09 13:18:10,474:INFO:	File /homedtic/lperez/datasets/1-billion-word-language-modeling-benchmark-r13output/conll_normal_individual_files/heldout-monolingual.tokenized.shuffled/news.en.heldout-00027-of-00050.conllu has 6283 sentences.
2019-07-09 13:18:10,968:INFO:	File /homedtic/lperez/datasets/1-billion-word-language-modeling-benchmark-r13output/conll_normal_individual_files/heldout-monolingual.tokenized.shuffled/news.en.heldout-00018-of-00050.conllu has 6255 sentences.
2019-07-09 13:18:11,415:INFO:	File /homedtic/lperez/datasets/1-billion-word-language-modeling-benchmark-r13output/conll_normal_individual_files/heldout-monolingual.tokenized.shuffled/news.en.heldout-00034-of-00050.conllu has 6162 sentences.
2019-07-09 13:18:12,273:INFO:	File /homedtic/lperez/datasets/1-billion-word-language-modeling-benchmark-r13output/conll_bpe_mini/1b_test.bpe.conllu has 2835 sentences.
2019-07-09 13:18:13,052:INFO:	File /homedtic/lperez/datasets/1-billion-word-language-modeling-benchmark-r13output/conll_bpe_mini/1b_dev.bpe.conllu has 7110 sentences.
2019-07-09 13:18:13,732:INFO:	File /homedtic/lperez/datasets/1-billion-word-language-modeling-benchmark-r13output/conll_bpe_mini/1b_train.bpe.conllu has 29984 sentences.
2019-07-09 13:18:16,085:INFO:	File /homedtic/lperez/datasets/1-billion-word-language-modeling-benchmark-r13output/conll_normal/1b_test.conllu has 306688 sentences.
2019-07-09 13:20:26,470:INFO:	File /homedtic/lperez/datasets/1-billion-word-language-modeling-benchmark-r13output/conll_normal/1b_train.conllu has 25866961 sentences.
2019-07-09 13:20:57,651:INFO:	File /homedtic/lperez/datasets/1-billion-word-language-modeling-benchmark-r13output/conll_normal/1b_dev.conllu has 6067578 sentences.
2019-07-09 13:20:58,273:INFO:	File /homedtic/lperez/datasets/1-billion-word-language-modeling-benchmark-r13output/conll_normal/1b_dev.mini.conllu has 7530 sentences.
