2019-11-08 18:02:36,743:INFO:	


===================================================================================================
2019-11-08 18:02:36,744:INFO:	kiperwasser_embeddings_extractor
2019-11-08 18:02:36,744:INFO:	===================================================================================================

2019-11-08 18:02:36,744:INFO:	
Arguments:
2019-11-08 18:02:36,744:INFO:	Namespace(batch_size=32, input_file='/home/lpmayos/hd/code/cvt_text/data/raw_data/depparse/test_mini.txt', logging_file='/home/lpmayos/hd/code/UniParse/logging.log', model_file='/home/lpmayos/hd/code/UniParse/models/kiperwasser_pytorch/ud/only_words_false/model.model', vocab_file='/home/lpmayos/hd/code/UniParse/models/kiperwasser_pytorch/ud/only_words_false/vocab.pkl')
2019-11-08 18:02:36,744:INFO:	

2019-11-08 18:03:20,443:INFO:	


===================================================================================================
2019-11-08 18:03:20,443:INFO:	kiperwasser_embeddings_extractor
2019-11-08 18:03:20,443:INFO:	===================================================================================================

2019-11-08 18:03:20,443:INFO:	
Arguments:
2019-11-08 18:03:20,443:INFO:	Namespace(batch_size=32, input_file='/home/lpmayos/hd/code/cvt_text/data/raw_data/depparse/test_mini.txt', logging_file='/home/lpmayos/hd/code/UniParse/logging.log', model_file='/home/lpmayos/hd/code/UniParse/models/kiperwasser_pytorch/ud/only_words_false/run1/model.model', vocab_file='/home/lpmayos/hd/code/UniParse/models/kiperwasser_pytorch/ud/only_words_false/run1/vocab.pkl')
2019-11-08 18:03:20,443:INFO:	

2019-11-08 18:06:41,574:INFO:	


===================================================================================================
2019-11-08 18:06:41,574:INFO:	kiperwasser_embeddings_extractor
2019-11-08 18:06:41,574:INFO:	===================================================================================================

2019-11-08 18:06:41,574:INFO:	
Arguments:
2019-11-08 18:06:41,574:INFO:	Namespace(batch_size=32, input_file='/home/lpmayos/hd/code/cvt_text/data/raw_data/depparse/test_mini.txt', logging_file='/home/lpmayos/hd/code/UniParse/logging.log', model_file='/home/lpmayos/hd/code/UniParse/models/kiperwasser_pytorch/ud/only_words_false/run1/model.model', vocab_file='/home/lpmayos/hd/code/UniParse/models/kiperwasser_pytorch/ud/only_words_false/run1/vocab.pkl')
2019-11-08 18:06:41,574:INFO:	

2019-11-08 18:07:10,421:INFO:	


===================================================================================================
2019-11-08 18:07:10,421:INFO:	kiperwasser_embeddings_extractor
2019-11-08 18:07:10,421:INFO:	===================================================================================================

2019-11-08 18:07:10,421:INFO:	
Arguments:
2019-11-08 18:07:10,421:INFO:	Namespace(batch_size=32, input_file='/home/lpmayos/hd/code/cvt_text/data/raw_data/depparse/test_mini.txt', logging_file='/home/lpmayos/hd/code/UniParse/logging.log', model_file='/home/lpmayos/hd/code/UniParse/models/kiperwasser_pytorch/ud/only_words_false/run1/model.model', vocab_file='/home/lpmayos/hd/code/UniParse/models/kiperwasser_pytorch/ud/only_words_false/run1/vocab.pkl')
2019-11-08 18:07:10,421:INFO:	

2019-11-08 18:07:18,409:INFO:	Created new file /home/lpmayos/hd/code/cvt_text/data/raw_data/depparse/test_mini.txt.conllu from the original file /home/lpmayos/hd/code/cvt_text/data/raw_data/depparse/test_mini.txt
2019-11-08 18:07:18,413:INFO:	_read_conll; read 2 sentences
2019-11-08 18:19:03,297:INFO:	


===================================================================================================
2019-11-08 18:19:03,297:INFO:	kiperwasser_embeddings_extractor
2019-11-08 18:19:03,297:INFO:	===================================================================================================

2019-11-08 18:19:03,297:INFO:	
Arguments:
2019-11-08 18:19:03,297:INFO:	Namespace(batch_size=32, input_file='/home/lpmayos/hd/code/cvt_text/data/raw_data/depparse/test_mini.txt', logging_file='/home/lpmayos/hd/code/UniParse/logging.log', model_file='/home/lpmayos/hd/code/UniParse/models/kiperwasser/1b/bpe/mini_test/model.model', vocab_file='/home/lpmayos/hd/code/UniParse/models/kiperwasser/1b/bpe/mini_test/vocab.pkl')
2019-11-08 18:19:03,297:INFO:	

2019-11-08 18:21:03,205:INFO:	


===================================================================================================
2019-11-08 18:21:03,205:INFO:	kiperwasser_embeddings_extractor
2019-11-08 18:21:03,205:INFO:	===================================================================================================

2019-11-08 18:21:03,205:INFO:	
Arguments:
2019-11-08 18:21:03,205:INFO:	Namespace(batch_size=32, input_file='/home/lpmayos/hd/code/cvt_text/data/raw_data/depparse/test_mini.txt', logging_file='/home/lpmayos/hd/code/UniParse/logging.log', model_file='/home/lpmayos/hd/code/UniParse/models/kiperwasser/1b/bpe/only_words_true/run1/model.model', vocab_file='/home/lpmayos/hd/code/UniParse/models/kiperwasser/1b/bpe/only_words_true/run1/vocab.pkl')
2019-11-08 18:21:03,205:INFO:	

2019-11-08 18:21:54,809:INFO:	


===================================================================================================
2019-11-08 18:21:54,809:INFO:	kiperwasser_embeddings_extractor
2019-11-08 18:21:54,809:INFO:	===================================================================================================

2019-11-08 18:21:54,809:INFO:	
Arguments:
2019-11-08 18:21:54,809:INFO:	Namespace(batch_size=32, input_file='/home/lpmayos/hd/code/cvt_text/data/raw_data/depparse/test_mini.txt', logging_file='/home/lpmayos/hd/code/UniParse/logging.log', model_file='/home/lpmayos/hd/code/UniParse/models/kiperwasser/1b/bpe/mini/only_words_true/run1/model.model', vocab_file='/home/lpmayos/hd/code/UniParse/models/kiperwasser/1b/bpe/mini/only_words_true/run1/vocab.pkl')
2019-11-08 18:21:54,809:INFO:	

2019-11-08 18:21:57,539:INFO:	Created new file /home/lpmayos/hd/code/cvt_text/data/raw_data/depparse/test_mini.txt.conllu from the original file /home/lpmayos/hd/code/cvt_text/data/raw_data/depparse/test_mini.txt
2019-11-08 18:21:57,587:INFO:	_read_conll; read 2 sentences
2019-11-08 18:22:31,469:INFO:	


===================================================================================================
2019-11-08 18:22:31,469:INFO:	kiperwasser_embeddings_extractor
2019-11-08 18:22:31,469:INFO:	===================================================================================================

2019-11-08 18:22:31,469:INFO:	
Arguments:
2019-11-08 18:22:31,469:INFO:	Namespace(batch_size=32, input_file='/home/lpmayos/hd/code/cvt_text/data/raw_data/depparse/test_mini.txt', logging_file='/home/lpmayos/hd/code/UniParse/logging.log', model_file='/home/lpmayos/hd/code/UniParse/models/kiperwasser/1b/bpe/mini/only_words_true/run1/model.model', vocab_file='/home/lpmayos/hd/code/UniParse/models/kiperwasser/1b/bpe/mini/only_words_true/run1/vocab.pkl')
2019-11-08 18:22:31,469:INFO:	

2019-11-08 18:22:33,790:INFO:	Created new file /home/lpmayos/hd/code/cvt_text/data/raw_data/depparse/test_mini.txt.conllu from the original file /home/lpmayos/hd/code/cvt_text/data/raw_data/depparse/test_mini.txt
2019-11-08 18:22:33,794:INFO:	_read_conll; read 2 sentences
2019-11-08 18:24:27,099:INFO:	


===================================================================================================
2019-11-08 18:24:27,099:INFO:	kiperwasser_embeddings_extractor
2019-11-08 18:24:27,100:INFO:	===================================================================================================

2019-11-08 18:24:27,100:INFO:	
Arguments:
2019-11-08 18:24:27,100:INFO:	Namespace(batch_size=32, input_file='/home/lpmayos/hd/code/cvt_text/data/raw_data/depparse/test_mini.txt', logging_file='/home/lpmayos/hd/code/UniParse/logging.log', model_file='/home/lpmayos/hd/code/UniParse/models/kiperwasser/1b/bpe/mini/only_words_true/run1/model.model', vocab_file='/home/lpmayos/hd/code/UniParse/models/kiperwasser/1b/bpe/mini/only_words_true/run1/vocab.pkl')
2019-11-08 18:24:27,100:INFO:	

2019-11-08 18:24:29,436:INFO:	Created new file /home/lpmayos/hd/code/cvt_text/data/raw_data/depparse/test_mini.txt.conllu from the original file /home/lpmayos/hd/code/cvt_text/data/raw_data/depparse/test_mini.txt
2019-11-08 18:24:29,440:INFO:	_read_conll; read 2 sentences
2019-11-08 18:25:12,146:INFO:	


===================================================================================================
2019-11-08 18:25:12,146:INFO:	kiperwasser_embeddings_extractor
2019-11-08 18:25:12,147:INFO:	===================================================================================================

2019-11-08 18:25:12,147:INFO:	
Arguments:
2019-11-08 18:25:12,147:INFO:	Namespace(batch_size=32, input_file='/home/lpmayos/hd/code/cvt_text/data/raw_data/depparse/test_mini.txt', logging_file='/home/lpmayos/hd/code/UniParse/logging.log', model_file='/home/lpmayos/hd/code/UniParse/models/kiperwasser/1b/bpe/mini/only_words_true/run1/model.model', vocab_file='/home/lpmayos/hd/code/UniParse/models/kiperwasser/1b/bpe/mini/only_words_true/run1/vocab.pkl')
2019-11-08 18:25:12,147:INFO:	

2019-11-08 18:25:14,473:INFO:	Created new file /home/lpmayos/hd/code/cvt_text/data/raw_data/depparse/test_mini.txt.conllu from the original file /home/lpmayos/hd/code/cvt_text/data/raw_data/depparse/test_mini.txt
2019-11-08 18:25:14,478:INFO:	_read_conll; read 2 sentences
2019-11-08 18:28:44,168:INFO:	


===================================================================================================
2019-11-08 18:28:44,168:INFO:	kiperwasser_embeddings_extractor
2019-11-08 18:28:44,168:INFO:	===================================================================================================

2019-11-08 18:28:44,168:INFO:	
Arguments:
2019-11-08 18:28:44,169:INFO:	Namespace(batch_size=32, input_file='/home/lpmayos/hd/code/cvt_text/data/raw_data/depparse/test_mini.txt', logging_file='/home/lpmayos/hd/code/UniParse/logging.log', model_file='/home/lpmayos/hd/code/UniParse/models/kiperwasser/1b/bpe/mini/only_words_true/run1/model.model', vocab_file='/home/lpmayos/hd/code/UniParse/models/kiperwasser/1b/bpe/mini/only_words_true/run1/vocab.pkl')
2019-11-08 18:28:44,169:INFO:	

2019-11-08 18:28:46,533:INFO:	Created new file /home/lpmayos/hd/code/cvt_text/data/raw_data/depparse/test_mini.txt.conllu from the original file /home/lpmayos/hd/code/cvt_text/data/raw_data/depparse/test_mini.txt
2019-11-08 18:28:46,534:INFO:	_read_conll; read 2 sentences
2019-11-08 18:29:11,732:INFO:	


===================================================================================================
2019-11-08 18:29:11,733:INFO:	kiperwasser_embeddings_extractor
2019-11-08 18:29:11,733:INFO:	===================================================================================================

2019-11-08 18:29:11,733:INFO:	
Arguments:
2019-11-08 18:29:11,733:INFO:	Namespace(batch_size=32, input_file='/home/lpmayos/hd/code/cvt_text/data/raw_data/depparse/test_mini.txt', logging_file='/home/lpmayos/hd/code/UniParse/logging.log', model_file='/home/lpmayos/hd/code/UniParse/models/kiperwasser/1b/bpe/mini/only_words_true/run1/model.model', vocab_file='/home/lpmayos/hd/code/UniParse/models/kiperwasser/1b/bpe/mini/only_words_true/run1/vocab.pkl')
2019-11-08 18:29:11,733:INFO:	

2019-11-08 18:29:14,102:INFO:	Created new file /home/lpmayos/hd/code/cvt_text/data/raw_data/depparse/test_mini.txt.conllu from the original file /home/lpmayos/hd/code/cvt_text/data/raw_data/depparse/test_mini.txt
2019-11-08 18:29:14,106:INFO:	_read_conll; read 2 sentences
2019-11-08 18:43:47,779:INFO:	


===================================================================================================
2019-11-08 18:43:47,780:INFO:	kiperwasser_embeddings_extractor
2019-11-08 18:43:47,780:INFO:	===================================================================================================

2019-11-08 18:43:47,780:INFO:	
Arguments:
2019-11-08 18:43:47,780:INFO:	Namespace(batch_size=32, input_file='/home/lpmayos/hd/code/cvt_text/data/raw_data/depparse/test_mini.txt', logging_file='/home/lpmayos/hd/code/UniParse/logging.log', model_file='/home/lpmayos/hd/code/UniParse/models/kiperwasser/1b/bpe/mini/only_words_true/run1/model.model', vocab_file='/home/lpmayos/hd/code/UniParse/models/kiperwasser/1b/bpe/mini/only_words_true/run1/vocab.pkl')
2019-11-08 18:43:47,780:INFO:	

2019-11-08 18:43:50,144:INFO:	Created new file /home/lpmayos/hd/code/cvt_text/data/raw_data/depparse/test_mini.txt.conllu from the original file /home/lpmayos/hd/code/cvt_text/data/raw_data/depparse/test_mini.txt
2019-11-08 18:43:50,147:INFO:	_read_conll; read 2 sentences
2019-11-08 18:44:44,843:INFO:	


===================================================================================================
2019-11-08 18:44:44,843:INFO:	kiperwasser_embeddings_extractor
2019-11-08 18:44:44,843:INFO:	===================================================================================================

2019-11-08 18:44:44,844:INFO:	
Arguments:
2019-11-08 18:44:44,844:INFO:	Namespace(batch_size=32, input_file='/home/lpmayos/hd/code/cvt_text/data/raw_data/depparse/test_mini.txt', logging_file='/home/lpmayos/hd/code/UniParse/logging.log', model_file='/home/lpmayos/hd/code/UniParse/models/kiperwasser/1b/bpe/mini/only_words_true/run1/model.model', vocab_file='/home/lpmayos/hd/code/UniParse/models/kiperwasser/1b/bpe/mini/only_words_true/run1/vocab.pkl')
2019-11-08 18:44:44,844:INFO:	

2019-11-08 18:44:47,213:INFO:	Created new file /home/lpmayos/hd/code/cvt_text/data/raw_data/depparse/test_mini.txt.conllu from the original file /home/lpmayos/hd/code/cvt_text/data/raw_data/depparse/test_mini.txt
2019-11-08 18:44:47,217:INFO:	_read_conll; read 2 sentences
2019-11-08 18:53:05,837:INFO:	


===================================================================================================
2019-11-08 18:53:05,837:INFO:	kiperwasser_embeddings_extractor
2019-11-08 18:53:05,837:INFO:	===================================================================================================

2019-11-08 18:53:05,837:INFO:	
Arguments:
2019-11-08 18:53:05,837:INFO:	Namespace(batch_size=32, input_file='/home/lpmayos/hd/code/cvt_text/data/raw_data/depparse/test_mini.txt', logging_file='/home/lpmayos/hd/code/UniParse/logging.log', model_file='/home/lpmayos/hd/code/UniParse/models/kiperwasser/1b/bpe/mini/only_words_true/run1/model.model', vocab_file='/home/lpmayos/hd/code/UniParse/models/kiperwasser/1b/bpe/mini/only_words_true/run1/vocab.pkl')
2019-11-08 18:53:05,837:INFO:	

2019-11-08 18:53:08,191:INFO:	Created new file /home/lpmayos/hd/code/cvt_text/data/raw_data/depparse/test_mini.txt.conllu from the original file /home/lpmayos/hd/code/cvt_text/data/raw_data/depparse/test_mini.txt
2019-11-08 18:53:08,192:INFO:	_read_conll; read 2 sentences
2019-11-08 18:53:24,999:INFO:	


===================================================================================================
2019-11-08 18:53:25,000:INFO:	kiperwasser_embeddings_extractor
2019-11-08 18:53:25,000:INFO:	===================================================================================================

2019-11-08 18:53:25,000:INFO:	
Arguments:
2019-11-08 18:53:25,000:INFO:	Namespace(batch_size=32, input_file='/home/lpmayos/hd/code/cvt_text/data/raw_data/depparse/test_mini.txt', logging_file='/home/lpmayos/hd/code/UniParse/logging.log', model_file='/home/lpmayos/hd/code/UniParse/models/kiperwasser/1b/bpe/mini/only_words_true/run1/model.model', vocab_file='/home/lpmayos/hd/code/UniParse/models/kiperwasser/1b/bpe/mini/only_words_true/run1/vocab.pkl')
2019-11-08 18:53:25,000:INFO:	

2019-11-08 18:53:27,353:INFO:	Created new file /home/lpmayos/hd/code/cvt_text/data/raw_data/depparse/test_mini.txt.conllu from the original file /home/lpmayos/hd/code/cvt_text/data/raw_data/depparse/test_mini.txt
2019-11-08 18:53:27,354:INFO:	_read_conll; read 2 sentences
2019-11-08 18:55:19,758:INFO:	


===================================================================================================
2019-11-08 18:55:19,758:INFO:	kiperwasser_embeddings_extractor
2019-11-08 18:55:19,759:INFO:	===================================================================================================

2019-11-08 18:55:19,759:INFO:	
Arguments:
2019-11-08 18:55:19,759:INFO:	Namespace(batch_size=32, input_file='/home/lpmayos/hd/code/cvt_text/data/raw_data/depparse/test_mini.txt', logging_file='/home/lpmayos/hd/code/UniParse/logging.log', model_file='/home/lpmayos/hd/code/UniParse/models/kiperwasser/1b/bpe/mini/only_words_true/run1/model.model', vocab_file='/home/lpmayos/hd/code/UniParse/models/kiperwasser/1b/bpe/mini/only_words_true/run1/vocab.pkl')
2019-11-08 18:55:19,759:INFO:	

2019-11-08 18:55:22,104:INFO:	Created new file /home/lpmayos/hd/code/cvt_text/data/raw_data/depparse/test_mini.txt.conllu from the original file /home/lpmayos/hd/code/cvt_text/data/raw_data/depparse/test_mini.txt
2019-11-08 18:55:22,105:INFO:	_read_conll; read 2 sentences
2019-11-08 18:56:47,433:INFO:	


===================================================================================================
2019-11-08 18:56:47,433:INFO:	kiperwasser_embeddings_extractor
2019-11-08 18:56:47,433:INFO:	===================================================================================================

2019-11-08 18:56:47,433:INFO:	
Arguments:
2019-11-08 18:56:47,433:INFO:	Namespace(batch_size=32, input_file='/home/lpmayos/hd/code/cvt_text/data/raw_data/depparse/test_mini.txt', logging_file='/home/lpmayos/hd/code/UniParse/logging.log', model_file='/home/lpmayos/hd/code/UniParse/models/kiperwasser/1b/bpe/mini/only_words_true/run1/model.model', vocab_file='/home/lpmayos/hd/code/UniParse/models/kiperwasser/1b/bpe/mini/only_words_true/run1/vocab.pkl')
2019-11-08 18:56:47,433:INFO:	

2019-11-08 18:59:25,046:INFO:	


===================================================================================================
2019-11-08 18:59:25,046:INFO:	kiperwasser_embeddings_extractor
2019-11-08 18:59:25,046:INFO:	===================================================================================================

2019-11-08 18:59:25,046:INFO:	
Arguments:
2019-11-08 18:59:25,046:INFO:	Namespace(batch_size=32, input_file='/home/lpmayos/hd/code/cvt_text/data/raw_data/depparse/test_mini.txt', logging_file='/home/lpmayos/hd/code/UniParse/logging.log', model_file='/home/lpmayos/hd/code/UniParse/models/kiperwasser/1b/bpe/mini/only_words_true/run1/model.model', vocab_file='/home/lpmayos/hd/code/UniParse/models/kiperwasser/1b/bpe/mini/only_words_true/run1/vocab.pkl')
2019-11-08 18:59:25,046:INFO:	

2019-11-08 19:01:06,409:INFO:	


===================================================================================================
2019-11-08 19:01:06,409:INFO:	kiperwasser_embeddings_extractor
2019-11-08 19:01:06,410:INFO:	===================================================================================================

2019-11-08 19:01:06,410:INFO:	
Arguments:
2019-11-08 19:01:06,410:INFO:	Namespace(batch_size=32, input_file='/home/lpmayos/hd/code/cvt_text/data/raw_data/depparse/test_mini.txt', logging_file='/home/lpmayos/hd/code/UniParse/logging.log', model_file='/home/lpmayos/hd/code/UniParse/models/kiperwasser/1b/bpe/mini/only_words_true/run1/model.model', vocab_file='/home/lpmayos/hd/code/UniParse/models/kiperwasser/1b/bpe/mini/only_words_true/run1/vocab.pkl')
2019-11-08 19:01:06,410:INFO:	

2019-11-08 19:02:50,835:INFO:	


===================================================================================================
2019-11-08 19:02:50,835:INFO:	kiperwasser_embeddings_extractor
2019-11-08 19:02:50,835:INFO:	===================================================================================================

2019-11-08 19:02:50,835:INFO:	
Arguments:
2019-11-08 19:02:50,835:INFO:	Namespace(batch_size=32, input_file='/home/lpmayos/hd/code/cvt_text/data/raw_data/depparse/test_mini.txt', logging_file='/home/lpmayos/hd/code/UniParse/logging.log', model_file='/home/lpmayos/hd/code/UniParse/models/kiperwasser/1b/bpe/mini/only_words_true/run1/model.model', vocab_file='/home/lpmayos/hd/code/UniParse/models/kiperwasser/1b/bpe/mini/only_words_true/run1/vocab.pkl')
2019-11-08 19:02:50,835:INFO:	

2019-11-08 19:03:38,701:INFO:	


===================================================================================================
2019-11-08 19:03:38,701:INFO:	kiperwasser_embeddings_extractor
2019-11-08 19:03:38,701:INFO:	===================================================================================================

2019-11-08 19:03:38,701:INFO:	
Arguments:
2019-11-08 19:03:38,701:INFO:	Namespace(batch_size=32, input_file='/home/lpmayos/hd/code/cvt_text/data/raw_data/depparse/test_mini.txt', logging_file='/home/lpmayos/hd/code/UniParse/logging.log', model_file='/home/lpmayos/hd/code/UniParse/models/kiperwasser/1b/bpe/mini/only_words_true/run1/model.model', vocab_file='/home/lpmayos/hd/code/UniParse/models/kiperwasser/1b/bpe/mini/only_words_true/run1/vocab.pkl')
2019-11-08 19:03:38,701:INFO:	

2019-11-08 19:03:38,722:INFO:	Created new file /home/lpmayos/hd/code/cvt_text/data/raw_data/depparse/test_mini.txt.conllu from the original file /home/lpmayos/hd/code/cvt_text/data/raw_data/depparse/test_mini.txt
2019-11-08 19:03:38,722:INFO:	_read_conll; read 2 sentences
2019-11-08 19:07:51,906:INFO:	


===================================================================================================
2019-11-08 19:07:51,906:INFO:	kiperwasser_embeddings_extractor
2019-11-08 19:07:51,907:INFO:	===================================================================================================

2019-11-08 19:07:51,907:INFO:	
Arguments:
2019-11-08 19:07:51,907:INFO:	Namespace(batch_size=32, input_file='/home/lpmayos/hd/code/cvt_text/data/raw_data/depparse/test_mini.txt', logging_file='/home/lpmayos/hd/code/UniParse/logging.log', model_file='/home/lpmayos/hd/code/UniParse/models/kiperwasser/1b/bpe/mini/only_words_true/run1/model.model', vocab_file='/home/lpmayos/hd/code/UniParse/models/kiperwasser/1b/bpe/mini/only_words_true/run1/vocab.pkl')
2019-11-08 19:07:51,907:INFO:	

2019-11-08 19:07:54,282:INFO:	Created new file /home/lpmayos/hd/code/cvt_text/data/raw_data/depparse/test_mini.txt.conllu from the original file /home/lpmayos/hd/code/cvt_text/data/raw_data/depparse/test_mini.txt
2019-11-08 19:07:54,283:INFO:	_read_conll; read 2 sentences
2019-11-08 19:08:07,113:INFO:	


===================================================================================================
2019-11-08 19:08:07,113:INFO:	kiperwasser_embeddings_extractor
2019-11-08 19:08:07,113:INFO:	===================================================================================================

2019-11-08 19:08:07,113:INFO:	
Arguments:
2019-11-08 19:08:07,113:INFO:	Namespace(batch_size=32, input_file='/home/lpmayos/hd/code/cvt_text/data/raw_data/depparse/test_mini.txt', logging_file='/home/lpmayos/hd/code/UniParse/logging.log', model_file='/home/lpmayos/hd/code/UniParse/models/kiperwasser/1b/bpe/mini/only_words_true/run1/model.model', vocab_file='/home/lpmayos/hd/code/UniParse/models/kiperwasser/1b/bpe/mini/only_words_true/run1/vocab.pkl')
2019-11-08 19:08:07,113:INFO:	

2019-11-08 19:08:09,519:INFO:	Created new file /home/lpmayos/hd/code/cvt_text/data/raw_data/depparse/test_mini.txt.conllu from the original file /home/lpmayos/hd/code/cvt_text/data/raw_data/depparse/test_mini.txt
2019-11-08 19:08:09,520:INFO:	_read_conll; read 2 sentences
2019-11-08 19:08:18,946:INFO:	


===================================================================================================
2019-11-08 19:08:18,946:INFO:	kiperwasser_embeddings_extractor
2019-11-08 19:08:18,946:INFO:	===================================================================================================

2019-11-08 19:08:18,946:INFO:	
Arguments:
2019-11-08 19:08:18,946:INFO:	Namespace(batch_size=32, input_file='/home/lpmayos/hd/code/cvt_text/data/raw_data/depparse/test_mini.txt', logging_file='/home/lpmayos/hd/code/UniParse/logging.log', model_file='/home/lpmayos/hd/code/UniParse/models/kiperwasser/1b/bpe/mini/only_words_true/run1/model.model', vocab_file='/home/lpmayos/hd/code/UniParse/models/kiperwasser/1b/bpe/mini/only_words_true/run1/vocab.pkl')
2019-11-08 19:08:18,946:INFO:	

2019-11-08 19:08:18,966:INFO:	Created new file /home/lpmayos/hd/code/cvt_text/data/raw_data/depparse/test_mini.txt.conllu from the original file /home/lpmayos/hd/code/cvt_text/data/raw_data/depparse/test_mini.txt
2019-11-08 19:08:18,967:INFO:	_read_conll; read 2 sentences
2019-11-08 19:09:35,711:INFO:	


===================================================================================================
2019-11-08 19:09:35,711:INFO:	kiperwasser_embeddings_extractor
2019-11-08 19:09:35,711:INFO:	===================================================================================================

2019-11-08 19:09:35,711:INFO:	
Arguments:
2019-11-08 19:09:35,711:INFO:	Namespace(batch_size=32, input_file='/home/lpmayos/hd/code/cvt_text/data/raw_data/depparse/test_mini.txt', logging_file='/home/lpmayos/hd/code/UniParse/logging.log', model_file='/home/lpmayos/hd/code/UniParse/models/kiperwasser/1b/bpe/mini/only_words_true/run1/model.model', vocab_file='/home/lpmayos/hd/code/UniParse/models/kiperwasser/1b/bpe/mini/only_words_true/run1/vocab.pkl')
2019-11-08 19:09:35,711:INFO:	

2019-11-08 19:09:35,730:INFO:	Created new file /home/lpmayos/hd/code/cvt_text/data/raw_data/depparse/test_mini.txt.conllu from the original file /home/lpmayos/hd/code/cvt_text/data/raw_data/depparse/test_mini.txt
2019-11-08 19:09:35,731:INFO:	_read_conll; read 2 sentences
2019-11-08 19:10:00,521:INFO:	


===================================================================================================
2019-11-08 19:10:00,521:INFO:	kiperwasser_embeddings_extractor
2019-11-08 19:10:00,521:INFO:	===================================================================================================

2019-11-08 19:10:00,522:INFO:	
Arguments:
2019-11-08 19:10:00,522:INFO:	Namespace(batch_size=32, input_file='/home/lpmayos/hd/code/cvt_text/data/raw_data/depparse/test_mini.txt', logging_file='/home/lpmayos/hd/code/UniParse/logging.log', model_file='/home/lpmayos/hd/code/UniParse/models/kiperwasser/1b/bpe/mini/only_words_true/run1/model.model', vocab_file='/home/lpmayos/hd/code/UniParse/models/kiperwasser/1b/bpe/mini/only_words_true/run1/vocab.pkl')
2019-11-08 19:10:00,522:INFO:	

2019-11-08 19:10:04,658:INFO:	Created new file /home/lpmayos/hd/code/cvt_text/data/raw_data/depparse/test_mini.txt.conllu from the original file /home/lpmayos/hd/code/cvt_text/data/raw_data/depparse/test_mini.txt
2019-11-08 19:10:04,665:INFO:	_read_conll; read 2 sentences
2019-11-08 19:11:46,665:INFO:	


===================================================================================================
2019-11-08 19:11:46,665:INFO:	kiperwasser_embeddings_extractor
2019-11-08 19:11:46,666:INFO:	===================================================================================================

2019-11-08 19:11:46,666:INFO:	
Arguments:
2019-11-08 19:11:46,666:INFO:	Namespace(batch_size=32, input_file='/home/lpmayos/hd/code/cvt_text/data/raw_data/depparse/test_mini.txt', logging_file='/home/lpmayos/hd/code/UniParse/logging.log', model_file='/home/lpmayos/hd/code/UniParse/models/kiperwasser/1b/bpe/mini/only_words_true/run1/model.model', vocab_file='/home/lpmayos/hd/code/UniParse/models/kiperwasser/1b/bpe/mini/only_words_true/run1/vocab.pkl')
2019-11-08 19:11:46,666:INFO:	

2019-11-08 19:11:46,688:INFO:	Created new file /home/lpmayos/hd/code/cvt_text/data/raw_data/depparse/test_mini.txt.conllu from the original file /home/lpmayos/hd/code/cvt_text/data/raw_data/depparse/test_mini.txt
2019-11-08 19:11:46,692:INFO:	_read_conll; read 2 sentences
2019-11-08 19:19:23,749:INFO:	


===================================================================================================
2019-11-08 19:19:23,750:INFO:	kiperwasser_embeddings_extractor
2019-11-08 19:19:23,750:INFO:	===================================================================================================

2019-11-08 19:19:23,750:INFO:	
Arguments:
2019-11-08 19:19:23,750:INFO:	Namespace(batch_size=32, input_file='/home/lpmayos/hd/code/cvt_text/data/raw_data/depparse/test_mini.txt', logging_file='/home/lpmayos/hd/code/UniParse/logging.log', model_file='/home/lpmayos/hd/code/UniParse/models/kiperwasser/1b/bpe/mini/only_words_true/run1/model.model', vocab_file='/home/lpmayos/hd/code/UniParse/models/kiperwasser/1b/bpe/mini/only_words_true/run1/vocab.pkl')
2019-11-08 19:19:23,750:INFO:	

2019-11-08 19:19:23,774:INFO:	Created new file /home/lpmayos/hd/code/cvt_text/data/raw_data/depparse/test_mini.txt.conllu from the original file /home/lpmayos/hd/code/cvt_text/data/raw_data/depparse/test_mini.txt
2019-11-08 19:19:23,777:INFO:	_read_conll; read 2 sentences
2019-11-08 19:23:35,390:INFO:	


===================================================================================================
2019-11-08 19:23:35,391:INFO:	kiperwasser_embeddings_extractor
2019-11-08 19:23:35,391:INFO:	===================================================================================================

2019-11-08 19:23:35,391:INFO:	
Arguments:
2019-11-08 19:23:35,391:INFO:	Namespace(batch_size=32, input_file='/home/lpmayos/hd/code/cvt_text/data/raw_data/depparse/test_mini.txt', logging_file='/home/lpmayos/hd/code/UniParse/logging.log', model_file='/home/lpmayos/hd/code/UniParse/models/kiperwasser/1b/bpe/mini/only_words_true/run1/model.model', vocab_file='/home/lpmayos/hd/code/UniParse/models/kiperwasser/1b/bpe/mini/only_words_true/run1/vocab.pkl')
2019-11-08 19:23:35,391:INFO:	

2019-11-08 19:23:35,415:INFO:	Created new file /home/lpmayos/hd/code/cvt_text/data/raw_data/depparse/test_mini.txt.conllu from the original file /home/lpmayos/hd/code/cvt_text/data/raw_data/depparse/test_mini.txt
2019-11-08 19:23:35,418:INFO:	_read_conll; read 2 sentences
2019-11-08 19:25:04,255:INFO:	


===================================================================================================
2019-11-08 19:25:04,255:INFO:	kiperwasser_embeddings_extractor
2019-11-08 19:25:04,255:INFO:	===================================================================================================

2019-11-08 19:25:04,255:INFO:	
Arguments:
2019-11-08 19:25:04,255:INFO:	Namespace(batch_size=32, input_file='/home/lpmayos/hd/code/cvt_text/data/raw_data/depparse/test_mini.txt', logging_file='/home/lpmayos/hd/code/UniParse/logging.log', model_file='/home/lpmayos/hd/code/UniParse/models/kiperwasser/1b/bpe/mini/only_words_true/run1/model.model', vocab_file='/home/lpmayos/hd/code/UniParse/models/kiperwasser/1b/bpe/mini/only_words_true/run1/vocab.pkl')
2019-11-08 19:25:04,255:INFO:	

2019-11-08 19:25:04,275:INFO:	Created new file /home/lpmayos/hd/code/cvt_text/data/raw_data/depparse/test_mini.txt.conllu from the original file /home/lpmayos/hd/code/cvt_text/data/raw_data/depparse/test_mini.txt
2019-11-08 19:25:04,276:INFO:	_read_conll; read 2 sentences
2019-11-13 12:18:48,746:INFO:	


===================================================================================================
2019-11-13 12:18:48,767:INFO:	kiperwasser_embeddings_extractor
2019-11-13 12:18:48,767:INFO:	===================================================================================================

2019-11-13 12:18:48,767:INFO:	
Arguments:
2019-11-13 12:18:48,767:INFO:	Namespace(batch_size=32, input_file='/home/lpmayos/hd/code/cvt_text/data/raw_data/depparse/test_mini.txt', logging_file='/home/lpmayos/hd/code/UniParse/logging.log', model_file='/home/lpmayos/hd/code/UniParse/models/kiperwasser/1b/bpe/mini/only_words_true/run1/model.model', vocab_file='/home/lpmayos/hd/code/UniParse/models/kiperwasser/1b/bpe/mini/only_words_true/run1/vocab.pkl')
2019-11-13 12:18:48,767:INFO:	

2019-11-13 12:18:49,060:INFO:	Created new file /home/lpmayos/hd/code/cvt_text/data/raw_data/depparse/test_mini.txt.conllu from the original file /home/lpmayos/hd/code/cvt_text/data/raw_data/depparse/test_mini.txt
2019-11-13 12:18:49,064:INFO:	_read_conll; read 2 sentences
2019-11-13 12:19:45,102:INFO:	


===================================================================================================
2019-11-13 12:19:45,102:INFO:	kiperwasser_embeddings_extractor
2019-11-13 12:19:45,102:INFO:	===================================================================================================

2019-11-13 12:19:45,102:INFO:	
Arguments:
2019-11-13 12:19:45,103:INFO:	Namespace(batch_size=32, input_file='/home/lpmayos/hd/code/cvt_text/data/raw_data/depparse/test_mini.txt', logging_file='/home/lpmayos/hd/code/UniParse/logging.log', model_file='/home/lpmayos/hd/code/UniParse/models/kiperwasser/1b/bpe/mini/only_words_true/run1/model.model', vocab_file='/home/lpmayos/hd/code/UniParse/models/kiperwasser/1b/bpe/mini/only_words_true/run1/vocab.pkl')
2019-11-13 12:19:45,103:INFO:	

2019-11-13 12:19:45,128:INFO:	Created new file /home/lpmayos/hd/code/cvt_text/data/raw_data/depparse/test_mini.txt.conllu from the original file /home/lpmayos/hd/code/cvt_text/data/raw_data/depparse/test_mini.txt
2019-11-13 12:19:45,132:INFO:	_read_conll; read 2 sentences
2019-11-13 12:21:06,697:INFO:	


===================================================================================================
2019-11-13 12:21:06,697:INFO:	kiperwasser_embeddings_extractor
2019-11-13 12:21:06,697:INFO:	===================================================================================================

2019-11-13 12:21:06,697:INFO:	
Arguments:
2019-11-13 12:21:06,697:INFO:	Namespace(batch_size=32, input_file='/home/lpmayos/hd/code/cvt_text/data/raw_data/depparse/test_mini.txt', logging_file='/home/lpmayos/hd/code/UniParse/logging.log', model_file='/home/lpmayos/hd/code/UniParse/models/kiperwasser/1b/bpe/mini/only_words_true/run1/model.model', vocab_file='/home/lpmayos/hd/code/UniParse/models/kiperwasser/1b/bpe/mini/only_words_true/run1/vocab.pkl')
2019-11-13 12:21:06,697:INFO:	

2019-11-13 12:21:06,720:INFO:	Created new file /home/lpmayos/hd/code/cvt_text/data/raw_data/depparse/test_mini.txt.conllu from the original file /home/lpmayos/hd/code/cvt_text/data/raw_data/depparse/test_mini.txt
2019-11-13 12:21:06,723:INFO:	_read_conll; read 2 sentences
2019-11-13 12:21:32,971:INFO:	


===================================================================================================
2019-11-13 12:21:32,972:INFO:	kiperwasser_embeddings_extractor
2019-11-13 12:21:32,972:INFO:	===================================================================================================

2019-11-13 12:21:32,972:INFO:	
Arguments:
2019-11-13 12:21:32,972:INFO:	Namespace(batch_size=32, input_file='/home/lpmayos/hd/code/cvt_text/data/raw_data/depparse/test_mini.txt', logging_file='/home/lpmayos/hd/code/UniParse/logging.log', model_file='/home/lpmayos/hd/code/UniParse/models/kiperwasser/1b/bpe/mini/only_words_true/run1/model.model', vocab_file='/home/lpmayos/hd/code/UniParse/models/kiperwasser/1b/bpe/mini/only_words_true/run1/vocab.pkl')
2019-11-13 12:21:32,972:INFO:	

2019-11-13 12:21:32,995:INFO:	Created new file /home/lpmayos/hd/code/cvt_text/data/raw_data/depparse/test_mini.txt.conllu from the original file /home/lpmayos/hd/code/cvt_text/data/raw_data/depparse/test_mini.txt
2019-11-13 12:21:32,998:INFO:	_read_conll; read 2 sentences
2019-11-13 12:25:42,241:INFO:	


===================================================================================================
2019-11-13 12:25:42,242:INFO:	kiperwasser_embeddings_extractor
2019-11-13 12:25:42,242:INFO:	===================================================================================================

2019-11-13 12:25:42,242:INFO:	
Arguments:
2019-11-13 12:25:42,242:INFO:	Namespace(batch_size=32, input_file='/home/lpmayos/hd/code/cvt_text/data/raw_data/depparse/test_mini.txt', logging_file='/home/lpmayos/hd/code/UniParse/logging.log', model_file='/home/lpmayos/hd/code/UniParse/models/kiperwasser/1b/bpe/mini/only_words_true/run1/model.model', vocab_file='/home/lpmayos/hd/code/UniParse/models/kiperwasser/1b/bpe/mini/only_words_true/run1/vocab.pkl')
2019-11-13 12:25:42,242:INFO:	

2019-11-13 12:25:42,264:INFO:	Created new file /home/lpmayos/hd/code/cvt_text/data/raw_data/depparse/test_mini.txt.conllu from the original file /home/lpmayos/hd/code/cvt_text/data/raw_data/depparse/test_mini.txt
2019-11-13 12:25:42,268:INFO:	_read_conll; read 2 sentences
2019-11-13 12:27:42,816:INFO:	


===================================================================================================
2019-11-13 12:27:42,817:INFO:	kiperwasser_embeddings_extractor
2019-11-13 12:27:42,817:INFO:	===================================================================================================

2019-11-13 12:27:42,817:INFO:	
Arguments:
2019-11-13 12:27:42,817:INFO:	Namespace(batch_size=32, input_file='/home/lpmayos/hd/code/cvt_text/data/raw_data/depparse/test_mini.txt', logging_file='/home/lpmayos/hd/code/UniParse/logging.log', model_file='/home/lpmayos/hd/code/UniParse/models/kiperwasser/1b/bpe/mini/only_words_true/run1/model.model', vocab_file='/home/lpmayos/hd/code/UniParse/models/kiperwasser/1b/bpe/mini/only_words_true/run1/vocab.pkl')
2019-11-13 12:27:42,817:INFO:	

2019-11-13 12:27:45,863:INFO:	Created new file /home/lpmayos/hd/code/cvt_text/data/raw_data/depparse/test_mini.txt.conllu from the original file /home/lpmayos/hd/code/cvt_text/data/raw_data/depparse/test_mini.txt
2019-11-13 12:27:45,863:INFO:	_read_conll; read 2 sentences
2019-11-13 12:27:58,510:INFO:	


===================================================================================================
2019-11-13 12:27:58,510:INFO:	kiperwasser_embeddings_extractor
2019-11-13 12:27:58,510:INFO:	===================================================================================================

2019-11-13 12:27:58,510:INFO:	
Arguments:
2019-11-13 12:27:58,510:INFO:	Namespace(batch_size=32, input_file='/home/lpmayos/hd/code/cvt_text/data/raw_data/depparse/test_mini.txt', logging_file='/home/lpmayos/hd/code/UniParse/logging.log', model_file='/home/lpmayos/hd/code/UniParse/models/kiperwasser/1b/bpe/mini/only_words_true/run1/model.model', vocab_file='/home/lpmayos/hd/code/UniParse/models/kiperwasser/1b/bpe/mini/only_words_true/run1/vocab.pkl')
2019-11-13 12:27:58,510:INFO:	

2019-11-13 12:28:00,854:INFO:	Created new file /home/lpmayos/hd/code/cvt_text/data/raw_data/depparse/test_mini.txt.conllu from the original file /home/lpmayos/hd/code/cvt_text/data/raw_data/depparse/test_mini.txt
2019-11-13 12:28:00,855:INFO:	_read_conll; read 2 sentences
2019-11-13 12:28:19,361:INFO:	


===================================================================================================
2019-11-13 12:28:19,361:INFO:	kiperwasser_embeddings_extractor
2019-11-13 12:28:19,361:INFO:	===================================================================================================

2019-11-13 12:28:19,361:INFO:	
Arguments:
2019-11-13 12:28:19,361:INFO:	Namespace(batch_size=32, input_file='/home/lpmayos/hd/code/cvt_text/data/raw_data/depparse/test_mini.txt', logging_file='/home/lpmayos/hd/code/UniParse/logging.log', model_file='/home/lpmayos/hd/code/UniParse/models/kiperwasser/1b/bpe/mini/only_words_true/run1/model.model', vocab_file='/home/lpmayos/hd/code/UniParse/models/kiperwasser/1b/bpe/mini/only_words_true/run1/vocab.pkl')
2019-11-13 12:28:19,361:INFO:	

2019-11-13 12:28:21,734:INFO:	Created new file /home/lpmayos/hd/code/cvt_text/data/raw_data/depparse/test_mini.txt.conllu from the original file /home/lpmayos/hd/code/cvt_text/data/raw_data/depparse/test_mini.txt
2019-11-13 12:28:21,738:INFO:	_read_conll; read 2 sentences
2019-11-13 12:29:09,598:INFO:	


===================================================================================================
2019-11-13 12:29:09,599:INFO:	kiperwasser_embeddings_extractor
2019-11-13 12:29:09,599:INFO:	===================================================================================================

2019-11-13 12:29:09,599:INFO:	
Arguments:
2019-11-13 12:29:09,599:INFO:	Namespace(batch_size=32, input_file='/home/lpmayos/hd/code/cvt_text/data/raw_data/depparse/test_mini.txt', logging_file='/home/lpmayos/hd/code/UniParse/logging.log', model_file='/home/lpmayos/hd/code/UniParse/models/kiperwasser/1b/bpe/mini/only_words_true/run1/model.model', vocab_file='/home/lpmayos/hd/code/UniParse/models/kiperwasser/1b/bpe/mini/only_words_true/run1/vocab.pkl')
2019-11-13 12:29:09,599:INFO:	

2019-11-13 12:29:09,618:INFO:	Created new file /home/lpmayos/hd/code/cvt_text/data/raw_data/depparse/test_mini.txt.conllu from the original file /home/lpmayos/hd/code/cvt_text/data/raw_data/depparse/test_mini.txt
2019-11-13 12:29:09,619:INFO:	_read_conll; read 2 sentences
2019-11-13 12:50:28,137:INFO:	


===================================================================================================
2019-11-13 12:50:28,137:INFO:	kiperwasser_embeddings_extractor
2019-11-13 12:50:28,137:INFO:	===================================================================================================

2019-11-13 12:50:28,147:INFO:	Created new file /home/lpmayos/hd/code/cvt_text/data/raw_data/depparse/test_mini.txt.conllu from the original file /home/lpmayos/hd/code/cvt_text/data/raw_data/depparse/test_mini.txt
2019-11-13 12:50:28,148:INFO:	_read_conll; read 2 sentences
2019-11-13 12:50:41,299:INFO:	


===================================================================================================
2019-11-13 12:50:41,299:INFO:	kiperwasser_embeddings_extractor
2019-11-13 12:50:41,299:INFO:	===================================================================================================

2019-11-13 12:50:43,667:INFO:	Created new file /home/lpmayos/hd/code/cvt_text/data/raw_data/depparse/test_mini.txt.conllu from the original file /home/lpmayos/hd/code/cvt_text/data/raw_data/depparse/test_mini.txt
2019-11-13 12:50:43,668:INFO:	_read_conll; read 2 sentences
2019-11-13 12:50:55,081:INFO:	


===================================================================================================
2019-11-13 12:50:55,081:INFO:	kiperwasser_embeddings_extractor
2019-11-13 12:50:55,081:INFO:	===================================================================================================

2019-11-13 12:51:07,100:INFO:	


===================================================================================================
2019-11-13 12:51:07,101:INFO:	kiperwasser_embeddings_extractor
2019-11-13 12:51:07,101:INFO:	===================================================================================================

2019-11-13 15:06:16,281:INFO:	


===================================================================================================
2019-11-13 15:06:16,281:INFO:	kiperwasser_embeddings_extractor
2019-11-13 15:06:16,281:INFO:	===================================================================================================

2019-11-13 15:07:36,478:INFO:	


===================================================================================================
2019-11-13 15:07:36,479:INFO:	kiperwasser_embeddings_extractor
2019-11-13 15:07:36,479:INFO:	===================================================================================================

2019-11-13 15:07:58,029:INFO:	


===================================================================================================
2019-11-13 15:07:58,029:INFO:	kiperwasser_embeddings_extractor
2019-11-13 15:07:58,029:INFO:	===================================================================================================

2019-11-13 15:08:15,763:INFO:	


===================================================================================================
2019-11-13 15:08:15,764:INFO:	kiperwasser_embeddings_extractor
2019-11-13 15:08:15,764:INFO:	===================================================================================================

2019-11-13 15:08:49,203:INFO:	


===================================================================================================
2019-11-13 15:08:49,203:INFO:	kiperwasser_embeddings_extractor
2019-11-13 15:08:49,203:INFO:	===================================================================================================

2019-11-13 15:09:14,117:INFO:	


===================================================================================================
2019-11-13 15:09:14,118:INFO:	kiperwasser_embeddings_extractor
2019-11-13 15:09:14,118:INFO:	===================================================================================================

2019-11-13 15:10:11,385:INFO:	


===================================================================================================
2019-11-13 15:10:11,385:INFO:	kiperwasser_embeddings_extractor
2019-11-13 15:10:11,385:INFO:	===================================================================================================

2019-11-13 15:17:14,252:INFO:	


===================================================================================================
2019-11-13 15:17:14,252:INFO:	kiperwasser_embeddings_extractor
2019-11-13 15:17:14,252:INFO:	===================================================================================================

2019-11-13 15:20:47,032:INFO:	


===================================================================================================
2019-11-13 15:20:47,032:INFO:	kiperwasser_embeddings_extractor
2019-11-13 15:20:47,032:INFO:	===================================================================================================

2019-11-13 15:21:42,469:INFO:	


===================================================================================================
2019-11-13 15:21:42,469:INFO:	kiperwasser_embeddings_extractor
2019-11-13 15:21:42,469:INFO:	===================================================================================================

2019-11-13 15:57:15,400:INFO:	


===================================================================================================
2019-11-13 15:57:15,401:INFO:	kiperwasser_embeddings_extractor
2019-11-13 15:57:15,401:INFO:	===================================================================================================

2019-11-13 15:58:41,992:INFO:	


===================================================================================================
2019-11-13 15:58:41,992:INFO:	kiperwasser_embeddings_extractor
2019-11-13 15:58:41,993:INFO:	===================================================================================================

2019-11-13 16:23:58,174:INFO:	


===================================================================================================
2019-11-13 16:23:58,174:INFO:	kiperwasser_embeddings_extractor
2019-11-13 16:23:58,174:INFO:	===================================================================================================

2019-11-13 16:24:10,620:INFO:	


===================================================================================================
2019-11-13 16:24:10,620:INFO:	kiperwasser_embeddings_extractor
2019-11-13 16:24:10,620:INFO:	===================================================================================================

2019-11-13 16:27:14,229:INFO:	


===================================================================================================
2019-11-13 16:27:14,229:INFO:	kiperwasser_embeddings_extractor
2019-11-13 16:27:14,229:INFO:	===================================================================================================

2019-11-13 16:42:15,998:INFO:	


===================================================================================================
2019-11-13 16:42:15,998:INFO:	kiperwasser_embeddings_extractor
2019-11-13 16:42:15,998:INFO:	===================================================================================================

2019-11-13 16:55:19,210:INFO:	


===================================================================================================
2019-11-13 16:55:19,210:INFO:	kiperwasser_embeddings_extractor
2019-11-13 16:55:19,210:INFO:	===================================================================================================

2019-11-13 16:57:33,995:INFO:	


===================================================================================================
2019-11-13 16:57:33,996:INFO:	kiperwasser_embeddings_extractor
2019-11-13 16:57:33,996:INFO:	===================================================================================================

2019-11-13 17:09:18,059:INFO:	


===================================================================================================
2019-11-13 17:09:18,059:INFO:	kiperwasser_embeddings_extractor
2019-11-13 17:09:18,059:INFO:	===================================================================================================

2019-11-13 17:10:32,682:INFO:	


===================================================================================================
2019-11-13 17:10:32,682:INFO:	kiperwasser_embeddings_extractor
2019-11-13 17:10:32,682:INFO:	===================================================================================================

2019-11-13 17:10:42,491:INFO:	


===================================================================================================
2019-11-13 17:10:42,491:INFO:	kiperwasser_embeddings_extractor
2019-11-13 17:10:42,491:INFO:	===================================================================================================

2019-11-13 17:10:55,619:INFO:	


===================================================================================================
2019-11-13 17:10:55,619:INFO:	kiperwasser_embeddings_extractor
2019-11-13 17:10:55,619:INFO:	===================================================================================================

2019-11-13 17:11:11,352:INFO:	


===================================================================================================
2019-11-13 17:11:11,352:INFO:	kiperwasser_embeddings_extractor
2019-11-13 17:11:11,352:INFO:	===================================================================================================

2019-11-13 17:11:34,249:INFO:	


===================================================================================================
2019-11-13 17:11:34,249:INFO:	kiperwasser_embeddings_extractor
2019-11-13 17:11:34,249:INFO:	===================================================================================================

2019-11-13 17:11:50,140:INFO:	


===================================================================================================
2019-11-13 17:11:50,140:INFO:	kiperwasser_embeddings_extractor
2019-11-13 17:11:50,140:INFO:	===================================================================================================

2019-11-13 17:21:35,636:INFO:	


===================================================================================================
2019-11-13 17:21:35,636:INFO:	kiperwasser_embeddings_extractor
2019-11-13 17:21:35,636:INFO:	===================================================================================================

2019-11-13 17:24:53,681:INFO:	


===================================================================================================
2019-11-13 17:24:53,681:INFO:	kiperwasser_embeddings_extractor
2019-11-13 17:24:53,681:INFO:	===================================================================================================

2019-11-13 17:25:03,791:INFO:	


===================================================================================================
2019-11-13 17:25:03,791:INFO:	kiperwasser_embeddings_extractor
2019-11-13 17:25:03,791:INFO:	===================================================================================================

2019-11-13 17:26:07,714:INFO:	


===================================================================================================
2019-11-13 17:26:07,715:INFO:	kiperwasser_embeddings_extractor
2019-11-13 17:26:07,715:INFO:	===================================================================================================

2019-11-13 17:29:31,391:INFO:	


===================================================================================================
2019-11-13 17:29:31,391:INFO:	kiperwasser_embeddings_extractor
2019-11-13 17:29:31,391:INFO:	===================================================================================================

2019-11-13 17:29:37,396:INFO:	


===================================================================================================
2019-11-13 17:29:37,397:INFO:	kiperwasser_embeddings_extractor
2019-11-13 17:29:37,397:INFO:	===================================================================================================

2019-11-13 17:31:05,259:INFO:	


===================================================================================================
2019-11-13 17:31:05,260:INFO:	kiperwasser_embeddings_extractor
2019-11-13 17:31:05,260:INFO:	===================================================================================================

2019-11-14 11:24:44,224:INFO:	


===================================================================================================
2019-11-14 11:24:44,224:INFO:	kiperwasser_embeddings_extractor
2019-11-14 11:24:44,224:INFO:	===================================================================================================

2019-11-14 11:25:23,607:INFO:	


===================================================================================================
2019-11-14 11:25:23,607:INFO:	kiperwasser_embeddings_extractor
2019-11-14 11:25:23,607:INFO:	===================================================================================================

2019-11-14 11:58:55,052:INFO:	


===================================================================================================
2019-11-14 11:58:55,052:INFO:	kiperwasser_embeddings_extractor
2019-11-14 11:58:55,052:INFO:	===================================================================================================

2019-11-14 12:01:27,545:INFO:	


===================================================================================================
2019-11-14 12:01:27,545:INFO:	kiperwasser_embeddings_extractor
2019-11-14 12:01:27,545:INFO:	===================================================================================================

2019-11-14 12:01:35,584:INFO:	


===================================================================================================
2019-11-14 12:01:35,584:INFO:	kiperwasser_embeddings_extractor
2019-11-14 12:01:35,584:INFO:	===================================================================================================

2019-11-14 12:01:41,931:INFO:	


===================================================================================================
2019-11-14 12:01:41,932:INFO:	kiperwasser_embeddings_extractor
2019-11-14 12:01:41,932:INFO:	===================================================================================================

2019-11-14 12:02:01,531:INFO:	


===================================================================================================
2019-11-14 12:02:01,531:INFO:	kiperwasser_embeddings_extractor
2019-11-14 12:02:01,531:INFO:	===================================================================================================

