2019-08-27 16:03:36,526:INFO:	


===================================================================================================
2019-08-27 16:03:36,527:INFO:	kiperwasser_main
2019-08-27 16:03:36,528:INFO:	===================================================================================================

2019-08-27 16:03:36,529:INFO:	
Arguments:
2019-08-27 16:03:36,530:INFO:	Namespace(batch_size=32, big_dataset=True, dev='/homedtic/lperez/datasets/1-billion-word-language-modeling-benchmark-r13output/conll_bpe_mini/1b_dev.bpe.conllu', dev_mode=False, do_training=True, embs=None, epochs=30, logging_file='/homedtic/lperez/UniParse/models/kiperwasser/1b/bpe/small/only_words_true/run2/logging.log', model_file='/homedtic/lperez/UniParse/models/kiperwasser/1b/bpe/small/only_words_true/run2/model.model', no_update_pretrained_emb=False, only_words=True, output_file='/homedtic/lperez/UniParse/models/kiperwasser/1b/bpe/small/only_words_true/run2/output.out', patience=-1, results_folder='/homedtic/lperez/UniParse/models/kiperwasser/1b/bpe/small/only_words_true/run2', tb_dest=None, test='/homedtic/lperez/datasets/1-billion-word-language-modeling-benchmark-r13output/conll_bpe_small/1b_test.bpe.conllu', train='/homedtic/lperez/datasets/1-billion-word-language-modeling-benchmark-r13output/conll_bpe_small/1b_train.bpe.conllu', vocab_file='/homedtic/lperez/UniParse/models/kiperwasser/1b/bpe/small/only_words_true/run2/vocab.pkl')
2019-08-27 16:03:36,530:INFO:	

2019-08-27 16:08:58,910:INFO:	> saving vocab to /homedtic/lperez/UniParse/models/kiperwasser/1b/bpe/small/only_words_true/run2/vocab.pkl
2019-08-27 16:08:58,942:INFO:	Training with big dataset; subset_size = 10000
2019-08-27 16:08:58,943:DEBUG:	Init training with big dataset (there is no dev mode)
2019-08-27 16:08:58,943:INFO:	tokenizing dev data ...
2019-08-27 16:09:01,358:INFO:	_read_conll; read 7110 sentences
2019-08-27 16:09:01,358:INFO:	... tokenized dev data
2019-08-27 16:09:01,359:INFO:	creating model ...
2019-08-27 16:09:01,432:INFO:	... model created
2019-08-27 16:09:01,433:INFO:	creating ModelSaveCallback ...
2019-08-27 16:09:01,434:INFO:	saving model to /homedtic/lperez/UniParse/models/kiperwasser/1b/bpe/small/only_words_true/run2/model.model  (after step 0)
2019-08-27 16:09:01,434:INFO:	... ModelSaveCallback created
2019-08-27 16:09:01,435:INFO:	creating Model ...
2019-08-27 16:09:01,456:INFO:	... Model created
2019-08-27 16:09:01,457:INFO:	training Model ...
2019-08-27 16:09:01,457:DEBUG:	...Training without patience for exactly 30 epochs
2019-08-27 16:09:01,458:INFO:	
2019-08-27 16:09:01,459:INFO:	Epoch 1
2019-08-27 16:09:01,459:INFO:	=====================
2019-08-27 16:09:18,589:INFO:	train_big_datasets; epoch 1; total sentences used to train: 10000; read_sentences 10000
2019-08-27 16:11:54,969:INFO:	train_big_datasets; epoch 1; total sentences used to train: 20000; read_sentences 10000
2019-08-27 16:14:20,339:INFO:	train_big_datasets; epoch 1; total sentences used to train: 30000; read_sentences 10000
2019-08-27 16:16:46,052:INFO:	train_big_datasets; epoch 1; total sentences used to train: 40000; read_sentences 10000
2019-08-27 16:19:11,821:INFO:	train_big_datasets; epoch 1; total sentences used to train: 50000; read_sentences 10000
2019-08-27 16:21:41,369:INFO:	train_big_datasets; epoch 1; total sentences used to train: 60000; read_sentences 10000
2019-08-27 16:24:11,259:INFO:	train_big_datasets; epoch 1; total sentences used to train: 70000; read_sentences 10000
2019-08-27 16:26:40,436:INFO:	train_big_datasets; epoch 1; total sentences used to train: 80000; read_sentences 10000
2019-08-27 16:29:19,119:INFO:	train_big_datasets; epoch 1; total sentences used to train: 90000; read_sentences 10000
2019-08-27 16:31:57,451:INFO:	train_big_datasets; epoch 1; total sentences used to train: 100000; read_sentences 10000
2019-08-27 16:34:37,330:INFO:	train_big_datasets; epoch 1; total sentences used to train: 110000; read_sentences 10000
2019-08-27 16:37:18,483:INFO:	train_big_datasets; epoch 1; total sentences used to train: 120000; read_sentences 10000
2019-08-27 16:39:56,693:INFO:	train_big_datasets; epoch 1; total sentences used to train: 130000; read_sentences 10000
2019-08-27 16:43:15,594:INFO:	train_big_datasets; epoch 1; total sentences used to train: 140000; read_sentences 10000
2019-08-27 16:46:34,824:INFO:	train_big_datasets; epoch 1; total sentences used to train: 150000; read_sentences 10000
2019-08-27 16:49:51,749:INFO:	train_big_datasets; epoch 1; total sentences used to train: 160000; read_sentences 10000
2019-08-27 16:53:10,998:INFO:	train_big_datasets; epoch 1; total sentences used to train: 170000; read_sentences 10000
2019-08-27 16:56:29,571:INFO:	train_big_datasets; epoch 1; total sentences used to train: 180000; read_sentences 10000
2019-08-27 16:59:42,460:INFO:	train_big_datasets; epoch 1; total sentences used to train: 190000; read_sentences 10000
2019-08-27 17:02:58,358:INFO:	train_big_datasets; epoch 1; total sentences used to train: 200000; read_sentences 10000
2019-08-27 17:06:15,421:INFO:	train_big_datasets; epoch 1; total sentences used to train: 210000; read_sentences 10000
2019-08-27 17:09:33,166:INFO:	train_big_datasets; epoch 1; total sentences used to train: 220000; read_sentences 10000
2019-08-27 17:12:49,106:INFO:	train_big_datasets; epoch 1; total sentences used to train: 230000; read_sentences 10000
2019-08-27 17:16:06,077:INFO:	train_big_datasets; epoch 1; total sentences used to train: 240000; read_sentences 10000
2019-08-27 17:19:56,795:INFO:	train_big_datasets; epoch 1; total sentences used to train: 250000; read_sentences 10000
2019-08-27 17:23:16,456:INFO:	train_big_datasets; epoch 1; total sentences used to train: 260000; read_sentences 10000
2019-08-27 17:26:30,901:INFO:	train_big_datasets; epoch 1; total sentences used to train: 270000; read_sentences 10000
2019-08-27 17:29:50,816:INFO:	train_big_datasets; epoch 1; total sentences used to train: 280000; read_sentences 10000
2019-08-27 17:33:07,026:INFO:	train_big_datasets; epoch 1; total sentences used to train: 290000; read_sentences 10000
2019-08-27 17:36:24,502:INFO:	train_big_datasets; epoch 1; total sentences used to train: 300000; read_sentences 10000
2019-08-27 17:39:41,047:INFO:	train_big_datasets; epoch 1; total sentences used to train: 310000; read_sentences 10000
2019-08-27 17:42:56,887:INFO:	train_big_datasets; epoch 1; total sentences used to train: 320000; read_sentences 10000
2019-08-27 17:46:11,478:INFO:	train_big_datasets; epoch 1; total sentences used to train: 330000; read_sentences 10000
2019-08-27 17:49:32,289:INFO:	train_big_datasets; epoch 1; total sentences used to train: 340000; read_sentences 10000
2019-08-27 17:52:47,649:INFO:	train_big_datasets; epoch 1; total sentences used to train: 350000; read_sentences 10000
2019-08-27 17:56:05,824:INFO:	train_big_datasets; epoch 1; total sentences used to train: 360000; read_sentences 10000
2019-08-27 17:59:20,223:INFO:	train_big_datasets; epoch 1; total sentences used to train: 370000; read_sentences 10000
2019-08-27 18:02:35,706:INFO:	train_big_datasets; epoch 1; total sentences used to train: 380000; read_sentences 10000
2019-08-27 18:05:49,759:INFO:	train_big_datasets; epoch 1; total sentences used to train: 390000; read_sentences 10000
2019-08-27 18:09:05,724:INFO:	train_big_datasets; epoch 1; total sentences used to train: 400000; read_sentences 10000
2019-08-27 18:12:24,194:INFO:	train_big_datasets; epoch 1; total sentences used to train: 410000; read_sentences 10000
2019-08-27 18:15:41,690:INFO:	train_big_datasets; epoch 1; total sentences used to train: 420000; read_sentences 10000
2019-08-27 18:18:56,009:INFO:	train_big_datasets; epoch 1; total sentences used to train: 430000; read_sentences 10000
2019-08-27 18:22:12,262:INFO:	train_big_datasets; epoch 1; total sentences used to train: 440000; read_sentences 10000
2019-08-27 18:25:27,797:INFO:	train_big_datasets; epoch 1; total sentences used to train: 450000; read_sentences 10000
2019-08-27 18:28:46,236:INFO:	train_big_datasets; epoch 1; total sentences used to train: 460000; read_sentences 10000
2019-08-27 18:32:03,515:INFO:	train_big_datasets; epoch 1; total sentences used to train: 470000; read_sentences 10000
2019-08-27 18:35:19,708:INFO:	train_big_datasets; epoch 1; total sentences used to train: 480000; read_sentences 10000
2019-08-27 18:38:34,282:INFO:	train_big_datasets; epoch 1; total sentences used to train: 490000; read_sentences 10000
2019-08-27 18:41:49,075:INFO:	train_big_datasets; epoch 1; total sentences used to train: 500000; read_sentences 10000
2019-08-27 18:45:05,377:INFO:	train_big_datasets; epoch 1; total sentences used to train: 510000; read_sentences 10000
2019-08-27 18:51:18,128:INFO:	train_big_datasets; epoch 1; total sentences used to train: 520000; read_sentences 10000
2019-08-27 18:57:34,198:INFO:	train_big_datasets; epoch 1; total sentences used to train: 530000; read_sentences 10000
2019-08-27 19:03:46,987:INFO:	train_big_datasets; epoch 1; total sentences used to train: 540000; read_sentences 10000
2019-08-27 19:10:01,843:INFO:	train_big_datasets; epoch 1; total sentences used to train: 550000; read_sentences 10000
2019-08-27 19:16:17,986:INFO:	train_big_datasets; epoch 1; total sentences used to train: 560000; read_sentences 10000
2019-08-27 19:22:29,773:INFO:	train_big_datasets; epoch 1; total sentences used to train: 570000; read_sentences 10000
2019-08-27 19:28:40,025:INFO:	train_big_datasets; epoch 1; total sentences used to train: 580000; read_sentences 10000
2019-08-27 19:34:50,918:INFO:	train_big_datasets; epoch 1; total sentences used to train: 590000; read_sentences 10000
2019-08-27 19:41:05,013:INFO:	train_big_datasets; epoch 1; total sentences used to train: 600000; read_sentences 10000
2019-08-27 19:47:24,231:INFO:	train_big_datasets; epoch 1; total sentences used to train: 610000; read_sentences 10000
2019-08-27 19:53:39,347:INFO:	train_big_datasets; epoch 1; total sentences used to train: 620000; read_sentences 10000
2019-08-27 19:59:53,660:INFO:	train_big_datasets; epoch 1; total sentences used to train: 630000; read_sentences 10000
2019-08-27 20:06:04,821:INFO:	train_big_datasets; epoch 1; total sentences used to train: 640000; read_sentences 10000
2019-08-27 20:12:20,364:INFO:	train_big_datasets; epoch 1; total sentences used to train: 650000; read_sentences 10000
2019-08-27 20:18:32,982:INFO:	train_big_datasets; epoch 1; total sentences used to train: 660000; read_sentences 10000
2019-08-27 20:24:46,021:INFO:	train_big_datasets; epoch 1; total sentences used to train: 670000; read_sentences 10000
2019-08-27 20:31:00,409:INFO:	train_big_datasets; epoch 1; total sentences used to train: 680000; read_sentences 10000
2019-08-27 20:37:18,365:INFO:	train_big_datasets; epoch 1; total sentences used to train: 690000; read_sentences 10000
2019-08-27 20:43:32,150:INFO:	train_big_datasets; epoch 1; total sentences used to train: 700000; read_sentences 10000
2019-08-27 20:49:46,847:INFO:	train_big_datasets; epoch 1; total sentences used to train: 710000; read_sentences 10000
2019-08-27 20:55:57,381:INFO:	train_big_datasets; epoch 1; total sentences used to train: 720000; read_sentences 10000
2019-08-27 21:02:19,369:INFO:	train_big_datasets; epoch 1; total sentences used to train: 730000; read_sentences 10000
2019-08-27 21:08:26,780:INFO:	train_big_datasets; epoch 1; total sentences used to train: 740000; read_sentences 10000
2019-08-27 21:14:38,850:INFO:	train_big_datasets; epoch 1; total sentences used to train: 750000; read_sentences 10000
2019-08-27 21:20:56,342:INFO:	train_big_datasets; epoch 1; total sentences used to train: 760000; read_sentences 10000
2019-08-27 21:27:10,855:INFO:	train_big_datasets; epoch 1; total sentences used to train: 770000; read_sentences 10000
2019-08-27 21:33:21,542:INFO:	train_big_datasets; epoch 1; total sentences used to train: 780000; read_sentences 10000
2019-08-27 21:39:32,013:INFO:	train_big_datasets; epoch 1; total sentences used to train: 790000; read_sentences 10000
2019-08-27 21:45:44,152:INFO:	train_big_datasets; epoch 1; total sentences used to train: 800000; read_sentences 10000
2019-08-27 21:51:58,841:INFO:	train_big_datasets; epoch 1; total sentences used to train: 810000; read_sentences 10000
2019-08-27 21:58:09,227:INFO:	train_big_datasets; epoch 1; total sentences used to train: 820000; read_sentences 10000
2019-08-27 22:04:22,886:INFO:	train_big_datasets; epoch 1; total sentences used to train: 830000; read_sentences 10000
2019-08-27 22:10:37,309:INFO:	train_big_datasets; epoch 1; total sentences used to train: 840000; read_sentences 10000
2019-08-27 22:16:55,751:INFO:	train_big_datasets; epoch 1; total sentences used to train: 850000; read_sentences 10000
2019-08-27 22:23:06,494:INFO:	train_big_datasets; epoch 1; total sentences used to train: 860000; read_sentences 10000
2019-08-27 22:29:20,303:INFO:	train_big_datasets; epoch 1; total sentences used to train: 870000; read_sentences 10000
2019-08-27 22:35:38,608:INFO:	train_big_datasets; epoch 1; total sentences used to train: 880000; read_sentences 10000
2019-08-27 22:41:52,103:INFO:	train_big_datasets; epoch 1; total sentences used to train: 890000; read_sentences 10000
2019-08-27 22:48:09,629:INFO:	train_big_datasets; epoch 1; total sentences used to train: 900000; read_sentences 10000
2019-08-27 22:54:24,046:INFO:	train_big_datasets; epoch 1; total sentences used to train: 910000; read_sentences 10000
2019-08-27 23:00:44,409:INFO:	train_big_datasets; epoch 1; total sentences used to train: 920000; read_sentences 10000
2019-08-27 23:06:55,652:INFO:	train_big_datasets; epoch 1; total sentences used to train: 930000; read_sentences 10000
2019-08-27 23:13:13,672:INFO:	train_big_datasets; epoch 1; total sentences used to train: 940000; read_sentences 10000
2019-08-27 23:19:29,927:INFO:	train_big_datasets; epoch 1; total sentences used to train: 950000; read_sentences 10000
2019-08-27 23:25:45,339:INFO:	train_big_datasets; epoch 1; total sentences used to train: 960000; read_sentences 10000
2019-08-27 23:32:04,806:INFO:	train_big_datasets; epoch 1; total sentences used to train: 970000; read_sentences 10000
2019-08-27 23:38:21,903:INFO:	train_big_datasets; epoch 1; total sentences used to train: 980000; read_sentences 10000
2019-08-27 23:44:40,406:INFO:	train_big_datasets; epoch 1; total sentences used to train: 990000; read_sentences 10000
2019-08-27 23:51:01,337:INFO:	train_big_datasets; epoch 1; total sentences used to train: 1000000; read_sentences 10000
2019-08-27 23:57:14,737:INFO:	train_big_datasets; epoch 1; total sentences used to train: 1010000; read_sentences 10000
2019-08-28 00:03:31,112:INFO:	train_big_datasets; epoch 1; total sentences used to train: 1020000; read_sentences 10000
2019-08-28 00:09:46,076:INFO:	train_big_datasets; epoch 1; total sentences used to train: 1030000; read_sentences 10000
2019-08-28 00:16:05,034:INFO:	train_big_datasets; epoch 1; total sentences used to train: 1040000; read_sentences 10000
2019-08-28 00:22:17,777:INFO:	train_big_datasets; epoch 1; total sentences used to train: 1050000; read_sentences 10000
2019-08-28 00:28:36,871:INFO:	train_big_datasets; epoch 1; total sentences used to train: 1060000; read_sentences 10000
2019-08-28 00:34:53,428:INFO:	train_big_datasets; epoch 1; total sentences used to train: 1070000; read_sentences 10000
2019-08-28 00:41:04,496:INFO:	train_big_datasets; epoch 1; total sentences used to train: 1080000; read_sentences 10000
2019-08-28 00:47:20,625:INFO:	train_big_datasets; epoch 1; total sentences used to train: 1090000; read_sentences 10000
2019-08-28 00:53:36,681:INFO:	train_big_datasets; epoch 1; total sentences used to train: 1100000; read_sentences 10000
2019-08-28 00:59:52,559:INFO:	train_big_datasets; epoch 1; total sentences used to train: 1110000; read_sentences 10000
2019-08-28 01:06:07,277:INFO:	train_big_datasets; epoch 1; total sentences used to train: 1120000; read_sentences 10000
2019-08-28 01:12:22,271:INFO:	train_big_datasets; epoch 1; total sentences used to train: 1130000; read_sentences 10000
2019-08-28 01:18:37,135:INFO:	train_big_datasets; epoch 1; total sentences used to train: 1140000; read_sentences 10000
2019-08-28 01:24:51,529:INFO:	train_big_datasets; epoch 1; total sentences used to train: 1150000; read_sentences 10000
2019-08-28 01:31:05,659:INFO:	train_big_datasets; epoch 1; total sentences used to train: 1160000; read_sentences 10000
2019-08-28 01:37:22,912:INFO:	train_big_datasets; epoch 1; total sentences used to train: 1170000; read_sentences 10000
2019-08-28 01:43:34,980:INFO:	train_big_datasets; epoch 1; total sentences used to train: 1180000; read_sentences 10000
2019-08-28 01:49:51,041:INFO:	train_big_datasets; epoch 1; total sentences used to train: 1190000; read_sentences 10000
2019-08-28 01:56:08,054:INFO:	train_big_datasets; epoch 1; total sentences used to train: 1200000; read_sentences 10000
2019-08-28 02:02:20,799:INFO:	train_big_datasets; epoch 1; total sentences used to train: 1210000; read_sentences 10000
2019-08-28 02:08:38,644:INFO:	train_big_datasets; epoch 1; total sentences used to train: 1220000; read_sentences 10000
2019-08-28 02:14:58,714:INFO:	train_big_datasets; epoch 1; total sentences used to train: 1230000; read_sentences 10000
2019-08-28 02:21:17,423:INFO:	train_big_datasets; epoch 1; total sentences used to train: 1240000; read_sentences 10000
2019-08-28 02:27:31,695:INFO:	train_big_datasets; epoch 1; total sentences used to train: 1250000; read_sentences 10000
2019-08-28 02:33:48,792:INFO:	train_big_datasets; epoch 1; total sentences used to train: 1260000; read_sentences 10000
2019-08-28 02:39:58,535:INFO:	train_big_datasets; epoch 1; total sentences used to train: 1270000; read_sentences 10000
2019-08-28 02:46:12,784:INFO:	train_big_datasets; epoch 1; total sentences used to train: 1280000; read_sentences 10000
2019-08-28 02:52:28,474:INFO:	train_big_datasets; epoch 1; total sentences used to train: 1290000; read_sentences 10000
2019-08-28 02:58:47,492:INFO:	train_big_datasets; epoch 1; total sentences used to train: 1300000; read_sentences 10000
2019-08-28 03:05:02,937:INFO:	train_big_datasets; epoch 1; total sentences used to train: 1310000; read_sentences 10000
2019-08-28 03:11:17,335:INFO:	train_big_datasets; epoch 1; total sentences used to train: 1320000; read_sentences 10000
2019-08-28 03:17:28,295:INFO:	train_big_datasets; epoch 1; total sentences used to train: 1330000; read_sentences 10000
2019-08-28 03:23:41,917:INFO:	train_big_datasets; epoch 1; total sentences used to train: 1340000; read_sentences 10000
2019-08-28 03:29:57,312:INFO:	train_big_datasets; epoch 1; total sentences used to train: 1350000; read_sentences 10000
2019-08-28 03:36:12,096:INFO:	train_big_datasets; epoch 1; total sentences used to train: 1360000; read_sentences 10000
2019-08-28 03:42:23,831:INFO:	train_big_datasets; epoch 1; total sentences used to train: 1370000; read_sentences 10000
2019-08-28 03:48:40,410:INFO:	train_big_datasets; epoch 1; total sentences used to train: 1380000; read_sentences 10000
2019-08-28 03:54:55,647:INFO:	train_big_datasets; epoch 1; total sentences used to train: 1390000; read_sentences 10000
2019-08-28 04:01:10,872:INFO:	train_big_datasets; epoch 1; total sentences used to train: 1400000; read_sentences 10000
2019-08-28 04:07:26,793:INFO:	train_big_datasets; epoch 1; total sentences used to train: 1410000; read_sentences 10000
2019-08-28 04:13:42,668:INFO:	train_big_datasets; epoch 1; total sentences used to train: 1420000; read_sentences 10000
2019-08-28 04:19:59,744:INFO:	train_big_datasets; epoch 1; total sentences used to train: 1430000; read_sentences 10000
2019-08-28 04:26:10,136:INFO:	train_big_datasets; epoch 1; total sentences used to train: 1440000; read_sentences 10000
2019-08-28 04:32:29,850:INFO:	train_big_datasets; epoch 1; total sentences used to train: 1450000; read_sentences 10000
2019-08-28 04:38:42,605:INFO:	train_big_datasets; epoch 1; total sentences used to train: 1460000; read_sentences 10000
2019-08-28 04:44:57,748:INFO:	train_big_datasets; epoch 1; total sentences used to train: 1470000; read_sentences 10000
2019-08-28 04:51:14,268:INFO:	train_big_datasets; epoch 1; total sentences used to train: 1480000; read_sentences 10000
2019-08-28 04:57:33,535:INFO:	train_big_datasets; epoch 1; total sentences used to train: 1490000; read_sentences 10000
2019-08-28 05:03:57,609:INFO:	train_big_datasets; epoch 1; total sentences used to train: 1500000; read_sentences 10000
2019-08-28 05:10:16,564:INFO:	train_big_datasets; epoch 1; total sentences used to train: 1510000; read_sentences 10000
2019-08-28 05:16:32,678:INFO:	train_big_datasets; epoch 1; total sentences used to train: 1520000; read_sentences 10000
2019-08-28 05:22:48,717:INFO:	train_big_datasets; epoch 1; total sentences used to train: 1530000; read_sentences 10000
2019-08-28 05:29:03,899:INFO:	train_big_datasets; epoch 1; total sentences used to train: 1540000; read_sentences 10000
2019-08-28 05:35:17,163:INFO:	train_big_datasets; epoch 1; total sentences used to train: 1550000; read_sentences 10000
2019-08-28 05:41:30,018:INFO:	train_big_datasets; epoch 1; total sentences used to train: 1560000; read_sentences 10000
2019-08-28 05:47:48,707:INFO:	train_big_datasets; epoch 1; total sentences used to train: 1570000; read_sentences 10000
2019-08-28 05:54:10,164:INFO:	train_big_datasets; epoch 1; total sentences used to train: 1580000; read_sentences 10000
2019-08-28 06:00:24,874:INFO:	train_big_datasets; epoch 1; total sentences used to train: 1590000; read_sentences 10000
2019-08-28 06:06:44,528:INFO:	train_big_datasets; epoch 1; total sentences used to train: 1600000; read_sentences 10000
2019-08-28 06:12:58,832:INFO:	train_big_datasets; epoch 1; total sentences used to train: 1610000; read_sentences 10000
2019-08-28 06:19:17,041:INFO:	train_big_datasets; epoch 1; total sentences used to train: 1620000; read_sentences 10000
2019-08-28 06:25:33,026:INFO:	train_big_datasets; epoch 1; total sentences used to train: 1630000; read_sentences 10000
2019-08-28 06:31:49,379:INFO:	train_big_datasets; epoch 1; total sentences used to train: 1640000; read_sentences 10000
2019-08-28 06:38:06,476:INFO:	train_big_datasets; epoch 1; total sentences used to train: 1650000; read_sentences 10000
2019-08-28 06:44:25,073:INFO:	train_big_datasets; epoch 1; total sentences used to train: 1660000; read_sentences 10000
2019-08-28 06:50:44,741:INFO:	train_big_datasets; epoch 1; total sentences used to train: 1670000; read_sentences 10000
2019-08-28 06:58:35,173:INFO:	train_big_datasets; epoch 1; total sentences used to train: 1680000; read_sentences 10000
2019-08-28 07:04:51,990:INFO:	train_big_datasets; epoch 1; total sentences used to train: 1690000; read_sentences 10000
2019-08-28 07:11:10,134:INFO:	train_big_datasets; epoch 1; total sentences used to train: 1700000; read_sentences 10000
2019-08-28 07:17:37,486:INFO:	train_big_datasets; epoch 1; total sentences used to train: 1710000; read_sentences 10000
2019-08-28 07:23:50,751:INFO:	train_big_datasets; epoch 1; total sentences used to train: 1720000; read_sentences 10000
2019-08-28 07:30:09,582:INFO:	train_big_datasets; epoch 1; total sentences used to train: 1730000; read_sentences 10000
2019-08-28 07:36:27,925:INFO:	train_big_datasets; epoch 1; total sentences used to train: 1740000; read_sentences 10000
2019-08-28 07:42:45,739:INFO:	train_big_datasets; epoch 1; total sentences used to train: 1750000; read_sentences 10000
2019-08-28 07:50:47,302:INFO:	train_big_datasets; epoch 1; total sentences used to train: 1760000; read_sentences 10000
2019-08-28 07:57:04,543:INFO:	train_big_datasets; epoch 1; total sentences used to train: 1770000; read_sentences 10000
2019-08-28 08:03:17,882:INFO:	train_big_datasets; epoch 1; total sentences used to train: 1780000; read_sentences 10000
2019-08-28 08:09:33,689:INFO:	train_big_datasets; epoch 1; total sentences used to train: 1790000; read_sentences 10000
2019-08-28 08:15:49,528:INFO:	train_big_datasets; epoch 1; total sentences used to train: 1800000; read_sentences 10000
2019-08-28 08:22:08,171:INFO:	train_big_datasets; epoch 1; total sentences used to train: 1810000; read_sentences 10000
2019-08-28 08:28:21,276:INFO:	train_big_datasets; epoch 1; total sentences used to train: 1820000; read_sentences 10000
2019-08-28 08:34:37,895:INFO:	train_big_datasets; epoch 1; total sentences used to train: 1830000; read_sentences 10000
2019-08-28 08:40:54,331:INFO:	train_big_datasets; epoch 1; total sentences used to train: 1840000; read_sentences 10000
2019-08-28 08:47:09,278:INFO:	train_big_datasets; epoch 1; total sentences used to train: 1850000; read_sentences 10000
2019-08-28 08:53:30,111:INFO:	train_big_datasets; epoch 1; total sentences used to train: 1860000; read_sentences 10000
2019-08-28 08:59:42,949:INFO:	train_big_datasets; epoch 1; total sentences used to train: 1870000; read_sentences 10000
2019-08-28 09:05:59,150:INFO:	train_big_datasets; epoch 1; total sentences used to train: 1880000; read_sentences 10000
2019-08-28 09:12:10,239:INFO:	train_big_datasets; epoch 1; total sentences used to train: 1890000; read_sentences 10000
2019-08-28 09:18:27,138:INFO:	train_big_datasets; epoch 1; total sentences used to train: 1900000; read_sentences 10000
2019-08-28 09:24:42,264:INFO:	train_big_datasets; epoch 1; total sentences used to train: 1910000; read_sentences 10000
2019-08-28 09:30:57,754:INFO:	train_big_datasets; epoch 1; total sentences used to train: 1920000; read_sentences 10000
2019-08-28 09:37:14,604:INFO:	train_big_datasets; epoch 1; total sentences used to train: 1930000; read_sentences 10000
2019-08-28 09:43:30,331:INFO:	train_big_datasets; epoch 1; total sentences used to train: 1940000; read_sentences 10000
2019-08-28 09:49:51,780:INFO:	train_big_datasets; epoch 1; total sentences used to train: 1950000; read_sentences 10000
2019-08-28 09:56:06,563:INFO:	train_big_datasets; epoch 1; total sentences used to train: 1960000; read_sentences 10000
2019-08-28 10:02:20,721:INFO:	train_big_datasets; epoch 1; total sentences used to train: 1970000; read_sentences 10000
2019-08-28 10:08:35,555:INFO:	train_big_datasets; epoch 1; total sentences used to train: 1980000; read_sentences 10000
2019-08-28 10:14:48,509:INFO:	train_big_datasets; epoch 1; total sentences used to train: 1990000; read_sentences 10000
2019-08-28 10:21:04,335:INFO:	train_big_datasets; epoch 1; total sentences used to train: 2000000; read_sentences 10000
2019-08-28 10:27:21,378:INFO:	train_big_datasets; epoch 1; total sentences used to train: 2010000; read_sentences 10000
2019-08-28 10:33:34,913:INFO:	train_big_datasets; epoch 1; total sentences used to train: 2020000; read_sentences 10000
2019-08-28 10:39:49,694:INFO:	train_big_datasets; epoch 1; total sentences used to train: 2030000; read_sentences 10000
2019-08-28 10:46:09,190:INFO:	train_big_datasets; epoch 1; total sentences used to train: 2040000; read_sentences 10000
2019-08-28 10:52:22,739:INFO:	train_big_datasets; epoch 1; total sentences used to train: 2050000; read_sentences 10000
2019-08-28 10:58:37,824:INFO:	train_big_datasets; epoch 1; total sentences used to train: 2060000; read_sentences 10000
2019-08-28 11:05:01,225:INFO:	train_big_datasets; epoch 1; total sentences used to train: 2070000; read_sentences 10000
2019-08-28 11:11:19,843:INFO:	train_big_datasets; epoch 1; total sentences used to train: 2080000; read_sentences 10000
2019-08-28 11:17:38,371:INFO:	train_big_datasets; epoch 1; total sentences used to train: 2090000; read_sentences 10000
2019-08-28 11:23:54,237:INFO:	train_big_datasets; epoch 1; total sentences used to train: 2100000; read_sentences 10000
2019-08-28 11:30:04,383:INFO:	train_big_datasets; epoch 1; total sentences used to train: 2110000; read_sentences 10000
2019-08-28 11:36:16,316:INFO:	train_big_datasets; epoch 1; total sentences used to train: 2120000; read_sentences 10000
2019-08-28 11:42:34,642:INFO:	train_big_datasets; epoch 1; total sentences used to train: 2130000; read_sentences 10000
2019-08-28 11:48:51,919:INFO:	train_big_datasets; epoch 1; total sentences used to train: 2140000; read_sentences 10000
2019-08-28 11:55:06,396:INFO:	train_big_datasets; epoch 1; total sentences used to train: 2150000; read_sentences 10000
2019-08-28 12:01:30,192:INFO:	train_big_datasets; epoch 1; total sentences used to train: 2160000; read_sentences 10000
2019-08-28 12:09:28,428:INFO:	train_big_datasets; epoch 1; total sentences used to train: 2170000; read_sentences 10000
2019-08-28 12:17:44,074:INFO:	train_big_datasets; epoch 1; total sentences used to train: 2180000; read_sentences 10000
2019-08-28 12:25:54,559:INFO:	train_big_datasets; epoch 1; total sentences used to train: 2190000; read_sentences 10000
2019-08-28 12:34:18,546:INFO:	train_big_datasets; epoch 1; total sentences used to train: 2200000; read_sentences 10000
2019-08-28 12:44:18,234:INFO:	train_big_datasets; epoch 1; total sentences used to train: 2210000; read_sentences 10000
2019-08-28 12:52:33,932:INFO:	train_big_datasets; epoch 1; total sentences used to train: 2220000; read_sentences 10000
2019-08-28 13:00:50,421:INFO:	train_big_datasets; epoch 1; total sentences used to train: 2230000; read_sentences 10000
2019-08-28 13:09:08,661:INFO:	train_big_datasets; epoch 1; total sentences used to train: 2240000; read_sentences 10000
2019-08-28 13:17:21,322:INFO:	train_big_datasets; epoch 1; total sentences used to train: 2250000; read_sentences 10000
2019-08-28 13:25:40,005:INFO:	train_big_datasets; epoch 1; total sentences used to train: 2260000; read_sentences 10000
2019-08-28 13:33:49,997:INFO:	train_big_datasets; epoch 1; total sentences used to train: 2270000; read_sentences 10000
2019-08-28 13:42:01,649:INFO:	train_big_datasets; epoch 1; total sentences used to train: 2280000; read_sentences 10000
2019-08-28 13:50:13,646:INFO:	train_big_datasets; epoch 1; total sentences used to train: 2290000; read_sentences 10000
2019-08-28 13:58:29,685:INFO:	train_big_datasets; epoch 1; total sentences used to train: 2300000; read_sentences 10000
2019-08-28 14:06:47,310:INFO:	train_big_datasets; epoch 1; total sentences used to train: 2310000; read_sentences 10000
2019-08-28 14:15:07,346:INFO:	train_big_datasets; epoch 1; total sentences used to train: 2320000; read_sentences 10000
2019-08-28 14:23:13,499:INFO:	train_big_datasets; epoch 1; total sentences used to train: 2330000; read_sentences 10000
2019-08-28 14:31:23,563:INFO:	train_big_datasets; epoch 1; total sentences used to train: 2340000; read_sentences 10000
2019-08-28 14:39:40,047:INFO:	train_big_datasets; epoch 1; total sentences used to train: 2350000; read_sentences 10000
2019-08-28 14:48:00,269:INFO:	train_big_datasets; epoch 1; total sentences used to train: 2360000; read_sentences 10000
2019-08-28 14:56:12,946:INFO:	train_big_datasets; epoch 1; total sentences used to train: 2370000; read_sentences 10000
2019-08-28 15:04:29,001:INFO:	train_big_datasets; epoch 1; total sentences used to train: 2380000; read_sentences 10000
2019-08-28 15:12:37,450:INFO:	train_big_datasets; epoch 1; total sentences used to train: 2390000; read_sentences 10000
2019-08-28 15:20:45,469:INFO:	train_big_datasets; epoch 1; total sentences used to train: 2400000; read_sentences 10000
2019-08-28 15:28:56,281:INFO:	train_big_datasets; epoch 1; total sentences used to train: 2410000; read_sentences 10000
2019-08-28 15:37:07,651:INFO:	train_big_datasets; epoch 1; total sentences used to train: 2420000; read_sentences 10000
2019-08-28 15:45:19,893:INFO:	train_big_datasets; epoch 1; total sentences used to train: 2430000; read_sentences 10000
2019-08-28 15:53:40,568:INFO:	train_big_datasets; epoch 1; total sentences used to train: 2440000; read_sentences 10000
2019-08-28 16:02:00,371:INFO:	train_big_datasets; epoch 1; total sentences used to train: 2450000; read_sentences 10000
2019-08-28 16:10:25,207:INFO:	train_big_datasets; epoch 1; total sentences used to train: 2458640; read_sentences 8640
2019-08-28 16:17:29,350:DEBUG:	Completed epoch 1 in 86907.8918762207
2019-08-28 16:19:41,067:DEBUG:	output file saved to 0827160901_on_1b_dev.bpe.conllu
2019-08-28 16:19:43,420:DEBUG:	UAS (wo. punct) 0.94264	 LAS (wo. punct) 0.9256
2019-08-28 16:19:43,422:DEBUG:	UAS (w. punct) 0.93581	 LAS (w. punct) 0.92079
2019-08-28 16:19:47,791:INFO:	saved to /homedtic/lperez/UniParse/models/kiperwasser/1b/bpe/small/only_words_true/run2/model.model
2019-08-28 16:19:47,851:INFO:	
2019-08-28 16:19:47,852:INFO:	Epoch 2
2019-08-28 16:19:47,853:INFO:	=====================
2019-08-28 16:20:09,517:INFO:	train_big_datasets; epoch 2; total sentences used to train: 10000; read_sentences 10000
2019-08-28 16:29:08,731:INFO:	train_big_datasets; epoch 2; total sentences used to train: 20000; read_sentences 10000
2019-08-28 16:37:40,884:INFO:	train_big_datasets; epoch 2; total sentences used to train: 30000; read_sentences 10000
2019-08-28 16:46:09,299:INFO:	train_big_datasets; epoch 2; total sentences used to train: 40000; read_sentences 10000
2019-08-28 16:54:37,700:INFO:	train_big_datasets; epoch 2; total sentences used to train: 50000; read_sentences 10000
2019-08-28 17:03:04,905:INFO:	train_big_datasets; epoch 2; total sentences used to train: 60000; read_sentences 10000
2019-08-28 17:11:25,586:INFO:	train_big_datasets; epoch 2; total sentences used to train: 70000; read_sentences 10000
2019-08-28 17:19:51,198:INFO:	train_big_datasets; epoch 2; total sentences used to train: 80000; read_sentences 10000
2019-08-28 17:28:10,161:INFO:	train_big_datasets; epoch 2; total sentences used to train: 90000; read_sentences 10000
2019-08-28 17:36:29,311:INFO:	train_big_datasets; epoch 2; total sentences used to train: 100000; read_sentences 10000
2019-08-28 17:44:47,165:INFO:	train_big_datasets; epoch 2; total sentences used to train: 110000; read_sentences 10000
2019-08-28 17:53:14,010:INFO:	train_big_datasets; epoch 2; total sentences used to train: 120000; read_sentences 10000
2019-08-28 18:01:40,792:INFO:	train_big_datasets; epoch 2; total sentences used to train: 130000; read_sentences 10000
2019-08-28 18:10:00,172:INFO:	train_big_datasets; epoch 2; total sentences used to train: 140000; read_sentences 10000
2019-08-28 18:18:21,370:INFO:	train_big_datasets; epoch 2; total sentences used to train: 150000; read_sentences 10000
2019-08-28 18:26:38,337:INFO:	train_big_datasets; epoch 2; total sentences used to train: 160000; read_sentences 10000
2019-08-28 18:35:00,321:INFO:	train_big_datasets; epoch 2; total sentences used to train: 170000; read_sentences 10000
2019-08-28 18:43:26,841:INFO:	train_big_datasets; epoch 2; total sentences used to train: 180000; read_sentences 10000
2019-08-28 18:51:42,167:INFO:	train_big_datasets; epoch 2; total sentences used to train: 190000; read_sentences 10000
2019-08-28 19:00:01,998:INFO:	train_big_datasets; epoch 2; total sentences used to train: 200000; read_sentences 10000
2019-08-28 19:08:25,743:INFO:	train_big_datasets; epoch 2; total sentences used to train: 210000; read_sentences 10000
2019-08-28 19:16:45,583:INFO:	train_big_datasets; epoch 2; total sentences used to train: 220000; read_sentences 10000
2019-08-28 19:25:02,424:INFO:	train_big_datasets; epoch 2; total sentences used to train: 230000; read_sentences 10000
2019-08-28 19:33:18,189:INFO:	train_big_datasets; epoch 2; total sentences used to train: 240000; read_sentences 10000
2019-08-28 19:42:16,387:INFO:	train_big_datasets; epoch 2; total sentences used to train: 250000; read_sentences 10000
2019-08-28 19:50:44,536:INFO:	train_big_datasets; epoch 2; total sentences used to train: 260000; read_sentences 10000
2019-08-28 19:59:03,585:INFO:	train_big_datasets; epoch 2; total sentences used to train: 270000; read_sentences 10000
2019-08-28 20:07:26,527:INFO:	train_big_datasets; epoch 2; total sentences used to train: 280000; read_sentences 10000
2019-08-28 20:15:53,101:INFO:	train_big_datasets; epoch 2; total sentences used to train: 290000; read_sentences 10000
2019-08-28 20:24:21,740:INFO:	train_big_datasets; epoch 2; total sentences used to train: 300000; read_sentences 10000
2019-08-28 20:32:42,334:INFO:	train_big_datasets; epoch 2; total sentences used to train: 310000; read_sentences 10000
2019-08-28 20:40:59,205:INFO:	train_big_datasets; epoch 2; total sentences used to train: 320000; read_sentences 10000
2019-08-28 20:49:10,388:INFO:	train_big_datasets; epoch 2; total sentences used to train: 330000; read_sentences 10000
2019-08-28 20:57:20,581:INFO:	train_big_datasets; epoch 2; total sentences used to train: 340000; read_sentences 10000
2019-08-28 21:05:32,998:INFO:	train_big_datasets; epoch 2; total sentences used to train: 350000; read_sentences 10000
2019-08-28 21:13:45,613:INFO:	train_big_datasets; epoch 2; total sentences used to train: 360000; read_sentences 10000
2019-08-28 21:21:59,138:INFO:	train_big_datasets; epoch 2; total sentences used to train: 370000; read_sentences 10000
2019-08-28 21:30:18,935:INFO:	train_big_datasets; epoch 2; total sentences used to train: 380000; read_sentences 10000
2019-08-28 21:38:43,118:INFO:	train_big_datasets; epoch 2; total sentences used to train: 390000; read_sentences 10000
2019-08-28 21:47:12,382:INFO:	train_big_datasets; epoch 2; total sentences used to train: 400000; read_sentences 10000
2019-08-28 21:55:34,315:INFO:	train_big_datasets; epoch 2; total sentences used to train: 410000; read_sentences 10000
2019-08-28 22:03:50,338:INFO:	train_big_datasets; epoch 2; total sentences used to train: 420000; read_sentences 10000
2019-08-28 22:12:04,008:INFO:	train_big_datasets; epoch 2; total sentences used to train: 430000; read_sentences 10000
2019-08-28 22:20:19,541:INFO:	train_big_datasets; epoch 2; total sentences used to train: 440000; read_sentences 10000
2019-08-28 22:26:42,698:INFO:	train_big_datasets; epoch 2; total sentences used to train: 450000; read_sentences 10000
2019-08-28 22:33:04,563:INFO:	train_big_datasets; epoch 2; total sentences used to train: 460000; read_sentences 10000
2019-08-28 22:39:23,540:INFO:	train_big_datasets; epoch 2; total sentences used to train: 470000; read_sentences 10000
2019-08-28 22:45:38,386:INFO:	train_big_datasets; epoch 2; total sentences used to train: 480000; read_sentences 10000
2019-08-28 22:51:54,021:INFO:	train_big_datasets; epoch 2; total sentences used to train: 490000; read_sentences 10000
2019-08-28 22:58:09,412:INFO:	train_big_datasets; epoch 2; total sentences used to train: 500000; read_sentences 10000
2019-08-28 23:04:25,729:INFO:	train_big_datasets; epoch 2; total sentences used to train: 510000; read_sentences 10000
2019-08-28 23:10:44,662:INFO:	train_big_datasets; epoch 2; total sentences used to train: 520000; read_sentences 10000
2019-08-28 23:17:02,878:INFO:	train_big_datasets; epoch 2; total sentences used to train: 530000; read_sentences 10000
2019-08-28 23:23:20,709:INFO:	train_big_datasets; epoch 2; total sentences used to train: 540000; read_sentences 10000
2019-08-28 23:29:40,668:INFO:	train_big_datasets; epoch 2; total sentences used to train: 550000; read_sentences 10000
2019-08-28 23:35:59,031:INFO:	train_big_datasets; epoch 2; total sentences used to train: 560000; read_sentences 10000
2019-08-28 23:42:14,818:INFO:	train_big_datasets; epoch 2; total sentences used to train: 570000; read_sentences 10000
2019-08-28 23:48:29,177:INFO:	train_big_datasets; epoch 2; total sentences used to train: 580000; read_sentences 10000
2019-08-28 23:54:45,318:INFO:	train_big_datasets; epoch 2; total sentences used to train: 590000; read_sentences 10000
2019-08-29 00:01:02,519:INFO:	train_big_datasets; epoch 2; total sentences used to train: 600000; read_sentences 10000
2019-08-29 00:07:24,793:INFO:	train_big_datasets; epoch 2; total sentences used to train: 610000; read_sentences 10000
2019-08-29 00:13:43,819:INFO:	train_big_datasets; epoch 2; total sentences used to train: 620000; read_sentences 10000
2019-08-29 00:20:01,604:INFO:	train_big_datasets; epoch 2; total sentences used to train: 630000; read_sentences 10000
2019-08-29 00:26:18,155:INFO:	train_big_datasets; epoch 2; total sentences used to train: 640000; read_sentences 10000
2019-08-29 00:32:34,170:INFO:	train_big_datasets; epoch 2; total sentences used to train: 650000; read_sentences 10000
2019-08-29 00:38:48,630:INFO:	train_big_datasets; epoch 2; total sentences used to train: 660000; read_sentences 10000
2019-08-29 00:45:06,220:INFO:	train_big_datasets; epoch 2; total sentences used to train: 670000; read_sentences 10000
2019-08-29 00:51:22,047:INFO:	train_big_datasets; epoch 2; total sentences used to train: 680000; read_sentences 10000
2019-08-29 00:57:42,722:INFO:	train_big_datasets; epoch 2; total sentences used to train: 690000; read_sentences 10000
2019-08-29 01:03:57,015:INFO:	train_big_datasets; epoch 2; total sentences used to train: 700000; read_sentences 10000
2019-08-29 01:10:16,411:INFO:	train_big_datasets; epoch 2; total sentences used to train: 710000; read_sentences 10000
2019-08-29 01:16:31,488:INFO:	train_big_datasets; epoch 2; total sentences used to train: 720000; read_sentences 10000
2019-08-29 01:22:58,033:INFO:	train_big_datasets; epoch 2; total sentences used to train: 730000; read_sentences 10000
2019-08-29 01:29:14,116:INFO:	train_big_datasets; epoch 2; total sentences used to train: 740000; read_sentences 10000
2019-08-29 01:35:29,749:INFO:	train_big_datasets; epoch 2; total sentences used to train: 750000; read_sentences 10000
2019-08-29 01:41:53,824:INFO:	train_big_datasets; epoch 2; total sentences used to train: 760000; read_sentences 10000
2019-08-29 01:48:09,978:INFO:	train_big_datasets; epoch 2; total sentences used to train: 770000; read_sentences 10000
2019-08-29 01:54:25,009:INFO:	train_big_datasets; epoch 2; total sentences used to train: 780000; read_sentences 10000
2019-08-29 02:00:40,418:INFO:	train_big_datasets; epoch 2; total sentences used to train: 790000; read_sentences 10000
2019-08-29 02:06:58,342:INFO:	train_big_datasets; epoch 2; total sentences used to train: 800000; read_sentences 10000
2019-08-29 02:13:16,154:INFO:	train_big_datasets; epoch 2; total sentences used to train: 810000; read_sentences 10000
2019-08-29 02:19:29,353:INFO:	train_big_datasets; epoch 2; total sentences used to train: 820000; read_sentences 10000
2019-08-29 02:25:47,779:INFO:	train_big_datasets; epoch 2; total sentences used to train: 830000; read_sentences 10000
2019-08-29 02:32:09,038:INFO:	train_big_datasets; epoch 2; total sentences used to train: 840000; read_sentences 10000
2019-08-29 02:38:30,895:INFO:	train_big_datasets; epoch 2; total sentences used to train: 850000; read_sentences 10000
2019-08-29 02:44:44,779:INFO:	train_big_datasets; epoch 2; total sentences used to train: 860000; read_sentences 10000
2019-08-29 02:51:00,922:INFO:	train_big_datasets; epoch 2; total sentences used to train: 870000; read_sentences 10000
2019-08-29 02:57:21,822:INFO:	train_big_datasets; epoch 2; total sentences used to train: 880000; read_sentences 10000
2019-08-29 03:03:38,963:INFO:	train_big_datasets; epoch 2; total sentences used to train: 890000; read_sentences 10000
2019-08-29 03:10:00,104:INFO:	train_big_datasets; epoch 2; total sentences used to train: 900000; read_sentences 10000
2019-08-29 03:16:15,287:INFO:	train_big_datasets; epoch 2; total sentences used to train: 910000; read_sentences 10000
2019-08-29 03:22:37,922:INFO:	train_big_datasets; epoch 2; total sentences used to train: 920000; read_sentences 10000
2019-08-29 03:28:53,479:INFO:	train_big_datasets; epoch 2; total sentences used to train: 930000; read_sentences 10000
2019-08-29 03:35:14,908:INFO:	train_big_datasets; epoch 2; total sentences used to train: 940000; read_sentences 10000
2019-08-29 03:41:33,194:INFO:	train_big_datasets; epoch 2; total sentences used to train: 950000; read_sentences 10000
2019-08-29 03:47:51,888:INFO:	train_big_datasets; epoch 2; total sentences used to train: 960000; read_sentences 10000
2019-08-29 03:54:15,920:INFO:	train_big_datasets; epoch 2; total sentences used to train: 970000; read_sentences 10000
2019-08-29 04:00:35,857:INFO:	train_big_datasets; epoch 2; total sentences used to train: 980000; read_sentences 10000
2019-08-29 04:06:51,785:INFO:	train_big_datasets; epoch 2; total sentences used to train: 990000; read_sentences 10000
2019-08-29 04:13:12,799:INFO:	train_big_datasets; epoch 2; total sentences used to train: 1000000; read_sentences 10000
2019-08-29 04:19:29,085:INFO:	train_big_datasets; epoch 2; total sentences used to train: 1010000; read_sentences 10000
2019-08-29 04:25:47,606:INFO:	train_big_datasets; epoch 2; total sentences used to train: 1020000; read_sentences 10000
2019-08-29 04:32:05,142:INFO:	train_big_datasets; epoch 2; total sentences used to train: 1030000; read_sentences 10000
2019-08-29 04:38:23,589:INFO:	train_big_datasets; epoch 2; total sentences used to train: 1040000; read_sentences 10000
2019-08-29 04:44:36,696:INFO:	train_big_datasets; epoch 2; total sentences used to train: 1050000; read_sentences 10000
2019-08-29 04:50:57,781:INFO:	train_big_datasets; epoch 2; total sentences used to train: 1060000; read_sentences 10000
2019-08-29 04:57:14,788:INFO:	train_big_datasets; epoch 2; total sentences used to train: 1070000; read_sentences 10000
2019-08-29 05:03:28,388:INFO:	train_big_datasets; epoch 2; total sentences used to train: 1080000; read_sentences 10000
2019-08-29 05:09:44,832:INFO:	train_big_datasets; epoch 2; total sentences used to train: 1090000; read_sentences 10000
2019-08-29 05:16:04,584:INFO:	train_big_datasets; epoch 2; total sentences used to train: 1100000; read_sentences 10000
2019-08-29 05:22:21,851:INFO:	train_big_datasets; epoch 2; total sentences used to train: 1110000; read_sentences 10000
2019-08-29 05:28:39,093:INFO:	train_big_datasets; epoch 2; total sentences used to train: 1120000; read_sentences 10000
2019-08-29 05:34:57,035:INFO:	train_big_datasets; epoch 2; total sentences used to train: 1130000; read_sentences 10000
2019-08-29 05:41:13,549:INFO:	train_big_datasets; epoch 2; total sentences used to train: 1140000; read_sentences 10000
2019-08-29 05:47:30,068:INFO:	train_big_datasets; epoch 2; total sentences used to train: 1150000; read_sentences 10000
2019-08-29 05:53:45,306:INFO:	train_big_datasets; epoch 2; total sentences used to train: 1160000; read_sentences 10000
2019-08-29 06:00:04,210:INFO:	train_big_datasets; epoch 2; total sentences used to train: 1170000; read_sentences 10000
2019-08-29 06:06:18,243:INFO:	train_big_datasets; epoch 2; total sentences used to train: 1180000; read_sentences 10000
2019-08-29 06:12:34,573:INFO:	train_big_datasets; epoch 2; total sentences used to train: 1190000; read_sentences 10000
2019-08-29 06:18:53,999:INFO:	train_big_datasets; epoch 2; total sentences used to train: 1200000; read_sentences 10000
2019-08-29 06:25:09,054:INFO:	train_big_datasets; epoch 2; total sentences used to train: 1210000; read_sentences 10000
2019-08-29 06:31:25,514:INFO:	train_big_datasets; epoch 2; total sentences used to train: 1220000; read_sentences 10000
2019-08-29 06:37:47,363:INFO:	train_big_datasets; epoch 2; total sentences used to train: 1230000; read_sentences 10000
2019-08-29 06:44:02,816:INFO:	train_big_datasets; epoch 2; total sentences used to train: 1240000; read_sentences 10000
2019-08-29 06:50:21,130:INFO:	train_big_datasets; epoch 2; total sentences used to train: 1250000; read_sentences 10000
2019-08-29 06:56:38,144:INFO:	train_big_datasets; epoch 2; total sentences used to train: 1260000; read_sentences 10000
2019-08-29 07:02:50,433:INFO:	train_big_datasets; epoch 2; total sentences used to train: 1270000; read_sentences 10000
2019-08-29 07:09:08,706:INFO:	train_big_datasets; epoch 2; total sentences used to train: 1280000; read_sentences 10000
2019-08-29 07:15:25,095:INFO:	train_big_datasets; epoch 2; total sentences used to train: 1290000; read_sentences 10000
2019-08-29 07:21:45,053:INFO:	train_big_datasets; epoch 2; total sentences used to train: 1300000; read_sentences 10000
2019-08-29 07:28:02,046:INFO:	train_big_datasets; epoch 2; total sentences used to train: 1310000; read_sentences 10000
2019-08-29 07:34:18,924:INFO:	train_big_datasets; epoch 2; total sentences used to train: 1320000; read_sentences 10000
2019-08-29 07:40:29,613:INFO:	train_big_datasets; epoch 2; total sentences used to train: 1330000; read_sentences 10000
2019-08-29 07:46:43,183:INFO:	train_big_datasets; epoch 2; total sentences used to train: 1340000; read_sentences 10000
2019-08-29 07:52:59,807:INFO:	train_big_datasets; epoch 2; total sentences used to train: 1350000; read_sentences 10000
2019-08-29 07:59:18,009:INFO:	train_big_datasets; epoch 2; total sentences used to train: 1360000; read_sentences 10000
2019-08-29 08:05:31,549:INFO:	train_big_datasets; epoch 2; total sentences used to train: 1370000; read_sentences 10000
2019-08-29 08:11:49,138:INFO:	train_big_datasets; epoch 2; total sentences used to train: 1380000; read_sentences 10000
2019-08-29 08:18:07,082:INFO:	train_big_datasets; epoch 2; total sentences used to train: 1390000; read_sentences 10000
2019-08-29 08:24:21,478:INFO:	train_big_datasets; epoch 2; total sentences used to train: 1400000; read_sentences 10000
2019-08-29 08:30:35,864:INFO:	train_big_datasets; epoch 2; total sentences used to train: 1410000; read_sentences 10000
2019-08-29 08:36:53,468:INFO:	train_big_datasets; epoch 2; total sentences used to train: 1420000; read_sentences 10000
2019-08-29 08:43:09,283:INFO:	train_big_datasets; epoch 2; total sentences used to train: 1430000; read_sentences 10000
2019-08-29 08:49:19,244:INFO:	train_big_datasets; epoch 2; total sentences used to train: 1440000; read_sentences 10000
2019-08-29 08:55:39,573:INFO:	train_big_datasets; epoch 2; total sentences used to train: 1450000; read_sentences 10000
2019-08-29 09:01:55,944:INFO:	train_big_datasets; epoch 2; total sentences used to train: 1460000; read_sentences 10000
2019-08-29 09:08:12,516:INFO:	train_big_datasets; epoch 2; total sentences used to train: 1470000; read_sentences 10000
2019-08-29 09:14:29,109:INFO:	train_big_datasets; epoch 2; total sentences used to train: 1480000; read_sentences 10000
2019-08-29 09:20:49,444:INFO:	train_big_datasets; epoch 2; total sentences used to train: 1490000; read_sentences 10000
2019-08-29 09:27:13,667:INFO:	train_big_datasets; epoch 2; total sentences used to train: 1500000; read_sentences 10000
2019-08-29 09:33:33,593:INFO:	train_big_datasets; epoch 2; total sentences used to train: 1510000; read_sentences 10000
2019-08-29 09:39:51,772:INFO:	train_big_datasets; epoch 2; total sentences used to train: 1520000; read_sentences 10000
2019-08-29 09:46:08,618:INFO:	train_big_datasets; epoch 2; total sentences used to train: 1530000; read_sentences 10000
2019-08-29 09:52:24,828:INFO:	train_big_datasets; epoch 2; total sentences used to train: 1540000; read_sentences 10000
2019-08-29 09:58:40,330:INFO:	train_big_datasets; epoch 2; total sentences used to train: 1550000; read_sentences 10000
2019-08-29 10:04:52,394:INFO:	train_big_datasets; epoch 2; total sentences used to train: 1560000; read_sentences 10000
2019-08-29 10:11:10,127:INFO:	train_big_datasets; epoch 2; total sentences used to train: 1570000; read_sentences 10000
2019-08-29 10:17:29,514:INFO:	train_big_datasets; epoch 2; total sentences used to train: 1580000; read_sentences 10000
2019-08-29 10:23:45,805:INFO:	train_big_datasets; epoch 2; total sentences used to train: 1590000; read_sentences 10000
2019-08-29 10:30:04,642:INFO:	train_big_datasets; epoch 2; total sentences used to train: 1600000; read_sentences 10000
2019-08-29 10:36:19,031:INFO:	train_big_datasets; epoch 2; total sentences used to train: 1610000; read_sentences 10000
2019-08-29 10:42:36,256:INFO:	train_big_datasets; epoch 2; total sentences used to train: 1620000; read_sentences 10000
2019-08-29 10:48:54,307:INFO:	train_big_datasets; epoch 2; total sentences used to train: 1630000; read_sentences 10000
2019-08-29 10:55:12,319:INFO:	train_big_datasets; epoch 2; total sentences used to train: 1640000; read_sentences 10000
2019-08-29 11:01:29,201:INFO:	train_big_datasets; epoch 2; total sentences used to train: 1650000; read_sentences 10000
2019-08-29 11:07:46,847:INFO:	train_big_datasets; epoch 2; total sentences used to train: 1660000; read_sentences 10000
2019-08-29 11:14:07,598:INFO:	train_big_datasets; epoch 2; total sentences used to train: 1670000; read_sentences 10000
2019-08-29 11:20:26,434:INFO:	train_big_datasets; epoch 2; total sentences used to train: 1680000; read_sentences 10000
2019-08-29 11:26:43,806:INFO:	train_big_datasets; epoch 2; total sentences used to train: 1690000; read_sentences 10000
2019-08-29 11:33:34,877:INFO:	train_big_datasets; epoch 2; total sentences used to train: 1700000; read_sentences 10000
2019-08-29 11:42:25,294:INFO:	train_big_datasets; epoch 2; total sentences used to train: 1710000; read_sentences 10000
2019-08-29 11:51:11,396:INFO:	train_big_datasets; epoch 2; total sentences used to train: 1720000; read_sentences 10000
2019-08-29 12:00:04,926:INFO:	train_big_datasets; epoch 2; total sentences used to train: 1730000; read_sentences 10000
2019-08-29 12:08:54,161:INFO:	train_big_datasets; epoch 2; total sentences used to train: 1740000; read_sentences 10000
2019-08-29 12:17:47,575:INFO:	train_big_datasets; epoch 2; total sentences used to train: 1750000; read_sentences 10000
2019-08-29 12:28:41,083:INFO:	train_big_datasets; epoch 2; total sentences used to train: 1760000; read_sentences 10000
2019-08-29 12:37:31,738:INFO:	train_big_datasets; epoch 2; total sentences used to train: 1770000; read_sentences 10000
2019-08-29 12:46:20,866:INFO:	train_big_datasets; epoch 2; total sentences used to train: 1780000; read_sentences 10000
2019-08-29 12:55:08,483:INFO:	train_big_datasets; epoch 2; total sentences used to train: 1790000; read_sentences 10000
2019-08-29 13:03:55,874:INFO:	train_big_datasets; epoch 2; total sentences used to train: 1800000; read_sentences 10000
2019-08-29 13:12:45,987:INFO:	train_big_datasets; epoch 2; total sentences used to train: 1810000; read_sentences 10000
2019-08-29 13:21:24,081:INFO:	train_big_datasets; epoch 2; total sentences used to train: 1820000; read_sentences 10000
2019-08-29 13:30:12,556:INFO:	train_big_datasets; epoch 2; total sentences used to train: 1830000; read_sentences 10000
2019-08-29 13:39:00,964:INFO:	train_big_datasets; epoch 2; total sentences used to train: 1840000; read_sentences 10000
2019-08-29 13:47:44,826:INFO:	train_big_datasets; epoch 2; total sentences used to train: 1850000; read_sentences 10000
2019-08-29 13:56:38,978:INFO:	train_big_datasets; epoch 2; total sentences used to train: 1860000; read_sentences 10000
2019-08-29 14:05:22,210:INFO:	train_big_datasets; epoch 2; total sentences used to train: 1870000; read_sentences 10000
2019-08-29 14:14:09,942:INFO:	train_big_datasets; epoch 2; total sentences used to train: 1880000; read_sentences 10000
2019-08-29 14:22:56,478:INFO:	train_big_datasets; epoch 2; total sentences used to train: 1890000; read_sentences 10000
2019-08-29 14:31:46,226:INFO:	train_big_datasets; epoch 2; total sentences used to train: 1900000; read_sentences 10000
2019-08-29 14:40:29,866:INFO:	train_big_datasets; epoch 2; total sentences used to train: 1910000; read_sentences 10000
2019-08-29 14:49:14,965:INFO:	train_big_datasets; epoch 2; total sentences used to train: 1920000; read_sentences 10000
2019-08-29 14:58:01,896:INFO:	train_big_datasets; epoch 2; total sentences used to train: 1930000; read_sentences 10000
2019-08-29 15:06:48,007:INFO:	train_big_datasets; epoch 2; total sentences used to train: 1940000; read_sentences 10000
2019-08-29 15:15:42,427:INFO:	train_big_datasets; epoch 2; total sentences used to train: 1950000; read_sentences 10000
2019-08-29 15:24:30,120:INFO:	train_big_datasets; epoch 2; total sentences used to train: 1960000; read_sentences 10000
2019-08-29 15:33:11,774:INFO:	train_big_datasets; epoch 2; total sentences used to train: 1970000; read_sentences 10000
2019-08-29 15:41:58,261:INFO:	train_big_datasets; epoch 2; total sentences used to train: 1980000; read_sentences 10000
2019-08-29 15:50:41,978:INFO:	train_big_datasets; epoch 2; total sentences used to train: 1990000; read_sentences 10000
2019-08-29 15:59:28,108:INFO:	train_big_datasets; epoch 2; total sentences used to train: 2000000; read_sentences 10000
2019-08-29 16:08:14,573:INFO:	train_big_datasets; epoch 2; total sentences used to train: 2010000; read_sentences 10000
2019-08-29 16:17:01,426:INFO:	train_big_datasets; epoch 2; total sentences used to train: 2020000; read_sentences 10000
2019-08-29 16:25:50,529:INFO:	train_big_datasets; epoch 2; total sentences used to train: 2030000; read_sentences 10000
2019-08-29 16:34:53,063:INFO:	train_big_datasets; epoch 2; total sentences used to train: 2040000; read_sentences 10000
2019-08-29 16:41:18,024:INFO:	train_big_datasets; epoch 2; total sentences used to train: 2050000; read_sentences 10000
2019-08-29 16:47:31,758:INFO:	train_big_datasets; epoch 2; total sentences used to train: 2060000; read_sentences 10000
2019-08-29 16:53:53,609:INFO:	train_big_datasets; epoch 2; total sentences used to train: 2070000; read_sentences 10000
2019-08-29 17:00:11,261:INFO:	train_big_datasets; epoch 2; total sentences used to train: 2080000; read_sentences 10000
2019-08-29 17:06:24,568:INFO:	train_big_datasets; epoch 2; total sentences used to train: 2090000; read_sentences 10000
2019-08-29 17:12:41,395:INFO:	train_big_datasets; epoch 2; total sentences used to train: 2100000; read_sentences 10000
2019-08-29 17:18:50,315:INFO:	train_big_datasets; epoch 2; total sentences used to train: 2110000; read_sentences 10000
2019-08-29 17:24:59,432:INFO:	train_big_datasets; epoch 2; total sentences used to train: 2120000; read_sentences 10000
2019-08-29 17:31:14,536:INFO:	train_big_datasets; epoch 2; total sentences used to train: 2130000; read_sentences 10000
2019-08-29 17:37:32,132:INFO:	train_big_datasets; epoch 2; total sentences used to train: 2140000; read_sentences 10000
2019-08-29 17:43:46,049:INFO:	train_big_datasets; epoch 2; total sentences used to train: 2150000; read_sentences 10000
2019-08-29 17:50:02,662:INFO:	train_big_datasets; epoch 2; total sentences used to train: 2160000; read_sentences 10000
2019-08-29 17:56:16,262:INFO:	train_big_datasets; epoch 2; total sentences used to train: 2170000; read_sentences 10000
2019-08-29 18:02:28,897:INFO:	train_big_datasets; epoch 2; total sentences used to train: 2180000; read_sentences 10000
2019-08-29 18:08:45,387:INFO:	train_big_datasets; epoch 2; total sentences used to train: 2190000; read_sentences 10000
2019-08-29 18:15:02,208:INFO:	train_big_datasets; epoch 2; total sentences used to train: 2200000; read_sentences 10000
2019-08-29 18:22:35,265:INFO:	train_big_datasets; epoch 2; total sentences used to train: 2210000; read_sentences 10000
2019-08-29 18:28:53,349:INFO:	train_big_datasets; epoch 2; total sentences used to train: 2220000; read_sentences 10000
2019-08-29 18:35:06,707:INFO:	train_big_datasets; epoch 2; total sentences used to train: 2230000; read_sentences 10000
2019-08-29 18:41:21,502:INFO:	train_big_datasets; epoch 2; total sentences used to train: 2240000; read_sentences 10000
2019-08-29 18:47:35,596:INFO:	train_big_datasets; epoch 2; total sentences used to train: 2250000; read_sentences 10000
2019-08-29 18:53:51,403:INFO:	train_big_datasets; epoch 2; total sentences used to train: 2260000; read_sentences 10000
2019-08-29 19:00:02,476:INFO:	train_big_datasets; epoch 2; total sentences used to train: 2270000; read_sentences 10000
2019-08-29 19:06:16,046:INFO:	train_big_datasets; epoch 2; total sentences used to train: 2280000; read_sentences 10000
2019-08-29 19:12:28,034:INFO:	train_big_datasets; epoch 2; total sentences used to train: 2290000; read_sentences 10000
2019-08-29 19:18:41,660:INFO:	train_big_datasets; epoch 2; total sentences used to train: 2300000; read_sentences 10000
2019-08-29 19:24:55,807:INFO:	train_big_datasets; epoch 2; total sentences used to train: 2310000; read_sentences 10000
2019-08-29 19:31:11,932:INFO:	train_big_datasets; epoch 2; total sentences used to train: 2320000; read_sentences 10000
2019-08-29 19:37:23,906:INFO:	train_big_datasets; epoch 2; total sentences used to train: 2330000; read_sentences 10000
2019-08-29 19:43:34,725:INFO:	train_big_datasets; epoch 2; total sentences used to train: 2340000; read_sentences 10000
2019-08-29 19:49:51,420:INFO:	train_big_datasets; epoch 2; total sentences used to train: 2350000; read_sentences 10000
2019-08-29 19:56:06,387:INFO:	train_big_datasets; epoch 2; total sentences used to train: 2360000; read_sentences 10000
2019-08-29 20:02:20,104:INFO:	train_big_datasets; epoch 2; total sentences used to train: 2370000; read_sentences 10000
2019-08-29 20:08:37,096:INFO:	train_big_datasets; epoch 2; total sentences used to train: 2380000; read_sentences 10000
2019-08-29 20:14:48,278:INFO:	train_big_datasets; epoch 2; total sentences used to train: 2390000; read_sentences 10000
2019-08-29 20:20:59,889:INFO:	train_big_datasets; epoch 2; total sentences used to train: 2400000; read_sentences 10000
2019-08-29 20:27:14,362:INFO:	train_big_datasets; epoch 2; total sentences used to train: 2410000; read_sentences 10000
2019-08-29 20:33:34,412:INFO:	train_big_datasets; epoch 2; total sentences used to train: 2420000; read_sentences 10000
2019-08-29 20:39:50,795:INFO:	train_big_datasets; epoch 2; total sentences used to train: 2430000; read_sentences 10000
2019-08-29 20:46:05,997:INFO:	train_big_datasets; epoch 2; total sentences used to train: 2440000; read_sentences 10000
2019-08-29 20:52:20,848:INFO:	train_big_datasets; epoch 2; total sentences used to train: 2450000; read_sentences 10000
2019-08-29 20:58:39,102:INFO:	train_big_datasets; epoch 2; total sentences used to train: 2458640; read_sentences 8640
2019-08-29 21:03:55,376:DEBUG:	Completed epoch 2 in 103447.52427434921
2019-08-29 21:05:36,022:DEBUG:	output file saved to 0827160901_on_1b_dev.bpe.conllu
2019-08-29 21:05:37,938:DEBUG:	UAS (wo. punct) 0.92672	 LAS (wo. punct) 0.87259
2019-08-29 21:05:37,939:DEBUG:	UAS (w. punct) 0.90068	 LAS (w. punct) 0.8532
2019-08-29 21:05:37,986:INFO:	
2019-08-29 21:05:37,987:INFO:	Epoch 3
2019-08-29 21:05:37,987:INFO:	=====================
2019-08-29 21:05:55,011:INFO:	train_big_datasets; epoch 3; total sentences used to train: 10000; read_sentences 10000
