2019-11-14 13:29:20,605:INFO:	


===================================================================================================
2019-11-14 13:29:20,605:INFO:	kiperwasser_main
2019-11-14 13:29:20,605:INFO:	===================================================================================================

2019-11-14 13:29:20,605:INFO:	
Arguments:
2019-11-14 13:29:20,605:INFO:	Namespace(batch_size=32, big_dataset=False, dev='/home/lpmayos/hd/code/UniParse/datasets/ud2.1_toy/en-ud-dev.conllu', dev_mode=False, do_training=True, epochs=4, hidden_dim=100, logging_file='/home/lpmayos/hd/code/UniParse/models/kiperwasser_pytorch/ud/only_words_false/toy_runs/run1/logging.log', model_file='/home/lpmayos/hd/code/UniParse/models/kiperwasser_pytorch/ud/only_words_false/toy_runs/run1/model.model', only_words=False, output_file='/home/lpmayos/hd/code/UniParse/models/kiperwasser_pytorch/ud/only_words_false/toy_runs/run1/output.out', patience=-1, results_folder='/home/lpmayos/hd/code/UniParse/models/kiperwasser_pytorch/ud/only_words_false/toy_runs/run1', tb_dest=None, test='/home/lpmayos/hd/code/UniParse/datasets/ud2.1_toy/en-ud-test.conllu', train='/home/lpmayos/hd/code/UniParse/datasets/ud2.1_toy/en-ud-train.conllu', upos_dim=25, vocab_file='/home/lpmayos/hd/code/UniParse/models/kiperwasser_pytorch/ud/only_words_false/toy_runs/run1/vocab.pkl', word_dim=100)
2019-11-14 13:29:20,605:INFO:	

2019-11-14 13:29:20,612:INFO:	> saving vocab to /home/lpmayos/hd/code/UniParse/models/kiperwasser_pytorch/ud/only_words_false/toy_runs/run1/vocab.pkl
2019-11-14 13:29:20,613:INFO:	Training with normal dataset
2019-11-14 13:29:20,613:DEBUG:	Init training
2019-11-14 13:29:20,613:INFO:	>> Loading in data
2019-11-14 13:29:20,613:INFO:	tokenizing train data ...
2019-11-14 13:29:20,624:INFO:	_read_conll; read 64 sentences
2019-11-14 13:29:20,624:INFO:	... tokenized train data
2019-11-14 13:29:20,624:INFO:	tokenizing dev data ...
2019-11-14 13:29:20,629:INFO:	_read_conll; read 38 sentences
2019-11-14 13:29:20,630:INFO:	... tokenized dev data
2019-11-14 13:29:20,630:INFO:	creating model ...
2019-11-14 13:29:20,635:INFO:	... model created
2019-11-14 13:29:20,635:INFO:	creating ModelSaveCallback ...
2019-11-14 13:29:20,635:INFO:	saving model to /home/lpmayos/hd/code/UniParse/models/kiperwasser_pytorch/ud/only_words_false/toy_runs/run1/model.model  (after step 0)
2019-11-14 13:29:20,635:INFO:	... ModelSaveCallback created
2019-11-14 13:29:20,635:INFO:	creating Model ...
2019-11-14 13:29:20,636:INFO:	... Model created
2019-11-14 13:29:20,636:INFO:	training Model ...
2019-11-14 13:29:20,636:DEBUG:	...Training without patience for exactly 4 epochs
2019-11-14 13:29:20,642:INFO:	Epoch 1
2019-11-14 13:29:20,643:INFO:	=====================
2019-11-14 13:29:23,976:DEBUG:	Completed epoch 1 in 3.3336808681488037
2019-11-14 13:29:24,491:DEBUG:	output file saved to 1114132920_on_en-ud-dev.conllu
2019-11-14 13:29:24,498:DEBUG:	UAS (wo. punct) 0.073781	 LAS (wo. punct) 0.023715
2019-11-14 13:29:24,498:DEBUG:	UAS (w. punct) 0.079402	 LAS (w. punct) 0.035673
2019-11-14 13:29:24,500:INFO:	saved to /home/lpmayos/hd/code/UniParse/models/kiperwasser_pytorch/ud/only_words_false/toy_runs/run1/model.model
2019-11-14 13:29:24,500:INFO:	Epoch 2
2019-11-14 13:29:24,500:INFO:	=====================
2019-11-14 13:29:27,745:DEBUG:	Completed epoch 2 in 3.244213104248047
2019-11-14 13:29:28,322:DEBUG:	output file saved to 1114132920_on_en-ud-dev.conllu
2019-11-14 13:29:28,341:DEBUG:	UAS (wo. punct) 0.11199	 LAS (wo. punct) 0.054018
2019-11-14 13:29:28,341:DEBUG:	UAS (w. punct) 0.11623	 LAS (w. punct) 0.064442
2019-11-14 13:29:28,347:INFO:	saved to /home/lpmayos/hd/code/UniParse/models/kiperwasser_pytorch/ud/only_words_false/toy_runs/run1/model.model
2019-11-14 13:29:28,347:INFO:	Epoch 3
2019-11-14 13:29:28,347:INFO:	=====================
2019-11-14 13:29:31,656:DEBUG:	Completed epoch 3 in 3.309390068054199
2019-11-14 13:29:32,184:DEBUG:	output file saved to 1114132920_on_en-ud-dev.conllu
2019-11-14 13:29:32,190:DEBUG:	UAS (wo. punct) 0.15152	 LAS (wo. punct) 0.063241
2019-11-14 13:29:32,190:DEBUG:	UAS (w. punct) 0.17146	 LAS (w. punct) 0.094361
2019-11-14 13:29:32,193:INFO:	saved to /home/lpmayos/hd/code/UniParse/models/kiperwasser_pytorch/ud/only_words_false/toy_runs/run1/model.model
2019-11-14 13:29:32,193:INFO:	Epoch 4
2019-11-14 13:29:32,193:INFO:	=====================
2019-11-14 13:29:35,822:DEBUG:	Completed epoch 4 in 3.629138708114624
2019-11-14 13:29:36,379:DEBUG:	output file saved to 1114132920_on_en-ud-dev.conllu
2019-11-14 13:29:36,385:DEBUG:	UAS (wo. punct) 0.12648	 LAS (wo. punct) 0.094862
2019-11-14 13:29:36,385:DEBUG:	UAS (w. punct) 0.12198	 LAS (w. punct) 0.094361
2019-11-14 13:29:36,385:DEBUG:	Finished at epoch 4
2019-11-14 13:29:36,386:INFO:	...Model trained
2019-11-14 13:29:36,386:INFO:	Model maxed on dev at epoch 3 
2019-11-14 13:29:36,391:INFO:	_read_conll; read 38 sentences
2019-11-14 13:29:36,671:DEBUG:	output file saved to /home/lpmayos/hd/code/UniParse/models/kiperwasser_pytorch/ud/only_words_false/toy_runs/run1/output.out
2019-11-14 13:29:36,678:INFO:	{'uas': 0.12197928653624857, 'las': 0.09436133486766399, 'nopunct_uas': 0.12648221343873517, 'nopunct_las': 0.09486166007905138}
2019-11-14 13:29:36,678:INFO:	
--------------------------------------------------------
2019-11-14 13:29:36,678:INFO:	Test score: 0.12648221343873517 0.09486166007905138
2019-11-14 13:29:36,678:INFO:	--------------------------------------------------------

