2019-07-11 17:14:37,707:INFO:	


===================================================================================================
2019-07-11 17:14:37,708:INFO:	kiperwasser_main
2019-07-11 17:14:37,709:INFO:	===================================================================================================

2019-07-11 17:14:37,709:INFO:	
Arguments:
2019-07-11 17:14:37,710:INFO:	Namespace(batch_size=32, big_dataset=True, dev='/homedtic/lperez/datasets/1-billion-word-language-modeling-benchmark-r13output/conll_normal/1b_dev.mini.conllu', dev_mode=False, do_training=True, embs=None, epochs=30, logging_file='/homedtic/lperez/UniParse/models/kiperwasser/1b/normal/run2/logging.log', model_file='/homedtic/lperez/UniParse/models/kiperwasser/1b/normal/run2/model.model', no_update_pretrained_emb=False, only_words=False, output_file='/homedtic/lperez/UniParse/models/kiperwasser/1b/normal/run2/output.out', patience=-1, results_folder='/homedtic/lperez/UniParse/models/kiperwasser/1b/normal/run2', tb_dest=None, test='/homedtic/lperez/datasets/1-billion-word-language-modeling-benchmark-r13output/conll_normal/1b_test.conllu', train='/homedtic/lperez/datasets/1-billion-word-language-modeling-benchmark-r13output/conll_normal/1b_train.conllu', vocab_file='/homedtic/lperez/UniParse/models/kiperwasser/1b/normal/run2/vocab.pkl')
2019-07-11 17:14:37,711:INFO:	

2019-07-11 18:14:19,196:INFO:	> saving vocab to /homedtic/lperez/UniParse/models/kiperwasser/1b/normal/run2/vocab.pkl
2019-07-11 18:14:20,244:INFO:	Training with big dataset; subset_size = 10000
2019-07-11 18:14:20,245:DEBUG:	Init training with big dataset (there is no dev mode)
2019-07-11 18:14:20,245:INFO:	tokenizing dev data ...
2019-07-11 18:14:23,396:INFO:	_read_conll; read 7530 sentences
2019-07-11 18:14:23,397:INFO:	... tokenized dev data
2019-07-11 18:14:23,398:INFO:	creating model ...
2019-07-11 18:14:23,670:INFO:	... model created
2019-07-11 18:14:23,671:INFO:	creating ModelSaveCallback ...
2019-07-11 18:14:23,672:INFO:	saving model to /homedtic/lperez/UniParse/models/kiperwasser/1b/normal/run2/model.model  (after step 0)
2019-07-11 18:14:23,673:INFO:	... ModelSaveCallback created
2019-07-11 18:14:23,673:INFO:	creating Model ...
2019-07-11 18:14:23,728:INFO:	... Model created
2019-07-11 18:14:23,729:INFO:	training Model ...
2019-07-11 18:14:23,730:DEBUG:	...Training without patience for exactly 30 epochs
2019-07-11 18:14:23,730:INFO:	
2019-07-11 18:14:23,731:INFO:	Epoch 1
2019-07-11 18:14:23,732:INFO:	=====================
2019-07-11 18:14:26,862:INFO:	_read_conll; read 10000 sentences
2019-07-11 18:19:57,155:INFO:	_read_conll; read 10000 sentences
2019-07-11 18:25:12,877:INFO:	_read_conll; read 10000 sentences
2019-07-11 18:30:29,854:INFO:	_read_conll; read 10000 sentences
2019-07-11 18:35:46,668:INFO:	_read_conll; read 10000 sentences
2019-07-11 18:41:25,303:INFO:	_read_conll; read 10000 sentences
2019-07-11 18:47:06,085:INFO:	_read_conll; read 10000 sentences
2019-07-11 18:52:44,502:INFO:	_read_conll; read 10000 sentences
2019-07-11 18:58:34,855:INFO:	_read_conll; read 10000 sentences
2019-07-11 19:04:17,556:INFO:	_read_conll; read 10000 sentences
2019-07-11 19:10:02,964:INFO:	_read_conll; read 10000 sentences
2019-07-11 19:16:05,227:INFO:	_read_conll; read 10000 sentences
2019-07-11 19:21:55,491:INFO:	_read_conll; read 10000 sentences
2019-07-11 19:27:51,383:INFO:	_read_conll; read 10000 sentences
2019-07-11 19:33:43,924:INFO:	_read_conll; read 10000 sentences
2019-07-11 19:39:44,959:INFO:	_read_conll; read 10000 sentences
2019-07-11 19:45:46,059:INFO:	_read_conll; read 10000 sentences
2019-07-11 19:51:48,783:INFO:	_read_conll; read 10000 sentences
2019-07-11 19:59:46,718:INFO:	_read_conll; read 10000 sentences
2019-07-11 20:07:50,051:INFO:	_read_conll; read 10000 sentences
2019-07-11 20:15:56,768:INFO:	_read_conll; read 10000 sentences
2019-07-11 20:24:06,888:INFO:	_read_conll; read 10000 sentences
2019-07-11 20:32:23,039:INFO:	_read_conll; read 10000 sentences
2019-07-11 20:40:37,121:INFO:	_read_conll; read 10000 sentences
2019-07-11 20:50:03,064:INFO:	_read_conll; read 10000 sentences
2019-07-11 20:58:29,545:INFO:	_read_conll; read 10000 sentences
2019-07-11 21:06:45,996:INFO:	_read_conll; read 10000 sentences
2019-07-11 21:15:38,346:INFO:	_read_conll; read 10000 sentences
2019-07-11 21:24:06,510:INFO:	_read_conll; read 10000 sentences
2019-07-11 21:32:33,347:INFO:	_read_conll; read 10000 sentences
2019-07-11 21:40:56,720:INFO:	_read_conll; read 10000 sentences
2019-07-11 21:49:35,554:INFO:	_read_conll; read 10000 sentences
2019-07-11 21:57:57,023:INFO:	_read_conll; read 10000 sentences
2019-07-11 22:06:24,614:INFO:	_read_conll; read 10000 sentences
2019-07-11 22:14:48,695:INFO:	_read_conll; read 10000 sentences
2019-07-11 22:23:20,113:INFO:	_read_conll; read 10000 sentences
2019-07-11 22:31:46,640:INFO:	_read_conll; read 10000 sentences
2019-07-11 22:40:26,529:INFO:	_read_conll; read 10000 sentences
2019-07-11 22:49:02,824:INFO:	_read_conll; read 10000 sentences
2019-07-11 22:57:48,510:INFO:	_read_conll; read 10000 sentences
2019-07-11 23:06:47,871:INFO:	_read_conll; read 10000 sentences
2019-07-11 23:15:42,972:INFO:	_read_conll; read 10000 sentences
2019-07-11 23:24:28,406:INFO:	_read_conll; read 10000 sentences
2019-07-11 23:33:22,709:INFO:	_read_conll; read 10000 sentences
2019-07-11 23:42:17,088:INFO:	_read_conll; read 10000 sentences
2019-07-11 23:51:12,177:INFO:	_read_conll; read 10000 sentences
2019-07-12 00:00:18,183:INFO:	_read_conll; read 10000 sentences
2019-07-12 00:09:09,675:INFO:	_read_conll; read 10000 sentences
2019-07-12 00:18:03,800:INFO:	_read_conll; read 10000 sentences
2019-07-12 00:27:01,367:INFO:	_read_conll; read 10000 sentences
2019-07-12 00:36:04,341:INFO:	_read_conll; read 10000 sentences
2019-07-12 00:45:10,491:INFO:	_read_conll; read 10000 sentences
2019-07-12 00:54:28,884:INFO:	_read_conll; read 10000 sentences
2019-07-12 01:03:34,371:INFO:	_read_conll; read 10000 sentences
2019-07-12 01:12:47,299:INFO:	_read_conll; read 10000 sentences
2019-07-12 01:22:14,500:INFO:	_read_conll; read 10000 sentences
2019-07-12 01:31:24,627:INFO:	_read_conll; read 10000 sentences
2019-07-12 01:40:35,792:INFO:	_read_conll; read 10000 sentences
2019-07-12 01:50:19,412:INFO:	_read_conll; read 10000 sentences
2019-07-12 01:59:35,576:INFO:	_read_conll; read 10000 sentences
2019-07-12 02:09:10,830:INFO:	_read_conll; read 10000 sentences
2019-07-12 02:18:36,981:INFO:	_read_conll; read 10000 sentences
2019-07-12 02:28:03,115:INFO:	_read_conll; read 10000 sentences
2019-07-12 02:37:26,385:INFO:	_read_conll; read 10000 sentences
2019-07-12 02:47:04,793:INFO:	_read_conll; read 10000 sentences
2019-07-12 02:56:35,326:INFO:	_read_conll; read 10000 sentences
2019-07-12 03:06:04,927:INFO:	_read_conll; read 10000 sentences
2019-07-12 03:15:38,503:INFO:	_read_conll; read 10000 sentences
2019-07-12 03:25:25,997:INFO:	_read_conll; read 10000 sentences
2019-07-12 03:35:00,255:INFO:	_read_conll; read 10000 sentences
2019-07-12 03:44:44,193:INFO:	_read_conll; read 10000 sentences
2019-07-12 03:54:20,764:INFO:	_read_conll; read 10000 sentences
2019-07-12 04:04:17,904:INFO:	_read_conll; read 10000 sentences
2019-07-12 04:14:02,170:INFO:	_read_conll; read 10000 sentences
2019-07-12 04:23:47,697:INFO:	_read_conll; read 10000 sentences
2019-07-12 04:33:55,192:INFO:	_read_conll; read 10000 sentences
2019-07-12 04:43:54,800:INFO:	_read_conll; read 10000 sentences
2019-07-12 04:53:46,371:INFO:	_read_conll; read 10000 sentences
2019-07-12 05:03:37,448:INFO:	_read_conll; read 10000 sentences
2019-07-12 05:13:37,256:INFO:	_read_conll; read 10000 sentences
2019-07-12 05:23:34,715:INFO:	_read_conll; read 10000 sentences
2019-07-12 05:33:35,351:INFO:	_read_conll; read 10000 sentences
2019-07-12 05:43:39,999:INFO:	_read_conll; read 10000 sentences
2019-07-12 05:53:50,626:INFO:	_read_conll; read 10000 sentences
2019-07-12 06:04:06,176:INFO:	_read_conll; read 10000 sentences
2019-07-12 06:14:08,628:INFO:	_read_conll; read 10000 sentences
2019-07-12 06:24:20,580:INFO:	_read_conll; read 10000 sentences
2019-07-12 06:34:35,011:INFO:	_read_conll; read 10000 sentences
2019-07-12 06:44:46,534:INFO:	_read_conll; read 10000 sentences
2019-07-12 06:55:09,926:INFO:	_read_conll; read 10000 sentences
2019-07-12 07:05:27,354:INFO:	_read_conll; read 10000 sentences
2019-07-12 07:15:57,196:INFO:	_read_conll; read 10000 sentences
2019-07-12 07:26:17,558:INFO:	_read_conll; read 10000 sentences
2019-07-12 07:36:57,281:INFO:	_read_conll; read 10000 sentences
2019-07-12 07:47:26,890:INFO:	_read_conll; read 10000 sentences
2019-07-12 07:58:02,137:INFO:	_read_conll; read 10000 sentences
2019-07-12 08:08:58,259:INFO:	_read_conll; read 10000 sentences
2019-07-12 08:19:37,653:INFO:	_read_conll; read 10000 sentences
2019-07-12 08:30:04,296:INFO:	_read_conll; read 10000 sentences
2019-07-12 08:40:45,943:INFO:	_read_conll; read 10000 sentences
2019-07-12 08:51:26,276:INFO:	_read_conll; read 10000 sentences
2019-07-12 09:02:10,257:INFO:	_read_conll; read 10000 sentences
2019-07-12 09:13:02,306:INFO:	_read_conll; read 10000 sentences
2019-07-12 09:23:52,567:INFO:	_read_conll; read 10000 sentences
2019-07-12 09:34:36,420:INFO:	_read_conll; read 10000 sentences
2019-07-12 09:45:44,355:INFO:	_read_conll; read 10000 sentences
2019-07-12 09:56:45,652:INFO:	_read_conll; read 10000 sentences
2019-07-12 10:07:28,234:INFO:	_read_conll; read 10000 sentences
2019-07-12 10:18:16,732:INFO:	_read_conll; read 10000 sentences
2019-07-12 10:29:22,845:INFO:	_read_conll; read 10000 sentences
2019-07-12 10:40:25,661:INFO:	_read_conll; read 10000 sentences
2019-07-12 10:51:23,585:INFO:	_read_conll; read 10000 sentences
2019-07-12 11:02:30,152:INFO:	_read_conll; read 10000 sentences
2019-07-12 11:13:29,320:INFO:	_read_conll; read 10000 sentences
2019-07-12 11:24:35,564:INFO:	_read_conll; read 10000 sentences
2019-07-12 11:35:38,654:INFO:	_read_conll; read 10000 sentences
2019-07-12 11:46:55,418:INFO:	_read_conll; read 10000 sentences
2019-07-12 11:58:03,464:INFO:	_read_conll; read 10000 sentences
2019-07-12 12:09:14,325:INFO:	_read_conll; read 10000 sentences
2019-07-12 12:20:34,562:INFO:	_read_conll; read 10000 sentences
2019-07-12 12:31:45,614:INFO:	_read_conll; read 10000 sentences
2019-07-12 12:43:01,430:INFO:	_read_conll; read 10000 sentences
2019-07-12 12:54:36,968:INFO:	_read_conll; read 10000 sentences
2019-07-12 13:06:00,364:INFO:	_read_conll; read 10000 sentences
2019-07-12 13:17:27,937:INFO:	_read_conll; read 10000 sentences
2019-07-12 13:28:55,654:INFO:	_read_conll; read 10000 sentences
2019-07-12 13:40:17,624:INFO:	_read_conll; read 10000 sentences
2019-07-12 13:51:51,204:INFO:	_read_conll; read 10000 sentences
2019-07-12 14:03:23,587:INFO:	_read_conll; read 10000 sentences
2019-07-12 14:15:12,362:INFO:	_read_conll; read 10000 sentences
2019-07-12 14:26:51,819:INFO:	_read_conll; read 10000 sentences
2019-07-12 14:38:30,375:INFO:	_read_conll; read 10000 sentences
2019-07-12 14:58:11,270:INFO:	_read_conll; read 10000 sentences
2019-07-12 15:17:44,839:INFO:	_read_conll; read 10000 sentences
2019-07-12 15:37:38,827:INFO:	_read_conll; read 10000 sentences
2019-07-12 15:57:24,989:INFO:	_read_conll; read 10000 sentences
2019-07-12 16:17:13,308:INFO:	_read_conll; read 10000 sentences
2019-07-12 16:37:08,977:INFO:	_read_conll; read 10000 sentences
2019-07-12 16:57:17,131:INFO:	_read_conll; read 10000 sentences
2019-07-12 17:17:14,181:INFO:	_read_conll; read 10000 sentences
2019-07-12 17:37:09,027:INFO:	_read_conll; read 10000 sentences
2019-07-12 17:57:33,559:INFO:	_read_conll; read 10000 sentences
2019-07-12 18:17:57,763:INFO:	_read_conll; read 10000 sentences
2019-07-12 18:37:56,021:INFO:	_read_conll; read 10000 sentences
2019-07-12 18:58:26,889:INFO:	_read_conll; read 10000 sentences
2019-07-12 19:18:31,936:INFO:	_read_conll; read 10000 sentences
2019-07-12 19:38:46,117:INFO:	_read_conll; read 10000 sentences
2019-07-12 19:58:52,406:INFO:	_read_conll; read 10000 sentences
2019-07-12 20:19:10,083:INFO:	_read_conll; read 10000 sentences
2019-07-12 20:39:44,946:INFO:	_read_conll; read 10000 sentences
2019-07-12 21:00:15,097:INFO:	_read_conll; read 10000 sentences
2019-07-12 21:20:34,550:INFO:	_read_conll; read 10000 sentences
2019-07-12 21:40:56,943:INFO:	_read_conll; read 10000 sentences
2019-07-12 22:01:17,552:INFO:	_read_conll; read 10000 sentences
2019-07-12 22:21:37,896:INFO:	_read_conll; read 10000 sentences
2019-07-12 22:42:09,384:INFO:	_read_conll; read 10000 sentences
2019-07-12 23:02:48,623:INFO:	_read_conll; read 10000 sentences
2019-07-12 23:23:38,944:INFO:	_read_conll; read 10000 sentences
2019-07-12 23:44:05,482:INFO:	_read_conll; read 10000 sentences
2019-07-13 00:04:47,876:INFO:	_read_conll; read 10000 sentences
2019-07-13 00:25:59,895:INFO:	_read_conll; read 10000 sentences
2019-07-13 00:47:22,407:INFO:	_read_conll; read 10000 sentences
2019-07-13 01:08:07,544:INFO:	_read_conll; read 10000 sentences
2019-07-13 01:28:58,267:INFO:	_read_conll; read 10000 sentences
2019-07-13 01:49:53,311:INFO:	_read_conll; read 10000 sentences
2019-07-13 02:10:50,788:INFO:	_read_conll; read 10000 sentences
2019-07-13 02:31:52,333:INFO:	_read_conll; read 10000 sentences
2019-07-13 02:52:47,786:INFO:	_read_conll; read 10000 sentences
2019-07-13 03:13:43,500:INFO:	_read_conll; read 10000 sentences
2019-07-13 03:34:32,801:INFO:	_read_conll; read 10000 sentences
2019-07-13 03:55:35,194:INFO:	_read_conll; read 10000 sentences
2019-07-13 04:16:19,201:INFO:	_read_conll; read 10000 sentences
2019-07-13 04:37:30,156:INFO:	_read_conll; read 10000 sentences
2019-07-13 04:58:25,369:INFO:	_read_conll; read 10000 sentences
2019-07-13 05:19:28,053:INFO:	_read_conll; read 10000 sentences
