2019-03-13 18:05:01,268:INFO:	
2019-03-13 18:05:01,268:INFO:	
2019-03-13 18:05:01,268:INFO:	
2019-03-13 18:05:01,268:INFO:	===================================================================================================
2019-03-13 18:05:01,268:INFO:	kiperwasser_main
2019-03-13 18:05:01,268:INFO:	===================================================================================================
2019-03-13 18:05:01,268:INFO:	
2019-03-13 18:05:02,189:INFO:	> saving vocab to /home/lpmayos/code/UniParse/saved_models/model_en_ud/vocab.pkl
2019-03-13 18:05:02,193:DEBUG:	Init training
2019-03-13 18:05:02,193:INFO:	>> Loading in data
2019-03-13 18:05:03,706:INFO:	saving model to /home/lpmayos/code/UniParse/saved_models/model_en_ud/model.model  (after step 0)
2019-03-13 18:05:03,706:DEBUG:	...Training without patience for exactly 30 epochs
2019-03-13 18:05:04,046:INFO:	Epoch 1
2019-03-13 18:05:04,046:INFO:	=====================
2019-03-13 18:06:36,803:DEBUG:	Completed epoch 1 in 92.75798773765564
2019-03-13 18:06:40,378:DEBUG:	UAS (wo. punct) 0.81511	 LAS (wo. punct) 0.77432
2019-03-13 18:06:40,378:DEBUG:	UAS (w. punct) 0.79939	 LAS (w. punct) 0.763
2019-03-13 18:06:41,269:INFO:	saved to /home/lpmayos/code/UniParse/saved_models/model_en_ud/model.model
2019-03-13 18:06:41,269:INFO:	Epoch 2
2019-03-13 18:06:41,270:INFO:	=====================
2019-03-13 18:08:09,191:DEBUG:	Completed epoch 2 in 87.9214837551117
2019-03-13 18:08:12,470:DEBUG:	UAS (wo. punct) 0.85259	 LAS (wo. punct) 0.8216
2019-03-13 18:08:12,470:DEBUG:	UAS (w. punct) 0.84198	 LAS (w. punct) 0.81438
2019-03-13 18:08:13,252:INFO:	saved to /home/lpmayos/code/UniParse/saved_models/model_en_ud/model.model
2019-03-13 18:08:13,252:INFO:	Epoch 3
2019-03-13 18:08:13,252:INFO:	=====================
2019-03-13 18:09:39,715:DEBUG:	Completed epoch 3 in 86.46307373046875
2019-03-13 18:09:43,003:DEBUG:	UAS (wo. punct) 0.8721	 LAS (wo. punct) 0.84328
2019-03-13 18:09:43,003:DEBUG:	UAS (w. punct) 0.86063	 LAS (w. punct) 0.83486
2019-03-13 18:09:43,790:INFO:	saved to /home/lpmayos/code/UniParse/saved_models/model_en_ud/model.model
2019-03-13 18:09:43,790:INFO:	Epoch 4
2019-03-13 18:09:43,790:INFO:	=====================
2019-03-13 18:11:10,682:DEBUG:	Completed epoch 4 in 86.89156317710876
2019-03-13 18:11:13,966:DEBUG:	UAS (wo. punct) 0.87922	 LAS (wo. punct) 0.85236
2019-03-13 18:11:13,966:DEBUG:	UAS (w. punct) 0.86973	 LAS (w. punct) 0.84579
2019-03-13 18:11:14,752:INFO:	saved to /home/lpmayos/code/UniParse/saved_models/model_en_ud/model.model
2019-03-13 18:11:14,752:INFO:	Epoch 5
2019-03-13 18:11:14,753:INFO:	=====================
2019-03-13 18:12:42,362:DEBUG:	Completed epoch 5 in 87.61003136634827
2019-03-13 18:12:45,785:DEBUG:	UAS (wo. punct) 0.8794	 LAS (wo. punct) 0.85368
2019-03-13 18:12:45,785:DEBUG:	UAS (w. punct) 0.87021	 LAS (w. punct) 0.84734
2019-03-13 18:12:46,761:INFO:	saved to /home/lpmayos/code/UniParse/saved_models/model_en_ud/model.model
2019-03-13 18:12:46,761:INFO:	Epoch 6
2019-03-13 18:12:46,761:INFO:	=====================
2019-03-13 18:14:13,508:DEBUG:	Completed epoch 6 in 86.74716114997864
2019-03-13 18:14:16,786:DEBUG:	UAS (wo. punct) 0.88448	 LAS (wo. punct) 0.85726
2019-03-13 18:14:16,786:DEBUG:	UAS (w. punct) 0.8757	 LAS (w. punct) 0.8514
2019-03-13 18:14:17,560:INFO:	saved to /home/lpmayos/code/UniParse/saved_models/model_en_ud/model.model
2019-03-13 18:14:17,560:INFO:	Epoch 7
2019-03-13 18:14:17,560:INFO:	=====================
2019-03-13 18:15:43,371:DEBUG:	Completed epoch 7 in 85.81108093261719
2019-03-13 18:15:46,641:DEBUG:	UAS (wo. punct) 0.88489	 LAS (wo. punct) 0.85808
2019-03-13 18:15:46,642:DEBUG:	UAS (w. punct) 0.87538	 LAS (w. punct) 0.8514
2019-03-13 18:15:47,411:INFO:	saved to /home/lpmayos/code/UniParse/saved_models/model_en_ud/model.model
2019-03-13 18:15:47,411:INFO:	Epoch 8
2019-03-13 18:15:47,411:INFO:	=====================
2019-03-13 18:17:13,084:DEBUG:	Completed epoch 8 in 85.67244911193848
2019-03-13 18:17:16,338:DEBUG:	UAS (wo. punct) 0.88403	 LAS (wo. punct) 0.8564
2019-03-13 18:17:16,338:DEBUG:	UAS (w. punct) 0.87486	 LAS (w. punct) 0.85017
2019-03-13 18:17:16,338:INFO:	Epoch 9
2019-03-13 18:17:16,338:INFO:	=====================
2019-03-13 18:18:41,957:DEBUG:	Completed epoch 9 in 85.61915946006775
2019-03-13 18:18:45,214:DEBUG:	UAS (wo. punct) 0.88153	 LAS (wo. punct) 0.85499
2019-03-13 18:18:45,214:DEBUG:	UAS (w. punct) 0.87251	 LAS (w. punct) 0.8487
2019-03-13 18:18:45,214:INFO:	Epoch 10
2019-03-13 18:18:45,214:INFO:	=====================
2019-03-13 18:20:11,032:DEBUG:	Completed epoch 10 in 85.81815195083618
2019-03-13 18:20:14,294:DEBUG:	UAS (wo. punct) 0.88217	 LAS (wo. punct) 0.85386
2019-03-13 18:20:14,295:DEBUG:	UAS (w. punct) 0.87311	 LAS (w. punct) 0.84778
2019-03-13 18:20:14,295:INFO:	Epoch 11
2019-03-13 18:20:14,295:INFO:	=====================
2019-03-13 18:21:40,046:DEBUG:	Completed epoch 11 in 85.75149297714233
2019-03-13 18:21:43,298:DEBUG:	UAS (wo. punct) 0.88126	 LAS (wo. punct) 0.85272
2019-03-13 18:21:43,299:DEBUG:	UAS (w. punct) 0.87148	 LAS (w. punct) 0.84595
2019-03-13 18:21:43,299:INFO:	Epoch 12
2019-03-13 18:21:43,299:INFO:	=====================
2019-03-13 18:23:09,115:DEBUG:	Completed epoch 12 in 85.81676006317139
2019-03-13 18:23:17,834:DEBUG:	UAS (wo. punct) 0.88131	 LAS (wo. punct) 0.85431
2019-03-13 18:23:17,835:DEBUG:	UAS (w. punct) 0.87092	 LAS (w. punct) 0.84683
2019-03-13 18:23:17,835:INFO:	Epoch 13
2019-03-13 18:23:17,835:INFO:	=====================
2019-03-13 18:24:43,907:DEBUG:	Completed epoch 13 in 86.0725200176239
2019-03-13 18:24:47,197:DEBUG:	UAS (wo. punct) 0.88144	 LAS (wo. punct) 0.85281
2019-03-13 18:24:47,197:DEBUG:	UAS (w. punct) 0.87124	 LAS (w. punct) 0.84563
2019-03-13 18:24:47,197:INFO:	Epoch 14
2019-03-13 18:24:47,197:INFO:	=====================
2019-03-13 18:26:13,287:DEBUG:	Completed epoch 14 in 86.08991527557373
2019-03-13 18:26:16,629:DEBUG:	UAS (wo. punct) 0.87731	 LAS (wo. punct) 0.84986
2019-03-13 18:26:16,629:DEBUG:	UAS (w. punct) 0.86703	 LAS (w. punct) 0.84249
2019-03-13 18:26:16,629:INFO:	Epoch 15
2019-03-13 18:26:16,629:INFO:	=====================
2019-03-13 18:27:45,563:DEBUG:	Completed epoch 15 in 88.93448805809021
2019-03-13 18:27:48,865:DEBUG:	UAS (wo. punct) 0.87958	 LAS (wo. punct) 0.85191
2019-03-13 18:27:48,865:DEBUG:	UAS (w. punct) 0.86929	 LAS (w. punct) 0.84448
2019-03-13 18:27:48,866:INFO:	Epoch 16
2019-03-13 18:27:48,866:INFO:	=====================
2019-03-13 18:29:15,582:DEBUG:	Completed epoch 16 in 86.7169098854065
2019-03-13 18:29:22,276:DEBUG:	UAS (wo. punct) 0.87958	 LAS (wo. punct) 0.85113
2019-03-13 18:29:22,276:DEBUG:	UAS (w. punct) 0.86985	 LAS (w. punct) 0.8444
2019-03-13 18:29:22,276:INFO:	Epoch 17
2019-03-13 18:29:22,276:INFO:	=====================
2019-03-13 18:30:49,527:DEBUG:	Completed epoch 17 in 87.2509217262268
2019-03-13 18:30:52,823:DEBUG:	UAS (wo. punct) 0.8799	 LAS (wo. punct) 0.85177
2019-03-13 18:30:52,823:DEBUG:	UAS (w. punct) 0.87033	 LAS (w. punct) 0.84512
2019-03-13 18:30:52,824:INFO:	Epoch 18
2019-03-13 18:30:52,824:INFO:	=====================
2019-03-13 18:32:20,428:DEBUG:	Completed epoch 18 in 87.60460352897644
2019-03-13 18:32:23,946:DEBUG:	UAS (wo. punct) 0.88094	 LAS (wo. punct) 0.85222
2019-03-13 18:32:23,946:DEBUG:	UAS (w. punct) 0.87049	 LAS (w. punct) 0.84476
2019-03-13 18:32:23,946:INFO:	Epoch 19
2019-03-13 18:32:23,946:INFO:	=====================
2019-03-13 18:33:53,603:DEBUG:	Completed epoch 19 in 89.65711212158203
2019-03-13 18:34:00,195:DEBUG:	UAS (wo. punct) 0.87831	 LAS (wo. punct) 0.84887
2019-03-13 18:34:00,195:DEBUG:	UAS (w. punct) 0.86882	 LAS (w. punct) 0.84237
2019-03-13 18:34:00,196:INFO:	Epoch 20
2019-03-13 18:34:00,196:INFO:	=====================
2019-03-13 18:35:37,014:DEBUG:	Completed epoch 20 in 96.81840252876282
2019-03-13 18:35:40,688:DEBUG:	UAS (wo. punct) 0.88076	 LAS (wo. punct) 0.85136
2019-03-13 18:35:40,689:DEBUG:	UAS (w. punct) 0.87088	 LAS (w. punct) 0.84456
2019-03-13 18:35:40,689:INFO:	Epoch 21
2019-03-13 18:35:40,689:INFO:	=====================
2019-03-13 18:37:16,453:DEBUG:	Completed epoch 21 in 95.76414918899536
2019-03-13 18:37:20,143:DEBUG:	UAS (wo. punct) 0.87908	 LAS (wo. punct) 0.84914
2019-03-13 18:37:20,143:DEBUG:	UAS (w. punct) 0.86985	 LAS (w. punct) 0.84313
2019-03-13 18:37:20,143:INFO:	Epoch 22
2019-03-13 18:37:20,143:INFO:	=====================
2019-03-13 18:38:57,773:DEBUG:	Completed epoch 22 in 97.63029050827026
2019-03-13 18:39:01,218:DEBUG:	UAS (wo. punct) 0.88199	 LAS (wo. punct) 0.85331
2019-03-13 18:39:01,218:DEBUG:	UAS (w. punct) 0.87196	 LAS (w. punct) 0.84631
2019-03-13 18:39:01,219:INFO:	Epoch 23
2019-03-13 18:39:01,219:INFO:	=====================
2019-03-13 18:40:33,765:DEBUG:	Completed epoch 23 in 92.54637145996094
2019-03-13 18:40:37,278:DEBUG:	UAS (wo. punct) 0.88049	 LAS (wo. punct) 0.8515
2019-03-13 18:40:37,278:DEBUG:	UAS (w. punct) 0.87013	 LAS (w. punct) 0.84404
2019-03-13 18:40:37,278:INFO:	Epoch 24
2019-03-13 18:40:37,278:INFO:	=====================
2019-03-13 18:42:14,476:DEBUG:	Completed epoch 24 in 97.1985354423523
2019-03-13 18:42:18,750:DEBUG:	UAS (wo. punct) 0.87913	 LAS (wo. punct) 0.85005
2019-03-13 18:42:18,750:DEBUG:	UAS (w. punct) 0.86957	 LAS (w. punct) 0.84361
2019-03-13 18:42:18,751:INFO:	Epoch 25
2019-03-13 18:42:18,751:INFO:	=====================
2019-03-13 18:44:00,254:DEBUG:	Completed epoch 25 in 101.50339984893799
2019-03-13 18:44:03,738:DEBUG:	UAS (wo. punct) 0.88267	 LAS (wo. punct) 0.85349
2019-03-13 18:44:03,738:DEBUG:	UAS (w. punct) 0.87307	 LAS (w. punct) 0.84707
2019-03-13 18:44:03,738:INFO:	Epoch 26
2019-03-13 18:44:03,739:INFO:	=====================
2019-03-13 18:45:41,378:DEBUG:	Completed epoch 26 in 97.64010071754456
2019-03-13 18:45:44,865:DEBUG:	UAS (wo. punct) 0.87809	 LAS (wo. punct) 0.85014
2019-03-13 18:45:44,865:DEBUG:	UAS (w. punct) 0.86834	 LAS (w. punct) 0.84337
2019-03-13 18:45:44,866:INFO:	Epoch 27
2019-03-13 18:45:44,866:INFO:	=====================
2019-03-13 18:47:23,797:DEBUG:	Completed epoch 27 in 98.93148016929626
2019-03-13 18:47:29,143:DEBUG:	UAS (wo. punct) 0.87963	 LAS (wo. punct) 0.84909
2019-03-13 18:47:29,143:DEBUG:	UAS (w. punct) 0.87033	 LAS (w. punct) 0.84309
2019-03-13 18:47:29,144:INFO:	Epoch 28
2019-03-13 18:47:29,144:INFO:	=====================
2019-03-13 18:49:20,526:DEBUG:	Completed epoch 28 in 111.38273048400879
2019-03-13 18:49:24,701:DEBUG:	UAS (wo. punct) 0.88049	 LAS (wo. punct) 0.85327
2019-03-13 18:49:24,701:DEBUG:	UAS (w. punct) 0.87096	 LAS (w. punct) 0.84663
2019-03-13 18:49:24,701:INFO:	Epoch 29
2019-03-13 18:49:24,701:INFO:	=====================
2019-03-13 18:51:00,056:DEBUG:	Completed epoch 29 in 95.35463404655457
2019-03-13 18:51:03,646:DEBUG:	UAS (wo. punct) 0.88153	 LAS (wo. punct) 0.85368
2019-03-13 18:51:03,647:DEBUG:	UAS (w. punct) 0.87184	 LAS (w. punct) 0.84691
2019-03-13 18:51:03,647:INFO:	Epoch 30
2019-03-13 18:51:03,647:INFO:	=====================
2019-03-13 18:52:46,009:DEBUG:	Completed epoch 30 in 102.36186742782593
2019-03-13 18:52:49,367:DEBUG:	UAS (wo. punct) 0.8804	 LAS (wo. punct) 0.8515
2019-03-13 18:52:49,368:DEBUG:	UAS (w. punct) 0.87128	 LAS (w. punct) 0.84536
2019-03-13 18:52:49,368:DEBUG:	Finished at epoch 30
2019-03-13 18:52:49,370:INFO:	Model maxed on dev at epoch 7 
2019-03-13 18:52:54,069:DEBUG:	output file saved to /home/lpmayos/code/UniParse/saved_models/model_en_ud/prova.output
2019-03-13 18:52:54,070:INFO:	{'uas': 0.870098820529168, 'las': 0.8470672617150143, 'nopunct_uas': 0.880690880918744, 'nopunct_las': 0.8546689149159186}
2019-03-13 18:52:54,070:INFO:	
2019-03-13 18:52:54,070:INFO:	--------------------------------------------------------
2019-03-13 18:52:54,070:INFO:	Test score: 0.880690880918744 0.8546689149159186
2019-03-13 18:52:54,070:INFO:	--------------------------------------------------------
2019-03-13 18:52:54,070:INFO:	
