2019-11-14 16:48:18,143:INFO:	


===================================================================================================
2019-11-14 16:48:18,148:INFO:	kiperwasser_main
2019-11-14 16:48:18,151:INFO:	===================================================================================================

2019-11-14 16:48:18,154:INFO:	
Arguments:
2019-11-14 16:48:18,156:INFO:	Namespace(batch_size=32, big_dataset=False, dev='/homedtic/lperez/UniParse/datasets/ud2.1//en-ud-dev.conllu', dev_mode=False, do_training=True, epochs=30, hidden_dim=100, logging_file='/homedtic/lperez/UniParse/models/kiperwasser_pytorch/ud/only_words_false/run1/logging.log', model_file='/homedtic/lperez/UniParse/models/kiperwasser_pytorch/ud/only_words_false/run1/model.model', only_words=False, output_file='/homedtic/lperez/UniParse/models/kiperwasser_pytorch/ud/only_words_false/run1/output.out', patience=-1, results_folder='/homedtic/lperez/UniParse/models/kiperwasser_pytorch/ud/only_words_false/run1', tb_dest=None, test='/homedtic/lperez/UniParse/datasets/ud2.1//en-ud-test.conllu', train='/homedtic/lperez/UniParse/datasets/ud2.1//en-ud-train.conllu', upos_dim=25, vocab_file='/homedtic/lperez/UniParse/models/kiperwasser_pytorch/ud/only_words_false/run1/vocab.pkl', word_dim=100)
2019-11-14 16:48:18,159:INFO:	

2019-11-14 16:48:21,239:INFO:	> saving vocab to /homedtic/lperez/UniParse/models/kiperwasser_pytorch/ud/only_words_false/run1/vocab.pkl
2019-11-14 16:48:21,328:INFO:	Training with normal dataset
2019-11-14 16:48:21,329:DEBUG:	Init training
2019-11-14 16:48:21,334:INFO:	>> Loading in data
2019-11-14 16:48:21,335:INFO:	tokenizing train data ...
2019-11-14 16:48:25,951:INFO:	_read_conll; read 12523 sentences
2019-11-14 16:48:25,953:INFO:	... tokenized train data
2019-11-14 16:48:25,954:INFO:	tokenizing dev data ...
2019-11-14 16:48:26,646:INFO:	_read_conll; read 2001 sentences
2019-11-14 16:48:26,650:INFO:	... tokenized dev data
2019-11-14 16:48:26,651:INFO:	creating model ...
2019-11-14 16:48:26,950:INFO:	... model created
2019-11-14 16:48:26,953:INFO:	creating ModelSaveCallback ...
2019-11-14 16:48:26,954:INFO:	saving model to /homedtic/lperez/UniParse/models/kiperwasser_pytorch/ud/only_words_false/run1/model.model  (after step 0)
2019-11-14 16:48:26,958:INFO:	... ModelSaveCallback created
2019-11-14 16:48:26,961:INFO:	creating Model ...
2019-11-14 16:48:26,991:INFO:	... Model created
2019-11-14 16:48:26,995:INFO:	training Model ...
2019-11-14 16:48:26,996:DEBUG:	...Training without patience for exactly 30 epochs
2019-11-14 16:48:27,902:INFO:	Epoch 1
2019-11-14 16:48:27,918:INFO:	=====================
2019-11-14 16:50:35,761:DEBUG:	Completed epoch 1 in 127.85929560661316
2019-11-14 16:50:43,539:DEBUG:	output file saved to 1114164826_on_en-ud-dev.conllu
2019-11-14 16:50:44,473:DEBUG:	UAS (wo. punct) 0.75672	 LAS (wo. punct) 0.71099
2019-11-14 16:50:44,477:DEBUG:	UAS (w. punct) 0.73784	 LAS (w. punct) 0.69704
2019-11-14 16:50:47,346:INFO:	saved to /homedtic/lperez/UniParse/models/kiperwasser_pytorch/ud/only_words_false/run1/model.model
2019-11-14 16:50:47,351:INFO:	Epoch 2
2019-11-14 16:50:47,355:INFO:	=====================
2019-11-14 16:52:58,310:DEBUG:	Completed epoch 2 in 130.95998001098633
2019-11-14 16:53:04,432:DEBUG:	output file saved to 1114164826_on_en-ud-dev.conllu
2019-11-14 16:53:05,084:DEBUG:	UAS (wo. punct) 0.79986	 LAS (wo. punct) 0.75182
2019-11-14 16:53:05,085:DEBUG:	UAS (w. punct) 0.78696	 LAS (w. punct) 0.74413
2019-11-14 16:53:05,188:INFO:	saved to /homedtic/lperez/UniParse/models/kiperwasser_pytorch/ud/only_words_false/run1/model.model
2019-11-14 16:53:05,190:INFO:	Epoch 3
2019-11-14 16:53:05,191:INFO:	=====================
2019-11-14 16:55:16,633:DEBUG:	Completed epoch 3 in 131.44346380233765
2019-11-14 16:55:22,754:DEBUG:	output file saved to 1114164826_on_en-ud-dev.conllu
2019-11-14 16:55:23,411:DEBUG:	UAS (wo. punct) 0.83824	 LAS (wo. punct) 0.80141
2019-11-14 16:55:23,412:DEBUG:	UAS (w. punct) 0.82438	 LAS (w. punct) 0.79158
2019-11-14 16:55:23,518:INFO:	saved to /homedtic/lperez/UniParse/models/kiperwasser_pytorch/ud/only_words_false/run1/model.model
2019-11-14 16:55:23,519:INFO:	Epoch 4
2019-11-14 16:55:23,521:INFO:	=====================
2019-11-14 16:57:36,022:DEBUG:	Completed epoch 4 in 132.50286221504211
2019-11-14 16:58:07,353:DEBUG:	output file saved to 1114164826_on_en-ud-dev.conllu
2019-11-14 16:58:08,043:DEBUG:	UAS (wo. punct) 0.849	 LAS (wo. punct) 0.81449
2019-11-14 16:58:08,045:DEBUG:	UAS (w. punct) 0.83803	 LAS (w. punct) 0.8073
2019-11-14 16:58:08,185:INFO:	saved to /homedtic/lperez/UniParse/models/kiperwasser_pytorch/ud/only_words_false/run1/model.model
2019-11-14 16:58:08,189:INFO:	Epoch 5
2019-11-14 16:58:08,190:INFO:	=====================
