2019-06-03 19:51:27,714:INFO:	
2019-06-03 19:51:27,719:INFO:	
2019-06-03 19:51:27,724:INFO:	
2019-06-03 19:51:27,728:INFO:	===================================================================================================
2019-06-03 19:51:27,732:INFO:	kiperwasser_main
2019-06-03 19:51:27,736:INFO:	===================================================================================================
2019-06-03 19:51:27,743:INFO:	
2019-06-03 19:51:27,746:INFO:	
2019-06-03 19:51:27,748:INFO:	Arguments:
2019-06-03 19:51:27,751:INFO:	Namespace(batch_size=32, big_dataset=True, dev='/homedtic/lperez/datasets/1-billion-word-language-modeling-benchmark-r13output/conll_bpe_mini/1b_dev.bpe.conllu', dev_mode=False, do_training=True, embs=None, epochs=30, logging_file='/homedtic/lperez/UniParse/saved_models/1b/mini/logging.log', model_file='model_1b.bpe.mini.model', no_update_pretrained_emb=False, output_file='/homedtic/lperez/UniParse/saved_models/1b/mini/output.out', patience=-1, results_folder='/homedtic/lperez/UniParse/saved_models/1b/mini', tb_dest=None, test='/homedtic/lperez/datasets/1-billion-word-language-modeling-benchmark-r13output/conll_bpe_mini/1b_test.bpe.conllu', train='/homedtic/lperez/datasets/1-billion-word-language-modeling-benchmark-r13output/conll_bpe_mini/1b_train.bpe.conllu', vocab_file='vocab_1b.bpe.mini.pkl')
2019-06-03 19:51:27,753:INFO:	
2019-06-03 19:51:47,124:INFO:	> saving vocab to /homedtic/lperez/UniParse/saved_models/1b/mini/vocab_1b.bpe.mini.pkl
2019-06-03 19:51:47,188:INFO:	Training with big dataset; subset_size = 10000
2019-06-03 19:51:47,192:DEBUG:	Init training with big dataset (there is no dev mode)
2019-06-03 19:51:47,195:INFO:	tokenizing dev data ...
2019-06-03 19:51:53,448:INFO:	... tokenized dev data
2019-06-03 19:51:53,451:INFO:	creating model ...
2019-06-03 19:51:53,560:INFO:	... model created
2019-06-03 19:51:53,563:INFO:	creating ModelSaveCallback ...
2019-06-03 19:51:53,565:INFO:	saving model to /homedtic/lperez/UniParse/saved_models/1b/mini/model_1b.bpe.mini.model  (after step 0)
2019-06-03 19:51:53,568:INFO:	... ModelSaveCallback created
2019-06-03 19:51:53,569:INFO:	creating Model ...
2019-06-03 19:51:53,617:INFO:	... Model created
2019-06-03 19:51:53,622:INFO:	training Model ...
2019-06-03 19:51:53,626:DEBUG:	...Training without patience for exactly 30 epochs
2019-06-03 19:51:53,629:INFO:	Epoch 1
2019-06-03 19:51:53,632:INFO:	=====================
2019-06-03 20:07:24,196:INFO:	
2019-06-03 20:07:24,197:INFO:	
2019-06-03 20:07:24,198:INFO:	
2019-06-03 20:07:24,199:INFO:	===================================================================================================
2019-06-03 20:07:24,199:INFO:	kiperwasser_main
2019-06-03 20:07:24,200:INFO:	===================================================================================================
2019-06-03 20:07:24,201:INFO:	
2019-06-03 20:07:24,202:INFO:	
2019-06-03 20:07:24,203:INFO:	Arguments:
2019-06-03 20:07:24,204:INFO:	Namespace(batch_size=32, big_dataset=True, dev='/homedtic/lperez/datasets/1-billion-word-language-modeling-benchmark-r13output/conll_bpe_mini/1b_dev.bpe.conllu', dev_mode=False, do_training=True, embs=None, epochs=30, logging_file='/homedtic/lperez/UniParse/saved_models/1b/mini/logging.log', model_file='model_1b.bpe.mini.model', no_update_pretrained_emb=False, output_file='/homedtic/lperez/UniParse/saved_models/1b/mini/output.out', patience=-1, results_folder='/homedtic/lperez/UniParse/saved_models/1b/mini', tb_dest=None, test='/homedtic/lperez/datasets/1-billion-word-language-modeling-benchmark-r13output/conll_bpe_mini/1b_test.bpe.conllu', train='/homedtic/lperez/datasets/1-billion-word-language-modeling-benchmark-r13output/conll_bpe_mini/1b_train.bpe.conllu', vocab_file='vocab_1b.bpe.mini.pkl')
2019-06-03 20:07:24,206:INFO:	
2019-06-03 20:07:24,258:INFO:	Training with big dataset; subset_size = 10000
2019-06-03 20:07:24,260:DEBUG:	Init training with big dataset (there is no dev mode)
2019-06-03 20:07:24,261:INFO:	tokenizing dev data ...
2019-06-03 20:07:30,126:INFO:	... tokenized dev data
2019-06-03 20:07:30,129:INFO:	creating model ...
2019-06-03 20:07:30,212:INFO:	... model created
2019-06-03 20:07:30,215:INFO:	creating ModelSaveCallback ...
2019-06-03 20:07:30,216:INFO:	saving model to /homedtic/lperez/UniParse/saved_models/1b/mini/model_1b.bpe.mini.model  (after step 0)
2019-06-03 20:07:30,217:INFO:	... ModelSaveCallback created
2019-06-03 20:07:30,218:INFO:	creating Model ...
2019-06-03 20:07:30,234:INFO:	... Model created
2019-06-03 20:07:30,235:INFO:	training Model ...
2019-06-03 20:07:30,237:DEBUG:	...Training without patience for exactly 30 epochs
2019-06-03 20:07:30,238:INFO:	Epoch 1
2019-06-03 20:07:30,239:INFO:	=====================
2019-06-03 20:13:36,327:DEBUG:	Completed epoch 1 in 366.08863401412964
2019-06-03 20:24:56,371:INFO:	
2019-06-03 20:24:56,372:INFO:	
2019-06-03 20:24:56,372:INFO:	
2019-06-03 20:24:56,374:INFO:	===================================================================================================
2019-06-03 20:24:56,375:INFO:	kiperwasser_main
2019-06-03 20:24:56,376:INFO:	===================================================================================================
2019-06-03 20:24:56,377:INFO:	
2019-06-03 20:24:56,379:INFO:	
2019-06-03 20:24:56,380:INFO:	Arguments:
2019-06-03 20:24:56,381:INFO:	Namespace(batch_size=32, big_dataset=True, dev='/homedtic/lperez/datasets/1-billion-word-language-modeling-benchmark-r13output/conll_bpe_mini/1b_dev.bpe.conllu', dev_mode=False, do_training=True, embs=None, epochs=30, logging_file='/homedtic/lperez/UniParse/saved_models/1b/mini/logging.log', model_file='model_1b.bpe.mini.model', no_update_pretrained_emb=False, output_file='/homedtic/lperez/UniParse/saved_models/1b/mini/output.out', patience=-1, results_folder='/homedtic/lperez/UniParse/saved_models/1b/mini', tb_dest=None, test='/homedtic/lperez/datasets/1-billion-word-language-modeling-benchmark-r13output/conll_bpe_mini/1b_test.bpe.conllu', train='/homedtic/lperez/datasets/1-billion-word-language-modeling-benchmark-r13output/conll_bpe_mini/1b_train.bpe.conllu', vocab_file='vocab_1b.bpe.mini.pkl')
2019-06-03 20:24:56,382:INFO:	
2019-06-03 20:24:56,435:INFO:	Training with big dataset; subset_size = 10000
2019-06-03 20:24:56,437:DEBUG:	Init training with big dataset (there is no dev mode)
2019-06-03 20:24:56,438:INFO:	tokenizing dev data ...
2019-06-03 20:25:02,399:INFO:	... tokenized dev data
2019-06-03 20:25:02,401:INFO:	creating model ...
2019-06-03 20:25:02,426:INFO:	... model created
2019-06-03 20:25:02,430:INFO:	creating ModelSaveCallback ...
2019-06-03 20:25:02,432:INFO:	saving model to /homedtic/lperez/UniParse/saved_models/1b/mini/model_1b.bpe.mini.model  (after step 0)
2019-06-03 20:25:02,436:INFO:	... ModelSaveCallback created
2019-06-03 20:25:02,438:INFO:	creating Model ...
2019-06-03 20:25:02,470:INFO:	... Model created
2019-06-03 20:25:02,472:INFO:	training Model ...
2019-06-03 20:25:02,477:DEBUG:	...Training without patience for exactly 30 epochs
2019-06-03 20:25:02,479:INFO:	Epoch 1
2019-06-03 20:25:02,482:INFO:	=====================
2019-06-03 20:46:29,921:DEBUG:	Completed epoch 1 in 1287.4427301883698
2019-06-03 20:49:22,680:DEBUG:	UAS (wo. punct) 0.8245	 LAS (wo. punct) 0.79166
2019-06-03 20:49:22,684:DEBUG:	UAS (w. punct) 0.81016	 LAS (w. punct) 0.78104
2019-06-03 20:49:30,208:INFO:	saved to /homedtic/lperez/UniParse/saved_models/1b/mini/model_1b.bpe.mini.model
2019-06-03 20:49:30,210:INFO:	Epoch 2
2019-06-03 20:49:30,213:INFO:	=====================
2019-06-03 21:16:47,231:DEBUG:	Completed epoch 2 in 1637.0203776359558
2019-06-03 21:19:45,990:DEBUG:	UAS (wo. punct) 0.88866	 LAS (wo. punct) 0.86583
2019-06-03 21:19:45,996:DEBUG:	UAS (w. punct) 0.87764	 LAS (w. punct) 0.85749
2019-06-03 21:19:52,994:INFO:	saved to /homedtic/lperez/UniParse/saved_models/1b/mini/model_1b.bpe.mini.model
2019-06-03 21:19:53,000:INFO:	Epoch 3
2019-06-03 21:19:53,007:INFO:	=====================
2019-06-03 21:46:15,249:DEBUG:	Completed epoch 3 in 1582.248434305191
2019-06-03 21:53:49,448:DEBUG:	UAS (wo. punct) 0.90282	 LAS (wo. punct) 0.88299
2019-06-03 21:53:49,452:DEBUG:	UAS (w. punct) 0.89265	 LAS (w. punct) 0.87484
2019-06-03 21:53:55,662:INFO:	saved to /homedtic/lperez/UniParse/saved_models/1b/mini/model_1b.bpe.mini.model
2019-06-03 21:53:55,664:INFO:	Epoch 4
2019-06-03 21:53:55,667:INFO:	=====================
2019-06-03 22:35:25,195:DEBUG:	Completed epoch 4 in 2489.5306384563446
2019-06-03 22:42:57,381:DEBUG:	UAS (wo. punct) 0.90606	 LAS (wo. punct) 0.88576
2019-06-03 22:42:57,385:DEBUG:	UAS (w. punct) 0.89673	 LAS (w. punct) 0.87865
2019-06-03 22:43:03,638:INFO:	saved to /homedtic/lperez/UniParse/saved_models/1b/mini/model_1b.bpe.mini.model
2019-06-03 22:43:03,642:INFO:	Epoch 5
2019-06-03 22:43:03,643:INFO:	=====================
2019-06-03 23:24:35,458:DEBUG:	Completed epoch 5 in 2491.81600689888
2019-06-03 23:32:07,802:DEBUG:	UAS (wo. punct) 0.90961	 LAS (wo. punct) 0.89
2019-06-03 23:32:07,806:DEBUG:	UAS (w. punct) 0.90012	 LAS (w. punct) 0.8827
2019-06-03 23:32:14,440:INFO:	saved to /homedtic/lperez/UniParse/saved_models/1b/mini/model_1b.bpe.mini.model
2019-06-03 23:32:14,445:INFO:	Epoch 6
2019-06-03 23:32:14,450:INFO:	=====================
2019-06-04 00:13:21,851:DEBUG:	Completed epoch 6 in 2467.4058785438538
2019-06-04 00:21:03,271:DEBUG:	UAS (wo. punct) 0.91168	 LAS (wo. punct) 0.89246
2019-06-04 00:21:03,273:DEBUG:	UAS (w. punct) 0.90233	 LAS (w. punct) 0.88527
2019-06-04 00:21:09,724:INFO:	saved to /homedtic/lperez/UniParse/saved_models/1b/mini/model_1b.bpe.mini.model
2019-06-04 00:21:09,725:INFO:	Epoch 7
2019-06-04 00:21:09,726:INFO:	=====================
2019-06-04 01:02:37,428:DEBUG:	Completed epoch 7 in 2487.7024762630463
2019-06-04 01:10:11,578:DEBUG:	UAS (wo. punct) 0.90937	 LAS (wo. punct) 0.88832
2019-06-04 01:10:11,581:DEBUG:	UAS (w. punct) 0.9001	 LAS (w. punct) 0.88133
2019-06-04 01:10:11,583:INFO:	Epoch 8
2019-06-04 01:10:11,587:INFO:	=====================
2019-06-04 01:50:33,840:DEBUG:	Completed epoch 8 in 2422.25701379776
2019-06-04 01:58:10,139:DEBUG:	UAS (wo. punct) 0.91135	 LAS (wo. punct) 0.89215
2019-06-04 01:58:10,145:DEBUG:	UAS (w. punct) 0.90082	 LAS (w. punct) 0.88377
2019-06-04 01:58:10,148:INFO:	Epoch 9
2019-06-04 01:58:10,152:INFO:	=====================
2019-06-04 02:38:54,113:DEBUG:	Completed epoch 9 in 2443.964826107025
2019-06-04 02:46:38,488:DEBUG:	UAS (wo. punct) 0.90995	 LAS (wo. punct) 0.89029
2019-06-04 02:46:38,491:DEBUG:	UAS (w. punct) 0.90015	 LAS (w. punct) 0.88269
2019-06-04 02:46:38,495:INFO:	Epoch 10
2019-06-04 02:46:38,498:INFO:	=====================
2019-06-04 03:27:13,054:DEBUG:	Completed epoch 10 in 2434.559857606888
2019-06-04 03:34:49,038:DEBUG:	UAS (wo. punct) 0.90896	 LAS (wo. punct) 0.88953
2019-06-04 03:34:49,044:DEBUG:	UAS (w. punct) 0.89924	 LAS (w. punct) 0.882
2019-06-04 03:34:49,047:INFO:	Epoch 11
2019-06-04 03:34:49,051:INFO:	=====================
2019-06-04 04:15:23,235:DEBUG:	Completed epoch 11 in 2434.187552213669
2019-06-04 04:22:58,601:DEBUG:	UAS (wo. punct) 0.9098	 LAS (wo. punct) 0.89108
2019-06-04 04:22:58,604:DEBUG:	UAS (w. punct) 0.9001	 LAS (w. punct) 0.88343
2019-06-04 04:22:58,606:INFO:	Epoch 12
2019-06-04 04:22:58,611:INFO:	=====================
2019-06-04 05:03:25,522:DEBUG:	Completed epoch 12 in 2426.9153611660004
2019-06-04 05:10:36,440:DEBUG:	UAS (wo. punct) 0.90948	 LAS (wo. punct) 0.88991
2019-06-04 05:10:36,443:DEBUG:	UAS (w. punct) 0.89946	 LAS (w. punct) 0.88209
2019-06-04 05:10:36,445:INFO:	Epoch 13
2019-06-04 05:10:36,448:INFO:	=====================
2019-06-04 05:51:02,323:DEBUG:	Completed epoch 13 in 2425.877590894699
2019-06-04 05:58:37,849:DEBUG:	UAS (wo. punct) 0.90826	 LAS (wo. punct) 0.88848
2019-06-04 05:58:37,851:DEBUG:	UAS (w. punct) 0.8971	 LAS (w. punct) 0.87957
2019-06-04 05:58:37,853:INFO:	Epoch 14
2019-06-04 05:58:37,856:INFO:	=====================
2019-06-04 06:39:00,193:DEBUG:	Completed epoch 14 in 2422.339768409729
2019-06-04 06:46:36,880:DEBUG:	UAS (wo. punct) 0.90968	 LAS (wo. punct) 0.89101
2019-06-04 06:46:36,882:DEBUG:	UAS (w. punct) 0.89961	 LAS (w. punct) 0.88303
2019-06-04 06:46:36,884:INFO:	Epoch 15
2019-06-04 06:46:36,888:INFO:	=====================
2019-06-04 07:27:00,386:DEBUG:	Completed epoch 15 in 2423.5024802684784
2019-06-04 07:34:43,712:DEBUG:	UAS (wo. punct) 0.90816	 LAS (wo. punct) 0.88811
2019-06-04 07:34:43,718:DEBUG:	UAS (w. punct) 0.89803	 LAS (w. punct) 0.88034
2019-06-04 07:34:43,722:INFO:	Epoch 16
2019-06-04 07:34:43,729:INFO:	=====================
2019-06-04 08:15:09,374:DEBUG:	Completed epoch 16 in 2425.6515448093414
2019-06-04 08:22:51,392:DEBUG:	UAS (wo. punct) 0.91058	 LAS (wo. punct) 0.89104
2019-06-04 08:22:51,397:DEBUG:	UAS (w. punct) 0.90044	 LAS (w. punct) 0.88319
2019-06-04 08:22:51,402:INFO:	Epoch 17
2019-06-04 08:22:51,405:INFO:	=====================
2019-06-04 09:03:14,488:DEBUG:	Completed epoch 17 in 2423.0856347084045
2019-06-04 09:10:48,053:DEBUG:	UAS (wo. punct) 0.90911	 LAS (wo. punct) 0.89038
2019-06-04 09:10:48,056:DEBUG:	UAS (w. punct) 0.89857	 LAS (w. punct) 0.88195
2019-06-04 09:10:48,059:INFO:	Epoch 18
2019-06-04 09:10:48,060:INFO:	=====================
2019-06-04 09:53:21,209:DEBUG:	Completed epoch 18 in 2553.1499133110046
2019-06-04 10:01:10,759:DEBUG:	UAS (wo. punct) 0.90952	 LAS (wo. punct) 0.89002
2019-06-04 10:01:10,764:DEBUG:	UAS (w. punct) 0.89916	 LAS (w. punct) 0.88191
2019-06-04 10:01:10,768:INFO:	Epoch 19
2019-06-04 10:01:10,772:INFO:	=====================
2019-06-04 10:42:10,630:DEBUG:	Completed epoch 19 in 2459.8615918159485
2019-06-04 10:49:59,635:DEBUG:	UAS (wo. punct) 0.90786	 LAS (wo. punct) 0.88807
2019-06-04 10:49:59,639:DEBUG:	UAS (w. punct) 0.89791	 LAS (w. punct) 0.88036
2019-06-04 10:49:59,649:INFO:	Epoch 20
2019-06-04 10:49:59,655:INFO:	=====================
2019-06-04 11:29:19,434:DEBUG:	Completed epoch 20 in 2359.784865140915
2019-06-04 11:42:29,134:DEBUG:	UAS (wo. punct) 0.91145	 LAS (wo. punct) 0.89218
2019-06-04 11:42:29,139:DEBUG:	UAS (w. punct) 0.90144	 LAS (w. punct) 0.88438
2019-06-04 11:42:29,143:INFO:	Epoch 21
2019-06-04 11:42:29,146:INFO:	=====================
2019-06-04 12:38:08,288:DEBUG:	Completed epoch 21 in 3339.1453659534454
2019-06-04 12:51:16,695:DEBUG:	UAS (wo. punct) 0.90947	 LAS (wo. punct) 0.88833
2019-06-04 12:51:16,700:DEBUG:	UAS (w. punct) 0.89861	 LAS (w. punct) 0.87983
2019-06-04 12:51:16,704:INFO:	Epoch 22
2019-06-04 12:51:16,707:INFO:	=====================
2019-06-04 13:50:31,777:DEBUG:	Completed epoch 22 in 3555.0726475715637
2019-06-04 14:05:41,923:DEBUG:	UAS (wo. punct) 0.90757	 LAS (wo. punct) 0.88725
2019-06-04 14:05:41,927:DEBUG:	UAS (w. punct) 0.89683	 LAS (w. punct) 0.8788
2019-06-04 14:05:41,930:INFO:	Epoch 23
2019-06-04 14:05:41,935:INFO:	=====================
2019-06-04 15:12:04,512:DEBUG:	Completed epoch 23 in 3982.5817925930023
2019-06-04 15:27:21,319:DEBUG:	UAS (wo. punct) 0.90644	 LAS (wo. punct) 0.88661
2019-06-04 15:27:21,325:DEBUG:	UAS (w. punct) 0.896	 LAS (w. punct) 0.87843
2019-06-04 15:27:21,330:INFO:	Epoch 24
2019-06-04 15:27:21,333:INFO:	=====================
2019-06-04 16:35:26,989:DEBUG:	Completed epoch 24 in 4085.658448457718
2019-06-04 16:50:53,912:DEBUG:	UAS (wo. punct) 0.90912	 LAS (wo. punct) 0.88854
2019-06-04 16:50:53,916:DEBUG:	UAS (w. punct) 0.89895	 LAS (w. punct) 0.8808
2019-06-04 16:50:53,925:INFO:	Epoch 25
2019-06-04 16:50:53,933:INFO:	=====================
2019-06-04 17:57:57,910:DEBUG:	Completed epoch 25 in 4023.9848113059998
2019-06-04 18:13:01,407:DEBUG:	UAS (wo. punct) 0.90766	 LAS (wo. punct) 0.88713
2019-06-04 18:13:01,413:DEBUG:	UAS (w. punct) 0.89748	 LAS (w. punct) 0.8794
2019-06-04 18:13:01,417:INFO:	Epoch 26
2019-06-04 18:13:01,425:INFO:	=====================
2019-06-04 19:12:45,951:DEBUG:	Completed epoch 26 in 3584.534034729004
2019-06-04 19:23:19,347:DEBUG:	UAS (wo. punct) 0.90882	 LAS (wo. punct) 0.88813
2019-06-04 19:23:19,353:DEBUG:	UAS (w. punct) 0.89822	 LAS (w. punct) 0.87999
2019-06-04 19:23:19,360:INFO:	Epoch 27
2019-06-04 19:23:19,363:INFO:	=====================
2019-06-04 20:11:29,719:DEBUG:	Completed epoch 27 in 2890.359156370163
2019-06-04 20:23:23,671:DEBUG:	UAS (wo. punct) 0.90934	 LAS (wo. punct) 0.88832
2019-06-04 20:23:23,680:DEBUG:	UAS (w. punct) 0.89895	 LAS (w. punct) 0.88031
2019-06-04 20:23:23,685:INFO:	Epoch 28
2019-06-04 20:23:23,688:INFO:	=====================
2019-06-04 21:22:54,012:DEBUG:	Completed epoch 28 in 3570.326641559601
2019-06-04 21:37:00,706:DEBUG:	UAS (wo. punct) 0.91008	 LAS (wo. punct) 0.88993
2019-06-04 21:37:01,166:DEBUG:	UAS (w. punct) 0.89921	 LAS (w. punct) 0.88141
2019-06-04 21:37:01,172:INFO:	Epoch 29
2019-06-04 21:37:01,178:INFO:	=====================
2019-06-04 22:29:45,399:DEBUG:	Completed epoch 29 in 3164.2269434928894
2019-06-04 22:41:41,212:DEBUG:	UAS (wo. punct) 0.90758	 LAS (wo. punct) 0.88751
2019-06-04 22:41:41,215:DEBUG:	UAS (w. punct) 0.89684	 LAS (w. punct) 0.87914
2019-06-04 22:41:41,217:INFO:	Epoch 30
2019-06-04 22:41:41,219:INFO:	=====================
2019-06-04 23:39:57,118:DEBUG:	Completed epoch 30 in 3495.901000022888
2019-06-04 23:55:53,069:DEBUG:	UAS (wo. punct) 0.90797	 LAS (wo. punct) 0.88792
2019-06-04 23:55:53,072:DEBUG:	UAS (w. punct) 0.89641	 LAS (w. punct) 0.87869
2019-06-04 23:55:53,076:DEBUG:	Finished at epoch 30
2019-06-04 23:55:53,160:INFO:	...Model trained
2019-06-04 23:55:53,163:INFO:	Model maxed on dev at epoch 6 
2019-06-04 23:56:40,654:DEBUG:	output file saved to /homedtic/lperez/UniParse/saved_models/1b/mini/output.out
2019-06-04 23:56:40,662:INFO:	{'uas': 0.90320808038517897, 'las': 0.88524440025120366, 'nopunct_uas': 0.91309994865134259, 'nopunct_las': 0.8927417162533603}
2019-06-04 23:56:40,663:INFO:	
2019-06-04 23:56:40,664:INFO:	--------------------------------------------------------
2019-06-04 23:56:40,667:INFO:	Test score: 0.913099948651 0.892741716253
2019-06-04 23:56:40,668:INFO:	--------------------------------------------------------
2019-06-04 23:56:40,669:INFO:	
