2019-06-03 23:09:28,935:INFO:	
2019-06-03 23:09:28,937:INFO:	
2019-06-03 23:09:28,937:INFO:	
2019-06-03 23:09:28,938:INFO:	===================================================================================================
2019-06-03 23:09:28,938:INFO:	kiperwasser_main
2019-06-03 23:09:28,938:INFO:	===================================================================================================
2019-06-03 23:09:28,939:INFO:	
2019-06-03 23:09:28,939:INFO:	
2019-06-03 23:09:28,939:INFO:	Arguments:
2019-06-03 23:09:28,940:INFO:	Namespace(batch_size=32, big_dataset=True, dev='/homedtic/lperez/datasets/1-billion-word-language-modeling-benchmark-r13output/conll_bpe_mini/1b_dev.bpe.conllu', dev_mode=False, do_training=True, embs=None, epochs=30, logging_file='/homedtic/lperez/UniParse/saved_models/1b/mini_2_gpu/logging.log', model_file='model_1b.bpe.mini.model', no_update_pretrained_emb=False, output_file='/homedtic/lperez/UniParse/saved_models/1b/mini_2_gpu/output.out', patience=-1, results_folder='/homedtic/lperez/UniParse/saved_models/1b/mini_2_gpu', tb_dest=None, test='/homedtic/lperez/datasets/1-billion-word-language-modeling-benchmark-r13output/conll_bpe_mini/1b_test.bpe.conllu', train='/homedtic/lperez/datasets/1-billion-word-language-modeling-benchmark-r13output/conll_bpe_mini/1b_train.bpe.conllu', vocab_file='vocab_1b.bpe.mini.pkl')
2019-06-03 23:09:28,940:INFO:	
2019-06-03 23:09:34,179:INFO:	> saving vocab to /homedtic/lperez/UniParse/saved_models/1b/mini_2_gpu/vocab_1b.bpe.mini.pkl
2019-06-03 23:09:34,195:INFO:	Training with big dataset; subset_size = 10000
2019-06-03 23:09:34,195:DEBUG:	Init training with big dataset (there is no dev mode)
2019-06-03 23:09:34,196:INFO:	tokenizing dev data ...
2019-06-03 23:09:36,041:INFO:	... tokenized dev data
2019-06-03 23:09:36,041:INFO:	creating model ...
2019-06-03 23:09:36,318:INFO:	... model created
2019-06-03 23:09:36,319:INFO:	creating ModelSaveCallback ...
2019-06-03 23:09:36,320:INFO:	saving model to /homedtic/lperez/UniParse/saved_models/1b/mini_2_gpu/model_1b.bpe.mini.model  (after step 0)
2019-06-03 23:09:36,320:INFO:	... ModelSaveCallback created
2019-06-03 23:09:36,321:INFO:	creating Model ...
2019-06-03 23:09:36,342:INFO:	... Model created
2019-06-03 23:09:36,343:INFO:	training Model ...
2019-06-03 23:09:36,343:DEBUG:	...Training without patience for exactly 30 epochs
2019-06-03 23:09:36,344:INFO:	Epoch 1
2019-06-03 23:09:36,345:INFO:	=====================
2019-06-03 23:17:29,034:DEBUG:	Completed epoch 1 in 472.68970823287964
2019-06-03 23:18:03,145:DEBUG:	UAS (wo. punct) 0.82759	 LAS (wo. punct) 0.79877
2019-06-03 23:18:03,146:DEBUG:	UAS (w. punct) 0.81267	 LAS (w. punct) 0.78689
2019-06-03 23:18:05,451:INFO:	saved to /homedtic/lperez/UniParse/saved_models/1b/mini_2_gpu/model_1b.bpe.mini.model
2019-06-03 23:18:05,452:INFO:	Epoch 2
2019-06-03 23:18:05,452:INFO:	=====================
2019-06-03 23:25:46,706:DEBUG:	Completed epoch 2 in 461.25472950935364
2019-06-03 23:26:17,810:DEBUG:	UAS (wo. punct) 0.88064	 LAS (wo. punct) 0.856
2019-06-03 23:26:17,811:DEBUG:	UAS (w. punct) 0.86975	 LAS (w. punct) 0.84774
2019-06-03 23:26:20,077:INFO:	saved to /homedtic/lperez/UniParse/saved_models/1b/mini_2_gpu/model_1b.bpe.mini.model
2019-06-03 23:26:20,078:INFO:	Epoch 3
2019-06-03 23:26:20,078:INFO:	=====================
2019-06-03 23:34:09,795:DEBUG:	Completed epoch 3 in 469.7170648574829
2019-06-03 23:34:41,374:DEBUG:	UAS (wo. punct) 0.89505	 LAS (wo. punct) 0.87465
2019-06-03 23:34:41,375:DEBUG:	UAS (w. punct) 0.88459	 LAS (w. punct) 0.86631
2019-06-03 23:34:43,616:INFO:	saved to /homedtic/lperez/UniParse/saved_models/1b/mini_2_gpu/model_1b.bpe.mini.model
2019-06-03 23:34:43,617:INFO:	Epoch 4
2019-06-03 23:34:43,618:INFO:	=====================
2019-06-03 23:42:27,563:DEBUG:	Completed epoch 4 in 463.9461648464203
2019-06-03 23:42:58,934:DEBUG:	UAS (wo. punct) 0.90077	 LAS (wo. punct) 0.88179
2019-06-03 23:42:58,935:DEBUG:	UAS (w. punct) 0.89045	 LAS (w. punct) 0.87346
2019-06-03 23:43:01,249:INFO:	saved to /homedtic/lperez/UniParse/saved_models/1b/mini_2_gpu/model_1b.bpe.mini.model
2019-06-03 23:43:01,250:INFO:	Epoch 5
2019-06-03 23:43:01,251:INFO:	=====================
2019-06-03 23:50:54,203:DEBUG:	Completed epoch 5 in 472.95335936546326
2019-06-03 23:51:27,703:DEBUG:	UAS (wo. punct) 0.90346	 LAS (wo. punct) 0.88356
2019-06-03 23:51:27,704:DEBUG:	UAS (w. punct) 0.89337	 LAS (w. punct) 0.87561
2019-06-03 23:51:29,925:INFO:	saved to /homedtic/lperez/UniParse/saved_models/1b/mini_2_gpu/model_1b.bpe.mini.model
2019-06-03 23:51:29,926:INFO:	Epoch 6
2019-06-03 23:51:29,926:INFO:	=====================
2019-06-03 23:59:25,909:DEBUG:	Completed epoch 6 in 475.9834508895874
2019-06-04 00:04:23,886:DEBUG:	UAS (wo. punct) 0.90324	 LAS (wo. punct) 0.88448
2019-06-04 00:04:23,888:DEBUG:	UAS (w. punct) 0.89353	 LAS (w. punct) 0.87674
2019-06-04 00:04:23,889:INFO:	Epoch 7
2019-06-04 00:04:23,891:INFO:	=====================
2019-06-04 00:25:57,599:DEBUG:	Completed epoch 7 in 1293.7093720436096
2019-06-04 00:30:55,638:DEBUG:	UAS (wo. punct) 0.9004	 LAS (wo. punct) 0.87662
2019-06-04 00:30:55,640:DEBUG:	UAS (w. punct) 0.88853	 LAS (w. punct) 0.86733
2019-06-04 00:30:55,641:INFO:	Epoch 8
2019-06-04 00:30:55,642:INFO:	=====================
2019-06-04 00:52:24,956:DEBUG:	Completed epoch 8 in 1289.315468788147
2019-06-04 00:57:25,321:DEBUG:	UAS (wo. punct) 0.90609	 LAS (wo. punct) 0.88526
2019-06-04 00:57:25,324:DEBUG:	UAS (w. punct) 0.89613	 LAS (w. punct) 0.87756
2019-06-04 00:57:27,690:INFO:	saved to /homedtic/lperez/UniParse/saved_models/1b/mini_2_gpu/model_1b.bpe.mini.model
2019-06-04 00:57:27,691:INFO:	Epoch 9
2019-06-04 00:57:27,692:INFO:	=====================
2019-06-04 01:19:11,558:DEBUG:	Completed epoch 9 in 1303.866858959198
2019-06-04 01:24:24,722:DEBUG:	UAS (wo. punct) 0.90662	 LAS (wo. punct) 0.88667
2019-06-04 01:24:24,724:DEBUG:	UAS (w. punct) 0.89644	 LAS (w. punct) 0.87881
2019-06-04 01:24:27,041:INFO:	saved to /homedtic/lperez/UniParse/saved_models/1b/mini_2_gpu/model_1b.bpe.mini.model
2019-06-04 01:24:27,042:INFO:	Epoch 10
2019-06-04 01:24:27,042:INFO:	=====================
2019-06-04 01:46:54,318:DEBUG:	Completed epoch 10 in 1347.2765445709229
2019-06-04 01:52:06,868:DEBUG:	UAS (wo. punct) 0.90751	 LAS (wo. punct) 0.88697
2019-06-04 01:52:06,870:DEBUG:	UAS (w. punct) 0.89732	 LAS (w. punct) 0.87913
2019-06-04 01:52:09,178:INFO:	saved to /homedtic/lperez/UniParse/saved_models/1b/mini_2_gpu/model_1b.bpe.mini.model
2019-06-04 01:52:09,179:INFO:	Epoch 11
2019-06-04 01:52:09,180:INFO:	=====================
2019-06-04 02:14:49,225:DEBUG:	Completed epoch 11 in 1360.04545545578
2019-06-04 02:20:02,296:DEBUG:	UAS (wo. punct) 0.91037	 LAS (wo. punct) 0.89011
2019-06-04 02:20:02,298:DEBUG:	UAS (w. punct) 0.8999	 LAS (w. punct) 0.88198
2019-06-04 02:20:04,560:INFO:	saved to /homedtic/lperez/UniParse/saved_models/1b/mini_2_gpu/model_1b.bpe.mini.model
2019-06-04 02:20:04,561:INFO:	Epoch 12
2019-06-04 02:20:04,561:INFO:	=====================
2019-06-04 02:42:40,146:DEBUG:	Completed epoch 12 in 1355.5854625701904
2019-06-04 02:47:51,990:DEBUG:	UAS (wo. punct) 0.90896	 LAS (wo. punct) 0.88721
2019-06-04 02:47:51,992:DEBUG:	UAS (w. punct) 0.89884	 LAS (w. punct) 0.87962
2019-06-04 02:47:51,993:INFO:	Epoch 13
2019-06-04 02:47:51,994:INFO:	=====================
2019-06-04 03:10:37,053:DEBUG:	Completed epoch 13 in 1365.0606207847595
2019-06-04 03:15:51,406:DEBUG:	UAS (wo. punct) 0.90782	 LAS (wo. punct) 0.88663
2019-06-04 03:15:51,407:DEBUG:	UAS (w. punct) 0.89664	 LAS (w. punct) 0.87795
2019-06-04 03:15:51,409:INFO:	Epoch 14
2019-06-04 03:15:51,410:INFO:	=====================
2019-06-04 03:38:23,235:DEBUG:	Completed epoch 14 in 1351.826063632965
2019-06-04 03:43:36,104:DEBUG:	UAS (wo. punct) 0.90773	 LAS (wo. punct) 0.88746
2019-06-04 03:43:36,106:DEBUG:	UAS (w. punct) 0.8964	 LAS (w. punct) 0.87853
2019-06-04 03:43:36,109:INFO:	Epoch 15
2019-06-04 03:43:36,111:INFO:	=====================
2019-06-04 04:06:01,796:DEBUG:	Completed epoch 15 in 1345.6865119934082
2019-06-04 04:11:12,224:DEBUG:	UAS (wo. punct) 0.90838	 LAS (wo. punct) 0.88725
2019-06-04 04:11:12,226:DEBUG:	UAS (w. punct) 0.89766	 LAS (w. punct) 0.87907
2019-06-04 04:11:12,228:INFO:	Epoch 16
2019-06-04 04:11:12,229:INFO:	=====================
2019-06-04 04:33:52,026:DEBUG:	Completed epoch 16 in 1359.797978401184
2019-06-04 04:39:07,817:DEBUG:	UAS (wo. punct) 0.90703	 LAS (wo. punct) 0.8867
2019-06-04 04:39:07,820:DEBUG:	UAS (w. punct) 0.89654	 LAS (w. punct) 0.87859
2019-06-04 04:39:07,821:INFO:	Epoch 17
2019-06-04 04:39:07,822:INFO:	=====================
2019-06-04 05:01:41,034:DEBUG:	Completed epoch 17 in 1353.2124450206757
2019-06-04 05:06:49,863:DEBUG:	UAS (wo. punct) 0.90622	 LAS (wo. punct) 0.88461
2019-06-04 05:06:49,866:DEBUG:	UAS (w. punct) 0.89584	 LAS (w. punct) 0.8768
2019-06-04 05:06:49,867:INFO:	Epoch 18
2019-06-04 05:06:49,869:INFO:	=====================
2019-06-04 05:29:12,227:DEBUG:	Completed epoch 18 in 1342.3598001003265
2019-06-04 05:34:33,456:DEBUG:	UAS (wo. punct) 0.90725	 LAS (wo. punct) 0.88729
2019-06-04 05:34:33,458:DEBUG:	UAS (w. punct) 0.89586	 LAS (w. punct) 0.87824
2019-06-04 05:34:33,461:INFO:	Epoch 19
2019-06-04 05:34:33,463:INFO:	=====================
2019-06-04 05:59:15,216:DEBUG:	Completed epoch 19 in 1481.7554128170013
2019-06-04 06:05:04,276:DEBUG:	UAS (wo. punct) 0.90712	 LAS (wo. punct) 0.8871
2019-06-04 06:05:04,278:DEBUG:	UAS (w. punct) 0.89697	 LAS (w. punct) 0.8793
2019-06-04 06:05:04,281:INFO:	Epoch 20
2019-06-04 06:05:04,284:INFO:	=====================
2019-06-04 06:29:54,538:DEBUG:	Completed epoch 20 in 1490.2568564414978
2019-06-04 06:35:44,760:DEBUG:	UAS (wo. punct) 0.90846	 LAS (wo. punct) 0.88853
2019-06-04 06:35:44,765:DEBUG:	UAS (w. punct) 0.89755	 LAS (w. punct) 0.87999
2019-06-04 06:35:44,767:INFO:	Epoch 21
2019-06-04 06:35:44,769:INFO:	=====================
2019-06-04 07:00:30,909:DEBUG:	Completed epoch 21 in 1486.142106294632
2019-06-04 07:06:25,539:DEBUG:	UAS (wo. punct) 0.90703	 LAS (wo. punct) 0.88657
2019-06-04 07:06:25,542:DEBUG:	UAS (w. punct) 0.89613	 LAS (w. punct) 0.87808
2019-06-04 07:06:25,545:INFO:	Epoch 22
2019-06-04 07:06:25,547:INFO:	=====================
2019-06-04 07:31:26,125:DEBUG:	Completed epoch 22 in 1500.5802738666534
2019-06-04 07:37:22,749:DEBUG:	UAS (wo. punct) 0.90725	 LAS (wo. punct) 0.8874
2019-06-04 07:37:22,752:DEBUG:	UAS (w. punct) 0.89679	 LAS (w. punct) 0.87927
2019-06-04 07:37:22,755:INFO:	Epoch 23
2019-06-04 07:37:22,756:INFO:	=====================
2019-06-04 08:02:18,473:DEBUG:	Completed epoch 23 in 1495.7187094688416
2019-06-04 08:08:16,683:DEBUG:	UAS (wo. punct) 0.90724	 LAS (wo. punct) 0.8873
2019-06-04 08:08:16,685:DEBUG:	UAS (w. punct) 0.89692	 LAS (w. punct) 0.8793
2019-06-04 08:08:16,687:INFO:	Epoch 24
2019-06-04 08:08:16,690:INFO:	=====================
2019-06-04 08:33:24,392:DEBUG:	Completed epoch 24 in 1507.7045567035675
2019-06-04 08:39:25,453:DEBUG:	UAS (wo. punct) 0.90613	 LAS (wo. punct) 0.88614
2019-06-04 08:39:25,457:DEBUG:	UAS (w. punct) 0.89555	 LAS (w. punct) 0.87798
2019-06-04 08:39:25,459:INFO:	Epoch 25
2019-06-04 08:39:25,461:INFO:	=====================
2019-06-04 09:04:29,784:DEBUG:	Completed epoch 25 in 1504.3248596191406
2019-06-04 09:10:27,068:DEBUG:	UAS (wo. punct) 0.90714	 LAS (wo. punct) 0.88654
2019-06-04 09:10:27,071:DEBUG:	UAS (w. punct) 0.89607	 LAS (w. punct) 0.87796
2019-06-04 09:10:27,073:INFO:	Epoch 26
2019-06-04 09:10:27,075:INFO:	=====================
2019-06-04 09:35:54,615:DEBUG:	Completed epoch 26 in 1527.541265487671
2019-06-04 09:41:54,718:DEBUG:	UAS (wo. punct) 0.90683	 LAS (wo. punct) 0.88601
2019-06-04 09:41:54,721:DEBUG:	UAS (w. punct) 0.89654	 LAS (w. punct) 0.87813
2019-06-04 09:41:54,723:INFO:	Epoch 27
2019-06-04 09:41:54,726:INFO:	=====================
2019-06-04 10:07:06,696:DEBUG:	Completed epoch 27 in 1511.9730014801025
2019-06-04 10:13:05,521:DEBUG:	UAS (wo. punct) 0.90834	 LAS (wo. punct) 0.88781
2019-06-04 10:13:05,524:DEBUG:	UAS (w. punct) 0.89751	 LAS (w. punct) 0.87936
2019-06-04 10:13:05,527:INFO:	Epoch 28
2019-06-04 10:13:05,529:INFO:	=====================
2019-06-04 10:38:15,372:DEBUG:	Completed epoch 28 in 1509.8457129001617
2019-06-04 10:44:16,411:DEBUG:	UAS (wo. punct) 0.90881	 LAS (wo. punct) 0.88831
2019-06-04 10:44:16,413:DEBUG:	UAS (w. punct) 0.89759	 LAS (w. punct) 0.87949
2019-06-04 10:44:16,416:INFO:	Epoch 29
2019-06-04 10:44:16,418:INFO:	=====================
2019-06-04 11:09:29,293:DEBUG:	Completed epoch 29 in 1512.8770554065704
2019-06-04 11:15:30,105:DEBUG:	UAS (wo. punct) 0.90679	 LAS (wo. punct) 0.88668
2019-06-04 11:15:30,108:DEBUG:	UAS (w. punct) 0.89569	 LAS (w. punct) 0.87795
2019-06-04 11:15:30,111:INFO:	Epoch 30
2019-06-04 11:15:30,113:INFO:	=====================
2019-06-04 11:40:33,958:DEBUG:	Completed epoch 30 in 1503.8471858501434
2019-06-04 11:46:36,854:DEBUG:	UAS (wo. punct) 0.90679	 LAS (wo. punct) 0.88665
2019-06-04 11:46:36,857:DEBUG:	UAS (w. punct) 0.89589	 LAS (w. punct) 0.87812
2019-06-04 11:46:36,859:DEBUG:	Finished at epoch 30
2019-06-04 11:46:36,924:INFO:	...Model trained
2019-06-04 11:46:36,926:INFO:	Model maxed on dev at epoch 11 
2019-06-04 11:46:57,952:DEBUG:	output file saved to /homedtic/lperez/UniParse/saved_models/1b/mini_2_gpu/output.out
2019-06-04 11:46:57,955:INFO:	{'uas': 0.90074837764287208, 'las': 0.88232677412602056, 'nopunct_uas': 0.91151418129096562, 'nopunct_las': 0.89064246231914701}
2019-06-04 11:46:57,956:INFO:	
2019-06-04 11:46:57,957:INFO:	--------------------------------------------------------
2019-06-04 11:46:57,958:INFO:	Test score: 0.911514181291 0.890642462319
2019-06-04 11:46:57,959:INFO:	--------------------------------------------------------
2019-06-04 11:46:57,960:INFO:	
