2019-03-15 15:27:57,218:INFO:	
2019-03-15 15:27:57,218:INFO:	
2019-03-15 15:27:57,218:INFO:	
2019-03-15 15:27:57,218:INFO:	===================================================================================================
2019-03-15 15:27:57,218:INFO:	kiperwasser_main
2019-03-15 15:27:57,218:INFO:	===================================================================================================
2019-03-15 15:27:57,218:INFO:	
2019-03-15 15:27:57,218:INFO:	
2019-03-15 15:27:57,218:INFO:	Arguments:
2019-03-15 15:27:57,218:INFO:	Namespace(batch_size=32, dev='/home/lpmayos/code/UniParse/datasets/PTB_SD_3_3_0/dev.gold.conll', dev_mode=False, do_training=True, embs=None, epochs=30, logging_file='logging.log', model_file='model.model', no_update_pretrained_emb=False, output_file='prova.output', patience=-1, results_folder='/home/lpmayos/code/UniParse/saved_models/kiperwasser_en_ptb', tb_dest=None, test='/home/lpmayos/code/UniParse/datasets/PTB_SD_3_3_0/test.gold.conll', train='/home/lpmayos/code/UniParse/datasets/PTB_SD_3_3_0/train.gold.conll', vocab_file='vocab.pkl')
2019-03-15 15:27:57,218:INFO:	
2019-03-15 15:28:01,208:INFO:	> saving vocab to /home/lpmayos/code/UniParse/saved_models/kiperwasser_en_ptb/vocab.pkl
2019-03-15 15:28:01,214:DEBUG:	Init training
2019-03-15 15:28:01,214:INFO:	>> Loading in data
2019-03-15 15:28:07,384:INFO:	saving model to /home/lpmayos/code/UniParse/saved_models/kiperwasser_en_ptb/model.model  (after step 0)
2019-03-15 15:28:07,385:DEBUG:	...Training without patience for exactly 30 epochs
2019-03-15 15:28:08,790:INFO:	Epoch 1
2019-03-15 15:28:08,790:INFO:	=====================
2019-03-15 15:34:51,764:DEBUG:	Completed epoch 1 in 402.97443175315857
2019-03-15 15:34:56,636:DEBUG:	UAS (wo. punct) 0.91311	 LAS (wo. punct) 0.89361
2019-03-15 15:34:56,636:DEBUG:	UAS (w. punct) 0.90313	 LAS (w. punct) 0.88563
2019-03-15 15:34:58,053:INFO:	saved to /home/lpmayos/code/UniParse/saved_models/kiperwasser_en_ptb/model.model
2019-03-15 15:34:58,054:INFO:	Epoch 2
2019-03-15 15:34:58,054:INFO:	=====================
2019-03-15 15:41:24,023:DEBUG:	Completed epoch 2 in 385.96990966796875
2019-03-15 15:41:28,904:DEBUG:	UAS (wo. punct) 0.92625	 LAS (wo. punct) 0.90936
2019-03-15 15:41:28,904:DEBUG:	UAS (w. punct) 0.91774	 LAS (w. punct) 0.90249
2019-03-15 15:41:30,355:INFO:	saved to /home/lpmayos/code/UniParse/saved_models/kiperwasser_en_ptb/model.model
2019-03-15 15:41:30,356:INFO:	Epoch 3
2019-03-15 15:41:30,356:INFO:	=====================
2019-03-15 15:48:16,710:DEBUG:	Completed epoch 3 in 406.3544170856476
2019-03-15 15:48:22,611:DEBUG:	UAS (wo. punct) 0.93444	 LAS (wo. punct) 0.91867
2019-03-15 15:48:22,611:DEBUG:	UAS (w. punct) 0.92699	 LAS (w. punct) 0.91285
2019-03-15 15:48:24,429:INFO:	saved to /home/lpmayos/code/UniParse/saved_models/kiperwasser_en_ptb/model.model
2019-03-15 15:48:24,430:INFO:	Epoch 4
2019-03-15 15:48:24,430:INFO:	=====================
2019-03-15 15:55:08,804:DEBUG:	Completed epoch 4 in 404.3755123615265
2019-03-15 15:55:13,665:DEBUG:	UAS (wo. punct) 0.93571	 LAS (wo. punct) 0.9201
2019-03-15 15:55:13,665:DEBUG:	UAS (w. punct) 0.92871	 LAS (w. punct) 0.9148
2019-03-15 15:55:15,080:INFO:	saved to /home/lpmayos/code/UniParse/saved_models/kiperwasser_en_ptb/model.model
2019-03-15 15:55:15,080:INFO:	Epoch 5
2019-03-15 15:55:15,081:INFO:	=====================
2019-03-15 16:01:57,416:DEBUG:	Completed epoch 5 in 402.33558988571167
2019-03-15 16:02:02,964:DEBUG:	UAS (wo. punct) 0.93647	 LAS (wo. punct) 0.92143
2019-03-15 16:02:02,964:DEBUG:	UAS (w. punct) 0.92936	 LAS (w. punct) 0.91602
2019-03-15 16:02:04,548:INFO:	saved to /home/lpmayos/code/UniParse/saved_models/kiperwasser_en_ptb/model.model
2019-03-15 16:02:04,549:INFO:	Epoch 6
2019-03-15 16:02:04,549:INFO:	=====================
2019-03-15 16:09:00,187:DEBUG:	Completed epoch 6 in 415.6381618976593
2019-03-15 16:09:05,400:DEBUG:	UAS (wo. punct) 0.9361	 LAS (wo. punct) 0.92081
2019-03-15 16:09:05,401:DEBUG:	UAS (w. punct) 0.92903	 LAS (w. punct) 0.9155
2019-03-15 16:09:05,401:INFO:	Epoch 7
2019-03-15 16:09:05,401:INFO:	=====================
2019-03-15 16:15:54,045:DEBUG:	Completed epoch 7 in 408.644727230072
2019-03-15 16:15:59,164:DEBUG:	UAS (wo. punct) 0.93627	 LAS (wo. punct) 0.92044
2019-03-15 16:15:59,165:DEBUG:	UAS (w. punct) 0.92804	 LAS (w. punct) 0.91403
2019-03-15 16:15:59,165:INFO:	Epoch 8
2019-03-15 16:15:59,165:INFO:	=====================
2019-03-15 16:22:58,246:DEBUG:	Completed epoch 8 in 419.081538438797
2019-03-15 16:23:03,259:DEBUG:	UAS (wo. punct) 0.93621	 LAS (wo. punct) 0.92109
2019-03-15 16:23:03,259:DEBUG:	UAS (w. punct) 0.92843	 LAS (w. punct) 0.91497
2019-03-15 16:23:03,260:INFO:	Epoch 9
2019-03-15 16:23:03,260:INFO:	=====================
2019-03-15 16:29:37,466:DEBUG:	Completed epoch 9 in 394.20650839805603
2019-03-15 16:29:43,398:DEBUG:	UAS (wo. punct) 0.93435	 LAS (wo. punct) 0.91948
2019-03-15 16:29:43,399:DEBUG:	UAS (w. punct) 0.92651	 LAS (w. punct) 0.91325
2019-03-15 16:29:43,399:INFO:	Epoch 10
2019-03-15 16:29:43,399:INFO:	=====================
2019-03-15 16:36:26,803:DEBUG:	Completed epoch 10 in 403.4044291973114
2019-03-15 16:36:31,689:DEBUG:	UAS (wo. punct) 0.93686	 LAS (wo. punct) 0.92061
2019-03-15 16:36:31,689:DEBUG:	UAS (w. punct) 0.92978	 LAS (w. punct) 0.91532
2019-03-15 16:36:33,092:INFO:	saved to /home/lpmayos/code/UniParse/saved_models/kiperwasser_en_ptb/model.model
2019-03-15 16:36:33,093:INFO:	Epoch 11
2019-03-15 16:36:33,093:INFO:	=====================
2019-03-15 16:43:31,035:DEBUG:	Completed epoch 11 in 417.9428915977478
2019-03-15 16:43:36,432:DEBUG:	UAS (wo. punct) 0.93534	 LAS (wo. punct) 0.9192
2019-03-15 16:43:36,432:DEBUG:	UAS (w. punct) 0.92779	 LAS (w. punct) 0.91335
2019-03-15 16:43:36,433:INFO:	Epoch 12
2019-03-15 16:43:36,433:INFO:	=====================
2019-03-15 16:50:02,379:DEBUG:	Completed epoch 12 in 385.94656801223755
2019-03-15 16:50:07,429:DEBUG:	UAS (wo. punct) 0.935	 LAS (wo. punct) 0.91886
2019-03-15 16:50:07,429:DEBUG:	UAS (w. punct) 0.92796	 LAS (w. punct) 0.91363
2019-03-15 16:50:07,430:INFO:	Epoch 13
2019-03-15 16:50:07,430:INFO:	=====================
2019-03-15 16:56:40,114:DEBUG:	Completed epoch 13 in 392.6848073005676
2019-03-15 16:56:44,972:DEBUG:	UAS (wo. punct) 0.93441	 LAS (wo. punct) 0.91869
2019-03-15 16:56:44,972:DEBUG:	UAS (w. punct) 0.92669	 LAS (w. punct) 0.91276
2019-03-15 16:56:44,972:INFO:	Epoch 14
2019-03-15 16:56:44,972:INFO:	=====================
2019-03-15 17:03:20,812:DEBUG:	Completed epoch 14 in 395.83994364738464
2019-03-15 17:03:26,193:DEBUG:	UAS (wo. punct) 0.93317	 LAS (wo. punct) 0.9174
2019-03-15 17:03:26,193:DEBUG:	UAS (w. punct) 0.92574	 LAS (w. punct) 0.91176
2019-03-15 17:03:26,193:INFO:	Epoch 15
2019-03-15 17:03:26,193:INFO:	=====================
2019-03-15 17:10:21,629:DEBUG:	Completed epoch 15 in 415.43597054481506
2019-03-15 17:10:26,486:DEBUG:	UAS (wo. punct) 0.93223	 LAS (wo. punct) 0.91545
2019-03-15 17:10:26,487:DEBUG:	UAS (w. punct) 0.9247	 LAS (w. punct) 0.90974
2019-03-15 17:10:26,487:INFO:	Epoch 16
2019-03-15 17:10:26,487:INFO:	=====================
2019-03-15 17:17:13,570:DEBUG:	Completed epoch 16 in 407.08334970474243
2019-03-15 17:17:18,476:DEBUG:	UAS (wo. punct) 0.93421	 LAS (wo. punct) 0.91714
2019-03-15 17:17:18,476:DEBUG:	UAS (w. punct) 0.92642	 LAS (w. punct) 0.91126
2019-03-15 17:17:18,477:INFO:	Epoch 17
2019-03-15 17:17:18,477:INFO:	=====================
2019-03-15 17:23:45,167:DEBUG:	Completed epoch 17 in 386.69055223464966
2019-03-15 17:23:50,096:DEBUG:	UAS (wo. punct) 0.93249	 LAS (wo. punct) 0.91559
2019-03-15 17:23:50,096:DEBUG:	UAS (w. punct) 0.92494	 LAS (w. punct) 0.90969
2019-03-15 17:23:50,097:INFO:	Epoch 18
2019-03-15 17:23:50,097:INFO:	=====================
2019-03-15 17:30:16,605:DEBUG:	Completed epoch 18 in 386.5090334415436
2019-03-15 17:30:21,586:DEBUG:	UAS (wo. punct) 0.93269	 LAS (wo. punct) 0.91545
2019-03-15 17:30:21,586:DEBUG:	UAS (w. punct) 0.92455	 LAS (w. punct) 0.90914
2019-03-15 17:30:21,587:INFO:	Epoch 19
2019-03-15 17:30:21,587:INFO:	=====================
2019-03-15 17:36:47,944:DEBUG:	Completed epoch 19 in 386.3573212623596
2019-03-15 17:36:52,928:DEBUG:	UAS (wo. punct) 0.93297	 LAS (wo. punct) 0.91638
2019-03-15 17:36:52,928:DEBUG:	UAS (w. punct) 0.92517	 LAS (w. punct) 0.91041
2019-03-15 17:36:52,929:INFO:	Epoch 20
2019-03-15 17:36:52,929:INFO:	=====================
2019-03-15 17:43:17,042:DEBUG:	Completed epoch 20 in 384.11344718933105
2019-03-15 17:43:22,089:DEBUG:	UAS (wo. punct) 0.93356	 LAS (wo. punct) 0.91579
2019-03-15 17:43:22,089:DEBUG:	UAS (w. punct) 0.92584	 LAS (w. punct) 0.91001
2019-03-15 17:43:22,090:INFO:	Epoch 21
2019-03-15 17:43:22,090:INFO:	=====================
2019-03-15 17:49:46,054:DEBUG:	Completed epoch 21 in 383.96507024765015
2019-03-15 17:49:51,240:DEBUG:	UAS (wo. punct) 0.93139	 LAS (wo. punct) 0.91359
2019-03-15 17:49:51,240:DEBUG:	UAS (w. punct) 0.923	 LAS (w. punct) 0.9072
2019-03-15 17:49:51,241:INFO:	Epoch 22
2019-03-15 17:49:51,241:INFO:	=====================
2019-03-15 17:56:08,418:DEBUG:	Completed epoch 22 in 377.1779179573059
2019-03-15 17:56:13,270:DEBUG:	UAS (wo. punct) 0.93302	 LAS (wo. punct) 0.91559
2019-03-15 17:56:13,271:DEBUG:	UAS (w. punct) 0.92544	 LAS (w. punct) 0.90996
2019-03-15 17:56:13,271:INFO:	Epoch 23
2019-03-15 17:56:13,271:INFO:	=====================
2019-03-15 18:02:33,070:DEBUG:	Completed epoch 23 in 379.7995855808258
2019-03-15 18:02:37,913:DEBUG:	UAS (wo. punct) 0.92933	 LAS (wo. punct) 0.91167
2019-03-15 18:02:37,913:DEBUG:	UAS (w. punct) 0.92185	 LAS (w. punct) 0.90605
2019-03-15 18:02:37,914:INFO:	Epoch 24
2019-03-15 18:02:37,914:INFO:	=====================
2019-03-15 18:08:53,466:DEBUG:	Completed epoch 24 in 375.5530688762665
2019-03-15 18:08:58,460:DEBUG:	UAS (wo. punct) 0.93139	 LAS (wo. punct) 0.91505
2019-03-15 18:08:58,460:DEBUG:	UAS (w. punct) 0.92367	 LAS (w. punct) 0.90914
2019-03-15 18:08:58,461:INFO:	Epoch 25
2019-03-15 18:08:58,461:INFO:	=====================
2019-03-15 18:15:30,874:DEBUG:	Completed epoch 25 in 392.41399359703064
2019-03-15 18:15:36,288:DEBUG:	UAS (wo. punct) 0.93204	 LAS (wo. punct) 0.91429
2019-03-15 18:15:36,288:DEBUG:	UAS (w. punct) 0.92437	 LAS (w. punct) 0.90852
2019-03-15 18:15:36,288:INFO:	Epoch 26
2019-03-15 18:15:36,288:INFO:	=====================
2019-03-15 18:22:24,369:DEBUG:	Completed epoch 26 in 408.08167600631714
2019-03-15 18:22:29,830:DEBUG:	UAS (wo. punct) 0.93094	 LAS (wo. punct) 0.91283
2019-03-15 18:22:29,830:DEBUG:	UAS (w. punct) 0.9232	 LAS (w. punct) 0.9071
2019-03-15 18:22:29,830:INFO:	Epoch 27
2019-03-15 18:22:29,830:INFO:	=====================
2019-03-15 18:29:10,311:DEBUG:	Completed epoch 27 in 400.4811840057373
2019-03-15 18:29:17,875:DEBUG:	UAS (wo. punct) 0.93156	 LAS (wo. punct) 0.91376
2019-03-15 18:29:17,875:DEBUG:	UAS (w. punct) 0.92385	 LAS (w. punct) 0.90807
2019-03-15 18:29:17,876:INFO:	Epoch 28
2019-03-15 18:29:17,876:INFO:	=====================
2019-03-15 18:36:10,014:DEBUG:	Completed epoch 28 in 412.1385712623596
2019-03-15 18:36:15,104:DEBUG:	UAS (wo. punct) 0.93221	 LAS (wo. punct) 0.91463
2019-03-15 18:36:15,104:DEBUG:	UAS (w. punct) 0.92382	 LAS (w. punct) 0.90822
2019-03-15 18:36:15,105:INFO:	Epoch 29
2019-03-15 18:36:15,105:INFO:	=====================
2019-03-15 18:43:05,068:DEBUG:	Completed epoch 29 in 409.9638741016388
2019-03-15 18:43:10,140:DEBUG:	UAS (wo. punct) 0.93049	 LAS (wo. punct) 0.91316
2019-03-15 18:43:10,140:DEBUG:	UAS (w. punct) 0.9232	 LAS (w. punct) 0.90779
2019-03-15 18:43:10,141:INFO:	Epoch 30
2019-03-15 18:43:10,141:INFO:	=====================
2019-03-15 18:49:44,236:DEBUG:	Completed epoch 30 in 394.0951917171478
2019-03-15 18:49:49,326:DEBUG:	UAS (wo. punct) 0.93142	 LAS (wo. punct) 0.91251
2019-03-15 18:49:49,326:DEBUG:	UAS (w. punct) 0.92375	 LAS (w. punct) 0.90692
2019-03-15 18:49:49,326:DEBUG:	Finished at epoch 30
2019-03-15 18:49:49,331:INFO:	Model maxed on dev at epoch 10 
2019-03-15 18:49:59,328:DEBUG:	output file saved to /home/lpmayos/code/UniParse/saved_models/kiperwasser_en_ptb/prova.output
2019-03-15 18:49:59,329:INFO:	{'uas': 0.9301390163008962, 'las': 0.9166255027873826, 'nopunct_uas': 0.9365285751435258, 'nopunct_las': 0.9213858494529015}
2019-03-15 18:49:59,329:INFO:	
2019-03-15 18:49:59,329:INFO:	--------------------------------------------------------
2019-03-15 18:49:59,329:INFO:	Test score: 0.9365285751435258 0.9213858494529015
2019-03-15 18:49:59,329:INFO:	--------------------------------------------------------
2019-03-15 18:49:59,329:INFO:	
