2019-05-02 18:29:50,763:INFO:	
2019-05-02 18:29:50,765:INFO:	
2019-05-02 18:29:50,767:INFO:	
2019-05-02 18:29:50,768:INFO:	===================================================================================================
2019-05-02 18:29:50,771:INFO:	kiperwasser_main
2019-05-02 18:29:50,772:INFO:	===================================================================================================
2019-05-02 18:29:50,773:INFO:	
2019-05-02 18:29:50,774:INFO:	
2019-05-02 18:29:50,775:INFO:	Arguments:
2019-05-02 18:29:50,775:INFO:	Namespace(batch_size=32, big_dataset=True, dev='/homedtic/lperez/UniParse/datasets/PTB_SD_3_3_0/dev.gold.bpe.conll', dev_mode=False, do_training=True, embs=None, epochs=30, logging_file='logging.log', model_file='model_bpe.model', no_update_pretrained_emb=False, output_file='output_ptb_bpe.output', patience=-1, results_folder='/homedtic/lperez/UniParse/saved_models/kiperwasser_en_ptb_BPE_by_sets', tb_dest=None, test='/homedtic/lperez/UniParse/datasets/PTB_SD_3_3_0/test.gold.bpe.conll', train='/homedtic/lperez/UniParse/datasets/PTB_SD_3_3_0/train.gold.bpe.conll', vocab_file='vocab_bpe.pkl')
2019-05-02 18:29:50,776:INFO:	
2019-05-02 18:30:18,174:INFO:	> saving vocab to /homedtic/lperez/UniParse/saved_models/kiperwasser_en_ptb_BPE_by_sets/vocab_bpe.pkl
2019-05-02 18:30:18,281:INFO:	Training with big dataset; subset_size = 10000
2019-05-02 18:30:18,284:DEBUG:	Init training with big dataset (there is no dev mode)
2019-05-02 18:30:18,286:INFO:	tokenizing dev data ...
2019-05-02 18:30:20,194:INFO:	... tokenized dev data
2019-05-02 18:30:20,195:INFO:	creating model ...
2019-05-02 18:30:20,322:INFO:	... model created
2019-05-02 18:30:20,328:INFO:	creating ModelSaveCallback ...
2019-05-02 18:30:20,333:INFO:	saving model to /homedtic/lperez/UniParse/saved_models/kiperwasser_en_ptb_BPE_by_sets/model_bpe.model  (after step 0)
2019-05-02 18:30:20,336:INFO:	... ModelSaveCallback created
2019-05-02 18:30:20,337:INFO:	creating Model ...
2019-05-02 18:30:20,424:INFO:	... Model created
2019-05-02 18:30:20,425:INFO:	training Model ...
2019-05-02 18:30:20,427:DEBUG:	...Training without patience for exactly 30 epochs
2019-05-02 18:30:20,429:INFO:	Epoch 1
2019-05-02 18:30:20,431:INFO:	=====================
2019-05-02 18:30:30,032:DEBUG:	### _batch_data, bucket strategy. 1
2019-05-02 18:30:30,033:DEBUG:	### _batch_data, bucket strategy. 2
2019-05-02 18:30:31,763:DEBUG:	### _batch_data, bucket strategy. 3
2019-05-02 18:36:04,756:DEBUG:	Completed epoch 1 in 344.32662057876587
2019-05-02 18:36:04,757:DEBUG:	### _batch_data, bucket strategy. 1
2019-05-02 18:36:04,759:DEBUG:	### _batch_data, bucket strategy. 2
2019-05-02 18:36:05,058:DEBUG:	### _batch_data, bucket strategy. 3
2019-05-02 18:36:29,699:DEBUG:	UAS (wo. punct) 0.8373	 LAS (wo. punct) 0.80851
2019-05-02 18:36:29,708:DEBUG:	UAS (w. punct) 0.82803	 LAS (w. punct) 0.80285
2019-05-02 18:36:35,839:INFO:	saved to /homedtic/lperez/UniParse/saved_models/kiperwasser_en_ptb_BPE_by_sets/model_bpe.model
2019-05-02 18:36:54,630:DEBUG:	### _batch_data, bucket strategy. 1
2019-05-02 18:36:54,632:DEBUG:	### _batch_data, bucket strategy. 2
2019-05-02 18:36:56,354:DEBUG:	### _batch_data, bucket strategy. 3
2019-05-02 18:42:20,385:DEBUG:	Completed epoch 1 in 719.9561338424683
2019-05-02 18:42:20,391:DEBUG:	### _batch_data, bucket strategy. 1
2019-05-02 18:42:20,397:DEBUG:	### _batch_data, bucket strategy. 2
2019-05-02 18:42:20,686:DEBUG:	### _batch_data, bucket strategy. 3
2019-05-02 18:42:46,308:DEBUG:	UAS (wo. punct) 0.8904	 LAS (wo. punct) 0.86841
2019-05-02 18:42:46,310:DEBUG:	UAS (w. punct) 0.88364	 LAS (w. punct) 0.86443
2019-05-02 18:42:52,059:INFO:	saved to /homedtic/lperez/UniParse/saved_models/kiperwasser_en_ptb_BPE_by_sets/model_bpe.model
2019-05-02 18:43:19,660:DEBUG:	### _batch_data, bucket strategy. 1
2019-05-02 18:43:19,663:DEBUG:	### _batch_data, bucket strategy. 2
2019-05-02 18:43:21,366:DEBUG:	### _batch_data, bucket strategy. 3
2019-05-02 18:48:44,508:DEBUG:	Completed epoch 1 in 1104.0786559581757
2019-05-02 18:48:44,509:DEBUG:	### _batch_data, bucket strategy. 1
2019-05-02 18:48:44,509:DEBUG:	### _batch_data, bucket strategy. 2
2019-05-02 18:48:44,808:DEBUG:	### _batch_data, bucket strategy. 3
2019-05-02 18:49:06,089:DEBUG:	UAS (wo. punct) 0.90781	 LAS (wo. punct) 0.88736
2019-05-02 18:49:06,091:DEBUG:	UAS (w. punct) 0.90085	 LAS (w. punct) 0.88306
2019-05-02 18:49:11,171:INFO:	saved to /homedtic/lperez/UniParse/saved_models/kiperwasser_en_ptb_BPE_by_sets/model_bpe.model
2019-05-02 18:49:47,265:DEBUG:	### _batch_data, bucket strategy. 1
2019-05-02 18:49:47,269:DEBUG:	### _batch_data, bucket strategy. 2
2019-05-02 18:49:48,967:DEBUG:	### _batch_data, bucket strategy. 3
2019-05-02 18:55:07,322:DEBUG:	Completed epoch 1 in 1486.892492055893
2019-05-02 18:55:07,324:DEBUG:	### _batch_data, bucket strategy. 1
2019-05-02 18:55:07,325:DEBUG:	### _batch_data, bucket strategy. 2
2019-05-02 18:55:07,619:DEBUG:	### _batch_data, bucket strategy. 3
2019-05-02 18:55:29,122:DEBUG:	UAS (wo. punct) 0.91393	 LAS (wo. punct) 0.89585
2019-05-02 18:55:29,123:DEBUG:	UAS (w. punct) 0.90835	 LAS (w. punct) 0.89253
2019-05-02 18:55:34,439:INFO:	saved to /homedtic/lperez/UniParse/saved_models/kiperwasser_en_ptb_BPE_by_sets/model_bpe.model
2019-05-02 18:56:10,094:INFO:	Epoch 2
2019-05-02 18:56:10,096:INFO:	=====================
2019-05-02 18:56:19,713:DEBUG:	### _batch_data, bucket strategy. 1
2019-05-02 18:56:19,716:DEBUG:	### _batch_data, bucket strategy. 2
2019-05-02 18:56:21,468:DEBUG:	### _batch_data, bucket strategy. 3
2019-05-02 19:02:12,569:DEBUG:	Completed epoch 2 in 362.4753568172455
2019-05-02 19:02:12,571:DEBUG:	### _batch_data, bucket strategy. 1
2019-05-02 19:02:12,572:DEBUG:	### _batch_data, bucket strategy. 2
2019-05-02 19:02:12,865:DEBUG:	### _batch_data, bucket strategy. 3
2019-05-02 19:02:34,040:DEBUG:	UAS (wo. punct) 0.91856	 LAS (wo. punct) 0.90115
2019-05-02 19:02:34,041:DEBUG:	UAS (w. punct) 0.91246	 LAS (w. punct) 0.89731
2019-05-02 19:02:39,369:INFO:	saved to /homedtic/lperez/UniParse/saved_models/kiperwasser_en_ptb_BPE_by_sets/model_bpe.model
2019-05-02 19:02:58,100:DEBUG:	### _batch_data, bucket strategy. 1
2019-05-02 19:02:58,106:DEBUG:	### _batch_data, bucket strategy. 2
2019-05-02 19:02:59,857:DEBUG:	### _batch_data, bucket strategy. 3
2019-05-02 19:08:41,386:DEBUG:	Completed epoch 2 in 751.291508436203
2019-05-02 19:08:41,387:DEBUG:	### _batch_data, bucket strategy. 1
2019-05-02 19:08:41,387:DEBUG:	### _batch_data, bucket strategy. 2
2019-05-02 19:08:41,781:DEBUG:	### _batch_data, bucket strategy. 3
2019-05-02 19:10:15,304:DEBUG:	UAS (wo. punct) 0.92197	 LAS (wo. punct) 0.90437
2019-05-02 19:10:15,306:DEBUG:	UAS (w. punct) 0.91719	 LAS (w. punct) 0.90189
2019-05-02 19:10:20,380:INFO:	saved to /homedtic/lperez/UniParse/saved_models/kiperwasser_en_ptb_BPE_by_sets/model_bpe.model
2019-05-02 19:10:48,025:DEBUG:	### _batch_data, bucket strategy. 1
2019-05-02 19:10:48,029:DEBUG:	### _batch_data, bucket strategy. 2
2019-05-02 19:10:50,458:DEBUG:	### _batch_data, bucket strategy. 3
2019-05-02 19:34:47,340:DEBUG:	Completed epoch 2 in 2317.246156692505
2019-05-02 19:34:47,347:DEBUG:	### _batch_data, bucket strategy. 1
2019-05-02 19:34:47,351:DEBUG:	### _batch_data, bucket strategy. 2
2019-05-02 19:34:47,740:DEBUG:	### _batch_data, bucket strategy. 3
2019-05-02 19:36:24,693:DEBUG:	UAS (wo. punct) 0.91718	 LAS (wo. punct) 0.89728
2019-05-02 19:36:24,695:DEBUG:	UAS (w. punct) 0.91183	 LAS (w. punct) 0.89459
2019-05-02 19:37:01,037:DEBUG:	### _batch_data, bucket strategy. 1
2019-05-02 19:37:01,047:DEBUG:	### _batch_data, bucket strategy. 2
2019-05-02 19:37:03,274:DEBUG:	### _batch_data, bucket strategy. 3
2019-05-02 20:00:50,148:DEBUG:	Completed epoch 2 in 3880.054313659668
2019-05-02 20:00:50,154:DEBUG:	### _batch_data, bucket strategy. 1
2019-05-02 20:00:50,159:DEBUG:	### _batch_data, bucket strategy. 2
2019-05-02 20:00:50,542:DEBUG:	### _batch_data, bucket strategy. 3
2019-05-02 20:02:26,802:DEBUG:	UAS (wo. punct) 0.92342	 LAS (wo. punct) 0.9062
2019-05-02 20:02:26,803:DEBUG:	UAS (w. punct) 0.91831	 LAS (w. punct) 0.90334
2019-05-02 20:02:32,178:INFO:	saved to /homedtic/lperez/UniParse/saved_models/kiperwasser_en_ptb_BPE_by_sets/model_bpe.model
2019-05-02 20:03:08,011:INFO:	Epoch 3
2019-05-02 20:03:08,020:INFO:	=====================
2019-05-02 20:03:17,549:DEBUG:	### _batch_data, bucket strategy. 1
2019-05-02 20:03:17,550:DEBUG:	### _batch_data, bucket strategy. 2
2019-05-02 20:03:19,997:DEBUG:	### _batch_data, bucket strategy. 3
2019-05-02 20:28:02,970:DEBUG:	Completed epoch 3 in 1494.9587597846985
2019-05-02 20:28:02,975:DEBUG:	### _batch_data, bucket strategy. 1
2019-05-02 20:28:02,977:DEBUG:	### _batch_data, bucket strategy. 2
2019-05-02 20:28:03,346:DEBUG:	### _batch_data, bucket strategy. 3
2019-05-02 20:29:41,933:DEBUG:	UAS (wo. punct) 0.92943	 LAS (wo. punct) 0.91398
2019-05-02 20:29:41,935:DEBUG:	UAS (w. punct) 0.92309	 LAS (w. punct) 0.90956
2019-05-02 20:29:48,234:INFO:	saved to /homedtic/lperez/UniParse/saved_models/kiperwasser_en_ptb_BPE_by_sets/model_bpe.model
2019-05-02 20:30:06,840:DEBUG:	### _batch_data, bucket strategy. 1
2019-05-02 20:30:06,843:DEBUG:	### _batch_data, bucket strategy. 2
2019-05-02 20:30:09,079:DEBUG:	### _batch_data, bucket strategy. 3
2019-05-02 20:54:19,935:DEBUG:	Completed epoch 3 in 3071.9241840839386
2019-05-02 20:54:19,936:DEBUG:	### _batch_data, bucket strategy. 1
2019-05-02 20:54:19,937:DEBUG:	### _batch_data, bucket strategy. 2
2019-05-02 20:54:20,302:DEBUG:	### _batch_data, bucket strategy. 3
2019-05-02 20:55:54,092:DEBUG:	UAS (wo. punct) 0.93274	 LAS (wo. punct) 0.91599
2019-05-02 20:55:54,093:DEBUG:	UAS (w. punct) 0.92675	 LAS (w. punct) 0.91198
2019-05-02 20:55:59,594:INFO:	saved to /homedtic/lperez/UniParse/saved_models/kiperwasser_en_ptb_BPE_by_sets/model_bpe.model
2019-05-02 20:56:26,985:DEBUG:	### _batch_data, bucket strategy. 1
2019-05-02 20:56:26,986:DEBUG:	### _batch_data, bucket strategy. 2
2019-05-02 20:56:29,189:DEBUG:	### _batch_data, bucket strategy. 3
2019-05-02 21:20:34,489:DEBUG:	Completed epoch 3 in 4646.477828264236
2019-05-02 21:20:34,495:DEBUG:	### _batch_data, bucket strategy. 1
2019-05-02 21:20:34,497:DEBUG:	### _batch_data, bucket strategy. 2
2019-05-02 21:20:34,875:DEBUG:	### _batch_data, bucket strategy. 3
2019-05-02 21:22:09,066:DEBUG:	UAS (wo. punct) 0.93372	 LAS (wo. punct) 0.91774
2019-05-02 21:22:09,067:DEBUG:	UAS (w. punct) 0.92906	 LAS (w. punct) 0.91539
2019-05-02 21:22:14,139:INFO:	saved to /homedtic/lperez/UniParse/saved_models/kiperwasser_en_ptb_BPE_by_sets/model_bpe.model
2019-05-02 21:22:49,907:DEBUG:	### _batch_data, bucket strategy. 1
2019-05-02 21:22:49,908:DEBUG:	### _batch_data, bucket strategy. 2
2019-05-02 21:22:52,114:DEBUG:	### _batch_data, bucket strategy. 3
2019-05-02 21:46:30,543:DEBUG:	Completed epoch 3 in 6202.531809568405
2019-05-02 21:46:30,544:DEBUG:	### _batch_data, bucket strategy. 1
2019-05-02 21:46:30,547:DEBUG:	### _batch_data, bucket strategy. 2
2019-05-02 21:46:30,924:DEBUG:	### _batch_data, bucket strategy. 3
2019-05-02 21:48:05,775:DEBUG:	UAS (wo. punct) 0.93427	 LAS (wo. punct) 0.91829
2019-05-02 21:48:05,779:DEBUG:	UAS (w. punct) 0.92882	 LAS (w. punct) 0.91513
2019-05-02 21:48:11,385:INFO:	saved to /homedtic/lperez/UniParse/saved_models/kiperwasser_en_ptb_BPE_by_sets/model_bpe.model
2019-05-02 21:48:46,501:INFO:	Epoch 4
2019-05-02 21:48:46,504:INFO:	=====================
2019-05-02 21:48:56,182:DEBUG:	### _batch_data, bucket strategy. 1
2019-05-02 21:48:56,183:DEBUG:	### _batch_data, bucket strategy. 2
2019-05-02 21:48:58,490:DEBUG:	### _batch_data, bucket strategy. 3
2019-05-02 22:13:39,777:DEBUG:	Completed epoch 4 in 1493.2755508422852
2019-05-02 22:13:39,778:DEBUG:	### _batch_data, bucket strategy. 1
2019-05-02 22:13:39,780:DEBUG:	### _batch_data, bucket strategy. 2
2019-05-02 22:13:40,163:DEBUG:	### _batch_data, bucket strategy. 3
2019-05-02 22:15:15,984:DEBUG:	UAS (wo. punct) 0.93856	 LAS (wo. punct) 0.92387
2019-05-02 22:15:15,986:DEBUG:	UAS (w. punct) 0.93342	 LAS (w. punct) 0.92069
2019-05-02 22:15:21,172:INFO:	saved to /homedtic/lperez/UniParse/saved_models/kiperwasser_en_ptb_BPE_by_sets/model_bpe.model
2019-05-02 22:15:39,764:DEBUG:	### _batch_data, bucket strategy. 1
2019-05-02 22:15:39,766:DEBUG:	### _batch_data, bucket strategy. 2
2019-05-02 22:15:42,014:DEBUG:	### _batch_data, bucket strategy. 3
2019-05-02 22:39:48,590:DEBUG:	Completed epoch 4 in 3062.0885157585144
2019-05-02 22:39:48,593:DEBUG:	### _batch_data, bucket strategy. 1
2019-05-02 22:39:48,596:DEBUG:	### _batch_data, bucket strategy. 2
2019-05-02 22:39:48,981:DEBUG:	### _batch_data, bucket strategy. 3
2019-05-02 22:41:24,374:DEBUG:	UAS (wo. punct) 0.93623	 LAS (wo. punct) 0.91932
2019-05-02 22:41:24,377:DEBUG:	UAS (w. punct) 0.93191	 LAS (w. punct) 0.91712
2019-05-02 22:41:51,708:DEBUG:	### _batch_data, bucket strategy. 1
2019-05-02 22:41:51,709:DEBUG:	### _batch_data, bucket strategy. 2
2019-05-02 22:41:53,952:DEBUG:	### _batch_data, bucket strategy. 3
2019-05-02 23:05:58,508:DEBUG:	Completed epoch 4 in 4632.006729602814
2019-05-02 23:05:58,511:DEBUG:	### _batch_data, bucket strategy. 1
2019-05-02 23:05:58,516:DEBUG:	### _batch_data, bucket strategy. 2
2019-05-02 23:05:58,903:DEBUG:	### _batch_data, bucket strategy. 3
2019-05-02 23:07:36,182:DEBUG:	UAS (wo. punct) 0.93872	 LAS (wo. punct) 0.9235
2019-05-02 23:07:36,184:DEBUG:	UAS (w. punct) 0.9342	 LAS (w. punct) 0.92121
2019-05-02 23:07:41,437:INFO:	saved to /homedtic/lperez/UniParse/saved_models/kiperwasser_en_ptb_BPE_by_sets/model_bpe.model
2019-05-02 23:08:17,295:DEBUG:	### _batch_data, bucket strategy. 1
2019-05-02 23:08:17,296:DEBUG:	### _batch_data, bucket strategy. 2
2019-05-02 23:08:19,508:DEBUG:	### _batch_data, bucket strategy. 3
2019-05-02 23:31:55,091:DEBUG:	Completed epoch 4 in 6188.589359998703
2019-05-02 23:31:55,092:DEBUG:	### _batch_data, bucket strategy. 1
2019-05-02 23:31:55,093:DEBUG:	### _batch_data, bucket strategy. 2
2019-05-02 23:31:55,461:DEBUG:	### _batch_data, bucket strategy. 3
2019-05-02 23:33:29,281:DEBUG:	UAS (wo. punct) 0.93843	 LAS (wo. punct) 0.92332
2019-05-02 23:33:29,283:DEBUG:	UAS (w. punct) 0.93218	 LAS (w. punct) 0.91928
2019-05-02 23:34:04,508:INFO:	Epoch 5
2019-05-02 23:34:04,514:INFO:	=====================
2019-05-02 23:34:13,839:DEBUG:	### _batch_data, bucket strategy. 1
2019-05-02 23:34:13,840:DEBUG:	### _batch_data, bucket strategy. 2
2019-05-02 23:34:16,312:DEBUG:	### _batch_data, bucket strategy. 3
2019-05-02 23:58:47,217:DEBUG:	Completed epoch 5 in 1482.7084589004517
2019-05-02 23:58:47,218:DEBUG:	### _batch_data, bucket strategy. 1
2019-05-02 23:58:47,221:DEBUG:	### _batch_data, bucket strategy. 2
2019-05-02 23:58:47,599:DEBUG:	### _batch_data, bucket strategy. 3
2019-05-03 00:00:21,816:DEBUG:	UAS (wo. punct) 0.94049	 LAS (wo. punct) 0.92559
2019-05-03 00:00:21,820:DEBUG:	UAS (w. punct) 0.93465	 LAS (w. punct) 0.92172
2019-05-03 00:00:27,492:INFO:	saved to /homedtic/lperez/UniParse/saved_models/kiperwasser_en_ptb_BPE_by_sets/model_bpe.model
2019-05-03 00:00:45,638:DEBUG:	### _batch_data, bucket strategy. 1
2019-05-03 00:00:45,639:DEBUG:	### _batch_data, bucket strategy. 2
2019-05-03 00:00:48,047:DEBUG:	### _batch_data, bucket strategy. 3
2019-05-03 00:24:44,429:DEBUG:	Completed epoch 5 in 3039.920478582382
2019-05-03 00:24:44,431:DEBUG:	### _batch_data, bucket strategy. 1
2019-05-03 00:24:44,433:DEBUG:	### _batch_data, bucket strategy. 2
2019-05-03 00:24:44,809:DEBUG:	### _batch_data, bucket strategy. 3
2019-05-03 00:26:20,196:DEBUG:	UAS (wo. punct) 0.93869	 LAS (wo. punct) 0.92369
2019-05-03 00:26:20,198:DEBUG:	UAS (w. punct) 0.93306	 LAS (w. punct) 0.92006
2019-05-03 00:26:47,438:DEBUG:	### _batch_data, bucket strategy. 1
2019-05-03 00:26:47,442:DEBUG:	### _batch_data, bucket strategy. 2
2019-05-03 00:26:49,693:DEBUG:	### _batch_data, bucket strategy. 3
2019-05-03 00:51:14,899:DEBUG:	Completed epoch 5 in 4630.39101099968
2019-05-03 00:51:14,901:DEBUG:	### _batch_data, bucket strategy. 1
2019-05-03 00:51:14,902:DEBUG:	### _batch_data, bucket strategy. 2
2019-05-03 00:51:15,284:DEBUG:	### _batch_data, bucket strategy. 3
2019-05-03 00:52:51,278:DEBUG:	UAS (wo. punct) 0.93978	 LAS (wo. punct) 0.92544
2019-05-03 00:52:51,281:DEBUG:	UAS (w. punct) 0.93467	 LAS (w. punct) 0.92224
2019-05-03 00:53:27,262:DEBUG:	### _batch_data, bucket strategy. 1
2019-05-03 00:53:27,264:DEBUG:	### _batch_data, bucket strategy. 2
2019-05-03 00:53:29,486:DEBUG:	### _batch_data, bucket strategy. 3
2019-05-03 01:17:18,940:DEBUG:	Completed epoch 5 in 6194.431652069092
2019-05-03 01:17:18,947:DEBUG:	### _batch_data, bucket strategy. 1
2019-05-03 01:17:18,954:DEBUG:	### _batch_data, bucket strategy. 2
2019-05-03 01:17:19,331:DEBUG:	### _batch_data, bucket strategy. 3
2019-05-03 01:18:54,820:DEBUG:	UAS (wo. punct) 0.93861	 LAS (wo. punct) 0.9247
2019-05-03 01:18:54,822:DEBUG:	UAS (w. punct) 0.9333	 LAS (w. punct) 0.92136
2019-05-03 01:19:30,210:INFO:	Epoch 6
2019-05-03 01:19:30,212:INFO:	=====================
2019-05-03 01:19:39,735:DEBUG:	### _batch_data, bucket strategy. 1
2019-05-03 01:19:39,745:DEBUG:	### _batch_data, bucket strategy. 2
2019-05-03 01:19:42,044:DEBUG:	### _batch_data, bucket strategy. 3
2019-05-03 01:44:24,458:DEBUG:	Completed epoch 6 in 1494.2480235099792
2019-05-03 01:44:24,459:DEBUG:	### _batch_data, bucket strategy. 1
2019-05-03 01:44:24,461:DEBUG:	### _batch_data, bucket strategy. 2
2019-05-03 01:44:24,838:DEBUG:	### _batch_data, bucket strategy. 3
2019-05-03 01:46:00,282:DEBUG:	UAS (wo. punct) 0.94234	 LAS (wo. punct) 0.9279
2019-05-03 01:46:00,285:DEBUG:	UAS (w. punct) 0.93714	 LAS (w. punct) 0.92448
2019-05-03 01:46:05,553:INFO:	saved to /homedtic/lperez/UniParse/saved_models/kiperwasser_en_ptb_BPE_by_sets/model_bpe.model
2019-05-03 01:46:23,863:DEBUG:	### _batch_data, bucket strategy. 1
2019-05-03 01:46:23,865:DEBUG:	### _batch_data, bucket strategy. 2
2019-05-03 01:46:26,099:DEBUG:	### _batch_data, bucket strategy. 3
2019-05-03 02:10:24,454:DEBUG:	Completed epoch 6 in 3054.2447605133057
2019-05-03 02:10:24,462:DEBUG:	### _batch_data, bucket strategy. 1
2019-05-03 02:10:24,468:DEBUG:	### _batch_data, bucket strategy. 2
2019-05-03 02:10:24,848:DEBUG:	### _batch_data, bucket strategy. 3
2019-05-03 02:11:59,574:DEBUG:	UAS (wo. punct) 0.94015	 LAS (wo. punct) 0.92501
2019-05-03 02:11:59,577:DEBUG:	UAS (w. punct) 0.93409	 LAS (w. punct) 0.92107
2019-05-03 02:12:26,543:DEBUG:	### _batch_data, bucket strategy. 1
2019-05-03 02:12:26,544:DEBUG:	### _batch_data, bucket strategy. 2
2019-05-03 02:12:28,773:DEBUG:	### _batch_data, bucket strategy. 3
2019-05-03 02:36:29,547:DEBUG:	Completed epoch 6 in 4619.3375079631805
2019-05-03 02:36:29,548:DEBUG:	### _batch_data, bucket strategy. 1
2019-05-03 02:36:29,551:DEBUG:	### _batch_data, bucket strategy. 2
2019-05-03 02:36:29,927:DEBUG:	### _batch_data, bucket strategy. 3
2019-05-03 02:38:04,983:DEBUG:	UAS (wo. punct) 0.94091	 LAS (wo. punct) 0.92649
2019-05-03 02:38:04,984:DEBUG:	UAS (w. punct) 0.93618	 LAS (w. punct) 0.92377
2019-05-03 02:38:40,763:DEBUG:	### _batch_data, bucket strategy. 1
2019-05-03 02:38:40,766:DEBUG:	### _batch_data, bucket strategy. 2
2019-05-03 02:38:42,989:DEBUG:	### _batch_data, bucket strategy. 3
2019-05-03 03:02:21,466:DEBUG:	Completed epoch 6 in 6171.256146669388
2019-05-03 03:02:21,468:DEBUG:	### _batch_data, bucket strategy. 1
2019-05-03 03:02:21,469:DEBUG:	### _batch_data, bucket strategy. 2
2019-05-03 03:02:21,845:DEBUG:	### _batch_data, bucket strategy. 3
2019-05-03 03:03:56,561:DEBUG:	UAS (wo. punct) 0.93914	 LAS (wo. punct) 0.9235
2019-05-03 03:03:56,563:DEBUG:	UAS (w. punct) 0.93382	 LAS (w. punct) 0.92049
2019-05-03 03:04:31,795:INFO:	Epoch 7
2019-05-03 03:04:31,796:INFO:	=====================
2019-05-03 03:04:41,311:DEBUG:	### _batch_data, bucket strategy. 1
2019-05-03 03:04:41,312:DEBUG:	### _batch_data, bucket strategy. 2
2019-05-03 03:04:43,797:DEBUG:	### _batch_data, bucket strategy. 3
2019-05-03 03:29:34,495:DEBUG:	Completed epoch 7 in 1502.7001640796661
2019-05-03 03:29:34,496:DEBUG:	### _batch_data, bucket strategy. 1
2019-05-03 03:29:34,497:DEBUG:	### _batch_data, bucket strategy. 2
2019-05-03 03:29:34,879:DEBUG:	### _batch_data, bucket strategy. 3
2019-05-03 03:31:10,442:DEBUG:	UAS (wo. punct) 0.94348	 LAS (wo. punct) 0.92962
2019-05-03 03:31:10,444:DEBUG:	UAS (w. punct) 0.93779	 LAS (w. punct) 0.92574
2019-05-03 03:31:16,330:INFO:	saved to /homedtic/lperez/UniParse/saved_models/kiperwasser_en_ptb_BPE_by_sets/model_bpe.model
2019-05-03 03:31:34,988:DEBUG:	### _batch_data, bucket strategy. 1
2019-05-03 03:31:34,990:DEBUG:	### _batch_data, bucket strategy. 2
2019-05-03 03:31:37,240:DEBUG:	### _batch_data, bucket strategy. 3
2019-05-03 03:56:10,959:DEBUG:	Completed epoch 7 in 3099.164544582367
2019-05-03 03:56:10,960:DEBUG:	### _batch_data, bucket strategy. 1
2019-05-03 03:56:10,963:DEBUG:	### _batch_data, bucket strategy. 2
2019-05-03 03:56:11,344:DEBUG:	### _batch_data, bucket strategy. 3
2019-05-03 03:57:53,284:DEBUG:	UAS (wo. punct) 0.94287	 LAS (wo. punct) 0.92771
2019-05-03 03:57:53,288:DEBUG:	UAS (w. punct) 0.93746	 LAS (w. punct) 0.92435
2019-05-03 03:58:20,883:DEBUG:	### _batch_data, bucket strategy. 1
2019-05-03 03:58:20,890:DEBUG:	### _batch_data, bucket strategy. 2
2019-05-03 03:58:23,133:DEBUG:	### _batch_data, bucket strategy. 3
2019-05-03 04:22:49,232:DEBUG:	Completed epoch 7 in 4697.437577486038
2019-05-03 04:22:49,234:DEBUG:	### _batch_data, bucket strategy. 1
2019-05-03 04:22:49,236:DEBUG:	### _batch_data, bucket strategy. 2
2019-05-03 04:22:49,620:DEBUG:	### _batch_data, bucket strategy. 3
2019-05-03 04:24:29,708:DEBUG:	UAS (wo. punct) 0.94176	 LAS (wo. punct) 0.92673
2019-05-03 04:24:29,711:DEBUG:	UAS (w. punct) 0.93678	 LAS (w. punct) 0.92388
2019-05-03 04:25:06,184:DEBUG:	### _batch_data, bucket strategy. 1
2019-05-03 04:25:06,188:DEBUG:	### _batch_data, bucket strategy. 2
2019-05-03 04:25:08,589:DEBUG:	### _batch_data, bucket strategy. 3
2019-05-03 04:49:12,666:DEBUG:	Completed epoch 7 in 6280.871068954468
2019-05-03 04:49:12,668:DEBUG:	### _batch_data, bucket strategy. 1
2019-05-03 04:49:12,671:DEBUG:	### _batch_data, bucket strategy. 2
2019-05-03 04:49:13,051:DEBUG:	### _batch_data, bucket strategy. 3
2019-05-03 04:50:48,252:DEBUG:	UAS (wo. punct) 0.93959	 LAS (wo. punct) 0.92422
2019-05-03 04:50:48,254:DEBUG:	UAS (w. punct) 0.93391	 LAS (w. punct) 0.92083
2019-05-03 04:51:24,235:INFO:	Epoch 8
2019-05-03 04:51:24,247:INFO:	=====================
2019-05-03 04:51:34,137:DEBUG:	### _batch_data, bucket strategy. 1
2019-05-03 04:51:34,150:DEBUG:	### _batch_data, bucket strategy. 2
2019-05-03 04:51:36,416:DEBUG:	### _batch_data, bucket strategy. 3
2019-05-03 05:16:28,842:DEBUG:	Completed epoch 8 in 1504.6067485809326
2019-05-03 05:16:28,853:DEBUG:	### _batch_data, bucket strategy. 1
2019-05-03 05:16:28,867:DEBUG:	### _batch_data, bucket strategy. 2
2019-05-03 05:16:29,248:DEBUG:	### _batch_data, bucket strategy. 3
2019-05-03 05:18:03,834:DEBUG:	UAS (wo. punct) 0.94131	 LAS (wo. punct) 0.92742
2019-05-03 05:18:03,842:DEBUG:	UAS (w. punct) 0.93575	 LAS (w. punct) 0.9237
2019-05-03 05:18:22,500:DEBUG:	### _batch_data, bucket strategy. 1
2019-05-03 05:18:22,501:DEBUG:	### _batch_data, bucket strategy. 2
2019-05-03 05:18:24,728:DEBUG:	### _batch_data, bucket strategy. 3
2019-05-03 05:42:36,402:DEBUG:	Completed epoch 8 in 3072.167146921158
2019-05-03 05:42:36,407:DEBUG:	### _batch_data, bucket strategy. 1
2019-05-03 05:42:36,411:DEBUG:	### _batch_data, bucket strategy. 2
2019-05-03 05:42:36,780:DEBUG:	### _batch_data, bucket strategy. 3
2019-05-03 05:44:11,518:DEBUG:	UAS (wo. punct) 0.94068	 LAS (wo. punct) 0.92533
2019-05-03 05:44:11,520:DEBUG:	UAS (w. punct) 0.93564	 LAS (w. punct) 0.92235
2019-05-03 05:44:38,795:DEBUG:	### _batch_data, bucket strategy. 1
2019-05-03 05:44:38,798:DEBUG:	### _batch_data, bucket strategy. 2
2019-05-03 05:44:41,230:DEBUG:	### _batch_data, bucket strategy. 3
2019-05-03 06:08:51,805:DEBUG:	Completed epoch 8 in 4647.569722175598
2019-05-03 06:08:51,806:DEBUG:	### _batch_data, bucket strategy. 1
2019-05-03 06:08:51,807:DEBUG:	### _batch_data, bucket strategy. 2
2019-05-03 06:08:52,202:DEBUG:	### _batch_data, bucket strategy. 3
2019-05-03 06:10:27,279:DEBUG:	UAS (wo. punct) 0.93941	 LAS (wo. punct) 0.92456
2019-05-03 06:10:27,285:DEBUG:	UAS (w. punct) 0.93413	 LAS (w. punct) 0.92145
2019-05-03 06:11:02,940:DEBUG:	### _batch_data, bucket strategy. 1
2019-05-03 06:11:02,941:DEBUG:	### _batch_data, bucket strategy. 2
2019-05-03 06:11:05,138:DEBUG:	### _batch_data, bucket strategy. 3
2019-05-03 06:34:52,544:DEBUG:	Completed epoch 8 in 6208.308990955353
2019-05-03 06:34:52,558:DEBUG:	### _batch_data, bucket strategy. 1
2019-05-03 06:34:52,560:DEBUG:	### _batch_data, bucket strategy. 2
2019-05-03 06:34:52,937:DEBUG:	### _batch_data, bucket strategy. 3
2019-05-03 06:36:28,813:DEBUG:	UAS (wo. punct) 0.93885	 LAS (wo. punct) 0.92501
2019-05-03 06:36:28,817:DEBUG:	UAS (w. punct) 0.93398	 LAS (w. punct) 0.92217
2019-05-03 06:37:04,214:INFO:	Epoch 9
2019-05-03 06:37:04,234:INFO:	=====================
2019-05-03 06:37:13,801:DEBUG:	### _batch_data, bucket strategy. 1
2019-05-03 06:37:13,804:DEBUG:	### _batch_data, bucket strategy. 2
2019-05-03 06:37:16,102:DEBUG:	### _batch_data, bucket strategy. 3
2019-05-03 07:02:21,400:DEBUG:	Completed epoch 9 in 1517.1860570907593
2019-05-03 07:02:21,402:DEBUG:	### _batch_data, bucket strategy. 1
2019-05-03 07:02:21,402:DEBUG:	### _batch_data, bucket strategy. 2
2019-05-03 07:02:21,786:DEBUG:	### _batch_data, bucket strategy. 3
2019-05-03 07:03:59,134:DEBUG:	UAS (wo. punct) 0.9392	 LAS (wo. punct) 0.92493
2019-05-03 07:03:59,137:DEBUG:	UAS (w. punct) 0.93348	 LAS (w. punct) 0.92107
2019-05-03 07:04:17,560:DEBUG:	### _batch_data, bucket strategy. 1
2019-05-03 07:04:17,563:DEBUG:	### _batch_data, bucket strategy. 2
2019-05-03 07:04:19,808:DEBUG:	### _batch_data, bucket strategy. 3
2019-05-03 07:28:43,285:DEBUG:	Completed epoch 9 in 3099.0709059238434
2019-05-03 07:28:43,308:DEBUG:	### _batch_data, bucket strategy. 1
2019-05-03 07:28:43,313:DEBUG:	### _batch_data, bucket strategy. 2
2019-05-03 07:28:43,691:DEBUG:	### _batch_data, bucket strategy. 3
2019-05-03 07:30:18,707:DEBUG:	UAS (wo. punct) 0.9398	 LAS (wo. punct) 0.9235
2019-05-03 07:30:18,709:DEBUG:	UAS (w. punct) 0.93443	 LAS (w. punct) 0.92038
2019-05-03 07:30:45,973:DEBUG:	### _batch_data, bucket strategy. 1
2019-05-03 07:30:45,978:DEBUG:	### _batch_data, bucket strategy. 2
2019-05-03 07:30:48,243:DEBUG:	### _batch_data, bucket strategy. 3
2019-05-03 07:54:54,988:DEBUG:	Completed epoch 9 in 4670.773732185364
2019-05-03 07:54:54,989:DEBUG:	### _batch_data, bucket strategy. 1
2019-05-03 07:54:54,990:DEBUG:	### _batch_data, bucket strategy. 2
2019-05-03 07:54:55,375:DEBUG:	### _batch_data, bucket strategy. 3
2019-05-03 07:56:30,887:DEBUG:	UAS (wo. punct) 0.93986	 LAS (wo. punct) 0.92538
2019-05-03 07:56:30,890:DEBUG:	UAS (w. punct) 0.9344	 LAS (w. punct) 0.92195
2019-05-03 07:57:06,931:DEBUG:	### _batch_data, bucket strategy. 1
2019-05-03 07:57:06,933:DEBUG:	### _batch_data, bucket strategy. 2
2019-05-03 07:57:09,133:DEBUG:	### _batch_data, bucket strategy. 3
2019-05-03 08:20:52,515:DEBUG:	Completed epoch 9 in 6228.301049947739
2019-05-03 08:20:52,518:DEBUG:	### _batch_data, bucket strategy. 1
2019-05-03 08:20:52,519:DEBUG:	### _batch_data, bucket strategy. 2
2019-05-03 08:20:52,899:DEBUG:	### _batch_data, bucket strategy. 3
2019-05-03 08:22:27,142:DEBUG:	UAS (wo. punct) 0.93927	 LAS (wo. punct) 0.9253
2019-05-03 08:22:27,145:DEBUG:	UAS (w. punct) 0.93427	 LAS (w. punct) 0.92235
2019-05-03 08:23:02,293:INFO:	Epoch 10
2019-05-03 08:23:02,294:INFO:	=====================
2019-05-03 08:23:11,740:DEBUG:	### _batch_data, bucket strategy. 1
2019-05-03 08:23:11,741:DEBUG:	### _batch_data, bucket strategy. 2
2019-05-03 08:23:14,022:DEBUG:	### _batch_data, bucket strategy. 3
2019-05-03 08:47:49,664:DEBUG:	Completed epoch 10 in 1487.371529340744
2019-05-03 08:47:49,665:DEBUG:	### _batch_data, bucket strategy. 1
2019-05-03 08:47:49,666:DEBUG:	### _batch_data, bucket strategy. 2
2019-05-03 08:47:50,046:DEBUG:	### _batch_data, bucket strategy. 3
2019-05-03 08:49:25,310:DEBUG:	UAS (wo. punct) 0.94076	 LAS (wo. punct) 0.92507
2019-05-03 08:49:25,312:DEBUG:	UAS (w. punct) 0.93553	 LAS (w. punct) 0.92204
2019-05-03 08:49:43,754:DEBUG:	### _batch_data, bucket strategy. 1
2019-05-03 08:49:43,756:DEBUG:	### _batch_data, bucket strategy. 2
2019-05-03 08:49:45,994:DEBUG:	### _batch_data, bucket strategy. 3
2019-05-03 09:14:00,469:DEBUG:	Completed epoch 10 in 3058.1761903762817
2019-05-03 09:14:00,470:DEBUG:	### _batch_data, bucket strategy. 1
2019-05-03 09:14:00,472:DEBUG:	### _batch_data, bucket strategy. 2
2019-05-03 09:14:00,852:DEBUG:	### _batch_data, bucket strategy. 3
2019-05-03 09:15:35,396:DEBUG:	UAS (wo. punct) 0.94049	 LAS (wo. punct) 0.9244
2019-05-03 09:15:35,398:DEBUG:	UAS (w. punct) 0.93483	 LAS (w. punct) 0.92087
2019-05-03 09:16:02,740:DEBUG:	### _batch_data, bucket strategy. 1
2019-05-03 09:16:02,743:DEBUG:	### _batch_data, bucket strategy. 2
2019-05-03 09:16:05,078:DEBUG:	### _batch_data, bucket strategy. 3
2019-05-03 09:40:20,372:DEBUG:	Completed epoch 10 in 4638.0789885520935
2019-05-03 09:40:20,373:DEBUG:	### _batch_data, bucket strategy. 1
2019-05-03 09:40:20,374:DEBUG:	### _batch_data, bucket strategy. 2
2019-05-03 09:40:20,753:DEBUG:	### _batch_data, bucket strategy. 3
2019-05-03 09:41:57,712:DEBUG:	UAS (wo. punct) 0.94039	 LAS (wo. punct) 0.92517
2019-05-03 09:41:57,715:DEBUG:	UAS (w. punct) 0.93478	 LAS (w. punct) 0.92168
2019-05-03 09:42:33,963:DEBUG:	### _batch_data, bucket strategy. 1
2019-05-03 09:42:33,965:DEBUG:	### _batch_data, bucket strategy. 2
2019-05-03 09:42:36,187:DEBUG:	### _batch_data, bucket strategy. 3
2019-05-03 10:07:21,033:DEBUG:	Completed epoch 10 in 6258.740264892578
2019-05-03 10:07:21,053:DEBUG:	### _batch_data, bucket strategy. 1
2019-05-03 10:07:21,072:DEBUG:	### _batch_data, bucket strategy. 2
2019-05-03 10:07:21,485:DEBUG:	### _batch_data, bucket strategy. 3
2019-05-03 10:09:31,702:DEBUG:	UAS (wo. punct) 0.93766	 LAS (wo. punct) 0.92303
2019-05-03 10:09:31,706:DEBUG:	UAS (w. punct) 0.93211	 LAS (w. punct) 0.91957
2019-05-03 10:10:10,479:INFO:	Epoch 11
2019-05-03 10:10:10,505:INFO:	=====================
2019-05-03 10:10:21,650:DEBUG:	### _batch_data, bucket strategy. 1
2019-05-03 10:10:21,678:DEBUG:	### _batch_data, bucket strategy. 2
2019-05-03 10:10:24,109:DEBUG:	### _batch_data, bucket strategy. 3
2019-05-03 10:40:20,934:DEBUG:	Completed epoch 11 in 1810.4540963172913
2019-05-03 10:40:20,960:DEBUG:	### _batch_data, bucket strategy. 1
2019-05-03 10:40:20,991:DEBUG:	### _batch_data, bucket strategy. 2
2019-05-03 10:40:21,417:DEBUG:	### _batch_data, bucket strategy. 3
2019-05-03 10:43:20,729:DEBUG:	UAS (wo. punct) 0.93851	 LAS (wo. punct) 0.92403
2019-05-03 10:43:20,753:DEBUG:	UAS (w. punct) 0.93265	 LAS (w. punct) 0.92015
2019-05-03 10:43:44,918:DEBUG:	### _batch_data, bucket strategy. 1
2019-05-03 10:43:44,940:DEBUG:	### _batch_data, bucket strategy. 2
2019-05-03 10:43:47,272:DEBUG:	### _batch_data, bucket strategy. 3
2019-05-03 11:19:45,646:DEBUG:	Completed epoch 11 in 4175.166547298431
2019-05-03 11:19:49,303:DEBUG:	### _batch_data, bucket strategy. 1
2019-05-03 11:19:49,311:DEBUG:	### _batch_data, bucket strategy. 2
2019-05-03 11:19:49,691:DEBUG:	### _batch_data, bucket strategy. 3
2019-05-03 11:22:16,811:DEBUG:	UAS (wo. punct) 0.93943	 LAS (wo. punct) 0.92422
2019-05-03 11:22:16,835:DEBUG:	UAS (w. punct) 0.93427	 LAS (w. punct) 0.92116
2019-05-03 11:23:02,440:DEBUG:	### _batch_data, bucket strategy. 1
2019-05-03 11:23:02,464:DEBUG:	### _batch_data, bucket strategy. 2
2019-05-03 11:23:04,327:DEBUG:	### _batch_data, bucket strategy. 3
2019-05-03 11:59:06,808:DEBUG:	Completed epoch 11 in 6536.328870773315
2019-05-03 11:59:06,830:DEBUG:	### _batch_data, bucket strategy. 1
2019-05-03 11:59:06,856:DEBUG:	### _batch_data, bucket strategy. 2
2019-05-03 11:59:07,446:DEBUG:	### _batch_data, bucket strategy. 3
2019-05-03 12:01:46,823:DEBUG:	UAS (wo. punct) 0.94039	 LAS (wo. punct) 0.92546
2019-05-03 12:01:46,843:DEBUG:	UAS (w. punct) 0.93526	 LAS (w. punct) 0.92249
2019-05-03 12:02:33,784:DEBUG:	### _batch_data, bucket strategy. 1
2019-05-03 12:02:33,803:DEBUG:	### _batch_data, bucket strategy. 2
2019-05-03 12:02:36,078:DEBUG:	### _batch_data, bucket strategy. 3
2019-05-03 12:30:12,092:DEBUG:	Completed epoch 11 in 8401.612606287003
2019-05-03 12:30:12,109:DEBUG:	### _batch_data, bucket strategy. 1
2019-05-03 12:30:12,129:DEBUG:	### _batch_data, bucket strategy. 2
2019-05-03 12:30:12,532:DEBUG:	### _batch_data, bucket strategy. 3
2019-05-03 12:32:41,002:DEBUG:	UAS (wo. punct) 0.93978	 LAS (wo. punct) 0.92475
2019-05-03 12:32:41,009:DEBUG:	UAS (w. punct) 0.93404	 LAS (w. punct) 0.92121
2019-05-03 12:33:28,001:INFO:	Epoch 12
2019-05-03 12:33:28,024:INFO:	=====================
2019-05-03 12:33:40,401:DEBUG:	### _batch_data, bucket strategy. 1
2019-05-03 12:33:40,415:DEBUG:	### _batch_data, bucket strategy. 2
2019-05-03 12:33:42,770:DEBUG:	### _batch_data, bucket strategy. 3
2019-05-03 13:04:03,535:DEBUG:	Completed epoch 12 in 1835.533751487732
2019-05-03 13:04:03,562:DEBUG:	### _batch_data, bucket strategy. 1
2019-05-03 13:04:03,589:DEBUG:	### _batch_data, bucket strategy. 2
2019-05-03 13:04:04,000:DEBUG:	### _batch_data, bucket strategy. 3
2019-05-03 13:05:59,532:DEBUG:	UAS (wo. punct) 0.93893	 LAS (wo. punct) 0.92356
2019-05-03 13:05:59,538:DEBUG:	UAS (w. punct) 0.934	 LAS (w. punct) 0.92074
2019-05-03 13:06:19,974:DEBUG:	### _batch_data, bucket strategy. 1
2019-05-03 13:06:19,976:DEBUG:	### _batch_data, bucket strategy. 2
2019-05-03 13:06:22,371:DEBUG:	### _batch_data, bucket strategy. 3
2019-05-03 13:37:42,617:DEBUG:	Completed epoch 12 in 3854.6156992912292
2019-05-03 13:37:42,629:DEBUG:	### _batch_data, bucket strategy. 1
2019-05-03 13:37:42,632:DEBUG:	### _batch_data, bucket strategy. 2
2019-05-03 13:37:43,057:DEBUG:	### _batch_data, bucket strategy. 3
2019-05-03 13:39:48,550:DEBUG:	UAS (wo. punct) 0.93912	 LAS (wo. punct) 0.92319
2019-05-03 13:39:48,563:DEBUG:	UAS (w. punct) 0.93333	 LAS (w. punct) 0.91903
2019-05-03 13:40:26,573:DEBUG:	### _batch_data, bucket strategy. 1
2019-05-03 13:40:26,595:DEBUG:	### _batch_data, bucket strategy. 2
2019-05-03 13:40:28,941:DEBUG:	### _batch_data, bucket strategy. 3
2019-05-03 14:11:18,746:DEBUG:	Completed epoch 12 in 5870.744968414307
2019-05-03 14:11:18,749:DEBUG:	### _batch_data, bucket strategy. 1
2019-05-03 14:11:18,750:DEBUG:	### _batch_data, bucket strategy. 2
2019-05-03 14:11:19,168:DEBUG:	### _batch_data, bucket strategy. 3
2019-05-03 14:14:24,220:DEBUG:	UAS (wo. punct) 0.93898	 LAS (wo. punct) 0.92382
2019-05-03 14:14:24,249:DEBUG:	UAS (w. punct) 0.93344	 LAS (w. punct) 0.92051
2019-05-03 14:15:18,137:DEBUG:	### _batch_data, bucket strategy. 1
2019-05-03 14:15:18,149:DEBUG:	### _batch_data, bucket strategy. 2
2019-05-03 14:15:20,532:DEBUG:	### _batch_data, bucket strategy. 3
2019-05-03 14:45:59,492:DEBUG:	Completed epoch 12 in 7951.4910364151
2019-05-03 14:45:59,506:DEBUG:	### _batch_data, bucket strategy. 1
2019-05-03 14:45:59,507:DEBUG:	### _batch_data, bucket strategy. 2
2019-05-03 14:45:59,936:DEBUG:	### _batch_data, bucket strategy. 3
2019-05-03 14:48:56,159:DEBUG:	UAS (wo. punct) 0.93806	 LAS (wo. punct) 0.92337
2019-05-03 14:48:56,177:DEBUG:	UAS (w. punct) 0.93299	 LAS (w. punct) 0.9204
2019-05-03 14:49:40,870:INFO:	Epoch 13
2019-05-03 14:49:40,873:INFO:	=====================
2019-05-03 14:49:51,630:DEBUG:	### _batch_data, bucket strategy. 1
2019-05-03 14:49:51,631:DEBUG:	### _batch_data, bucket strategy. 2
2019-05-03 14:49:54,487:DEBUG:	### _batch_data, bucket strategy. 3
2019-05-03 15:21:44,339:DEBUG:	Completed epoch 13 in 1923.4689724445343
2019-05-03 15:21:44,342:DEBUG:	### _batch_data, bucket strategy. 1
2019-05-03 15:21:44,344:DEBUG:	### _batch_data, bucket strategy. 2
2019-05-03 15:21:44,767:DEBUG:	### _batch_data, bucket strategy. 3
2019-05-03 15:24:40,950:DEBUG:	UAS (wo. punct) 0.93837	 LAS (wo. punct) 0.92268
2019-05-03 15:24:40,963:DEBUG:	UAS (w. punct) 0.93193	 LAS (w. punct) 0.91842
2019-05-03 15:25:03,972:DEBUG:	### _batch_data, bucket strategy. 1
2019-05-03 15:25:03,983:DEBUG:	### _batch_data, bucket strategy. 2
2019-05-03 15:25:06,704:DEBUG:	### _batch_data, bucket strategy. 3
2019-05-03 15:55:37,243:DEBUG:	Completed epoch 13 in 3956.372529029846
2019-05-03 15:55:37,252:DEBUG:	### _batch_data, bucket strategy. 1
2019-05-03 15:55:37,259:DEBUG:	### _batch_data, bucket strategy. 2
2019-05-03 15:55:37,677:DEBUG:	### _batch_data, bucket strategy. 3
2019-05-03 15:58:39,905:DEBUG:	UAS (wo. punct) 0.93806	 LAS (wo. punct) 0.923
2019-05-03 15:58:39,924:DEBUG:	UAS (w. punct) 0.93214	 LAS (w. punct) 0.9191
2019-05-03 15:59:13,401:DEBUG:	### _batch_data, bucket strategy. 1
2019-05-03 15:59:13,422:DEBUG:	### _batch_data, bucket strategy. 2
2019-05-03 15:59:15,947:DEBUG:	### _batch_data, bucket strategy. 3
2019-05-03 16:30:05,689:DEBUG:	Completed epoch 13 in 6024.818871498108
2019-05-03 16:30:05,691:DEBUG:	### _batch_data, bucket strategy. 1
2019-05-03 16:30:05,693:DEBUG:	### _batch_data, bucket strategy. 2
2019-05-03 16:30:06,126:DEBUG:	### _batch_data, bucket strategy. 3
2019-05-03 16:32:33,040:DEBUG:	UAS (wo. punct) 0.93798	 LAS (wo. punct) 0.92218
2019-05-03 16:32:33,055:DEBUG:	UAS (w. punct) 0.93308	 LAS (w. punct) 0.91966
2019-05-03 16:33:23,967:DEBUG:	### _batch_data, bucket strategy. 1
2019-05-03 16:33:23,995:DEBUG:	### _batch_data, bucket strategy. 2
2019-05-03 16:33:26,344:DEBUG:	### _batch_data, bucket strategy. 3
2019-05-03 17:03:39,120:DEBUG:	Completed epoch 13 in 8038.249640464783
2019-05-03 17:03:39,121:DEBUG:	### _batch_data, bucket strategy. 1
2019-05-03 17:03:39,122:DEBUG:	### _batch_data, bucket strategy. 2
2019-05-03 17:03:39,532:DEBUG:	### _batch_data, bucket strategy. 3
2019-05-03 17:05:58,403:DEBUG:	UAS (wo. punct) 0.93811	 LAS (wo. punct) 0.92387
2019-05-03 17:05:58,427:DEBUG:	UAS (w. punct) 0.93281	 LAS (w. punct) 0.92058
2019-05-03 17:06:43,268:INFO:	Epoch 14
2019-05-03 17:06:43,282:INFO:	=====================
2019-05-03 17:06:54,816:DEBUG:	### _batch_data, bucket strategy. 1
2019-05-03 17:06:54,831:DEBUG:	### _batch_data, bucket strategy. 2
2019-05-03 17:06:57,421:DEBUG:	### _batch_data, bucket strategy. 3
2019-05-03 17:37:47,520:DEBUG:	Completed epoch 14 in 1864.2521016597748
2019-05-03 17:37:47,538:DEBUG:	### _batch_data, bucket strategy. 1
2019-05-03 17:37:47,554:DEBUG:	### _batch_data, bucket strategy. 2
2019-05-03 17:37:47,984:DEBUG:	### _batch_data, bucket strategy. 3
2019-05-03 17:39:50,708:DEBUG:	UAS (wo. punct) 0.93779	 LAS (wo. punct) 0.92316
2019-05-03 17:39:50,711:DEBUG:	UAS (w. punct) 0.93205	 LAS (w. punct) 0.9195
2019-05-03 17:40:12,572:DEBUG:	### _batch_data, bucket strategy. 1
2019-05-03 17:40:12,575:DEBUG:	### _batch_data, bucket strategy. 2
2019-05-03 17:40:15,067:DEBUG:	### _batch_data, bucket strategy. 3
2019-05-03 18:11:07,662:DEBUG:	Completed epoch 14 in 3864.3940844535828
2019-05-03 18:11:07,665:DEBUG:	### _batch_data, bucket strategy. 1
2019-05-03 18:11:07,669:DEBUG:	### _batch_data, bucket strategy. 2
2019-05-03 18:11:08,071:DEBUG:	### _batch_data, bucket strategy. 3
2019-05-03 18:14:04,270:DEBUG:	UAS (wo. punct) 0.93626	 LAS (wo. punct) 0.92073
2019-05-03 18:14:04,282:DEBUG:	UAS (w. punct) 0.93041	 LAS (w. punct) 0.91694
2019-05-03 18:14:38,606:DEBUG:	### _batch_data, bucket strategy. 1
2019-05-03 18:14:38,627:DEBUG:	### _batch_data, bucket strategy. 2
2019-05-03 18:14:41,203:DEBUG:	### _batch_data, bucket strategy. 3
2019-05-03 18:42:38,323:DEBUG:	Completed epoch 14 in 5755.055469989777
2019-05-03 18:42:38,327:DEBUG:	### _batch_data, bucket strategy. 1
2019-05-03 18:42:38,334:DEBUG:	### _batch_data, bucket strategy. 2
2019-05-03 18:42:38,753:DEBUG:	### _batch_data, bucket strategy. 3
2019-05-03 18:44:53,862:DEBUG:	UAS (wo. punct) 0.93737	 LAS (wo. punct) 0.92316
2019-05-03 18:44:53,878:DEBUG:	UAS (w. punct) 0.93137	 LAS (w. punct) 0.91908
2019-05-03 18:45:42,664:DEBUG:	### _batch_data, bucket strategy. 1
2019-05-03 18:45:42,684:DEBUG:	### _batch_data, bucket strategy. 2
2019-05-03 18:45:44,996:DEBUG:	### _batch_data, bucket strategy. 3
2019-05-03 19:12:59,046:DEBUG:	Completed epoch 14 in 7575.778534650803
2019-05-03 19:12:59,056:DEBUG:	### _batch_data, bucket strategy. 1
2019-05-03 19:12:59,069:DEBUG:	### _batch_data, bucket strategy. 2
2019-05-03 19:12:59,472:DEBUG:	### _batch_data, bucket strategy. 3
2019-05-03 19:14:42,418:DEBUG:	UAS (wo. punct) 0.93515	 LAS (wo. punct) 0.92036
2019-05-03 19:14:42,421:DEBUG:	UAS (w. punct) 0.92962	 LAS (w. punct) 0.91701
2019-05-03 19:15:29,046:INFO:	Epoch 15
2019-05-03 19:15:29,052:INFO:	=====================
2019-05-03 19:15:41,364:DEBUG:	### _batch_data, bucket strategy. 1
2019-05-03 19:15:41,387:DEBUG:	### _batch_data, bucket strategy. 2
2019-05-03 19:15:43,736:DEBUG:	### _batch_data, bucket strategy. 3
2019-05-03 19:43:53,985:DEBUG:	Completed epoch 15 in 1704.9384756088257
2019-05-03 19:43:53,987:DEBUG:	### _batch_data, bucket strategy. 1
2019-05-03 19:43:53,990:DEBUG:	### _batch_data, bucket strategy. 2
2019-05-03 19:43:54,390:DEBUG:	### _batch_data, bucket strategy. 3
2019-05-03 19:45:40,425:DEBUG:	UAS (wo. punct) 0.93946	 LAS (wo. punct) 0.9253
2019-05-03 19:45:40,428:DEBUG:	UAS (w. punct) 0.9344	 LAS (w. punct) 0.92219
2019-05-03 19:46:00,677:DEBUG:	### _batch_data, bucket strategy. 1
2019-05-03 19:46:00,685:DEBUG:	### _batch_data, bucket strategy. 2
2019-05-03 19:46:03,118:DEBUG:	### _batch_data, bucket strategy. 3
2019-05-03 20:14:52,763:DEBUG:	Completed epoch 15 in 3563.7173318862915
2019-05-03 20:14:52,773:DEBUG:	### _batch_data, bucket strategy. 1
2019-05-03 20:14:52,781:DEBUG:	### _batch_data, bucket strategy. 2
2019-05-03 20:14:53,182:DEBUG:	### _batch_data, bucket strategy. 3
2019-05-03 20:16:42,521:DEBUG:	UAS (wo. punct) 0.93766	 LAS (wo. punct) 0.92155
2019-05-03 20:16:42,530:DEBUG:	UAS (w. punct) 0.93187	 LAS (w. punct) 0.91804
2019-05-03 20:17:12,533:DEBUG:	### _batch_data, bucket strategy. 1
2019-05-03 20:17:12,539:DEBUG:	### _batch_data, bucket strategy. 2
2019-05-03 20:17:14,903:DEBUG:	### _batch_data, bucket strategy. 3
2019-05-03 20:45:10,626:DEBUG:	Completed epoch 15 in 5381.579656839371
2019-05-03 20:45:10,632:DEBUG:	### _batch_data, bucket strategy. 1
2019-05-03 20:45:10,638:DEBUG:	### _batch_data, bucket strategy. 2
2019-05-03 20:45:11,036:DEBUG:	### _batch_data, bucket strategy. 3
2019-05-03 20:47:03,471:DEBUG:	UAS (wo. punct) 0.93837	 LAS (wo. punct) 0.92335
2019-05-03 20:47:03,476:DEBUG:	UAS (w. punct) 0.93375	 LAS (w. punct) 0.92085
2019-05-03 20:47:42,523:DEBUG:	### _batch_data, bucket strategy. 1
2019-05-03 20:47:42,526:DEBUG:	### _batch_data, bucket strategy. 2
2019-05-03 20:47:44,856:DEBUG:	### _batch_data, bucket strategy. 3
2019-05-03 21:15:38,700:DEBUG:	Completed epoch 15 in 7209.6534075737
2019-05-03 21:15:38,725:DEBUG:	### _batch_data, bucket strategy. 1
2019-05-03 21:15:38,748:DEBUG:	### _batch_data, bucket strategy. 2
2019-05-03 21:15:39,181:DEBUG:	### _batch_data, bucket strategy. 3
2019-05-03 21:17:32,208:DEBUG:	UAS (wo. punct) 0.9361	 LAS (wo. punct) 0.92126
2019-05-03 21:17:32,213:DEBUG:	UAS (w. punct) 0.93104	 LAS (w. punct) 0.91831
2019-05-03 21:18:11,422:INFO:	Epoch 16
2019-05-03 21:18:11,426:INFO:	=====================
2019-05-03 21:18:21,803:DEBUG:	### _batch_data, bucket strategy. 1
2019-05-03 21:18:21,806:DEBUG:	### _batch_data, bucket strategy. 2
2019-05-03 21:18:24,269:DEBUG:	### _batch_data, bucket strategy. 3
2019-05-03 21:47:39,449:DEBUG:	Completed epoch 16 in 1768.0275537967682
2019-05-03 21:47:39,451:DEBUG:	### _batch_data, bucket strategy. 1
2019-05-03 21:47:39,452:DEBUG:	### _batch_data, bucket strategy. 2
2019-05-03 21:47:39,871:DEBUG:	### _batch_data, bucket strategy. 3
2019-05-03 21:50:05,610:DEBUG:	UAS (wo. punct) 0.93742	 LAS (wo. punct) 0.92215
2019-05-03 21:50:05,628:DEBUG:	UAS (w. punct) 0.93164	 LAS (w. punct) 0.91856
2019-05-03 21:50:28,549:DEBUG:	### _batch_data, bucket strategy. 1
2019-05-03 21:50:28,565:DEBUG:	### _batch_data, bucket strategy. 2
2019-05-03 21:50:30,969:DEBUG:	### _batch_data, bucket strategy. 3
2019-05-03 22:19:04,651:DEBUG:	Completed epoch 16 in 3653.229024171829
2019-05-03 22:19:04,656:DEBUG:	### _batch_data, bucket strategy. 1
2019-05-03 22:19:04,660:DEBUG:	### _batch_data, bucket strategy. 2
2019-05-03 22:19:05,068:DEBUG:	### _batch_data, bucket strategy. 3
2019-05-03 22:20:55,917:DEBUG:	UAS (wo. punct) 0.93824	 LAS (wo. punct) 0.9229
2019-05-03 22:20:55,922:DEBUG:	UAS (w. punct) 0.93299	 LAS (w. punct) 0.91961
2019-05-03 22:21:31,432:DEBUG:	### _batch_data, bucket strategy. 1
2019-05-03 22:21:31,437:DEBUG:	### _batch_data, bucket strategy. 2
2019-05-03 22:21:34,119:DEBUG:	### _batch_data, bucket strategy. 3
2019-05-03 22:51:49,676:DEBUG:	Completed epoch 16 in 5618.254472494125
2019-05-03 22:51:49,703:DEBUG:	### _batch_data, bucket strategy. 1
2019-05-03 22:51:49,724:DEBUG:	### _batch_data, bucket strategy. 2
2019-05-03 22:51:50,131:DEBUG:	### _batch_data, bucket strategy. 3
2019-05-03 22:53:40,413:DEBUG:	UAS (wo. punct) 0.93718	 LAS (wo. punct) 0.92163
2019-05-03 22:53:40,425:DEBUG:	UAS (w. punct) 0.93175	 LAS (w. punct) 0.91849
2019-05-03 22:54:19,931:DEBUG:	### _batch_data, bucket strategy. 1
2019-05-03 22:54:19,935:DEBUG:	### _batch_data, bucket strategy. 2
2019-05-03 22:54:22,266:DEBUG:	### _batch_data, bucket strategy. 3
2019-05-03 23:26:33,037:DEBUG:	Completed epoch 16 in 7701.61528968811
2019-05-03 23:26:33,068:DEBUG:	### _batch_data, bucket strategy. 1
2019-05-03 23:26:33,070:DEBUG:	### _batch_data, bucket strategy. 2
2019-05-03 23:26:33,397:DEBUG:	### _batch_data, bucket strategy. 3
2019-05-03 23:28:21,129:DEBUG:	UAS (wo. punct) 0.93546	 LAS (wo. punct) 0.9203
2019-05-03 23:28:21,132:DEBUG:	UAS (w. punct) 0.93088	 LAS (w. punct) 0.91791
2019-05-03 23:28:58,477:INFO:	Epoch 17
2019-05-03 23:28:58,485:INFO:	=====================
2019-05-03 23:29:09,546:DEBUG:	### _batch_data, bucket strategy. 1
2019-05-03 23:29:09,549:DEBUG:	### _batch_data, bucket strategy. 2
2019-05-03 23:29:11,912:DEBUG:	### _batch_data, bucket strategy. 3
2019-05-04 00:04:14,125:DEBUG:	Completed epoch 17 in 2115.648577928543
2019-05-04 00:04:14,174:DEBUG:	### _batch_data, bucket strategy. 1
2019-05-04 00:04:14,188:DEBUG:	### _batch_data, bucket strategy. 2
2019-05-04 00:04:14,594:DEBUG:	### _batch_data, bucket strategy. 3
2019-05-04 00:05:57,803:DEBUG:	UAS (wo. punct) 0.93713	 LAS (wo. punct) 0.92205
2019-05-04 00:05:57,806:DEBUG:	UAS (w. punct) 0.93144	 LAS (w. punct) 0.91858
2019-05-04 00:06:17,885:DEBUG:	### _batch_data, bucket strategy. 1
2019-05-04 00:06:17,888:DEBUG:	### _batch_data, bucket strategy. 2
2019-05-04 00:06:20,133:DEBUG:	### _batch_data, bucket strategy. 3
2019-05-04 00:40:08,480:DEBUG:	Completed epoch 17 in 4270.003463029861
2019-05-04 00:40:08,496:DEBUG:	### _batch_data, bucket strategy. 1
2019-05-04 00:40:08,499:DEBUG:	### _batch_data, bucket strategy. 2
2019-05-04 00:40:08,908:DEBUG:	### _batch_data, bucket strategy. 3
2019-05-04 00:42:00,510:DEBUG:	UAS (wo. punct) 0.93607	 LAS (wo. punct) 0.9202
2019-05-04 00:42:00,515:DEBUG:	UAS (w. punct) 0.93137	 LAS (w. punct) 0.91762
2019-05-04 00:42:29,714:DEBUG:	### _batch_data, bucket strategy. 1
2019-05-04 00:42:29,716:DEBUG:	### _batch_data, bucket strategy. 2
2019-05-04 00:42:32,319:DEBUG:	### _batch_data, bucket strategy. 3
2019-05-04 01:18:58,423:DEBUG:	Completed epoch 17 in 6599.9467940330505
2019-05-04 01:18:58,454:DEBUG:	### _batch_data, bucket strategy. 1
2019-05-04 01:18:58,455:DEBUG:	### _batch_data, bucket strategy. 2
2019-05-04 01:18:58,884:DEBUG:	### _batch_data, bucket strategy. 3
2019-05-04 01:20:47,260:DEBUG:	UAS (wo. punct) 0.93578	 LAS (wo. punct) 0.91988
2019-05-04 01:20:47,263:DEBUG:	UAS (w. punct) 0.93128	 LAS (w. punct) 0.91764
2019-05-04 01:21:26,402:DEBUG:	### _batch_data, bucket strategy. 1
2019-05-04 01:21:26,403:DEBUG:	### _batch_data, bucket strategy. 2
2019-05-04 01:21:28,722:DEBUG:	### _batch_data, bucket strategy. 3
2019-05-04 01:58:49,855:DEBUG:	Completed epoch 17 in 8991.37838935852
2019-05-04 01:58:49,871:DEBUG:	### _batch_data, bucket strategy. 1
2019-05-04 01:58:50,380:DEBUG:	### _batch_data, bucket strategy. 2
2019-05-04 01:58:50,832:DEBUG:	### _batch_data, bucket strategy. 3
2019-05-04 02:00:40,566:DEBUG:	UAS (wo. punct) 0.93708	 LAS (wo. punct) 0.92205
2019-05-04 02:00:40,569:DEBUG:	UAS (w. punct) 0.93229	 LAS (w. punct) 0.91925
2019-05-04 02:01:20,346:INFO:	Epoch 18
2019-05-04 02:01:20,347:INFO:	=====================
2019-05-04 02:01:30,895:DEBUG:	### _batch_data, bucket strategy. 1
2019-05-04 02:01:30,896:DEBUG:	### _batch_data, bucket strategy. 2
2019-05-04 02:01:33,298:DEBUG:	### _batch_data, bucket strategy. 3
2019-05-04 02:39:35,922:DEBUG:	Completed epoch 18 in 2295.5765573978424
2019-05-04 02:39:36,071:DEBUG:	### _batch_data, bucket strategy. 1
2019-05-04 02:39:36,481:DEBUG:	### _batch_data, bucket strategy. 2
2019-05-04 02:39:36,862:DEBUG:	### _batch_data, bucket strategy. 3
2019-05-04 02:41:21,946:DEBUG:	UAS (wo. punct) 0.93742	 LAS (wo. punct) 0.92192
2019-05-04 02:41:21,948:DEBUG:	UAS (w. punct) 0.93178	 LAS (w. punct) 0.91842
2019-05-04 02:41:41,390:DEBUG:	### _batch_data, bucket strategy. 1
2019-05-04 02:41:41,392:DEBUG:	### _batch_data, bucket strategy. 2
2019-05-04 02:41:43,678:DEBUG:	### _batch_data, bucket strategy. 3
2019-05-04 03:15:07,185:DEBUG:	Completed epoch 18 in 4426.83931350708
2019-05-04 03:15:07,205:DEBUG:	### _batch_data, bucket strategy. 1
2019-05-04 03:15:07,207:DEBUG:	### _batch_data, bucket strategy. 2
2019-05-04 03:15:07,604:DEBUG:	### _batch_data, bucket strategy. 3
2019-05-04 03:16:51,175:DEBUG:	UAS (wo. punct) 0.93763	 LAS (wo. punct) 0.92208
2019-05-04 03:16:51,177:DEBUG:	UAS (w. punct) 0.93202	 LAS (w. punct) 0.91858
2019-05-04 03:17:19,656:DEBUG:	### _batch_data, bucket strategy. 1
2019-05-04 03:17:19,670:DEBUG:	### _batch_data, bucket strategy. 2
2019-05-04 03:17:22,043:DEBUG:	### _batch_data, bucket strategy. 3
2019-05-04 03:49:54,207:DEBUG:	Completed epoch 18 in 6513.861444473267
2019-05-04 03:49:54,245:DEBUG:	### _batch_data, bucket strategy. 1
2019-05-04 03:49:54,257:DEBUG:	### _batch_data, bucket strategy. 2
2019-05-04 03:49:54,653:DEBUG:	### _batch_data, bucket strategy. 3
2019-05-04 03:51:36,301:DEBUG:	UAS (wo. punct) 0.93623	 LAS (wo. punct) 0.91964
2019-05-04 03:51:36,306:DEBUG:	UAS (w. punct) 0.93086	 LAS (w. punct) 0.91661
2019-05-04 03:52:13,692:DEBUG:	### _batch_data, bucket strategy. 1
2019-05-04 03:52:13,695:DEBUG:	### _batch_data, bucket strategy. 2
2019-05-04 03:52:16,090:DEBUG:	### _batch_data, bucket strategy. 3
2019-05-04 04:27:41,705:DEBUG:	Completed epoch 18 in 8781.358847856522
2019-05-04 04:27:41,720:DEBUG:	### _batch_data, bucket strategy. 1
2019-05-04 04:27:41,721:DEBUG:	### _batch_data, bucket strategy. 2
2019-05-04 04:27:42,082:DEBUG:	### _batch_data, bucket strategy. 3
2019-05-04 04:29:24,032:DEBUG:	UAS (wo. punct) 0.93684	 LAS (wo. punct) 0.92083
2019-05-04 04:29:24,034:DEBUG:	UAS (w. punct) 0.93162	 LAS (w. punct) 0.91786
2019-05-04 04:29:59,201:INFO:	Epoch 19
2019-05-04 04:29:59,205:INFO:	=====================
2019-05-04 04:30:08,488:DEBUG:	### _batch_data, bucket strategy. 1
2019-05-04 04:30:08,493:DEBUG:	### _batch_data, bucket strategy. 2
2019-05-04 04:30:10,726:DEBUG:	### _batch_data, bucket strategy. 3
2019-05-04 05:06:08,822:DEBUG:	Completed epoch 19 in 2169.620431661606
2019-05-04 05:06:08,866:DEBUG:	### _batch_data, bucket strategy. 1
2019-05-04 05:06:08,868:DEBUG:	### _batch_data, bucket strategy. 2
2019-05-04 05:06:09,247:DEBUG:	### _batch_data, bucket strategy. 3
2019-05-04 05:07:53,431:DEBUG:	UAS (wo. punct) 0.93671	 LAS (wo. punct) 0.92123
2019-05-04 05:07:53,433:DEBUG:	UAS (w. punct) 0.93018	 LAS (w. punct) 0.9169
2019-05-04 05:08:11,688:DEBUG:	### _batch_data, bucket strategy. 1
2019-05-04 05:08:11,693:DEBUG:	### _batch_data, bucket strategy. 2
2019-05-04 05:08:13,861:DEBUG:	### _batch_data, bucket strategy. 3
2019-05-04 05:45:05,167:DEBUG:	Completed epoch 19 in 4505.966026067734
2019-05-04 05:45:05,193:DEBUG:	### _batch_data, bucket strategy. 1
2019-05-04 05:45:05,903:DEBUG:	### _batch_data, bucket strategy. 2
2019-05-04 05:45:06,287:DEBUG:	### _batch_data, bucket strategy. 3
2019-05-04 05:46:45,668:DEBUG:	UAS (wo. punct) 0.93544	 LAS (wo. punct) 0.91909
2019-05-04 05:46:45,670:DEBUG:	UAS (w. punct) 0.92962	 LAS (w. punct) 0.91557
2019-05-04 05:47:13,128:DEBUG:	### _batch_data, bucket strategy. 1
2019-05-04 05:47:13,130:DEBUG:	### _batch_data, bucket strategy. 2
2019-05-04 05:47:15,349:DEBUG:	### _batch_data, bucket strategy. 3
2019-05-04 06:20:45,760:DEBUG:	Completed epoch 19 in 6646.558678388596
2019-05-04 06:20:45,774:DEBUG:	### _batch_data, bucket strategy. 1
2019-05-04 06:20:45,776:DEBUG:	### _batch_data, bucket strategy. 2
2019-05-04 06:20:46,160:DEBUG:	### _batch_data, bucket strategy. 3
2019-05-04 06:22:30,327:DEBUG:	UAS (wo. punct) 0.93779	 LAS (wo. punct) 0.92231
2019-05-04 06:22:30,330:DEBUG:	UAS (w. punct) 0.93268	 LAS (w. punct) 0.91941
2019-05-04 06:23:04,995:DEBUG:	### _batch_data, bucket strategy. 1
2019-05-04 06:23:05,007:DEBUG:	### _batch_data, bucket strategy. 2
2019-05-04 06:23:07,216:DEBUG:	### _batch_data, bucket strategy. 3
2019-05-04 06:55:53,829:DEBUG:	Completed epoch 19 in 8754.627506494522
2019-05-04 06:55:53,896:DEBUG:	### _batch_data, bucket strategy. 1
2019-05-04 06:55:53,900:DEBUG:	### _batch_data, bucket strategy. 2
2019-05-04 06:55:54,276:DEBUG:	### _batch_data, bucket strategy. 3
2019-05-04 06:57:30,888:DEBUG:	UAS (wo. punct) 0.93636	 LAS (wo. punct) 0.9202
2019-05-04 06:57:30,889:DEBUG:	UAS (w. punct) 0.93081	 LAS (w. punct) 0.91697
2019-05-04 06:58:11,624:INFO:	Epoch 20
2019-05-04 06:58:11,629:INFO:	=====================
2019-05-04 06:58:20,612:DEBUG:	### _batch_data, bucket strategy. 1
2019-05-04 06:58:20,613:DEBUG:	### _batch_data, bucket strategy. 2
2019-05-04 06:58:23,000:DEBUG:	### _batch_data, bucket strategy. 3
2019-05-04 07:29:55,372:DEBUG:	Completed epoch 20 in 1903.7474579811096
2019-05-04 07:29:55,400:DEBUG:	### _batch_data, bucket strategy. 1
2019-05-04 07:29:56,112:DEBUG:	### _batch_data, bucket strategy. 2
2019-05-04 07:29:56,488:DEBUG:	### _batch_data, bucket strategy. 3
2019-05-04 07:31:33,117:DEBUG:	UAS (wo. punct) 0.93676	 LAS (wo. punct) 0.92012
2019-05-04 07:31:33,122:DEBUG:	UAS (w. punct) 0.93128	 LAS (w. punct) 0.91699
2019-05-04 07:31:52,587:DEBUG:	### _batch_data, bucket strategy. 1
2019-05-04 07:31:52,588:DEBUG:	### _batch_data, bucket strategy. 2
2019-05-04 07:31:54,905:DEBUG:	### _batch_data, bucket strategy. 3
2019-05-04 08:09:02,382:DEBUG:	Completed epoch 20 in 4250.7577085494995
2019-05-04 08:09:02,393:DEBUG:	### _batch_data, bucket strategy. 1
2019-05-04 08:09:02,394:DEBUG:	### _batch_data, bucket strategy. 2
2019-05-04 08:09:02,757:DEBUG:	### _batch_data, bucket strategy. 3
2019-05-04 08:10:41,509:DEBUG:	UAS (wo. punct) 0.93621	 LAS (wo. punct) 0.92036
2019-05-04 08:10:41,514:DEBUG:	UAS (w. punct) 0.93095	 LAS (w. punct) 0.91737
2019-05-04 08:11:09,524:DEBUG:	### _batch_data, bucket strategy. 1
2019-05-04 08:11:09,530:DEBUG:	### _batch_data, bucket strategy. 2
2019-05-04 08:11:11,532:DEBUG:	### _batch_data, bucket strategy. 3
2019-05-04 08:45:47,713:DEBUG:	Completed epoch 20 in 6456.089029312134
2019-05-04 08:45:47,784:DEBUG:	### _batch_data, bucket strategy. 1
2019-05-04 08:45:47,793:DEBUG:	### _batch_data, bucket strategy. 2
2019-05-04 08:45:48,181:DEBUG:	### _batch_data, bucket strategy. 3
2019-05-04 08:47:21,372:DEBUG:	UAS (wo. punct) 0.93853	 LAS (wo. punct) 0.92247
2019-05-04 08:47:21,376:DEBUG:	UAS (w. punct) 0.93285	 LAS (w. punct) 0.91914
2019-05-04 08:47:57,585:DEBUG:	### _batch_data, bucket strategy. 1
2019-05-04 08:47:57,593:DEBUG:	### _batch_data, bucket strategy. 2
2019-05-04 08:47:59,591:DEBUG:	### _batch_data, bucket strategy. 3
2019-05-04 09:21:21,202:DEBUG:	Completed epoch 20 in 8589.578004598618
2019-05-04 09:21:21,255:DEBUG:	### _batch_data, bucket strategy. 1
2019-05-04 09:21:21,266:DEBUG:	### _batch_data, bucket strategy. 2
2019-05-04 09:21:21,641:DEBUG:	### _batch_data, bucket strategy. 3
2019-05-04 09:22:55,619:DEBUG:	UAS (wo. punct) 0.93509	 LAS (wo. punct) 0.91829
2019-05-04 09:22:55,621:DEBUG:	UAS (w. punct) 0.92985	 LAS (w. punct) 0.91548
2019-05-04 09:23:31,136:INFO:	Epoch 21
2019-05-04 09:23:31,137:INFO:	=====================
2019-05-04 09:23:40,087:DEBUG:	### _batch_data, bucket strategy. 1
2019-05-04 09:23:40,093:DEBUG:	### _batch_data, bucket strategy. 2
2019-05-04 09:23:42,169:DEBUG:	### _batch_data, bucket strategy. 3
2019-05-04 10:02:05,091:DEBUG:	Completed epoch 21 in 2313.9545814990997
2019-05-04 10:02:05,112:DEBUG:	### _batch_data, bucket strategy. 1
2019-05-04 10:02:05,114:DEBUG:	### _batch_data, bucket strategy. 2
2019-05-04 10:02:05,447:DEBUG:	### _batch_data, bucket strategy. 3
2019-05-04 10:03:40,491:DEBUG:	UAS (wo. punct) 0.93488	 LAS (wo. punct) 0.9185
2019-05-04 10:03:40,493:DEBUG:	UAS (w. punct) 0.92951	 LAS (w. punct) 0.91539
2019-05-04 10:04:00,044:DEBUG:	### _batch_data, bucket strategy. 1
2019-05-04 10:04:00,045:DEBUG:	### _batch_data, bucket strategy. 2
2019-05-04 10:04:02,191:DEBUG:	### _batch_data, bucket strategy. 3
2019-05-04 10:39:17,325:DEBUG:	Completed epoch 21 in 4546.189297914505
2019-05-04 10:39:17,356:DEBUG:	### _batch_data, bucket strategy. 1
2019-05-04 10:39:17,358:DEBUG:	### _batch_data, bucket strategy. 2
2019-05-04 10:39:17,734:DEBUG:	### _batch_data, bucket strategy. 3
2019-05-04 10:40:55,078:DEBUG:	UAS (wo. punct) 0.93634	 LAS (wo. punct) 0.91983
2019-05-04 10:40:55,079:DEBUG:	UAS (w. punct) 0.9314	 LAS (w. punct) 0.91717
2019-05-04 10:41:21,828:DEBUG:	### _batch_data, bucket strategy. 1
2019-05-04 10:41:21,831:DEBUG:	### _batch_data, bucket strategy. 2
2019-05-04 10:41:24,073:DEBUG:	### _batch_data, bucket strategy. 3
2019-05-04 11:13:10,713:DEBUG:	Completed epoch 21 in 6579.577305555344
2019-05-04 11:13:10,762:DEBUG:	### _batch_data, bucket strategy. 1
2019-05-04 11:13:10,768:DEBUG:	### _batch_data, bucket strategy. 2
2019-05-04 11:13:11,155:DEBUG:	### _batch_data, bucket strategy. 3
2019-05-04 11:14:48,928:DEBUG:	UAS (wo. punct) 0.93755	 LAS (wo. punct) 0.922
2019-05-04 11:14:48,931:DEBUG:	UAS (w. punct) 0.93211	 LAS (w. punct) 0.91883
2019-05-04 11:15:27,478:DEBUG:	### _batch_data, bucket strategy. 1
2019-05-04 11:15:27,479:DEBUG:	### _batch_data, bucket strategy. 2
2019-05-04 11:15:29,692:DEBUG:	### _batch_data, bucket strategy. 3
2019-05-04 11:46:22,014:DEBUG:	Completed epoch 21 in 8570.877860069275
2019-05-04 11:46:22,042:DEBUG:	### _batch_data, bucket strategy. 1
2019-05-04 11:46:22,045:DEBUG:	### _batch_data, bucket strategy. 2
2019-05-04 11:46:22,425:DEBUG:	### _batch_data, bucket strategy. 3
2019-05-04 11:47:56,318:DEBUG:	UAS (wo. punct) 0.93652	 LAS (wo. punct) 0.92099
2019-05-04 11:47:56,320:DEBUG:	UAS (w. punct) 0.93097	 LAS (w. punct) 0.91766
2019-05-04 11:48:38,115:INFO:	Epoch 22
2019-05-04 11:48:38,123:INFO:	=====================
2019-05-04 11:48:47,531:DEBUG:	### _batch_data, bucket strategy. 1
2019-05-04 11:48:47,532:DEBUG:	### _batch_data, bucket strategy. 2
2019-05-04 11:48:49,624:DEBUG:	### _batch_data, bucket strategy. 3
2019-05-04 12:19:47,932:DEBUG:	Completed epoch 22 in 1869.8163225650787
2019-05-04 12:19:47,934:DEBUG:	### _batch_data, bucket strategy. 1
2019-05-04 12:19:47,936:DEBUG:	### _batch_data, bucket strategy. 2
2019-05-04 12:19:48,306:DEBUG:	### _batch_data, bucket strategy. 3
2019-05-04 12:21:24,430:DEBUG:	UAS (wo. punct) 0.93621	 LAS (wo. punct) 0.92028
2019-05-04 12:21:24,433:DEBUG:	UAS (w. punct) 0.93059	 LAS (w. punct) 0.91701
2019-05-04 12:21:44,680:DEBUG:	### _batch_data, bucket strategy. 1
2019-05-04 12:21:44,682:DEBUG:	### _batch_data, bucket strategy. 2
2019-05-04 12:21:46,660:DEBUG:	### _batch_data, bucket strategy. 3
2019-05-04 12:47:38,684:DEBUG:	Completed epoch 22 in 3540.5683624744415
2019-05-04 12:47:38,688:DEBUG:	### _batch_data, bucket strategy. 1
2019-05-04 12:47:38,690:DEBUG:	### _batch_data, bucket strategy. 2
2019-05-04 12:47:39,069:DEBUG:	### _batch_data, bucket strategy. 3
2019-05-04 12:49:14,861:DEBUG:	UAS (wo. punct) 0.93832	 LAS (wo. punct) 0.922
2019-05-04 12:49:14,865:DEBUG:	UAS (w. punct) 0.93308	 LAS (w. punct) 0.9191
2019-05-04 12:49:42,022:DEBUG:	### _batch_data, bucket strategy. 1
2019-05-04 12:49:42,023:DEBUG:	### _batch_data, bucket strategy. 2
2019-05-04 12:49:44,290:DEBUG:	### _batch_data, bucket strategy. 3
2019-05-04 13:14:47,461:DEBUG:	Completed epoch 22 in 5169.345893859863
2019-05-04 13:14:47,463:DEBUG:	### _batch_data, bucket strategy. 1
2019-05-04 13:14:47,464:DEBUG:	### _batch_data, bucket strategy. 2
2019-05-04 13:14:47,853:DEBUG:	### _batch_data, bucket strategy. 3
2019-05-04 13:16:21,814:DEBUG:	UAS (wo. punct) 0.93835	 LAS (wo. punct) 0.92327
2019-05-04 13:16:21,816:DEBUG:	UAS (w. punct) 0.93299	 LAS (w. punct) 0.92004
2019-05-04 13:16:57,612:DEBUG:	### _batch_data, bucket strategy. 1
2019-05-04 13:16:57,613:DEBUG:	### _batch_data, bucket strategy. 2
2019-05-04 13:16:59,826:DEBUG:	### _batch_data, bucket strategy. 3
2019-05-04 13:42:00,298:DEBUG:	Completed epoch 22 in 6802.182243108749
2019-05-04 13:42:00,301:DEBUG:	### _batch_data, bucket strategy. 1
2019-05-04 13:42:00,302:DEBUG:	### _batch_data, bucket strategy. 2
2019-05-04 13:42:00,685:DEBUG:	### _batch_data, bucket strategy. 3
2019-05-04 13:43:37,967:DEBUG:	UAS (wo. punct) 0.93665	 LAS (wo. punct) 0.92131
2019-05-04 13:43:37,970:DEBUG:	UAS (w. punct) 0.93108	 LAS (w. punct) 0.91795
2019-05-04 13:44:20,399:INFO:	Epoch 23
2019-05-04 13:44:20,404:INFO:	=====================
2019-05-04 13:44:29,996:DEBUG:	### _batch_data, bucket strategy. 1
2019-05-04 13:44:29,999:DEBUG:	### _batch_data, bucket strategy. 2
2019-05-04 13:44:32,319:DEBUG:	### _batch_data, bucket strategy. 3
2019-05-04 14:09:48,886:DEBUG:	Completed epoch 23 in 1528.4867968559265
2019-05-04 14:09:48,887:DEBUG:	### _batch_data, bucket strategy. 1
2019-05-04 14:09:48,888:DEBUG:	### _batch_data, bucket strategy. 2
2019-05-04 14:09:49,264:DEBUG:	### _batch_data, bucket strategy. 3
2019-05-04 14:11:25,350:DEBUG:	UAS (wo. punct) 0.93549	 LAS (wo. punct) 0.92081
2019-05-04 14:11:25,353:DEBUG:	UAS (w. punct) 0.93021	 LAS (w. punct) 0.91753
2019-05-04 14:11:53,590:DEBUG:	### _batch_data, bucket strategy. 1
2019-05-04 14:11:53,591:DEBUG:	### _batch_data, bucket strategy. 2
2019-05-04 14:11:56,027:DEBUG:	### _batch_data, bucket strategy. 3
2019-05-04 14:36:54,880:DEBUG:	Completed epoch 23 in 3154.4809584617615
2019-05-04 14:36:54,883:DEBUG:	### _batch_data, bucket strategy. 1
2019-05-04 14:36:54,884:DEBUG:	### _batch_data, bucket strategy. 2
2019-05-04 14:36:55,257:DEBUG:	### _batch_data, bucket strategy. 3
2019-05-04 14:38:30,983:DEBUG:	UAS (wo. punct) 0.93597	 LAS (wo. punct) 0.91956
2019-05-04 14:38:30,988:DEBUG:	UAS (w. punct) 0.93068	 LAS (w. punct) 0.91643
2019-05-04 14:38:58,299:DEBUG:	### _batch_data, bucket strategy. 1
2019-05-04 14:38:58,301:DEBUG:	### _batch_data, bucket strategy. 2
2019-05-04 14:39:00,556:DEBUG:	### _batch_data, bucket strategy. 3
2019-05-04 15:03:57,420:DEBUG:	Completed epoch 23 in 4777.020858049393
2019-05-04 15:03:57,422:DEBUG:	### _batch_data, bucket strategy. 1
2019-05-04 15:03:57,424:DEBUG:	### _batch_data, bucket strategy. 2
2019-05-04 15:03:57,792:DEBUG:	### _batch_data, bucket strategy. 3
2019-05-04 15:05:32,499:DEBUG:	UAS (wo. punct) 0.93602	 LAS (wo. punct) 0.92062
2019-05-04 15:05:32,502:DEBUG:	UAS (w. punct) 0.93066	 LAS (w. punct) 0.91746
2019-05-04 15:06:16,708:DEBUG:	### _batch_data, bucket strategy. 1
2019-05-04 15:06:16,710:DEBUG:	### _batch_data, bucket strategy. 2
2019-05-04 15:06:18,921:DEBUG:	### _batch_data, bucket strategy. 3
2019-05-04 15:30:57,877:DEBUG:	Completed epoch 23 in 6397.477197170258
2019-05-04 15:30:57,879:DEBUG:	### _batch_data, bucket strategy. 1
2019-05-04 15:30:57,880:DEBUG:	### _batch_data, bucket strategy. 2
2019-05-04 15:30:58,264:DEBUG:	### _batch_data, bucket strategy. 3
2019-05-04 15:32:32,706:DEBUG:	UAS (wo. punct) 0.93636	 LAS (wo. punct) 0.92094
2019-05-04 15:32:32,709:DEBUG:	UAS (w. punct) 0.93068	 LAS (w. punct) 0.91741
2019-05-04 15:33:09,260:INFO:	Epoch 24
2019-05-04 15:33:09,262:INFO:	=====================
2019-05-04 15:33:18,714:DEBUG:	### _batch_data, bucket strategy. 1
2019-05-04 15:33:18,715:DEBUG:	### _batch_data, bucket strategy. 2
2019-05-04 15:33:20,989:DEBUG:	### _batch_data, bucket strategy. 3
2019-05-04 15:59:22,527:DEBUG:	Completed epoch 24 in 1573.2671463489532
2019-05-04 15:59:22,898:DEBUG:	### _batch_data, bucket strategy. 1
2019-05-04 15:59:22,899:DEBUG:	### _batch_data, bucket strategy. 2
2019-05-04 15:59:23,288:DEBUG:	### _batch_data, bucket strategy. 3
2019-05-04 16:01:02,411:DEBUG:	UAS (wo. punct) 0.93658	 LAS (wo. punct) 0.92163
2019-05-04 16:01:02,413:DEBUG:	UAS (w. punct) 0.93077	 LAS (w. punct) 0.91786
2019-05-04 16:01:20,988:DEBUG:	### _batch_data, bucket strategy. 1
2019-05-04 16:01:20,994:DEBUG:	### _batch_data, bucket strategy. 2
2019-05-04 16:01:23,260:DEBUG:	### _batch_data, bucket strategy. 3
2019-05-04 16:26:47,754:DEBUG:	Completed epoch 24 in 3218.493489742279
2019-05-04 16:26:47,757:DEBUG:	### _batch_data, bucket strategy. 1
2019-05-04 16:26:47,762:DEBUG:	### _batch_data, bucket strategy. 2
2019-05-04 16:26:48,147:DEBUG:	### _batch_data, bucket strategy. 3
2019-05-04 16:28:28,035:DEBUG:	UAS (wo. punct) 0.9375	 LAS (wo. punct) 0.92152
2019-05-04 16:28:28,037:DEBUG:	UAS (w. punct) 0.93205	 LAS (w. punct) 0.91822
2019-05-04 16:28:55,765:DEBUG:	### _batch_data, bucket strategy. 1
2019-05-04 16:28:55,768:DEBUG:	### _batch_data, bucket strategy. 2
2019-05-04 16:28:58,079:DEBUG:	### _batch_data, bucket strategy. 3
2019-05-04 16:54:14,402:DEBUG:	Completed epoch 24 in 4865.141182899475
2019-05-04 16:54:14,403:DEBUG:	### _batch_data, bucket strategy. 1
2019-05-04 16:54:14,409:DEBUG:	### _batch_data, bucket strategy. 2
2019-05-04 16:54:14,793:DEBUG:	### _batch_data, bucket strategy. 3
2019-05-04 16:55:57,537:DEBUG:	UAS (wo. punct) 0.93737	 LAS (wo. punct) 0.92149
2019-05-04 16:55:57,540:DEBUG:	UAS (w. punct) 0.93117	 LAS (w. punct) 0.91762
2019-05-04 16:56:36,811:DEBUG:	### _batch_data, bucket strategy. 1
2019-05-04 16:56:36,817:DEBUG:	### _batch_data, bucket strategy. 2
2019-05-04 16:56:39,025:DEBUG:	### _batch_data, bucket strategy. 3
2019-05-04 17:22:14,544:DEBUG:	Completed epoch 24 in 6545.2834095954895
2019-05-04 17:22:14,554:DEBUG:	### _batch_data, bucket strategy. 1
2019-05-04 17:22:14,566:DEBUG:	### _batch_data, bucket strategy. 2
2019-05-04 17:22:14,956:DEBUG:	### _batch_data, bucket strategy. 3
2019-05-04 17:23:59,413:DEBUG:	UAS (wo. punct) 0.93658	 LAS (wo. punct) 0.92131
2019-05-04 17:23:59,416:DEBUG:	UAS (w. punct) 0.93088	 LAS (w. punct) 0.91777
2019-05-04 17:24:35,049:INFO:	Epoch 25
2019-05-04 17:24:35,050:INFO:	=====================
2019-05-04 17:24:44,665:DEBUG:	### _batch_data, bucket strategy. 1
2019-05-04 17:24:44,667:DEBUG:	### _batch_data, bucket strategy. 2
2019-05-04 17:24:46,995:DEBUG:	### _batch_data, bucket strategy. 3
2019-05-04 17:50:24,040:DEBUG:	Completed epoch 25 in 1548.9909555912018
2019-05-04 17:50:24,047:DEBUG:	### _batch_data, bucket strategy. 1
2019-05-04 17:50:24,054:DEBUG:	### _batch_data, bucket strategy. 2
2019-05-04 17:50:24,437:DEBUG:	### _batch_data, bucket strategy. 3
2019-05-04 17:52:05,438:DEBUG:	UAS (wo. punct) 0.93647	 LAS (wo. punct) 0.92136
2019-05-04 17:52:05,444:DEBUG:	UAS (w. punct) 0.93077	 LAS (w. punct) 0.91771
2019-05-04 17:52:24,116:DEBUG:	### _batch_data, bucket strategy. 1
2019-05-04 17:52:24,118:DEBUG:	### _batch_data, bucket strategy. 2
2019-05-04 17:52:26,377:DEBUG:	### _batch_data, bucket strategy. 3
2019-05-04 18:17:12,260:DEBUG:	Completed epoch 25 in 3157.211421251297
2019-05-04 18:17:12,263:DEBUG:	### _batch_data, bucket strategy. 1
2019-05-04 18:17:12,266:DEBUG:	### _batch_data, bucket strategy. 2
2019-05-04 18:17:12,646:DEBUG:	### _batch_data, bucket strategy. 3
2019-05-04 18:18:53,962:DEBUG:	UAS (wo. punct) 0.93605	 LAS (wo. punct) 0.92115
2019-05-04 18:18:53,966:DEBUG:	UAS (w. punct) 0.93092	 LAS (w. punct) 0.91818
2019-05-04 18:19:24,406:DEBUG:	### _batch_data, bucket strategy. 1
2019-05-04 18:19:24,429:DEBUG:	### _batch_data, bucket strategy. 2
2019-05-04 18:19:26,646:DEBUG:	### _batch_data, bucket strategy. 3
2019-05-04 18:44:28,556:DEBUG:	Completed epoch 25 in 4793.507175683975
2019-05-04 18:44:28,566:DEBUG:	### _batch_data, bucket strategy. 1
2019-05-04 18:44:28,577:DEBUG:	### _batch_data, bucket strategy. 2
2019-05-04 18:44:28,955:DEBUG:	### _batch_data, bucket strategy. 3
2019-05-04 18:46:03,850:DEBUG:	UAS (wo. punct) 0.93605	 LAS (wo. punct) 0.92078
2019-05-04 18:46:03,853:DEBUG:	UAS (w. punct) 0.93135	 LAS (w. punct) 0.91838
2019-05-04 18:46:39,516:DEBUG:	### _batch_data, bucket strategy. 1
2019-05-04 18:46:39,517:DEBUG:	### _batch_data, bucket strategy. 2
2019-05-04 18:46:41,723:DEBUG:	### _batch_data, bucket strategy. 3
2019-05-04 19:10:48,115:DEBUG:	Completed epoch 25 in 6373.0666580200195
2019-05-04 19:10:48,118:DEBUG:	### _batch_data, bucket strategy. 1
2019-05-04 19:10:48,119:DEBUG:	### _batch_data, bucket strategy. 2
2019-05-04 19:10:48,488:DEBUG:	### _batch_data, bucket strategy. 3
2019-05-04 19:12:23,161:DEBUG:	UAS (wo. punct) 0.93552	 LAS (wo. punct) 0.9198
2019-05-04 19:12:23,163:DEBUG:	UAS (w. punct) 0.93009	 LAS (w. punct) 0.91665
2019-05-04 19:12:58,848:INFO:	Epoch 26
2019-05-04 19:12:58,850:INFO:	=====================
2019-05-04 19:13:08,453:DEBUG:	### _batch_data, bucket strategy. 1
2019-05-04 19:13:08,456:DEBUG:	### _batch_data, bucket strategy. 2
2019-05-04 19:13:10,740:DEBUG:	### _batch_data, bucket strategy. 3
2019-05-04 19:38:46,165:DEBUG:	Completed epoch 26 in 1547.3166131973267
2019-05-04 19:38:46,191:DEBUG:	### _batch_data, bucket strategy. 1
2019-05-04 19:38:46,194:DEBUG:	### _batch_data, bucket strategy. 2
2019-05-04 19:38:46,563:DEBUG:	### _batch_data, bucket strategy. 3
2019-05-04 19:40:21,329:DEBUG:	UAS (wo. punct) 0.93729	 LAS (wo. punct) 0.92284
2019-05-04 19:40:21,338:DEBUG:	UAS (w. punct) 0.93092	 LAS (w. punct) 0.91856
2019-05-04 19:40:39,850:DEBUG:	### _batch_data, bucket strategy. 1
2019-05-04 19:40:39,869:DEBUG:	### _batch_data, bucket strategy. 2
2019-05-04 19:40:42,125:DEBUG:	### _batch_data, bucket strategy. 3
2019-05-04 20:05:16,633:DEBUG:	Completed epoch 26 in 3137.7845752239227
2019-05-04 20:05:16,634:DEBUG:	### _batch_data, bucket strategy. 1
2019-05-04 20:05:16,634:DEBUG:	### _batch_data, bucket strategy. 2
2019-05-04 20:05:17,011:DEBUG:	### _batch_data, bucket strategy. 3
2019-05-04 20:06:55,703:DEBUG:	UAS (wo. punct) 0.93703	 LAS (wo. punct) 0.92028
2019-05-04 20:06:55,706:DEBUG:	UAS (w. punct) 0.93167	 LAS (w. punct) 0.91719
2019-05-04 20:07:22,885:DEBUG:	### _batch_data, bucket strategy. 1
2019-05-04 20:07:22,892:DEBUG:	### _batch_data, bucket strategy. 2
2019-05-04 20:07:25,139:DEBUG:	### _batch_data, bucket strategy. 3
2019-05-04 20:32:16,680:DEBUG:	Completed epoch 26 in 4757.831624984741
2019-05-04 20:32:16,681:DEBUG:	### _batch_data, bucket strategy. 1
2019-05-04 20:32:16,686:DEBUG:	### _batch_data, bucket strategy. 2
2019-05-04 20:32:17,071:DEBUG:	### _batch_data, bucket strategy. 3
2019-05-04 20:33:54,114:DEBUG:	UAS (wo. punct) 0.93583	 LAS (wo. punct) 0.92051
2019-05-04 20:33:54,120:DEBUG:	UAS (w. punct) 0.93124	 LAS (w. punct) 0.91807
2019-05-04 20:34:31,200:DEBUG:	### _batch_data, bucket strategy. 1
2019-05-04 20:34:31,202:DEBUG:	### _batch_data, bucket strategy. 2
2019-05-04 20:34:33,436:DEBUG:	### _batch_data, bucket strategy. 3
2019-05-04 20:59:07,247:DEBUG:	Completed epoch 26 in 6368.3984570503235
2019-05-04 20:59:07,248:DEBUG:	### _batch_data, bucket strategy. 1
2019-05-04 20:59:07,248:DEBUG:	### _batch_data, bucket strategy. 2
2019-05-04 20:59:07,626:DEBUG:	### _batch_data, bucket strategy. 3
2019-05-04 21:00:44,017:DEBUG:	UAS (wo. punct) 0.93385	 LAS (wo. punct) 0.91779
2019-05-04 21:00:44,019:DEBUG:	UAS (w. punct) 0.92848	 LAS (w. punct) 0.91474
2019-05-04 21:01:20,214:INFO:	Epoch 27
2019-05-04 21:01:20,216:INFO:	=====================
2019-05-04 21:01:29,843:DEBUG:	### _batch_data, bucket strategy. 1
2019-05-04 21:01:29,845:DEBUG:	### _batch_data, bucket strategy. 2
2019-05-04 21:01:32,166:DEBUG:	### _batch_data, bucket strategy. 3
2019-05-04 21:26:41,280:DEBUG:	Completed epoch 27 in 1521.066130399704
2019-05-04 21:26:41,284:DEBUG:	### _batch_data, bucket strategy. 1
2019-05-04 21:26:41,288:DEBUG:	### _batch_data, bucket strategy. 2
2019-05-04 21:26:41,672:DEBUG:	### _batch_data, bucket strategy. 3
2019-05-04 21:28:16,696:DEBUG:	UAS (wo. punct) 0.93628	 LAS (wo. punct) 0.92091
2019-05-04 21:28:16,698:DEBUG:	UAS (w. punct) 0.93048	 LAS (w. punct) 0.9173
2019-05-04 21:28:34,915:DEBUG:	### _batch_data, bucket strategy. 1
2019-05-04 21:28:34,916:DEBUG:	### _batch_data, bucket strategy. 2
2019-05-04 21:28:37,151:DEBUG:	### _batch_data, bucket strategy. 3
2019-05-04 21:53:20,662:DEBUG:	Completed epoch 27 in 3120.448128223419
2019-05-04 21:53:20,664:DEBUG:	### _batch_data, bucket strategy. 1
2019-05-04 21:53:20,665:DEBUG:	### _batch_data, bucket strategy. 2
2019-05-04 21:53:21,038:DEBUG:	### _batch_data, bucket strategy. 3
2019-05-04 21:54:55,727:DEBUG:	UAS (wo. punct) 0.9361	 LAS (wo. punct) 0.92094
2019-05-04 21:54:55,729:DEBUG:	UAS (w. punct) 0.93086	 LAS (w. punct) 0.91786
2019-05-04 21:55:23,009:DEBUG:	### _batch_data, bucket strategy. 1
2019-05-04 21:55:23,010:DEBUG:	### _batch_data, bucket strategy. 2
2019-05-04 21:55:25,247:DEBUG:	### _batch_data, bucket strategy. 3
2019-05-04 22:19:58,748:DEBUG:	Completed epoch 27 in 4718.533849000931
2019-05-04 22:19:58,749:DEBUG:	### _batch_data, bucket strategy. 1
2019-05-04 22:19:58,750:DEBUG:	### _batch_data, bucket strategy. 2
2019-05-04 22:19:59,133:DEBUG:	### _batch_data, bucket strategy. 3
2019-05-04 22:21:35,272:DEBUG:	UAS (wo. punct) 0.93798	 LAS (wo. punct) 0.92229
2019-05-04 22:21:35,276:DEBUG:	UAS (w. punct) 0.93319	 LAS (w. punct) 0.91977
2019-05-04 22:22:11,126:DEBUG:	### _batch_data, bucket strategy. 1
2019-05-04 22:22:11,131:DEBUG:	### _batch_data, bucket strategy. 2
2019-05-04 22:22:13,319:DEBUG:	### _batch_data, bucket strategy. 3
2019-05-04 22:46:14,293:DEBUG:	Completed epoch 27 in 6294.078457593918
2019-05-04 22:46:14,302:DEBUG:	### _batch_data, bucket strategy. 1
2019-05-04 22:46:14,304:DEBUG:	### _batch_data, bucket strategy. 2
2019-05-04 22:46:14,674:DEBUG:	### _batch_data, bucket strategy. 3
2019-05-04 22:47:50,033:DEBUG:	UAS (wo. punct) 0.93753	 LAS (wo. punct) 0.92208
2019-05-04 22:47:50,036:DEBUG:	UAS (w. punct) 0.93135	 LAS (w. punct) 0.91811
2019-05-04 22:48:24,940:INFO:	Epoch 28
2019-05-04 22:48:24,942:INFO:	=====================
2019-05-04 22:48:34,340:DEBUG:	### _batch_data, bucket strategy. 1
2019-05-04 22:48:34,343:DEBUG:	### _batch_data, bucket strategy. 2
2019-05-04 22:48:36,627:DEBUG:	### _batch_data, bucket strategy. 3
2019-05-04 23:13:35,620:DEBUG:	Completed epoch 28 in 1510.679641008377
2019-05-04 23:13:35,624:DEBUG:	### _batch_data, bucket strategy. 1
2019-05-04 23:13:35,627:DEBUG:	### _batch_data, bucket strategy. 2
2019-05-04 23:13:36,010:DEBUG:	### _batch_data, bucket strategy. 3
2019-05-04 23:15:11,562:DEBUG:	UAS (wo. punct) 0.93729	 LAS (wo. punct) 0.92305
2019-05-04 23:15:11,564:DEBUG:	UAS (w. punct) 0.93095	 LAS (w. punct) 0.91881
2019-05-04 23:15:29,720:DEBUG:	### _batch_data, bucket strategy. 1
2019-05-04 23:15:29,729:DEBUG:	### _batch_data, bucket strategy. 2
2019-05-04 23:15:31,940:DEBUG:	### _batch_data, bucket strategy. 3
2019-05-04 23:39:48,734:DEBUG:	Completed epoch 28 in 3083.793357372284
2019-05-04 23:39:48,752:DEBUG:	### _batch_data, bucket strategy. 1
2019-05-04 23:39:48,753:DEBUG:	### _batch_data, bucket strategy. 2
2019-05-04 23:39:49,136:DEBUG:	### _batch_data, bucket strategy. 3
2019-05-04 23:41:32,231:DEBUG:	UAS (wo. punct) 0.93613	 LAS (wo. punct) 0.92028
2019-05-04 23:41:32,236:DEBUG:	UAS (w. punct) 0.93122	 LAS (w. punct) 0.91755
2019-05-04 23:41:59,636:DEBUG:	### _batch_data, bucket strategy. 1
2019-05-04 23:41:59,641:DEBUG:	### _batch_data, bucket strategy. 2
2019-05-04 23:42:01,909:DEBUG:	### _batch_data, bucket strategy. 3
2019-05-05 00:06:19,384:DEBUG:	Completed epoch 28 in 4674.443205833435
2019-05-05 00:06:19,386:DEBUG:	### _batch_data, bucket strategy. 1
2019-05-05 00:06:19,387:DEBUG:	### _batch_data, bucket strategy. 2
2019-05-05 00:06:19,770:DEBUG:	### _batch_data, bucket strategy. 3
2019-05-05 00:07:52,416:DEBUG:	UAS (wo. punct) 0.93872	 LAS (wo. punct) 0.92321
2019-05-05 00:07:52,419:DEBUG:	UAS (w. punct) 0.93315	 LAS (w. punct) 0.91988
2019-05-05 00:08:28,776:DEBUG:	### _batch_data, bucket strategy. 1
2019-05-05 00:08:28,780:DEBUG:	### _batch_data, bucket strategy. 2
2019-05-05 00:08:30,995:DEBUG:	### _batch_data, bucket strategy. 3
2019-05-05 00:32:16,038:DEBUG:	Completed epoch 28 in 6231.097138166428
2019-05-05 00:32:16,040:DEBUG:	### _batch_data, bucket strategy. 1
2019-05-05 00:32:16,042:DEBUG:	### _batch_data, bucket strategy. 2
2019-05-05 00:32:16,418:DEBUG:	### _batch_data, bucket strategy. 3
2019-05-05 00:33:51,689:DEBUG:	UAS (wo. punct) 0.93716	 LAS (wo. punct) 0.92017
2019-05-05 00:33:51,696:DEBUG:	UAS (w. punct) 0.93171	 LAS (w. punct) 0.9169
2019-05-05 00:34:26,729:INFO:	Epoch 29
2019-05-05 00:34:26,731:INFO:	=====================
2019-05-05 00:34:36,318:DEBUG:	### _batch_data, bucket strategy. 1
2019-05-05 00:34:36,319:DEBUG:	### _batch_data, bucket strategy. 2
2019-05-05 00:34:38,640:DEBUG:	### _batch_data, bucket strategy. 3
2019-05-05 00:59:15,441:DEBUG:	Completed epoch 29 in 1488.7114057540894
2019-05-05 00:59:15,442:DEBUG:	### _batch_data, bucket strategy. 1
2019-05-05 00:59:15,443:DEBUG:	### _batch_data, bucket strategy. 2
2019-05-05 00:59:15,824:DEBUG:	### _batch_data, bucket strategy. 3
2019-05-05 01:00:59,808:DEBUG:	UAS (wo. punct) 0.93594	 LAS (wo. punct) 0.92041
2019-05-05 01:00:59,810:DEBUG:	UAS (w. punct) 0.93061	 LAS (w. punct) 0.91726
2019-05-05 01:01:17,898:DEBUG:	### _batch_data, bucket strategy. 1
2019-05-05 01:01:17,911:DEBUG:	### _batch_data, bucket strategy. 2
2019-05-05 01:01:20,143:DEBUG:	### _batch_data, bucket strategy. 3
2019-05-05 01:26:02,863:DEBUG:	Completed epoch 29 in 3096.1337373256683
2019-05-05 01:26:02,864:DEBUG:	### _batch_data, bucket strategy. 1
2019-05-05 01:26:02,867:DEBUG:	### _batch_data, bucket strategy. 2
2019-05-05 01:26:03,237:DEBUG:	### _batch_data, bucket strategy. 3
2019-05-05 01:27:38,130:DEBUG:	UAS (wo. punct) 0.93703	 LAS (wo. punct) 0.92091
2019-05-05 01:27:38,133:DEBUG:	UAS (w. punct) 0.93126	 LAS (w. punct) 0.91737
2019-05-05 01:28:05,193:DEBUG:	### _batch_data, bucket strategy. 1
2019-05-05 01:28:05,194:DEBUG:	### _batch_data, bucket strategy. 2
2019-05-05 01:28:07,600:DEBUG:	### _batch_data, bucket strategy. 3
2019-05-05 01:52:09,316:DEBUG:	Completed epoch 29 in 4662.586270570755
2019-05-05 01:52:09,317:DEBUG:	### _batch_data, bucket strategy. 1
2019-05-05 01:52:09,318:DEBUG:	### _batch_data, bucket strategy. 2
2019-05-05 01:52:09,699:DEBUG:	### _batch_data, bucket strategy. 3
2019-05-05 01:53:45,120:DEBUG:	UAS (wo. punct) 0.93679	 LAS (wo. punct) 0.92118
2019-05-05 01:53:45,123:DEBUG:	UAS (w. punct) 0.93108	 LAS (w. punct) 0.91775
2019-05-05 01:54:21,148:DEBUG:	### _batch_data, bucket strategy. 1
2019-05-05 01:54:21,150:DEBUG:	### _batch_data, bucket strategy. 2
2019-05-05 01:54:23,358:DEBUG:	### _batch_data, bucket strategy. 3
2019-05-05 02:18:12,392:DEBUG:	Completed epoch 29 in 6225.662625074387
2019-05-05 02:18:12,393:DEBUG:	### _batch_data, bucket strategy. 1
2019-05-05 02:18:12,395:DEBUG:	### _batch_data, bucket strategy. 2
2019-05-05 02:18:12,774:DEBUG:	### _batch_data, bucket strategy. 3
2019-05-05 02:19:49,512:DEBUG:	UAS (wo. punct) 0.93597	 LAS (wo. punct) 0.92118
2019-05-05 02:19:49,514:DEBUG:	UAS (w. punct) 0.93036	 LAS (w. punct) 0.91768
2019-05-05 02:20:24,944:INFO:	Epoch 30
2019-05-05 02:20:24,945:INFO:	=====================
2019-05-05 02:20:34,423:DEBUG:	### _batch_data, bucket strategy. 1
2019-05-05 02:20:34,425:DEBUG:	### _batch_data, bucket strategy. 2
2019-05-05 02:20:36,719:DEBUG:	### _batch_data, bucket strategy. 3
2019-05-05 02:45:45,427:DEBUG:	Completed epoch 30 in 1520.4834253787994
2019-05-05 02:45:45,428:DEBUG:	### _batch_data, bucket strategy. 1
2019-05-05 02:45:45,429:DEBUG:	### _batch_data, bucket strategy. 2
2019-05-05 02:45:45,808:DEBUG:	### _batch_data, bucket strategy. 3
2019-05-05 02:47:21,730:DEBUG:	UAS (wo. punct) 0.93782	 LAS (wo. punct) 0.92276
2019-05-05 02:47:21,732:DEBUG:	UAS (w. punct) 0.93207	 LAS (w. punct) 0.91917
2019-05-05 02:47:40,218:DEBUG:	### _batch_data, bucket strategy. 1
2019-05-05 02:47:40,225:DEBUG:	### _batch_data, bucket strategy. 2
2019-05-05 02:47:42,669:DEBUG:	### _batch_data, bucket strategy. 3
2019-05-05 03:11:53,633:DEBUG:	Completed epoch 30 in 3088.689103603363
2019-05-05 03:11:53,635:DEBUG:	### _batch_data, bucket strategy. 1
2019-05-05 03:11:53,636:DEBUG:	### _batch_data, bucket strategy. 2
2019-05-05 03:11:54,015:DEBUG:	### _batch_data, bucket strategy. 3
2019-05-05 03:13:30,734:DEBUG:	UAS (wo. punct) 0.93538	 LAS (wo. punct) 0.91943
2019-05-05 03:13:30,738:DEBUG:	UAS (w. punct) 0.92951	 LAS (w. punct) 0.9158
2019-05-05 03:13:57,981:DEBUG:	### _batch_data, bucket strategy. 1
2019-05-05 03:13:57,983:DEBUG:	### _batch_data, bucket strategy. 2
2019-05-05 03:14:00,447:DEBUG:	### _batch_data, bucket strategy. 3
2019-05-05 03:38:33,553:DEBUG:	Completed epoch 30 in 4688.609763383865
2019-05-05 03:38:33,556:DEBUG:	### _batch_data, bucket strategy. 1
2019-05-05 03:38:33,557:DEBUG:	### _batch_data, bucket strategy. 2
2019-05-05 03:38:33,929:DEBUG:	### _batch_data, bucket strategy. 3
2019-05-05 03:40:06,620:DEBUG:	UAS (wo. punct) 0.93655	 LAS (wo. punct) 0.92128
2019-05-05 03:40:06,627:DEBUG:	UAS (w. punct) 0.93119	 LAS (w. punct) 0.91813
2019-05-05 03:40:42,462:DEBUG:	### _batch_data, bucket strategy. 1
2019-05-05 03:40:42,464:DEBUG:	### _batch_data, bucket strategy. 2
2019-05-05 03:40:44,662:DEBUG:	### _batch_data, bucket strategy. 3
2019-05-05 04:05:09,770:DEBUG:	Completed epoch 30 in 6284.82626247406
2019-05-05 04:05:09,772:DEBUG:	### _batch_data, bucket strategy. 1
2019-05-05 04:05:09,773:DEBUG:	### _batch_data, bucket strategy. 2
2019-05-05 04:05:10,154:DEBUG:	### _batch_data, bucket strategy. 3
2019-05-05 04:06:42,629:DEBUG:	UAS (wo. punct) 0.93507	 LAS (wo. punct) 0.91922
2019-05-05 04:06:42,632:DEBUG:	UAS (w. punct) 0.92962	 LAS (w. punct) 0.91607
2019-05-05 04:07:24,530:DEBUG:	Finished at epoch 30
2019-05-05 04:07:24,575:INFO:	...Model trained
2019-05-05 04:07:24,576:INFO:	Model maxed on dev at epoch 7 
2019-05-05 04:07:35,751:DEBUG:	### _batch_data, bucket strategy. 1
2019-05-05 04:07:35,753:DEBUG:	### _batch_data, bucket strategy. 2
2019-05-05 04:07:36,157:DEBUG:	### _batch_data, bucket strategy. 3
2019-05-05 04:07:59,746:DEBUG:	output file saved to /homedtic/lperez/UniParse/saved_models/kiperwasser_en_ptb_BPE_by_sets/output_ptb_bpe.output
2019-05-05 04:07:59,750:INFO:	{'uas': 0.93643805133910829, 'las': 0.92548676786140027, 'nopunct_uas': 0.94016419620883351, 'nopunct_las': 0.92750192564203726}
2019-05-05 04:07:59,751:INFO:	
2019-05-05 04:07:59,752:INFO:	--------------------------------------------------------
2019-05-05 04:07:59,753:INFO:	Test score: 0.940164196209 0.927501925642
2019-05-05 04:07:59,755:INFO:	--------------------------------------------------------
2019-05-05 04:07:59,756:INFO:	
