2019-04-13 17:34:43,957:INFO:	
2019-04-13 17:34:43,957:INFO:	
2019-04-13 17:34:43,957:INFO:	
2019-04-13 17:34:43,957:INFO:	===================================================================================================
2019-04-13 17:34:43,957:INFO:	kiperwasser_main
2019-04-13 17:34:43,957:INFO:	===================================================================================================
2019-04-13 17:34:43,957:INFO:	
2019-04-13 17:34:43,957:INFO:	
2019-04-13 17:34:43,957:INFO:	Arguments:
2019-04-13 17:34:43,957:INFO:	Namespace(batch_size=32, dev='/home/lpmayos/code/UniParse/datasets/PTB_SD_3_3_0/dev.gold.bpe.conll', dev_mode=False, do_training=True, embs=None, epochs=30, logging_file='logging.log', model_file='model_bpe.model', no_update_pretrained_emb=False, output_file='output_ptb_bpe.output', patience=-1, results_folder='/home/lpmayos/code/UniParse/saved_models/kiperwasser_en_ptb_BPE', tb_dest=None, test='/home/lpmayos/code/UniParse/datasets/PTB_SD_3_3_0/test.gold.bpe.conll', train='/home/lpmayos/code/UniParse/datasets/PTB_SD_3_3_0/train.gold.bpe.conll', vocab_file='vocab_bpe.pkl')
2019-04-13 17:34:43,957:INFO:	
2019-04-13 17:34:49,601:INFO:	> saving vocab to /home/lpmayos/code/UniParse/saved_models/kiperwasser_en_ptb_BPE/vocab_bpe.pkl
2019-04-13 17:34:49,608:DEBUG:	Init training
2019-04-13 17:34:49,608:INFO:	>> Loading in data
2019-04-13 17:34:49,608:INFO:	tokenizing train data ...
2019-04-13 17:34:57,567:INFO:	... tokenized train data
2019-04-13 17:34:57,568:INFO:	tokenizing dev data ...
2019-04-13 17:34:58,269:INFO:	... tokenized dev data
2019-04-13 17:34:58,269:INFO:	creating model ...
2019-04-13 17:34:58,665:INFO:	... model created
2019-04-13 17:34:58,665:INFO:	creating ModelSaveCallback ...
2019-04-13 17:34:58,665:INFO:	saving model to /home/lpmayos/code/UniParse/saved_models/kiperwasser_en_ptb_BPE/model_bpe.model  (after step 0)
2019-04-13 17:34:58,665:INFO:	... ModelSaveCallback created
2019-04-13 17:34:58,665:INFO:	creating Model ...
2019-04-13 17:34:58,690:INFO:	... Model created
2019-04-13 17:34:58,690:INFO:	training Model ...
2019-04-13 17:34:58,690:DEBUG:	...Training without patience for exactly 30 epochs
2019-04-13 17:35:00,242:INFO:	Epoch 1
2019-04-13 17:35:00,243:INFO:	=====================
2019-04-13 17:42:33,616:DEBUG:	Completed epoch 1 in 453.37348651885986
2019-04-13 17:42:42,037:DEBUG:	UAS (wo. punct) 0.91361	 LAS (wo. punct) 0.89509
2019-04-13 17:42:42,037:DEBUG:	UAS (w. punct) 0.90714	 LAS (w. punct) 0.89091
2019-04-13 17:42:43,549:INFO:	saved to /home/lpmayos/code/UniParse/saved_models/kiperwasser_en_ptb_BPE/model_bpe.model
2019-04-13 17:42:43,612:INFO:	Epoch 2
2019-04-13 17:42:43,612:INFO:	=====================
2019-04-13 17:50:35,106:DEBUG:	Completed epoch 2 in 471.5570294857025
2019-04-13 17:50:41,042:DEBUG:	UAS (wo. punct) 0.92956	 LAS (wo. punct) 0.91313
2019-04-13 17:50:41,043:DEBUG:	UAS (w. punct) 0.92417	 LAS (w. punct) 0.90967
2019-04-13 17:50:42,377:INFO:	saved to /home/lpmayos/code/UniParse/saved_models/kiperwasser_en_ptb_BPE/model_bpe.model
2019-04-13 17:50:42,378:INFO:	Epoch 3
2019-04-13 17:50:42,378:INFO:	=====================
2019-04-13 17:58:13,573:DEBUG:	Completed epoch 3 in 451.1957640647888
2019-04-13 17:58:19,583:DEBUG:	UAS (wo. punct) 0.93462	 LAS (wo. punct) 0.91996
2019-04-13 17:58:19,584:DEBUG:	UAS (w. punct) 0.92904	 LAS (w. punct) 0.9164
2019-04-13 17:58:21,116:INFO:	saved to /home/lpmayos/code/UniParse/saved_models/kiperwasser_en_ptb_BPE/model_bpe.model
2019-04-13 17:58:21,117:INFO:	Epoch 4
2019-04-13 17:58:21,117:INFO:	=====================
2019-04-13 18:06:07,264:DEBUG:	Completed epoch 4 in 466.14788579940796
2019-04-13 18:06:13,864:DEBUG:	UAS (wo. punct) 0.93793	 LAS (wo. punct) 0.92377
2019-04-13 18:06:13,864:DEBUG:	UAS (w. punct) 0.93279	 LAS (w. punct) 0.92056
2019-04-13 18:06:15,732:INFO:	saved to /home/lpmayos/code/UniParse/saved_models/kiperwasser_en_ptb_BPE/model_bpe.model
2019-04-13 18:06:15,745:INFO:	Epoch 5
2019-04-13 18:06:15,745:INFO:	=====================
2019-04-13 18:14:10,027:DEBUG:	Completed epoch 5 in 474.27209401130676
2019-04-13 18:14:16,200:DEBUG:	UAS (wo. punct) 0.93798	 LAS (wo. punct) 0.92459
2019-04-13 18:14:16,200:DEBUG:	UAS (w. punct) 0.93288	 LAS (w. punct) 0.92141
2019-04-13 18:14:17,621:INFO:	saved to /home/lpmayos/code/UniParse/saved_models/kiperwasser_en_ptb_BPE/model_bpe.model
2019-04-13 18:14:17,622:INFO:	Epoch 6
2019-04-13 18:14:17,622:INFO:	=====================
2019-04-13 18:22:15,853:DEBUG:	Completed epoch 6 in 478.21823501586914
2019-04-13 18:22:22,126:DEBUG:	UAS (wo. punct) 0.93827	 LAS (wo. punct) 0.92483
2019-04-13 18:22:22,126:DEBUG:	UAS (w. punct) 0.93348	 LAS (w. punct) 0.92193
2019-04-13 18:22:23,509:INFO:	saved to /home/lpmayos/code/UniParse/saved_models/kiperwasser_en_ptb_BPE/model_bpe.model
2019-04-13 18:22:23,510:INFO:	Epoch 7
2019-04-13 18:22:23,510:INFO:	=====================
2019-04-13 18:30:26,934:DEBUG:	Completed epoch 7 in 483.41271448135376
2019-04-13 18:30:34,875:DEBUG:	UAS (wo. punct) 0.93761	 LAS (wo. punct) 0.92353
2019-04-13 18:30:34,875:DEBUG:	UAS (w. punct) 0.93265	 LAS (w. punct) 0.92056
2019-04-13 18:30:34,876:INFO:	Epoch 8
2019-04-13 18:30:34,876:INFO:	=====================
2019-04-13 18:38:28,337:DEBUG:	Completed epoch 8 in 473.4301338195801
2019-04-13 18:38:34,621:DEBUG:	UAS (wo. punct) 0.93642	 LAS (wo. punct) 0.9221
2019-04-13 18:38:34,622:DEBUG:	UAS (w. punct) 0.93101	 LAS (w. punct) 0.91869
2019-04-13 18:38:34,622:INFO:	Epoch 9
2019-04-13 18:38:34,622:INFO:	=====================
2019-04-13 18:46:21,650:DEBUG:	Completed epoch 9 in 467.02778482437134
2019-04-13 18:46:28,902:DEBUG:	UAS (wo. punct) 0.93695	 LAS (wo. punct) 0.92231
2019-04-13 18:46:28,903:DEBUG:	UAS (w. punct) 0.93173	 LAS (w. punct) 0.91903
2019-04-13 18:46:29,006:INFO:	Epoch 10
2019-04-13 18:46:29,006:INFO:	=====================
2019-04-13 18:54:12,452:DEBUG:	Completed epoch 10 in 463.5490982532501
2019-04-13 18:54:18,484:DEBUG:	UAS (wo. punct) 0.93546	 LAS (wo. punct) 0.92123
2019-04-13 18:54:18,484:DEBUG:	UAS (w. punct) 0.92998	 LAS (w. punct) 0.91768
2019-04-13 18:54:18,498:INFO:	Epoch 11
2019-04-13 18:54:18,498:INFO:	=====================
2019-04-13 19:01:46,863:DEBUG:	Completed epoch 11 in 448.3787171840668
2019-04-13 19:01:53,221:DEBUG:	UAS (wo. punct) 0.93419	 LAS (wo. punct) 0.91924
2019-04-13 19:01:53,221:DEBUG:	UAS (w. punct) 0.92935	 LAS (w. punct) 0.91643
2019-04-13 19:01:53,236:INFO:	Epoch 12
2019-04-13 19:01:53,236:INFO:	=====================
2019-04-13 19:09:08,347:DEBUG:	Completed epoch 12 in 435.12628269195557
2019-04-13 19:09:14,035:DEBUG:	UAS (wo. punct) 0.93459	 LAS (wo. punct) 0.91999
2019-04-13 19:09:14,035:DEBUG:	UAS (w. punct) 0.92926	 LAS (w. punct) 0.91661
2019-04-13 19:09:14,036:INFO:	Epoch 13
2019-04-13 19:09:14,036:INFO:	=====================
2019-04-13 19:16:19,889:DEBUG:	Completed epoch 13 in 425.8541123867035
2019-04-13 19:16:25,488:DEBUG:	UAS (wo. punct) 0.93308	 LAS (wo. punct) 0.91869
2019-04-13 19:16:25,488:DEBUG:	UAS (w. punct) 0.92801	 LAS (w. punct) 0.91569
2019-04-13 19:16:25,488:INFO:	Epoch 14
2019-04-13 19:16:25,488:INFO:	=====================
2019-04-13 19:23:27,598:DEBUG:	Completed epoch 14 in 422.1103947162628
2019-04-13 19:23:33,412:DEBUG:	UAS (wo. punct) 0.93388	 LAS (wo. punct) 0.9193
2019-04-13 19:23:33,413:DEBUG:	UAS (w. punct) 0.92792	 LAS (w. punct) 0.91531
2019-04-13 19:23:33,413:INFO:	Epoch 15
2019-04-13 19:23:33,413:INFO:	=====================
2019-04-13 19:30:36,114:DEBUG:	Completed epoch 15 in 422.70100021362305
2019-04-13 19:30:41,740:DEBUG:	UAS (wo. punct) 0.93581	 LAS (wo. punct) 0.92136
2019-04-13 19:30:41,740:DEBUG:	UAS (w. punct) 0.93043	 LAS (w. punct) 0.91798
2019-04-13 19:30:41,741:INFO:	Epoch 16
2019-04-13 19:30:41,741:INFO:	=====================
2019-04-13 19:37:44,195:DEBUG:	Completed epoch 16 in 422.45490169525146
2019-04-13 19:37:49,829:DEBUG:	UAS (wo. punct) 0.93406	 LAS (wo. punct) 0.91866
2019-04-13 19:37:49,829:DEBUG:	UAS (w. punct) 0.92884	 LAS (w. punct) 0.91557
2019-04-13 19:37:49,830:INFO:	Epoch 17
2019-04-13 19:37:49,830:INFO:	=====================
2019-04-13 19:44:52,368:DEBUG:	Completed epoch 17 in 422.53865218162537
2019-04-13 19:44:57,997:DEBUG:	UAS (wo. punct) 0.93414	 LAS (wo. punct) 0.91975
2019-04-13 19:44:57,997:DEBUG:	UAS (w. punct) 0.92868	 LAS (w. punct) 0.91632
2019-04-13 19:44:57,998:INFO:	Epoch 18
2019-04-13 19:44:57,998:INFO:	=====================
2019-04-13 19:52:00,513:DEBUG:	Completed epoch 18 in 422.5150508880615
2019-04-13 19:52:06,157:DEBUG:	UAS (wo. punct) 0.93507	 LAS (wo. punct) 0.91975
2019-04-13 19:52:06,157:DEBUG:	UAS (w. punct) 0.92996	 LAS (w. punct) 0.91667
2019-04-13 19:52:06,158:INFO:	Epoch 19
2019-04-13 19:52:06,158:INFO:	=====================
2019-04-13 19:59:09,021:DEBUG:	Completed epoch 19 in 422.86343812942505
2019-04-13 19:59:14,620:DEBUG:	UAS (wo. punct) 0.9343	 LAS (wo. punct) 0.91948
2019-04-13 19:59:14,620:DEBUG:	UAS (w. punct) 0.92931	 LAS (w. punct) 0.91654
2019-04-13 19:59:14,621:INFO:	Epoch 20
2019-04-13 19:59:14,621:INFO:	=====================
2019-04-13 20:06:16,382:DEBUG:	Completed epoch 20 in 421.7619700431824
2019-04-13 20:06:21,989:DEBUG:	UAS (wo. punct) 0.93464	 LAS (wo. punct) 0.9185
2019-04-13 20:06:21,989:DEBUG:	UAS (w. punct) 0.92931	 LAS (w. punct) 0.91546
2019-04-13 20:06:21,990:INFO:	Epoch 21
2019-04-13 20:06:21,990:INFO:	=====================
2019-04-13 20:13:23,855:DEBUG:	Completed epoch 21 in 421.86605286598206
2019-04-13 20:13:29,462:DEBUG:	UAS (wo. punct) 0.93446	 LAS (wo. punct) 0.91877
2019-04-13 20:13:29,462:DEBUG:	UAS (w. punct) 0.92908	 LAS (w. punct) 0.91564
2019-04-13 20:13:29,463:INFO:	Epoch 22
2019-04-13 20:13:29,463:INFO:	=====================
2019-04-13 20:20:30,996:DEBUG:	Completed epoch 22 in 421.53349018096924
2019-04-13 20:20:36,613:DEBUG:	UAS (wo. punct) 0.93372	 LAS (wo. punct) 0.91864
2019-04-13 20:20:36,613:DEBUG:	UAS (w. punct) 0.92814	 LAS (w. punct) 0.91515
2019-04-13 20:20:36,614:INFO:	Epoch 23
2019-04-13 20:20:36,614:INFO:	=====================
2019-04-13 20:27:38,008:DEBUG:	Completed epoch 23 in 421.3951361179352
2019-04-13 20:27:43,624:DEBUG:	UAS (wo. punct) 0.9338	 LAS (wo. punct) 0.91837
2019-04-13 20:27:43,624:DEBUG:	UAS (w. punct) 0.92864	 LAS (w. punct) 0.91535
2019-04-13 20:27:43,625:INFO:	Epoch 24
2019-04-13 20:27:43,625:INFO:	=====================
2019-04-13 20:34:44,812:DEBUG:	Completed epoch 24 in 421.18789935112
2019-04-13 20:34:50,422:DEBUG:	UAS (wo. punct) 0.93187	 LAS (wo. punct) 0.91607
2019-04-13 20:34:50,423:DEBUG:	UAS (w. punct) 0.92675	 LAS (w. punct) 0.91322
2019-04-13 20:34:50,423:INFO:	Epoch 25
2019-04-13 20:34:50,423:INFO:	=====================
2019-04-13 20:41:51,980:DEBUG:	Completed epoch 25 in 421.5573525428772
2019-04-13 20:41:57,581:DEBUG:	UAS (wo. punct) 0.93329	 LAS (wo. punct) 0.91731
2019-04-13 20:41:57,581:DEBUG:	UAS (w. punct) 0.9281	 LAS (w. punct) 0.91439
2019-04-13 20:41:57,582:INFO:	Epoch 26
2019-04-13 20:41:57,582:INFO:	=====================
2019-04-13 20:48:59,400:DEBUG:	Completed epoch 26 in 421.8190643787384
2019-04-13 20:49:05,004:DEBUG:	UAS (wo. punct) 0.93239	 LAS (wo. punct) 0.91686
2019-04-13 20:49:05,005:DEBUG:	UAS (w. punct) 0.92697	 LAS (w. punct) 0.91351
2019-04-13 20:49:05,005:INFO:	Epoch 27
2019-04-13 20:49:05,005:INFO:	=====================
2019-04-13 20:56:06,853:DEBUG:	Completed epoch 27 in 421.84805059432983
2019-04-13 20:56:12,461:DEBUG:	UAS (wo. punct) 0.93456	 LAS (wo. punct) 0.91911
2019-04-13 20:56:12,462:DEBUG:	UAS (w. punct) 0.92897	 LAS (w. punct) 0.91573
2019-04-13 20:56:12,462:INFO:	Epoch 28
2019-04-13 20:56:12,462:INFO:	=====================
2019-04-13 21:03:13,762:DEBUG:	Completed epoch 28 in 421.30018758773804
2019-04-13 21:03:21,552:DEBUG:	UAS (wo. punct) 0.9325	 LAS (wo. punct) 0.91734
2019-04-13 21:03:21,552:DEBUG:	UAS (w. punct) 0.92668	 LAS (w. punct) 0.91362
2019-04-13 21:03:21,553:INFO:	Epoch 29
2019-04-13 21:03:21,553:INFO:	=====================
2019-04-13 21:10:23,476:DEBUG:	Completed epoch 29 in 421.92389726638794
2019-04-13 21:10:29,113:DEBUG:	UAS (wo. punct) 0.93419	 LAS (wo. punct) 0.91914
2019-04-13 21:10:29,114:DEBUG:	UAS (w. punct) 0.92857	 LAS (w. punct) 0.91544
2019-04-13 21:10:29,114:INFO:	Epoch 30
2019-04-13 21:10:29,114:INFO:	=====================
2019-04-13 21:17:31,247:DEBUG:	Completed epoch 30 in 422.1330807209015
2019-04-13 21:17:36,867:DEBUG:	UAS (wo. punct) 0.93226	 LAS (wo. punct) 0.9171
2019-04-13 21:17:36,868:DEBUG:	UAS (w. punct) 0.92697	 LAS (w. punct) 0.91396
2019-04-13 21:17:36,868:DEBUG:	Finished at epoch 30
2019-04-13 21:17:36,873:INFO:	...Model trained
2019-04-13 21:17:36,873:INFO:	Model maxed on dev at epoch 6 
2019-04-13 21:17:47,075:DEBUG:	output file saved to /home/lpmayos/code/UniParse/saved_models/kiperwasser_en_ptb_BPE/output_ptb_bpe.output
2019-04-13 21:17:47,076:INFO:	{'uas': 0.9348644997218469, 'las': 0.9235635381069697, 'nopunct_uas': 0.9383043078021379, 'nopunct_las': 0.9251911551973548}
2019-04-13 21:17:47,076:INFO:	
2019-04-13 21:17:47,076:INFO:	--------------------------------------------------------
2019-04-13 21:17:47,076:INFO:	Test score: 0.9383043078021379 0.9251911551973548
2019-04-13 21:17:47,076:INFO:	--------------------------------------------------------
2019-04-13 21:17:47,076:INFO:	
