2019-08-16 21:06:22,500:INFO:	


===================================================================================================
2019-08-16 21:06:22,501:INFO:	kiperwasser_main
2019-08-16 21:06:22,503:INFO:	===================================================================================================

2019-08-16 21:06:22,504:INFO:	
Arguments:
2019-08-16 21:06:22,505:INFO:	Namespace(batch_size=32, big_dataset=True, dev='/homedtic/lperez/datasets/1-billion-word-language-modeling-benchmark-r13output/conll_bpe_mini/1b_dev.bpe.conllu', dev_mode=False, do_training=True, embs=None, epochs=30, logging_file='/homedtic/lperez/UniParse/models/kiperwasser/1b/bpe/small/run6/logging.log', model_file='/homedtic/lperez/UniParse/models/kiperwasser/1b/bpe/small/run6/model.model', no_update_pretrained_emb=False, only_words=False, output_file='/homedtic/lperez/UniParse/models/kiperwasser/1b/bpe/small/run6/output.out', patience=-1, results_folder='/homedtic/lperez/UniParse/models/kiperwasser/1b/bpe/small/run6', tb_dest=None, test='/homedtic/lperez/datasets/1-billion-word-language-modeling-benchmark-r13output/conll_bpe_small/1b_test.bpe.conllu', train='/homedtic/lperez/datasets/1-billion-word-language-modeling-benchmark-r13output/conll_bpe_small/1b_train.bpe.conllu', vocab_file='/homedtic/lperez/UniParse/models/kiperwasser/1b/bpe/small/run6/vocab.pkl')
2019-08-16 21:06:22,506:INFO:	

2019-08-16 21:06:22,589:INFO:	Training with big dataset; subset_size = 10000
2019-08-16 21:06:22,591:DEBUG:	Init training with big dataset (there is no dev mode)
2019-08-16 21:06:22,592:INFO:	tokenizing dev data ...
2019-08-16 21:06:26,670:INFO:	_read_conll; read 7110 sentences
2019-08-16 21:06:26,672:INFO:	... tokenized dev data
2019-08-16 21:06:26,673:INFO:	creating model ...
2019-08-16 21:06:26,795:INFO:	... model created
2019-08-16 21:06:26,796:INFO:	creating ModelSaveCallback ...
2019-08-16 21:06:26,797:INFO:	saving model to /homedtic/lperez/UniParse/models/kiperwasser/1b/bpe/small/run6/model.model  (after step 0)
2019-08-16 21:06:26,798:INFO:	... ModelSaveCallback created
2019-08-16 21:06:26,800:INFO:	creating Model ...
2019-08-16 21:06:26,816:INFO:	... Model created
2019-08-16 21:06:26,817:INFO:	training Model ...
2019-08-16 21:06:26,818:DEBUG:	...Training without patience for exactly 30 epochs
2019-08-16 21:06:26,818:INFO:	
2019-08-16 21:06:26,819:INFO:	Epoch 1
2019-08-16 21:06:26,820:INFO:	=====================
2019-08-16 21:06:32,582:INFO:	_read_conll; read 10000 sentences
2019-08-16 21:10:46,727:INFO:	_read_conll; read 10000 sentences
2019-08-16 21:14:46,896:INFO:	_read_conll; read 10000 sentences
2019-08-16 21:18:52,436:INFO:	_read_conll; read 10000 sentences
2019-08-16 21:23:02,719:INFO:	_read_conll; read 10000 sentences
2019-08-16 21:27:21,203:INFO:	_read_conll; read 10000 sentences
2019-08-16 21:31:42,482:INFO:	_read_conll; read 10000 sentences
2019-08-16 21:36:07,146:INFO:	_read_conll; read 10000 sentences
2019-08-16 21:40:36,635:INFO:	_read_conll; read 10000 sentences
2019-08-16 21:45:31,618:INFO:	_read_conll; read 10000 sentences
2019-08-16 21:50:32,072:INFO:	_read_conll; read 10000 sentences
2019-08-16 21:55:42,808:INFO:	_read_conll; read 10000 sentences
2019-08-16 22:00:51,567:INFO:	_read_conll; read 10000 sentences
2019-08-16 22:06:14,468:INFO:	_read_conll; read 10000 sentences
2019-08-16 22:11:35,063:INFO:	_read_conll; read 10000 sentences
2019-08-16 22:16:58,377:INFO:	_read_conll; read 10000 sentences
2019-08-16 22:22:29,284:INFO:	_read_conll; read 10000 sentences
2019-08-16 22:28:05,591:INFO:	_read_conll; read 10000 sentences
2019-08-16 22:33:40,304:INFO:	_read_conll; read 10000 sentences
2019-08-16 22:39:24,081:INFO:	_read_conll; read 10000 sentences
2019-08-16 22:45:10,397:INFO:	_read_conll; read 10000 sentences
2019-08-16 22:51:03,486:INFO:	_read_conll; read 10000 sentences
2019-08-16 22:57:01,646:INFO:	_read_conll; read 10000 sentences
2019-08-16 23:03:04,683:INFO:	_read_conll; read 10000 sentences
2019-08-16 23:10:23,555:INFO:	_read_conll; read 10000 sentences
2019-08-16 23:16:38,104:INFO:	_read_conll; read 10000 sentences
2019-08-16 23:22:54,299:INFO:	_read_conll; read 10000 sentences
2019-08-16 23:29:17,212:INFO:	_read_conll; read 10000 sentences
2019-08-16 23:35:45,552:INFO:	_read_conll; read 10000 sentences
2019-08-16 23:42:18,003:INFO:	_read_conll; read 10000 sentences
2019-08-16 23:48:50,461:INFO:	_read_conll; read 10000 sentences
2019-08-16 23:55:30,684:INFO:	_read_conll; read 10000 sentences
2019-08-17 00:02:10,816:INFO:	_read_conll; read 10000 sentences
2019-08-17 00:08:55,966:INFO:	_read_conll; read 10000 sentences
2019-08-17 00:15:46,996:INFO:	_read_conll; read 10000 sentences
2019-08-17 00:22:42,011:INFO:	_read_conll; read 10000 sentences
2019-08-17 00:29:43,880:INFO:	_read_conll; read 10000 sentences
2019-08-17 00:36:52,964:INFO:	_read_conll; read 10000 sentences
2019-08-17 00:57:39,382:INFO:	_read_conll; read 10000 sentences
2019-08-17 01:18:36,725:INFO:	_read_conll; read 10000 sentences
2019-08-17 01:39:42,345:INFO:	_read_conll; read 10000 sentences
2019-08-17 02:00:38,975:INFO:	_read_conll; read 10000 sentences
2019-08-17 02:21:36,555:INFO:	_read_conll; read 10000 sentences
2019-08-17 02:42:46,270:INFO:	_read_conll; read 10000 sentences
2019-08-17 03:04:13,906:INFO:	_read_conll; read 10000 sentences
2019-08-17 03:25:45,964:INFO:	_read_conll; read 10000 sentences
2019-08-17 03:47:15,961:INFO:	_read_conll; read 10000 sentences
2019-08-17 04:08:44,040:INFO:	_read_conll; read 10000 sentences
2019-08-17 04:30:17,149:INFO:	_read_conll; read 10000 sentences
2019-08-17 04:51:55,489:INFO:	_read_conll; read 10000 sentences
2019-08-17 05:13:38,447:INFO:	_read_conll; read 10000 sentences
2019-08-17 05:35:34,140:INFO:	_read_conll; read 10000 sentences
2019-08-17 05:57:34,192:INFO:	_read_conll; read 10000 sentences
2019-08-17 06:19:34,943:INFO:	_read_conll; read 10000 sentences
2019-08-17 06:41:53,412:INFO:	_read_conll; read 10000 sentences
2019-08-17 07:04:07,336:INFO:	_read_conll; read 10000 sentences
2019-08-17 07:26:15,429:INFO:	_read_conll; read 10000 sentences
2019-08-17 07:48:26,135:INFO:	_read_conll; read 10000 sentences
2019-08-17 08:10:32,912:INFO:	_read_conll; read 10000 sentences
2019-08-17 08:33:01,079:INFO:	_read_conll; read 10000 sentences
2019-08-17 08:55:46,005:INFO:	_read_conll; read 10000 sentences
2019-08-17 09:18:28,352:INFO:	_read_conll; read 10000 sentences
2019-08-17 09:41:08,404:INFO:	_read_conll; read 10000 sentences
2019-08-17 10:03:56,237:INFO:	_read_conll; read 10000 sentences
2019-08-17 10:26:50,579:INFO:	_read_conll; read 10000 sentences
2019-08-17 10:49:44,104:INFO:	_read_conll; read 10000 sentences
2019-08-17 11:12:46,595:INFO:	_read_conll; read 10000 sentences
2019-08-17 11:35:52,737:INFO:	_read_conll; read 10000 sentences
2019-08-17 11:59:09,568:INFO:	_read_conll; read 10000 sentences
2019-08-17 12:22:25,695:INFO:	_read_conll; read 10000 sentences
2019-08-17 12:45:50,527:INFO:	_read_conll; read 10000 sentences
2019-08-17 13:09:07,088:INFO:	_read_conll; read 10000 sentences
2019-08-17 13:32:52,752:INFO:	_read_conll; read 10000 sentences
2019-08-17 13:56:19,986:INFO:	_read_conll; read 10000 sentences
2019-08-17 14:19:59,307:INFO:	_read_conll; read 10000 sentences
2019-08-17 14:44:20,881:INFO:	_read_conll; read 10000 sentences
2019-08-17 15:08:09,427:INFO:	_read_conll; read 10000 sentences
2019-08-17 15:31:52,305:INFO:	_read_conll; read 10000 sentences
2019-08-17 15:55:40,535:INFO:	_read_conll; read 10000 sentences
2019-08-17 16:19:37,645:INFO:	_read_conll; read 10000 sentences
2019-08-17 16:43:43,459:INFO:	_read_conll; read 10000 sentences
2019-08-17 17:07:58,056:INFO:	_read_conll; read 10000 sentences
2019-08-17 17:32:16,819:INFO:	_read_conll; read 10000 sentences
2019-08-17 17:56:49,435:INFO:	_read_conll; read 10000 sentences
2019-08-17 18:21:15,815:INFO:	_read_conll; read 10000 sentences
2019-08-17 18:45:31,931:INFO:	_read_conll; read 10000 sentences
2019-08-17 19:10:03,874:INFO:	_read_conll; read 10000 sentences
2019-08-17 19:34:48,429:INFO:	_read_conll; read 10000 sentences
2019-08-17 19:59:36,017:INFO:	_read_conll; read 10000 sentences
2019-08-17 20:24:29,057:INFO:	_read_conll; read 10000 sentences
2019-08-17 20:49:23,021:INFO:	_read_conll; read 10000 sentences
2019-08-17 21:14:29,633:INFO:	_read_conll; read 10000 sentences
2019-08-17 21:39:18,045:INFO:	_read_conll; read 10000 sentences
2019-08-17 22:04:27,179:INFO:	_read_conll; read 10000 sentences
2019-08-17 22:29:35,652:INFO:	_read_conll; read 10000 sentences
2019-08-17 22:54:48,580:INFO:	_read_conll; read 10000 sentences
2019-08-17 23:20:26,468:INFO:	_read_conll; read 10000 sentences
2019-08-17 23:45:57,162:INFO:	_read_conll; read 10000 sentences
2019-08-18 00:11:13,595:INFO:	_read_conll; read 10000 sentences
2019-08-18 00:37:01,489:INFO:	_read_conll; read 10000 sentences
2019-08-18 01:02:37,285:INFO:	_read_conll; read 10000 sentences
2019-08-18 01:28:26,324:INFO:	_read_conll; read 10000 sentences
2019-08-18 01:54:14,143:INFO:	_read_conll; read 10000 sentences
2019-08-18 02:20:10,955:INFO:	_read_conll; read 10000 sentences
2019-08-18 02:46:01,869:INFO:	_read_conll; read 10000 sentences
2019-08-18 03:12:14,886:INFO:	_read_conll; read 10000 sentences
2019-08-18 03:38:19,995:INFO:	_read_conll; read 10000 sentences
2019-08-18 04:04:21,072:INFO:	_read_conll; read 10000 sentences
2019-08-18 04:30:34,988:INFO:	_read_conll; read 10000 sentences
2019-08-18 04:57:04,293:INFO:	_read_conll; read 10000 sentences
2019-08-18 05:23:38,398:INFO:	_read_conll; read 10000 sentences
2019-08-18 05:50:25,790:INFO:	_read_conll; read 10000 sentences
2019-08-18 06:17:01,135:INFO:	_read_conll; read 10000 sentences
2019-08-18 06:43:54,795:INFO:	_read_conll; read 10000 sentences
2019-08-18 07:10:44,773:INFO:	_read_conll; read 10000 sentences
2019-08-18 07:37:26,554:INFO:	_read_conll; read 10000 sentences
2019-08-18 08:04:31,657:INFO:	_read_conll; read 10000 sentences
2019-08-18 08:31:35,329:INFO:	_read_conll; read 10000 sentences
2019-08-18 08:59:02,962:INFO:	_read_conll; read 10000 sentences
2019-08-18 09:26:32,696:INFO:	_read_conll; read 10000 sentences
2019-08-18 09:53:42,214:INFO:	_read_conll; read 10000 sentences
2019-08-18 10:21:16,604:INFO:	_read_conll; read 10000 sentences
2019-08-18 10:48:51,180:INFO:	_read_conll; read 10000 sentences
2019-08-18 11:16:12,141:INFO:	_read_conll; read 10000 sentences
2019-08-18 11:43:53,309:INFO:	_read_conll; read 10000 sentences
2019-08-18 12:11:36,203:INFO:	_read_conll; read 10000 sentences
2019-08-18 12:39:07,516:INFO:	_read_conll; read 10000 sentences
2019-08-18 13:07:07,469:INFO:	_read_conll; read 10000 sentences
2019-08-18 13:34:59,346:INFO:	_read_conll; read 10000 sentences
2019-08-18 14:03:34,378:INFO:	_read_conll; read 10000 sentences
2019-08-18 14:31:41,759:INFO:	_read_conll; read 10000 sentences
2019-08-18 14:59:47,599:INFO:	_read_conll; read 10000 sentences
2019-08-18 15:28:00,321:INFO:	_read_conll; read 10000 sentences
2019-08-18 15:56:11,715:INFO:	_read_conll; read 10000 sentences
2019-08-18 16:24:35,408:INFO:	_read_conll; read 10000 sentences
2019-08-18 16:53:03,152:INFO:	_read_conll; read 10000 sentences
2019-08-18 17:21:26,932:INFO:	_read_conll; read 10000 sentences
2019-08-18 17:50:00,489:INFO:	_read_conll; read 10000 sentences
2019-08-18 18:18:45,575:INFO:	_read_conll; read 10000 sentences
2019-08-18 18:47:21,868:INFO:	_read_conll; read 10000 sentences
2019-08-18 19:16:15,622:INFO:	_read_conll; read 10000 sentences
2019-08-18 19:45:08,528:INFO:	_read_conll; read 10000 sentences
2019-08-18 20:14:06,945:INFO:	_read_conll; read 10000 sentences
2019-08-18 20:42:47,480:INFO:	_read_conll; read 10000 sentences
2019-08-18 21:12:07,876:INFO:	_read_conll; read 10000 sentences
2019-08-18 21:41:14,836:INFO:	_read_conll; read 10000 sentences
2019-08-18 22:10:30,989:INFO:	_read_conll; read 10000 sentences
2019-08-18 22:39:59,118:INFO:	_read_conll; read 10000 sentences
2019-08-18 23:09:30,828:INFO:	_read_conll; read 10000 sentences
2019-08-18 23:39:16,514:INFO:	_read_conll; read 10000 sentences
2019-08-19 00:08:51,434:INFO:	_read_conll; read 10000 sentences
2019-08-19 00:38:44,047:INFO:	_read_conll; read 10000 sentences
2019-08-19 01:08:27,969:INFO:	_read_conll; read 10000 sentences
2019-08-19 01:38:19,435:INFO:	_read_conll; read 10000 sentences
2019-08-19 02:08:08,300:INFO:	_read_conll; read 10000 sentences
2019-08-19 02:38:06,122:INFO:	_read_conll; read 10000 sentences
2019-08-19 03:08:12,847:INFO:	_read_conll; read 10000 sentences
2019-08-19 03:38:28,996:INFO:	_read_conll; read 10000 sentences
2019-08-19 04:08:41,707:INFO:	_read_conll; read 10000 sentences
2019-08-19 04:39:06,608:INFO:	_read_conll; read 10000 sentences
2019-08-19 05:09:29,421:INFO:	_read_conll; read 10000 sentences
2019-08-19 05:40:03,084:INFO:	_read_conll; read 10000 sentences
2019-08-19 06:10:34,344:INFO:	_read_conll; read 10000 sentences
2019-08-19 06:41:14,077:INFO:	_read_conll; read 10000 sentences
2019-08-19 07:11:57,358:INFO:	_read_conll; read 10000 sentences
2019-08-19 07:42:46,198:INFO:	_read_conll; read 10000 sentences
2019-08-19 08:13:38,740:INFO:	_read_conll; read 10000 sentences
2019-08-19 08:44:34,235:INFO:	_read_conll; read 10000 sentences
2019-08-19 09:15:35,437:INFO:	_read_conll; read 10000 sentences
2019-08-19 09:46:35,495:INFO:	_read_conll; read 10000 sentences
2019-08-19 10:17:50,598:INFO:	_read_conll; read 10000 sentences
2019-08-19 10:48:55,794:INFO:	_read_conll; read 10000 sentences
2019-08-19 11:20:29,690:INFO:	_read_conll; read 10000 sentences
2019-08-19 11:51:50,068:INFO:	_read_conll; read 10000 sentences
2019-08-19 12:23:21,810:INFO:	_read_conll; read 10000 sentences
2019-08-19 12:58:10,930:INFO:	_read_conll; read 10000 sentences
2019-08-19 13:29:49,856:INFO:	_read_conll; read 10000 sentences
2019-08-19 14:01:29,734:INFO:	_read_conll; read 10000 sentences
2019-08-19 14:33:23,541:INFO:	_read_conll; read 10000 sentences
2019-08-19 15:05:12,552:INFO:	_read_conll; read 10000 sentences
2019-08-19 15:37:09,893:INFO:	_read_conll; read 10000 sentences
2019-08-19 16:09:01,416:INFO:	_read_conll; read 10000 sentences
2019-08-19 16:41:12,798:INFO:	_read_conll; read 10000 sentences
2019-08-19 17:13:28,286:INFO:	_read_conll; read 10000 sentences
2019-08-19 17:45:21,636:INFO:	_read_conll; read 10000 sentences
2019-08-19 18:17:33,668:INFO:	_read_conll; read 10000 sentences
2019-08-19 18:49:31,304:INFO:	_read_conll; read 10000 sentences
2019-08-19 19:21:58,693:INFO:	_read_conll; read 10000 sentences
2019-08-19 19:54:35,840:INFO:	_read_conll; read 10000 sentences
2019-08-19 20:27:09,612:INFO:	_read_conll; read 10000 sentences
2019-08-19 20:59:36,078:INFO:	_read_conll; read 10000 sentences
2019-08-19 21:32:13,462:INFO:	_read_conll; read 10000 sentences
2019-08-19 22:05:07,000:INFO:	_read_conll; read 10000 sentences
2019-08-19 22:37:58,315:INFO:	_read_conll; read 10000 sentences
2019-08-19 23:11:02,517:INFO:	_read_conll; read 10000 sentences
2019-08-19 23:43:55,646:INFO:	_read_conll; read 10000 sentences
2019-08-20 00:16:58,201:INFO:	_read_conll; read 10000 sentences
2019-08-20 00:50:04,751:INFO:	_read_conll; read 10000 sentences
2019-08-20 01:23:10,378:INFO:	_read_conll; read 10000 sentences
2019-08-20 01:56:58,595:INFO:	_read_conll; read 10000 sentences
2019-08-20 02:30:19,017:INFO:	_read_conll; read 10000 sentences
2019-08-20 03:03:41,528:INFO:	_read_conll; read 10000 sentences
2019-08-20 03:37:09,429:INFO:	_read_conll; read 10000 sentences
2019-08-20 04:11:09,269:INFO:	_read_conll; read 10000 sentences
2019-08-20 04:44:48,882:INFO:	_read_conll; read 10000 sentences
2019-08-20 05:18:32,161:INFO:	_read_conll; read 10000 sentences
2019-08-20 05:52:57,994:INFO:	_read_conll; read 10000 sentences
2019-08-20 06:27:14,149:INFO:	_read_conll; read 10000 sentences
2019-08-20 07:01:36,588:INFO:	_read_conll; read 10000 sentences
2019-08-20 07:35:42,485:INFO:	_read_conll; read 10000 sentences
2019-08-20 08:09:49,727:INFO:	_read_conll; read 10000 sentences
2019-08-20 08:43:52,336:INFO:	_read_conll; read 10000 sentences
2019-08-20 09:18:03,705:INFO:	_read_conll; read 10000 sentences
2019-08-20 09:52:29,647:INFO:	_read_conll; read 10000 sentences
2019-08-20 10:26:46,821:INFO:	_read_conll; read 10000 sentences
2019-08-20 11:01:21,818:INFO:	_read_conll; read 10000 sentences
2019-08-20 11:35:55,521:INFO:	_read_conll; read 10000 sentences
2019-08-20 12:10:37,319:INFO:	_read_conll; read 10000 sentences
2019-08-20 12:45:33,570:INFO:	_read_conll; read 10000 sentences
2019-08-20 13:20:31,725:INFO:	_read_conll; read 10000 sentences
2019-08-20 13:58:03,774:INFO:	_read_conll; read 10000 sentences
2019-08-20 14:33:00,006:INFO:	_read_conll; read 10000 sentences
2019-08-20 15:07:57,078:INFO:	_read_conll; read 10000 sentences
2019-08-20 15:43:04,887:INFO:	_read_conll; read 10000 sentences
2019-08-20 16:18:09,561:INFO:	_read_conll; read 10000 sentences
2019-08-20 16:53:27,930:INFO:	_read_conll; read 10000 sentences
2019-08-20 17:28:46,759:INFO:	_read_conll; read 10000 sentences
2019-08-20 18:04:07,444:INFO:	_read_conll; read 10000 sentences
2019-08-20 18:45:50,686:INFO:	_read_conll; read 10000 sentences
2019-08-20 19:21:17,242:INFO:	_read_conll; read 10000 sentences
2019-08-20 19:56:50,013:INFO:	_read_conll; read 10000 sentences
2019-08-20 20:32:37,305:INFO:	_read_conll; read 10000 sentences
2019-08-20 21:08:20,154:INFO:	_read_conll; read 10000 sentences
2019-08-20 21:44:10,829:INFO:	_read_conll; read 10000 sentences
2019-08-20 22:20:20,500:INFO:	_read_conll; read 10000 sentences
2019-08-20 22:56:24,205:INFO:	_read_conll; read 10000 sentences
2019-08-20 23:32:22,011:INFO:	_read_conll; read 10000 sentences
2019-08-21 00:08:33,147:INFO:	_read_conll; read 10000 sentences
2019-08-21 00:44:34,648:INFO:	_read_conll; read 10000 sentences
2019-08-21 01:20:59,166:INFO:	_read_conll; read 10000 sentences
2019-08-21 01:57:39,859:INFO:	_read_conll; read 10000 sentences
2019-08-21 02:34:11,643:INFO:	_read_conll; read 10000 sentences
2019-08-21 03:10:44,807:INFO:	_read_conll; read 10000 sentences
2019-08-21 03:47:31,600:INFO:	_read_conll; read 10000 sentences
2019-08-21 04:24:17,368:INFO:	_read_conll; read 10000 sentences
2019-08-21 05:01:11,517:INFO:	_read_conll; read 8640 sentences
2019-08-21 05:35:39,642:INFO:	_read_conll; read 0 sentences
2019-08-21 05:35:39,677:DEBUG:	Completed epoch 1 in 376152.85820031166
2019-08-21 05:40:36,685:DEBUG:	output file saved to 0816210626_on_1b_dev.bpe.conllu
2019-08-21 05:40:40,739:DEBUG:	UAS (wo. punct) 0.95021	 LAS (wo. punct) 0.93927
2019-08-21 05:40:40,741:DEBUG:	UAS (w. punct) 0.94321	 LAS (w. punct) 0.93362
2019-08-21 05:40:47,854:INFO:	saved to /homedtic/lperez/UniParse/models/kiperwasser/1b/bpe/small/run6/model.model
2019-08-21 05:40:47,856:INFO:	
2019-08-21 05:40:47,857:INFO:	Epoch 2
2019-08-21 05:40:47,858:INFO:	=====================
2019-08-21 05:40:53,250:INFO:	_read_conll; read 10000 sentences
2019-08-21 05:59:29,591:INFO:	_read_conll; read 10000 sentences
2019-08-21 06:17:45,962:INFO:	_read_conll; read 10000 sentences
2019-08-21 06:36:04,513:INFO:	_read_conll; read 10000 sentences
2019-08-21 06:54:28,510:INFO:	_read_conll; read 10000 sentences
2019-08-21 07:13:01,423:INFO:	_read_conll; read 10000 sentences
2019-08-21 07:31:38,417:INFO:	_read_conll; read 10000 sentences
2019-08-21 07:50:16,864:INFO:	_read_conll; read 10000 sentences
2019-08-21 08:09:01,089:INFO:	_read_conll; read 10000 sentences
2019-08-21 08:27:45,216:INFO:	_read_conll; read 10000 sentences
2019-08-21 08:46:31,016:INFO:	_read_conll; read 10000 sentences
2019-08-21 09:05:19,796:INFO:	_read_conll; read 10000 sentences
2019-08-21 09:24:09,575:INFO:	_read_conll; read 10000 sentences
2019-08-21 09:43:04,178:INFO:	_read_conll; read 10000 sentences
2019-08-21 10:02:05,214:INFO:	_read_conll; read 10000 sentences
2019-08-21 10:21:08,023:INFO:	_read_conll; read 10000 sentences
2019-08-21 10:40:21,009:INFO:	_read_conll; read 10000 sentences
2019-08-21 10:59:34,180:INFO:	_read_conll; read 10000 sentences
2019-08-21 11:18:40,515:INFO:	_read_conll; read 10000 sentences
2019-08-21 11:37:58,940:INFO:	_read_conll; read 10000 sentences
2019-08-21 11:57:26,258:INFO:	_read_conll; read 10000 sentences
2019-08-21 12:16:55,736:INFO:	_read_conll; read 10000 sentences
2019-08-21 12:36:27,812:INFO:	_read_conll; read 10000 sentences
2019-08-21 12:56:01,515:INFO:	_read_conll; read 10000 sentences
2019-08-21 13:16:49,008:INFO:	_read_conll; read 10000 sentences
2019-08-21 13:36:45,101:INFO:	_read_conll; read 10000 sentences
2019-08-21 13:56:30,074:INFO:	_read_conll; read 10000 sentences
2019-08-21 14:16:37,251:INFO:	_read_conll; read 10000 sentences
2019-08-21 14:36:50,396:INFO:	_read_conll; read 10000 sentences
2019-08-21 14:57:13,478:INFO:	_read_conll; read 10000 sentences
2019-08-21 15:17:31,866:INFO:	_read_conll; read 10000 sentences
2019-08-21 15:37:56,477:INFO:	_read_conll; read 10000 sentences
2019-08-21 15:58:08,337:INFO:	_read_conll; read 10000 sentences
2019-08-21 16:18:30,406:INFO:	_read_conll; read 10000 sentences
2019-08-21 16:38:50,583:INFO:	_read_conll; read 10000 sentences
2019-08-21 16:59:22,068:INFO:	_read_conll; read 10000 sentences
2019-08-21 17:19:43,634:INFO:	_read_conll; read 10000 sentences
2019-08-21 17:40:20,949:INFO:	_read_conll; read 10000 sentences
2019-08-21 18:00:59,719:INFO:	_read_conll; read 10000 sentences
2019-08-21 18:21:44,890:INFO:	_read_conll; read 10000 sentences
2019-08-21 18:42:39,346:INFO:	_read_conll; read 10000 sentences
2019-08-21 19:03:30,167:INFO:	_read_conll; read 10000 sentences
2019-08-21 19:24:22,436:INFO:	_read_conll; read 10000 sentences
2019-08-21 19:45:26,723:INFO:	_read_conll; read 10000 sentences
2019-08-21 20:06:44,597:INFO:	_read_conll; read 10000 sentences
2019-08-21 20:28:03,524:INFO:	_read_conll; read 10000 sentences
2019-08-21 20:49:21,150:INFO:	_read_conll; read 10000 sentences
2019-08-21 21:10:37,792:INFO:	_read_conll; read 10000 sentences
2019-08-21 21:31:58,669:INFO:	_read_conll; read 10000 sentences
2019-08-21 21:53:22,101:INFO:	_read_conll; read 10000 sentences
2019-08-21 22:15:00,565:INFO:	_read_conll; read 10000 sentences
2019-08-21 22:36:46,450:INFO:	_read_conll; read 10000 sentences
2019-08-21 22:58:38,314:INFO:	_read_conll; read 10000 sentences
2019-08-21 23:20:31,025:INFO:	_read_conll; read 10000 sentences
2019-08-21 23:42:40,262:INFO:	_read_conll; read 10000 sentences
2019-08-22 00:04:47,640:INFO:	_read_conll; read 10000 sentences
2019-08-22 00:26:48,945:INFO:	_read_conll; read 10000 sentences
2019-08-22 00:48:55,430:INFO:	_read_conll; read 10000 sentences
2019-08-22 01:10:58,405:INFO:	_read_conll; read 10000 sentences
2019-08-22 01:33:22,614:INFO:	_read_conll; read 10000 sentences
2019-08-22 01:55:59,794:INFO:	_read_conll; read 10000 sentences
2019-08-22 02:18:34,816:INFO:	_read_conll; read 10000 sentences
2019-08-22 02:41:07,791:INFO:	_read_conll; read 10000 sentences
2019-08-22 03:03:46,118:INFO:	_read_conll; read 10000 sentences
2019-08-22 03:26:34,199:INFO:	_read_conll; read 10000 sentences
2019-08-22 03:49:21,627:INFO:	_read_conll; read 10000 sentences
2019-08-22 04:12:22,653:INFO:	_read_conll; read 10000 sentences
2019-08-22 04:35:24,568:INFO:	_read_conll; read 10000 sentences
2019-08-22 04:58:42,176:INFO:	_read_conll; read 10000 sentences
2019-08-22 05:21:50,113:INFO:	_read_conll; read 10000 sentences
2019-08-22 05:45:11,132:INFO:	_read_conll; read 10000 sentences
2019-08-22 06:08:18,854:INFO:	_read_conll; read 10000 sentences
2019-08-22 06:32:02,781:INFO:	_read_conll; read 10000 sentences
2019-08-22 06:55:31,047:INFO:	_read_conll; read 10000 sentences
2019-08-22 07:19:03,346:INFO:	_read_conll; read 10000 sentences
2019-08-22 07:42:52,717:INFO:	_read_conll; read 10000 sentences
2019-08-22 08:06:41,914:INFO:	_read_conll; read 10000 sentences
2019-08-22 08:30:26,464:INFO:	_read_conll; read 10000 sentences
2019-08-22 08:54:17,362:INFO:	_read_conll; read 10000 sentences
2019-08-22 09:18:16,442:INFO:	_read_conll; read 10000 sentences
2019-08-22 09:42:22,774:INFO:	_read_conll; read 10000 sentences
2019-08-22 10:06:18,661:INFO:	_read_conll; read 10000 sentences
2019-08-22 10:30:31,612:INFO:	_read_conll; read 10000 sentences
2019-08-22 10:55:03,799:INFO:	_read_conll; read 10000 sentences
2019-08-22 11:19:31,276:INFO:	_read_conll; read 10000 sentences
2019-08-22 11:43:41,984:INFO:	_read_conll; read 10000 sentences
2019-08-22 12:08:10,343:INFO:	_read_conll; read 10000 sentences
2019-08-22 12:32:58,142:INFO:	_read_conll; read 10000 sentences
2019-08-22 12:57:51,152:INFO:	_read_conll; read 10000 sentences
2019-08-22 13:22:55,306:INFO:	_read_conll; read 10000 sentences
2019-08-22 13:47:44,738:INFO:	_read_conll; read 10000 sentences
2019-08-22 14:12:39,114:INFO:	_read_conll; read 10000 sentences
2019-08-22 14:37:22,569:INFO:	_read_conll; read 10000 sentences
2019-08-22 15:02:22,727:INFO:	_read_conll; read 10000 sentences
2019-08-22 15:27:35,498:INFO:	_read_conll; read 10000 sentences
2019-08-22 15:52:51,242:INFO:	_read_conll; read 10000 sentences
2019-08-22 16:18:21,163:INFO:	_read_conll; read 10000 sentences
2019-08-22 16:43:46,661:INFO:	_read_conll; read 10000 sentences
2019-08-22 17:09:12,259:INFO:	_read_conll; read 10000 sentences
2019-08-22 17:34:56,286:INFO:	_read_conll; read 10000 sentences
2019-08-22 18:00:31,964:INFO:	_read_conll; read 10000 sentences
2019-08-22 18:26:14,302:INFO:	_read_conll; read 10000 sentences
2019-08-22 18:51:56,077:INFO:	_read_conll; read 10000 sentences
2019-08-22 19:17:54,560:INFO:	_read_conll; read 10000 sentences
2019-08-22 19:43:42,410:INFO:	_read_conll; read 10000 sentences
2019-08-22 20:09:53,769:INFO:	_read_conll; read 10000 sentences
2019-08-22 20:35:58,685:INFO:	_read_conll; read 10000 sentences
2019-08-22 21:02:00,510:INFO:	_read_conll; read 10000 sentences
2019-08-22 21:28:13,823:INFO:	_read_conll; read 10000 sentences
2019-08-22 21:54:40,089:INFO:	_read_conll; read 10000 sentences
2019-08-22 22:21:06,128:INFO:	_read_conll; read 10000 sentences
2019-08-22 22:47:38,055:INFO:	_read_conll; read 10000 sentences
2019-08-22 23:14:16,101:INFO:	_read_conll; read 10000 sentences
2019-08-22 23:40:55,540:INFO:	_read_conll; read 10000 sentences
2019-08-23 00:07:59,857:INFO:	_read_conll; read 10000 sentences
2019-08-23 00:35:01,177:INFO:	_read_conll; read 10000 sentences
2019-08-23 01:01:52,760:INFO:	_read_conll; read 10000 sentences
2019-08-23 01:28:35,659:INFO:	_read_conll; read 10000 sentences
2019-08-23 01:55:27,310:INFO:	_read_conll; read 10000 sentences
2019-08-23 02:22:34,000:INFO:	_read_conll; read 10000 sentences
2019-08-23 02:49:37,314:INFO:	_read_conll; read 10000 sentences
2019-08-23 03:16:45,191:INFO:	_read_conll; read 10000 sentences
2019-08-23 03:44:12,743:INFO:	_read_conll; read 10000 sentences
2019-08-23 04:11:31,641:INFO:	_read_conll; read 10000 sentences
2019-08-23 04:39:01,625:INFO:	_read_conll; read 10000 sentences
2019-08-23 05:06:32,301:INFO:	_read_conll; read 10000 sentences
2019-08-23 05:33:56,183:INFO:	_read_conll; read 10000 sentences
2019-08-23 06:01:34,437:INFO:	_read_conll; read 10000 sentences
2019-08-23 06:29:10,930:INFO:	_read_conll; read 10000 sentences
2019-08-23 06:57:05,007:INFO:	_read_conll; read 10000 sentences
2019-08-23 07:24:47,834:INFO:	_read_conll; read 10000 sentences
2019-08-23 07:52:35,125:INFO:	_read_conll; read 10000 sentences
2019-08-23 08:20:19,112:INFO:	_read_conll; read 10000 sentences
2019-08-23 08:48:07,646:INFO:	_read_conll; read 10000 sentences
2019-08-23 09:16:16,816:INFO:	_read_conll; read 10000 sentences
2019-08-23 09:44:25,487:INFO:	_read_conll; read 10000 sentences
2019-08-23 10:12:27,350:INFO:	_read_conll; read 10000 sentences
2019-08-23 10:40:46,719:INFO:	_read_conll; read 10000 sentences
2019-08-23 11:09:20,457:INFO:	_read_conll; read 10000 sentences
2019-08-23 11:37:45,636:INFO:	_read_conll; read 10000 sentences
2019-08-23 12:06:15,115:INFO:	_read_conll; read 10000 sentences
2019-08-23 12:35:02,669:INFO:	_read_conll; read 10000 sentences
2019-08-23 13:03:48,038:INFO:	_read_conll; read 10000 sentences
2019-08-23 13:32:22,973:INFO:	_read_conll; read 10000 sentences
2019-08-23 14:01:31,670:INFO:	_read_conll; read 10000 sentences
2019-08-23 14:30:31,801:INFO:	_read_conll; read 10000 sentences
2019-08-23 14:59:33,377:INFO:	_read_conll; read 10000 sentences
2019-08-23 15:28:34,017:INFO:	_read_conll; read 10000 sentences
2019-08-23 15:57:52,478:INFO:	_read_conll; read 10000 sentences
