2019-04-11 17:57:24,340:INFO:	
2019-04-11 17:57:24,340:INFO:	
2019-04-11 17:57:24,340:INFO:	
2019-04-11 17:57:24,340:INFO:	===================================================================================================
2019-04-11 17:57:24,340:INFO:	kiperwasser_main
2019-04-11 17:57:24,340:INFO:	===================================================================================================
2019-04-11 17:57:24,340:INFO:	
2019-04-11 17:57:24,340:INFO:	
2019-04-11 17:57:24,340:INFO:	Arguments:
2019-04-11 17:57:24,341:INFO:	Namespace(batch_size=32, dev='/home/lpmayos/code/UniParse/datasets/PTB_SD_3_3_0/dev.gold.pieced.conll', dev_mode=False, do_training=True, embs=None, epochs=30, logging_file='logging.log', model_file='model_ptb_pieced.model', no_update_pretrained_emb=False, output_file='output_ptb_pieced.output', patience=-1, results_folder='/home/lpmayos/code/UniParse/saved_models/kiperwasser_en_ptb_pieced', tb_dest=None, test='/home/lpmayos/code/UniParse/datasets/PTB_SD_3_3_0/test.gold.pieced.conll', train='/home/lpmayos/code/UniParse/datasets/PTB_SD_3_3_0/train.gold.pieced.conll', vocab_file='vocab_ptb_pieced.pkl')
2019-04-11 17:57:24,341:INFO:	
2019-04-11 17:57:29,074:INFO:	> saving vocab to /home/lpmayos/code/UniParse/saved_models/kiperwasser_en_ptb_pieced/vocab_ptb_pieced.pkl
2019-04-11 17:57:29,080:DEBUG:	Init training
2019-04-11 17:57:29,080:INFO:	>> Loading in data
2019-04-11 17:57:29,080:INFO:	tokenizing train data ...
2019-04-11 17:57:37,570:INFO:	... tokenized train data
2019-04-11 17:57:37,570:INFO:	tokenizing dev data ...
2019-04-11 17:57:37,920:INFO:	... tokenized dev data
2019-04-11 17:57:37,920:INFO:	creating model ...
2019-04-11 17:57:38,022:INFO:	... model created
2019-04-11 17:57:38,022:INFO:	creating ModelSaveCallback ...
2019-04-11 17:57:38,022:INFO:	saving model to /home/lpmayos/code/UniParse/saved_models/kiperwasser_en_ptb_pieced/model_ptb_pieced.model  (after step 0)
2019-04-11 17:57:38,022:INFO:	... ModelSaveCallback created
2019-04-11 17:57:38,022:INFO:	creating Model ...
2019-04-11 17:57:38,050:INFO:	... Model created
2019-04-11 17:57:38,050:INFO:	training Model ...
2019-04-11 17:57:38,050:DEBUG:	...Training without patience for exactly 30 epochs
2019-04-11 17:57:39,783:INFO:	Epoch 1
2019-04-11 17:57:39,783:INFO:	=====================
2019-04-11 18:05:21,947:DEBUG:	Completed epoch 1 in 462.16447353363037
2019-04-11 18:05:28,531:DEBUG:	UAS (wo. punct) 0.91149	 LAS (wo. punct) 0.89374
2019-04-11 18:05:28,531:DEBUG:	UAS (w. punct) 0.90597	 LAS (w. punct) 0.89053
2019-04-11 18:05:29,941:INFO:	saved to /home/lpmayos/code/UniParse/saved_models/kiperwasser_en_ptb_pieced/model_ptb_pieced.model
2019-04-11 18:05:29,941:INFO:	Epoch 2
2019-04-11 18:05:29,942:INFO:	=====================
2019-04-11 18:13:29,493:DEBUG:	Completed epoch 2 in 479.55245757102966
2019-04-11 18:13:35,835:DEBUG:	UAS (wo. punct) 0.92747	 LAS (wo. punct) 0.91154
2019-04-11 18:13:35,835:DEBUG:	UAS (w. punct) 0.9224	 LAS (w. punct) 0.90875
2019-04-11 18:13:37,067:INFO:	saved to /home/lpmayos/code/UniParse/saved_models/kiperwasser_en_ptb_pieced/model_ptb_pieced.model
2019-04-11 18:13:37,068:INFO:	Epoch 3
2019-04-11 18:13:37,068:INFO:	=====================
2019-04-11 18:21:36,113:DEBUG:	Completed epoch 3 in 479.0455825328827
2019-04-11 18:21:42,610:DEBUG:	UAS (wo. punct) 0.9338	 LAS (wo. punct) 0.91909
2019-04-11 18:21:42,610:DEBUG:	UAS (w. punct) 0.92839	 LAS (w. punct) 0.91575
2019-04-11 18:21:43,948:INFO:	saved to /home/lpmayos/code/UniParse/saved_models/kiperwasser_en_ptb_pieced/model_ptb_pieced.model
2019-04-11 18:21:43,948:INFO:	Epoch 4
2019-04-11 18:21:43,948:INFO:	=====================
2019-04-11 18:29:36,004:DEBUG:	Completed epoch 4 in 472.0558023452759
2019-04-11 18:29:42,381:DEBUG:	UAS (wo. punct) 0.93673	 LAS (wo. punct) 0.92194
2019-04-11 18:29:42,381:DEBUG:	UAS (w. punct) 0.932	 LAS (w. punct) 0.9193
2019-04-11 18:29:43,600:INFO:	saved to /home/lpmayos/code/UniParse/saved_models/kiperwasser_en_ptb_pieced/model_ptb_pieced.model
2019-04-11 18:29:43,601:INFO:	Epoch 5
2019-04-11 18:29:43,601:INFO:	=====================
2019-04-11 18:37:19,518:DEBUG:	Completed epoch 5 in 455.9180545806885
2019-04-11 18:37:25,528:DEBUG:	UAS (wo. punct) 0.93605	 LAS (wo. punct) 0.92329
2019-04-11 18:37:25,529:DEBUG:	UAS (w. punct) 0.93149	 LAS (w. punct) 0.92049
2019-04-11 18:37:25,529:INFO:	Epoch 6
2019-04-11 18:37:25,529:INFO:	=====================
2019-04-11 18:44:57,265:DEBUG:	Completed epoch 6 in 451.73613953590393
2019-04-11 18:45:03,201:DEBUG:	UAS (wo. punct) 0.93811	 LAS (wo. punct) 0.92406
2019-04-11 18:45:03,202:DEBUG:	UAS (w. punct) 0.93294	 LAS (w. punct) 0.9208
2019-04-11 18:45:04,587:INFO:	saved to /home/lpmayos/code/UniParse/saved_models/kiperwasser_en_ptb_pieced/model_ptb_pieced.model
2019-04-11 18:45:04,587:INFO:	Epoch 7
2019-04-11 18:45:04,587:INFO:	=====================
2019-04-11 18:52:47,944:DEBUG:	Completed epoch 7 in 463.3577125072479
2019-04-11 18:52:53,642:DEBUG:	UAS (wo. punct) 0.93515	 LAS (wo. punct) 0.92163
2019-04-11 18:52:53,642:DEBUG:	UAS (w. punct) 0.93014	 LAS (w. punct) 0.91845
2019-04-11 18:52:53,643:INFO:	Epoch 8
2019-04-11 18:52:53,643:INFO:	=====================
2019-04-11 19:00:36,985:DEBUG:	Completed epoch 8 in 463.34294724464417
2019-04-11 19:00:42,758:DEBUG:	UAS (wo. punct) 0.93742	 LAS (wo. punct) 0.92369
2019-04-11 19:00:42,758:DEBUG:	UAS (w. punct) 0.93205	 LAS (w. punct) 0.92026
2019-04-11 19:00:42,759:INFO:	Epoch 9
2019-04-11 19:00:42,759:INFO:	=====================
2019-04-11 19:08:39,035:DEBUG:	Completed epoch 9 in 476.27680349349976
2019-04-11 19:08:45,234:DEBUG:	UAS (wo. punct) 0.93597	 LAS (wo. punct) 0.922
2019-04-11 19:08:45,234:DEBUG:	UAS (w. punct) 0.93088	 LAS (w. punct) 0.91894
2019-04-11 19:08:45,234:INFO:	Epoch 10
2019-04-11 19:08:45,234:INFO:	=====================
2019-04-11 19:16:34,704:DEBUG:	Completed epoch 10 in 469.47036361694336
2019-04-11 19:16:40,450:DEBUG:	UAS (wo. punct) 0.93509	 LAS (wo. punct) 0.9202
2019-04-11 19:16:40,450:DEBUG:	UAS (w. punct) 0.93048	 LAS (w. punct) 0.91771
2019-04-11 19:16:40,451:INFO:	Epoch 11
2019-04-11 19:16:40,451:INFO:	=====================
2019-04-11 19:24:09,220:DEBUG:	Completed epoch 11 in 448.76967787742615
2019-04-11 19:24:26,325:DEBUG:	UAS (wo. punct) 0.93647	 LAS (wo. punct) 0.92152
2019-04-11 19:24:26,325:DEBUG:	UAS (w. punct) 0.93095	 LAS (w. punct) 0.91811
2019-04-11 19:24:26,326:INFO:	Epoch 12
2019-04-11 19:24:26,326:INFO:	=====================
2019-04-11 19:31:54,526:DEBUG:	Completed epoch 12 in 448.2011704444885
2019-04-11 19:32:00,469:DEBUG:	UAS (wo. punct) 0.9348	 LAS (wo. punct) 0.92044
2019-04-11 19:32:00,469:DEBUG:	UAS (w. punct) 0.92924	 LAS (w. punct) 0.91699
2019-04-11 19:32:00,469:INFO:	Epoch 13
2019-04-11 19:32:00,469:INFO:	=====================
2019-04-11 19:39:46,101:DEBUG:	Completed epoch 13 in 465.63209104537964
2019-04-11 19:39:51,925:DEBUG:	UAS (wo. punct) 0.93478	 LAS (wo. punct) 0.91946
2019-04-11 19:39:51,926:DEBUG:	UAS (w. punct) 0.92969	 LAS (w. punct) 0.91656
2019-04-11 19:39:51,926:INFO:	Epoch 14
2019-04-11 19:39:51,926:INFO:	=====================
2019-04-11 19:47:32,311:DEBUG:	Completed epoch 14 in 460.38557529449463
2019-04-11 19:47:38,711:DEBUG:	UAS (wo. punct) 0.93533	 LAS (wo. punct) 0.91948
2019-04-11 19:47:38,712:DEBUG:	UAS (w. punct) 0.93003	 LAS (w. punct) 0.91636
2019-04-11 19:47:38,712:INFO:	Epoch 15
2019-04-11 19:47:38,712:INFO:	=====================
2019-04-11 19:55:23,997:DEBUG:	Completed epoch 15 in 465.2851643562317
2019-04-11 19:55:30,566:DEBUG:	UAS (wo. punct) 0.93406	 LAS (wo. punct) 0.91874
2019-04-11 19:55:30,567:DEBUG:	UAS (w. punct) 0.92855	 LAS (w. punct) 0.91544
2019-04-11 19:55:30,567:INFO:	Epoch 16
2019-04-11 19:55:30,567:INFO:	=====================
2019-04-11 20:03:01,624:DEBUG:	Completed epoch 16 in 451.05733013153076
2019-04-11 20:03:07,345:DEBUG:	UAS (wo. punct) 0.93374	 LAS (wo. punct) 0.91805
2019-04-11 20:03:07,345:DEBUG:	UAS (w. punct) 0.92841	 LAS (w. punct) 0.91492
2019-04-11 20:03:07,345:INFO:	Epoch 17
2019-04-11 20:03:07,345:INFO:	=====================
2019-04-11 20:10:46,283:DEBUG:	Completed epoch 17 in 458.937730550766
2019-04-11 20:10:52,557:DEBUG:	UAS (wo. punct) 0.93459	 LAS (wo. punct) 0.91853
2019-04-11 20:10:52,557:DEBUG:	UAS (w. punct) 0.92893	 LAS (w. punct) 0.91517
2019-04-11 20:10:52,558:INFO:	Epoch 18
2019-04-11 20:10:52,558:INFO:	=====================
2019-04-11 20:18:38,401:DEBUG:	Completed epoch 18 in 465.8430845737457
2019-04-11 20:18:44,158:DEBUG:	UAS (wo. punct) 0.93478	 LAS (wo. punct) 0.91906
2019-04-11 20:18:44,158:DEBUG:	UAS (w. punct) 0.92893	 LAS (w. punct) 0.91548
2019-04-11 20:18:44,159:INFO:	Epoch 19
2019-04-11 20:18:44,159:INFO:	=====================
2019-04-11 20:26:31,608:DEBUG:	Completed epoch 19 in 467.4496307373047
2019-04-11 20:26:37,618:DEBUG:	UAS (wo. punct) 0.93279	 LAS (wo. punct) 0.91726
2019-04-11 20:26:37,618:DEBUG:	UAS (w. punct) 0.92736	 LAS (w. punct) 0.91396
2019-04-11 20:26:37,619:INFO:	Epoch 20
2019-04-11 20:26:37,619:INFO:	=====================
2019-04-11 20:34:10,038:DEBUG:	Completed epoch 20 in 452.4203064441681
2019-04-11 20:34:15,810:DEBUG:	UAS (wo. punct) 0.9348	 LAS (wo. punct) 0.91898
2019-04-11 20:34:15,810:DEBUG:	UAS (w. punct) 0.92895	 LAS (w. punct) 0.91537
2019-04-11 20:34:15,811:INFO:	Epoch 21
2019-04-11 20:34:15,811:INFO:	=====================
2019-04-11 20:42:26,273:DEBUG:	Completed epoch 21 in 490.46257424354553
2019-04-11 20:42:33,099:DEBUG:	UAS (wo. punct) 0.93475	 LAS (wo. punct) 0.91885
2019-04-11 20:42:33,100:DEBUG:	UAS (w. punct) 0.92895	 LAS (w. punct) 0.91513
2019-04-11 20:42:33,101:INFO:	Epoch 22
2019-04-11 20:42:33,101:INFO:	=====================
2019-04-11 20:49:45,026:DEBUG:	Completed epoch 22 in 431.92590165138245
2019-04-11 20:49:50,634:DEBUG:	UAS (wo. punct) 0.93425	 LAS (wo. punct) 0.91866
2019-04-11 20:49:50,634:DEBUG:	UAS (w. punct) 0.92852	 LAS (w. punct) 0.91508
2019-04-11 20:49:50,635:INFO:	Epoch 23
2019-04-11 20:49:50,635:INFO:	=====================
2019-04-11 20:56:58,134:DEBUG:	Completed epoch 23 in 427.499436378479
2019-04-11 20:57:03,749:DEBUG:	UAS (wo. punct) 0.93406	 LAS (wo. punct) 0.91782
2019-04-11 20:57:03,749:DEBUG:	UAS (w. punct) 0.92819	 LAS (w. punct) 0.91416
2019-04-11 20:57:03,749:INFO:	Epoch 24
2019-04-11 20:57:03,749:INFO:	=====================
2019-04-11 21:04:11,718:DEBUG:	Completed epoch 24 in 427.96926951408386
2019-04-11 21:04:20,040:DEBUG:	UAS (wo. punct) 0.93417	 LAS (wo. punct) 0.91834
2019-04-11 21:04:20,040:DEBUG:	UAS (w. punct) 0.92859	 LAS (w. punct) 0.91497
2019-04-11 21:04:20,040:INFO:	Epoch 25
2019-04-11 21:04:20,040:INFO:	=====================
2019-04-11 21:11:27,894:DEBUG:	Completed epoch 25 in 427.85398983955383
2019-04-11 21:11:33,500:DEBUG:	UAS (wo. punct) 0.93435	 LAS (wo. punct) 0.91782
2019-04-11 21:11:33,500:DEBUG:	UAS (w. punct) 0.92906	 LAS (w. punct) 0.91486
2019-04-11 21:11:33,500:INFO:	Epoch 26
2019-04-11 21:11:33,500:INFO:	=====================
2019-04-11 21:18:41,634:DEBUG:	Completed epoch 26 in 428.1341254711151
2019-04-11 21:18:47,251:DEBUG:	UAS (wo. punct) 0.93306	 LAS (wo. punct) 0.91689
2019-04-11 21:18:47,251:DEBUG:	UAS (w. punct) 0.92713	 LAS (w. punct) 0.91326
2019-04-11 21:18:47,251:INFO:	Epoch 27
2019-04-11 21:18:47,252:INFO:	=====================
2019-04-11 21:25:55,801:DEBUG:	Completed epoch 27 in 428.5496904850006
2019-04-11 21:26:01,527:DEBUG:	UAS (wo. punct) 0.93433	 LAS (wo. punct) 0.91842
2019-04-11 21:26:01,527:DEBUG:	UAS (w. punct) 0.92942	 LAS (w. punct) 0.91571
2019-04-11 21:26:01,528:INFO:	Epoch 28
2019-04-11 21:26:01,528:INFO:	=====================
2019-04-11 21:33:10,000:DEBUG:	Completed epoch 28 in 428.4728741645813
2019-04-11 21:33:15,611:DEBUG:	UAS (wo. punct) 0.9321	 LAS (wo. punct) 0.9161
2019-04-11 21:33:15,611:DEBUG:	UAS (w. punct) 0.92689	 LAS (w. punct) 0.91313
2019-04-11 21:33:15,611:INFO:	Epoch 29
2019-04-11 21:33:15,612:INFO:	=====================
2019-04-11 21:40:23,528:DEBUG:	Completed epoch 29 in 427.91728496551514
2019-04-11 21:40:29,139:DEBUG:	UAS (wo. punct) 0.93531	 LAS (wo. punct) 0.91922
2019-04-11 21:40:29,139:DEBUG:	UAS (w. punct) 0.92987	 LAS (w. punct) 0.91605
2019-04-11 21:40:29,140:INFO:	Epoch 30
2019-04-11 21:40:29,140:INFO:	=====================
2019-04-11 21:47:36,972:DEBUG:	Completed epoch 30 in 427.832626581192
2019-04-11 21:47:42,582:DEBUG:	UAS (wo. punct) 0.93366	 LAS (wo. punct) 0.91813
2019-04-11 21:47:42,582:DEBUG:	UAS (w. punct) 0.9283	 LAS (w. punct) 0.9149
2019-04-11 21:47:42,582:DEBUG:	Finished at epoch 30
2019-04-11 21:47:42,587:INFO:	...Model trained
2019-04-11 21:47:42,587:INFO:	Model maxed on dev at epoch 6 
2019-04-11 21:47:52,477:DEBUG:	output file saved to /home/lpmayos/code/UniParse/saved_models/kiperwasser_en_ptb_pieced/output_ptb_pieced.output
2019-04-11 21:47:52,478:INFO:	{'uas': 0.9332114758006834, 'las': 0.9217038861956608, 'nopunct_uas': 0.9367637941723497, 'nopunct_las': 0.9232936932874937}
2019-04-11 21:47:52,478:INFO:	
2019-04-11 21:47:52,478:INFO:	--------------------------------------------------------
2019-04-11 21:47:52,478:INFO:	Test score: 0.9367637941723497 0.9232936932874937
2019-04-11 21:47:52,478:INFO:	--------------------------------------------------------
2019-04-11 21:47:52,478:INFO:	
