2019-11-14 17:20:14,444:INFO:	


===================================================================================================
2019-11-14 17:20:14,608:INFO:	kiperwasser_main
2019-11-14 17:20:14,609:INFO:	===================================================================================================

2019-11-14 17:20:14,610:INFO:	
Arguments:
2019-11-14 17:20:14,611:INFO:	Namespace(batch_size=32, big_dataset=False, dev='/homedtic/lperez/UniParse/datasets/ud2.1//en-ud-dev.conllu', dev_mode=False, do_training=True, epochs=30, hidden_dim=100, logging_file='/homedtic/lperez/UniParse/models/kiperwasser_pytorch/ud/only_words_false/torch100/logging.log', model_file='/homedtic/lperez/UniParse/models/kiperwasser_pytorch/ud/only_words_false/torch100/model.model', only_words=False, output_file='/homedtic/lperez/UniParse/models/kiperwasser_pytorch/ud/only_words_false/torch100/output.out', patience=-1, results_folder='/homedtic/lperez/UniParse/models/kiperwasser_pytorch/ud/only_words_false/torch100', tb_dest=None, test='/homedtic/lperez/UniParse/datasets/ud2.1//en-ud-test.conllu', train='/homedtic/lperez/UniParse/datasets/ud2.1//en-ud-train.conllu', upos_dim=25, vocab_file='/homedtic/lperez/UniParse/models/kiperwasser_pytorch/ud/only_words_false/torch100/vocab.pkl', word_dim=100)
2019-11-14 17:20:14,612:INFO:	

2019-11-14 17:20:22,463:INFO:	> saving vocab to /homedtic/lperez/UniParse/models/kiperwasser_pytorch/ud/only_words_false/torch100/vocab.pkl
2019-11-14 17:20:22,518:INFO:	Training with normal dataset
2019-11-14 17:20:22,521:DEBUG:	Init training
2019-11-14 17:20:22,524:INFO:	>> Loading in data
2019-11-14 17:20:22,526:INFO:	tokenizing train data ...
2019-11-14 17:20:32,102:INFO:	_read_conll; read 12523 sentences
2019-11-14 17:20:32,105:INFO:	... tokenized train data
2019-11-14 17:20:32,108:INFO:	tokenizing dev data ...
2019-11-14 17:20:33,425:INFO:	_read_conll; read 2001 sentences
2019-11-14 17:20:33,429:INFO:	... tokenized dev data
2019-11-14 17:20:33,433:INFO:	creating model ...
2019-11-14 17:20:33,715:INFO:	... model created
2019-11-14 17:20:33,718:INFO:	creating ModelSaveCallback ...
2019-11-14 17:20:33,719:INFO:	saving model to /homedtic/lperez/UniParse/models/kiperwasser_pytorch/ud/only_words_false/torch100/model.model  (after step 0)
2019-11-14 17:20:33,721:INFO:	... ModelSaveCallback created
2019-11-14 17:20:33,724:INFO:	creating Model ...
2019-11-14 17:20:33,756:INFO:	... Model created
2019-11-14 17:20:33,759:INFO:	training Model ...
2019-11-14 17:20:33,762:DEBUG:	...Training without patience for exactly 30 epochs
2019-11-14 17:20:34,934:INFO:	Epoch 1
2019-11-14 17:20:34,935:INFO:	=====================
2019-11-14 17:23:19,144:DEBUG:	Completed epoch 1 in 164.2097487449646
2019-11-14 17:23:27,317:DEBUG:	output file saved to 1114172033_on_en-ud-dev.conllu
2019-11-14 17:23:28,200:DEBUG:	UAS (wo. punct) 0.7619	 LAS (wo. punct) 0.71022
2019-11-14 17:23:28,201:DEBUG:	UAS (w. punct) 0.74365	 LAS (w. punct) 0.69795
2019-11-14 17:23:28,315:INFO:	saved to /homedtic/lperez/UniParse/models/kiperwasser_pytorch/ud/only_words_false/torch100/model.model
2019-11-14 17:23:28,317:INFO:	Epoch 2
2019-11-14 17:23:28,320:INFO:	=====================
2019-11-14 17:26:24,091:DEBUG:	Completed epoch 2 in 175.77441096305847
2019-11-14 17:26:39,816:DEBUG:	output file saved to 1114172033_on_en-ud-dev.conllu
2019-11-14 17:26:40,736:DEBUG:	UAS (wo. punct) 0.81435	 LAS (wo. punct) 0.76703
2019-11-14 17:26:40,738:DEBUG:	UAS (w. punct) 0.80089	 LAS (w. punct) 0.75882
2019-11-14 17:26:40,884:INFO:	saved to /homedtic/lperez/UniParse/models/kiperwasser_pytorch/ud/only_words_false/torch100/model.model
2019-11-14 17:26:40,887:INFO:	Epoch 3
2019-11-14 17:26:40,890:INFO:	=====================
2019-11-14 17:29:28,156:DEBUG:	Completed epoch 3 in 167.26951265335083
2019-11-14 17:29:36,000:DEBUG:	output file saved to 1114172033_on_en-ud-dev.conllu
2019-11-14 17:29:36,876:DEBUG:	UAS (wo. punct) 0.84355	 LAS (wo. punct) 0.80727
2019-11-14 17:29:36,877:DEBUG:	UAS (w. punct) 0.83122	 LAS (w. punct) 0.79874
2019-11-14 17:29:36,981:INFO:	saved to /homedtic/lperez/UniParse/models/kiperwasser_pytorch/ud/only_words_false/torch100/model.model
2019-11-14 17:29:36,983:INFO:	Epoch 4
2019-11-14 17:29:36,984:INFO:	=====================
2019-11-14 17:32:25,114:DEBUG:	Completed epoch 4 in 168.13120460510254
2019-11-14 17:32:33,236:DEBUG:	output file saved to 1114172033_on_en-ud-dev.conllu
2019-11-14 17:32:34,123:DEBUG:	UAS (wo. punct) 0.8554	 LAS (wo. punct) 0.82234
2019-11-14 17:32:34,124:DEBUG:	UAS (w. punct) 0.84313	 LAS (w. punct) 0.81355
2019-11-14 17:32:34,229:INFO:	saved to /homedtic/lperez/UniParse/models/kiperwasser_pytorch/ud/only_words_false/torch100/model.model
2019-11-14 17:32:34,230:INFO:	Epoch 5
2019-11-14 17:32:34,231:INFO:	=====================
2019-11-14 17:35:22,728:DEBUG:	Completed epoch 5 in 168.49788641929626
2019-11-14 17:35:30,787:DEBUG:	output file saved to 1114172033_on_en-ud-dev.conllu
2019-11-14 17:35:31,820:DEBUG:	UAS (wo. punct) 0.86294	 LAS (wo. punct) 0.82906
2019-11-14 17:35:31,822:DEBUG:	UAS (w. punct) 0.85232	 LAS (w. punct) 0.82203
2019-11-14 17:35:31,928:INFO:	saved to /homedtic/lperez/UniParse/models/kiperwasser_pytorch/ud/only_words_false/torch100/model.model
2019-11-14 17:35:31,930:INFO:	Epoch 6
2019-11-14 17:35:31,931:INFO:	=====================
2019-11-14 17:38:20,603:DEBUG:	Completed epoch 6 in 168.67309999465942
2019-11-14 17:39:01,256:DEBUG:	output file saved to 1114172033_on_en-ud-dev.conllu
2019-11-14 17:39:02,172:DEBUG:	UAS (wo. punct) 0.85958	 LAS (wo. punct) 0.82906
2019-11-14 17:39:02,174:DEBUG:	UAS (w. punct) 0.84854	 LAS (w. punct) 0.82131
2019-11-14 17:39:02,175:INFO:	Epoch 7
2019-11-14 17:39:02,176:INFO:	=====================
2019-11-14 17:41:51,889:DEBUG:	Completed epoch 7 in 169.71433448791504
2019-11-14 17:41:59,947:DEBUG:	output file saved to 1114172033_on_en-ud-dev.conllu
2019-11-14 17:42:00,805:DEBUG:	UAS (wo. punct) 0.86853	 LAS (wo. punct) 0.83856
2019-11-14 17:42:00,806:DEBUG:	UAS (w. punct) 0.85901	 LAS (w. punct) 0.83214
2019-11-14 17:42:00,910:INFO:	saved to /homedtic/lperez/UniParse/models/kiperwasser_pytorch/ud/only_words_false/torch100/model.model
2019-11-14 17:42:00,912:INFO:	Epoch 8
2019-11-14 17:42:00,912:INFO:	=====================
2019-11-14 17:44:50,208:DEBUG:	Completed epoch 8 in 169.29689073562622
2019-11-14 17:44:58,237:DEBUG:	output file saved to 1114172033_on_en-ud-dev.conllu
2019-11-14 17:44:59,102:DEBUG:	UAS (wo. punct) 0.86848	 LAS (wo. punct) 0.83883
2019-11-14 17:44:59,103:DEBUG:	UAS (w. punct) 0.85734	 LAS (w. punct) 0.83067
2019-11-14 17:44:59,104:INFO:	Epoch 9
2019-11-14 17:44:59,105:INFO:	=====================
2019-11-14 17:47:48,845:DEBUG:	Completed epoch 9 in 169.74140906333923
2019-11-14 17:47:56,884:DEBUG:	output file saved to 1114172033_on_en-ud-dev.conllu
2019-11-14 17:47:57,753:DEBUG:	UAS (wo. punct) 0.87153	 LAS (wo. punct) 0.84119
2019-11-14 17:47:57,755:DEBUG:	UAS (w. punct) 0.86092	 LAS (w. punct) 0.83377
2019-11-14 17:47:57,863:INFO:	saved to /homedtic/lperez/UniParse/models/kiperwasser_pytorch/ud/only_words_false/torch100/model.model
2019-11-14 17:47:57,864:INFO:	Epoch 10
2019-11-14 17:47:57,865:INFO:	=====================
2019-11-14 17:50:48,809:DEBUG:	Completed epoch 10 in 170.94558095932007
2019-11-14 17:50:56,779:DEBUG:	output file saved to 1114172033_on_en-ud-dev.conllu
2019-11-14 17:50:57,639:DEBUG:	UAS (wo. punct) 0.87193	 LAS (wo. punct) 0.84228
2019-11-14 17:50:57,640:DEBUG:	UAS (w. punct) 0.86175	 LAS (w. punct) 0.83516
2019-11-14 17:50:57,745:INFO:	saved to /homedtic/lperez/UniParse/models/kiperwasser_pytorch/ud/only_words_false/torch100/model.model
2019-11-14 17:50:57,747:INFO:	Epoch 11
2019-11-14 17:50:57,748:INFO:	=====================
2019-11-14 17:53:49,947:DEBUG:	Completed epoch 11 in 172.20083212852478
2019-11-14 17:53:57,959:DEBUG:	output file saved to 1114172033_on_en-ud-dev.conllu
2019-11-14 17:53:58,818:DEBUG:	UAS (wo. punct) 0.87225	 LAS (wo. punct) 0.84242
2019-11-14 17:53:58,819:DEBUG:	UAS (w. punct) 0.86271	 LAS (w. punct) 0.83596
2019-11-14 17:53:58,925:INFO:	saved to /homedtic/lperez/UniParse/models/kiperwasser_pytorch/ud/only_words_false/torch100/model.model
2019-11-14 17:53:58,927:INFO:	Epoch 12
2019-11-14 17:53:58,928:INFO:	=====================
2019-11-14 17:56:50,823:DEBUG:	Completed epoch 12 in 171.89659929275513
2019-11-14 17:56:58,862:DEBUG:	output file saved to 1114172033_on_en-ud-dev.conllu
2019-11-14 17:56:59,733:DEBUG:	UAS (wo. punct) 0.87366	 LAS (wo. punct) 0.84541
2019-11-14 17:56:59,734:DEBUG:	UAS (w. punct) 0.86442	 LAS (w. punct) 0.83903
2019-11-14 17:56:59,839:INFO:	saved to /homedtic/lperez/UniParse/models/kiperwasser_pytorch/ud/only_words_false/torch100/model.model
2019-11-14 17:56:59,841:INFO:	Epoch 13
2019-11-14 17:56:59,841:INFO:	=====================
2019-11-14 17:59:52,914:DEBUG:	Completed epoch 13 in 173.07420945167542
2019-11-14 18:00:00,851:DEBUG:	output file saved to 1114172033_on_en-ud-dev.conllu
2019-11-14 18:00:01,888:DEBUG:	UAS (wo. punct) 0.87371	 LAS (wo. punct) 0.84541
2019-11-14 18:00:01,889:DEBUG:	UAS (w. punct) 0.86414	 LAS (w. punct) 0.83867
2019-11-14 18:00:01,997:INFO:	saved to /homedtic/lperez/UniParse/models/kiperwasser_pytorch/ud/only_words_false/torch100/model.model
2019-11-14 18:00:01,999:INFO:	Epoch 14
2019-11-14 18:00:01,999:INFO:	=====================
2019-11-14 18:02:56,056:DEBUG:	Completed epoch 14 in 174.05767965316772
2019-11-14 18:03:03,910:DEBUG:	output file saved to 1114172033_on_en-ud-dev.conllu
2019-11-14 18:03:04,762:DEBUG:	UAS (wo. punct) 0.8713	 LAS (wo. punct) 0.84114
2019-11-14 18:03:04,764:DEBUG:	UAS (w. punct) 0.86191	 LAS (w. punct) 0.83497
2019-11-14 18:03:04,765:INFO:	Epoch 15
2019-11-14 18:03:04,767:INFO:	=====================
2019-11-14 18:05:58,953:DEBUG:	Completed epoch 15 in 174.18746995925903
2019-11-14 18:06:06,958:DEBUG:	output file saved to 1114172033_on_en-ud-dev.conllu
2019-11-14 18:06:07,834:DEBUG:	UAS (wo. punct) 0.87348	 LAS (wo. punct) 0.84419
2019-11-14 18:06:07,835:DEBUG:	UAS (w. punct) 0.86315	 LAS (w. punct) 0.83692
2019-11-14 18:06:07,836:INFO:	Epoch 16
2019-11-14 18:06:07,837:INFO:	=====================
2019-11-14 18:09:03,680:DEBUG:	Completed epoch 16 in 175.84367108345032
2019-11-14 18:09:11,660:DEBUG:	output file saved to 1114172033_on_en-ud-dev.conllu
2019-11-14 18:09:12,519:DEBUG:	UAS (wo. punct) 0.87493	 LAS (wo. punct) 0.84641
2019-11-14 18:09:12,520:DEBUG:	UAS (w. punct) 0.8647	 LAS (w. punct) 0.83914
2019-11-14 18:09:12,625:INFO:	saved to /homedtic/lperez/UniParse/models/kiperwasser_pytorch/ud/only_words_false/torch100/model.model
2019-11-14 18:09:12,626:INFO:	Epoch 17
2019-11-14 18:09:12,627:INFO:	=====================
2019-11-14 18:12:09,365:DEBUG:	Completed epoch 17 in 176.73880791664124
2019-11-14 18:12:17,279:DEBUG:	output file saved to 1114172033_on_en-ud-dev.conllu
2019-11-14 18:12:18,136:DEBUG:	UAS (wo. punct) 0.87484	 LAS (wo. punct) 0.84564
2019-11-14 18:12:18,137:DEBUG:	UAS (w. punct) 0.86542	 LAS (w. punct) 0.83926
2019-11-14 18:12:18,139:INFO:	Epoch 18
2019-11-14 18:12:18,139:INFO:	=====================
2019-11-14 18:15:17,732:DEBUG:	Completed epoch 18 in 179.59415936470032
2019-11-14 18:15:30,612:DEBUG:	output file saved to 1114172033_on_en-ud-dev.conllu
2019-11-14 18:15:31,516:DEBUG:	UAS (wo. punct) 0.87243	 LAS (wo. punct) 0.84264
2019-11-14 18:15:31,518:DEBUG:	UAS (w. punct) 0.86259	 LAS (w. punct) 0.83588
2019-11-14 18:15:31,522:INFO:	Epoch 19
2019-11-14 18:15:31,523:INFO:	=====================
2019-11-14 18:18:32,437:DEBUG:	Completed epoch 19 in 180.91492748260498
2019-11-14 18:18:40,306:DEBUG:	output file saved to 1114172033_on_en-ud-dev.conllu
2019-11-14 18:18:41,134:DEBUG:	UAS (wo. punct) 0.86944	 LAS (wo. punct) 0.84015
2019-11-14 18:18:41,136:DEBUG:	UAS (w. punct) 0.85869	 LAS (w. punct) 0.83234
2019-11-14 18:18:41,137:INFO:	Epoch 20
2019-11-14 18:18:41,138:INFO:	=====================
2019-11-14 18:21:43,054:DEBUG:	Completed epoch 20 in 181.91714549064636
2019-11-14 18:21:50,983:DEBUG:	output file saved to 1114172033_on_en-ud-dev.conllu
2019-11-14 18:21:52,015:DEBUG:	UAS (wo. punct) 0.86848	 LAS (wo. punct) 0.84019
2019-11-14 18:21:52,016:DEBUG:	UAS (w. punct) 0.85801	 LAS (w. punct) 0.83274
2019-11-14 18:21:52,018:INFO:	Epoch 21
2019-11-14 18:21:52,019:INFO:	=====================
2019-11-14 18:24:55,366:DEBUG:	Completed epoch 21 in 183.34822726249695
2019-11-14 18:25:03,133:DEBUG:	output file saved to 1114172033_on_en-ud-dev.conllu
2019-11-14 18:25:03,992:DEBUG:	UAS (wo. punct) 0.87112	 LAS (wo. punct) 0.84078
2019-11-14 18:25:03,994:DEBUG:	UAS (w. punct) 0.8614	 LAS (w. punct) 0.83413
2019-11-14 18:25:03,995:INFO:	Epoch 22
2019-11-14 18:25:03,996:INFO:	=====================
2019-11-14 18:28:08,307:DEBUG:	Completed epoch 22 in 184.3126037120819
2019-11-14 18:28:16,108:DEBUG:	output file saved to 1114172033_on_en-ud-dev.conllu
2019-11-14 18:28:16,962:DEBUG:	UAS (wo. punct) 0.87166	 LAS (wo. punct) 0.83978
2019-11-14 18:28:16,963:DEBUG:	UAS (w. punct) 0.86175	 LAS (w. punct) 0.83325
2019-11-14 18:28:16,964:INFO:	Epoch 23
2019-11-14 18:28:16,965:INFO:	=====================
2019-11-14 18:31:20,206:DEBUG:	Completed epoch 23 in 183.24293088912964
2019-11-14 18:31:28,032:DEBUG:	output file saved to 1114172033_on_en-ud-dev.conllu
2019-11-14 18:31:28,892:DEBUG:	UAS (wo. punct) 0.8728	 LAS (wo. punct) 0.84178
2019-11-14 18:31:28,893:DEBUG:	UAS (w. punct) 0.86295	 LAS (w. punct) 0.8352
2019-11-14 18:31:28,894:INFO:	Epoch 24
2019-11-14 18:31:28,895:INFO:	=====================
2019-11-14 18:33:57,676:DEBUG:	Completed epoch 24 in 148.78205180168152
2019-11-14 18:34:03,600:DEBUG:	output file saved to 1114172033_on_en-ud-dev.conllu
2019-11-14 18:34:04,252:DEBUG:	UAS (wo. punct) 0.86721	 LAS (wo. punct) 0.83724
2019-11-14 18:34:04,255:DEBUG:	UAS (w. punct) 0.85634	 LAS (w. punct) 0.82939
2019-11-14 18:34:04,256:INFO:	Epoch 25
2019-11-14 18:34:04,257:INFO:	=====================
2019-11-14 18:36:29,948:DEBUG:	Completed epoch 25 in 145.69197845458984
2019-11-14 18:36:35,882:DEBUG:	output file saved to 1114172033_on_en-ud-dev.conllu
2019-11-14 18:36:36,531:DEBUG:	UAS (wo. punct) 0.86994	 LAS (wo. punct) 0.83983
2019-11-14 18:36:36,533:DEBUG:	UAS (w. punct) 0.85968	 LAS (w. punct) 0.83262
2019-11-14 18:36:36,534:INFO:	Epoch 26
2019-11-14 18:36:36,536:INFO:	=====================
2019-11-14 18:39:02,282:DEBUG:	Completed epoch 26 in 145.74833226203918
2019-11-14 18:39:08,226:DEBUG:	output file saved to 1114172033_on_en-ud-dev.conllu
2019-11-14 18:39:08,891:DEBUG:	UAS (wo. punct) 0.86712	 LAS (wo. punct) 0.83615
2019-11-14 18:39:08,892:DEBUG:	UAS (w. punct) 0.85503	 LAS (w. punct) 0.82736
2019-11-14 18:39:08,893:INFO:	Epoch 27
2019-11-14 18:39:08,894:INFO:	=====================
2019-11-14 18:41:34,448:DEBUG:	Completed epoch 27 in 145.5549032688141
2019-11-14 18:41:40,383:DEBUG:	output file saved to 1114172033_on_en-ud-dev.conllu
2019-11-14 18:41:41,180:DEBUG:	UAS (wo. punct) 0.87193	 LAS (wo. punct) 0.84087
2019-11-14 18:41:41,181:DEBUG:	UAS (w. punct) 0.85984	 LAS (w. punct) 0.83194
2019-11-14 18:41:41,182:INFO:	Epoch 28
2019-11-14 18:41:41,182:INFO:	=====================
2019-11-14 18:44:07,921:DEBUG:	Completed epoch 28 in 146.73940658569336
2019-11-14 18:44:13,846:DEBUG:	output file saved to 1114172033_on_en-ud-dev.conllu
2019-11-14 18:44:14,489:DEBUG:	UAS (wo. punct) 0.87225	 LAS (wo. punct) 0.84028
2019-11-14 18:44:14,490:DEBUG:	UAS (w. punct) 0.8612	 LAS (w. punct) 0.8327
2019-11-14 18:44:14,491:INFO:	Epoch 29
2019-11-14 18:44:14,491:INFO:	=====================
2019-11-14 18:46:46,206:DEBUG:	Completed epoch 29 in 151.71588563919067
2019-11-14 18:46:52,130:DEBUG:	output file saved to 1114172033_on_en-ud-dev.conllu
2019-11-14 18:46:52,784:DEBUG:	UAS (wo. punct) 0.87189	 LAS (wo. punct) 0.83892
2019-11-14 18:46:52,785:DEBUG:	UAS (w. punct) 0.8616	 LAS (w. punct) 0.8321
2019-11-14 18:46:52,786:INFO:	Epoch 30
2019-11-14 18:46:52,788:INFO:	=====================
2019-11-14 18:49:29,597:DEBUG:	Completed epoch 30 in 156.81097793579102
2019-11-14 18:49:35,532:DEBUG:	output file saved to 1114172033_on_en-ud-dev.conllu
2019-11-14 18:49:36,166:DEBUG:	UAS (wo. punct) 0.87121	 LAS (wo. punct) 0.83946
2019-11-14 18:49:36,167:DEBUG:	UAS (w. punct) 0.86016	 LAS (w. punct) 0.83174
2019-11-14 18:49:36,169:DEBUG:	Finished at epoch 30
2019-11-14 18:49:36,171:INFO:	...Model trained
2019-11-14 18:49:36,172:INFO:	Model maxed on dev at epoch 16 
2019-11-14 18:49:36,718:INFO:	_read_conll; read 2076 sentences
2019-11-14 18:49:42,738:DEBUG:	output file saved to /homedtic/lperez/UniParse/models/kiperwasser_pytorch/ud/only_words_false/torch100/output.out
2019-11-14 18:49:43,382:INFO:	{'uas': 0.85687502493118994, 'las': 0.82843352347520838, 'nopunct_uas': 0.86721102089225433, 'nopunct_las': 0.8352796277711888}
2019-11-14 18:49:43,384:INFO:	
--------------------------------------------------------
2019-11-14 18:49:43,384:INFO:	Test score: 0.867211020892 0.835279627771
2019-11-14 18:49:43,385:INFO:	--------------------------------------------------------

