2019-11-08 16:46:39,355:INFO:	


===================================================================================================
2019-11-08 16:46:39,355:INFO:	kiperwasser_main
2019-11-08 16:46:39,355:INFO:	===================================================================================================

2019-11-08 16:46:39,355:INFO:	
Arguments:
2019-11-08 16:46:39,355:INFO:	Namespace(batch_size=32, big_dataset=True, dev='/home/lpmayos/hd/code/UniParse/datasets/ud2.1_toy/en-ud-dev.conllu', dev_mode=False, do_training=True, epochs=30, logging_file='/home/lpmayos/hd/code/UniParse/models/kiperwasser_pytorch/ud/run1/logging.log', model_file='/home/lpmayos/hd/code/UniParse/models/kiperwasser_pytorch/ud//only_words_true/run1/model.model', only_words=True, output_file='/home/lpmayos/hd/code/UniParse/models/kiperwasser_pytorch/ud/only_words_true/run1/output.out', patience=-1, results_folder='/home/lpmayos/hd/code/UniParse/models/kiperwasser_pytorch/ud/run1', tb_dest=None, test='/home/lpmayos/hd/code/UniParse/datasets/ud2.1_toy/en-ud-test.conllu', train='/home/lpmayos/hd/code/UniParse/datasets/ud2.1_toy/en-ud-train.conllu', vocab_file='/home/lpmayos/hd/code/UniParse/models/kiperwasser_pytorch/ud//only_words_true/run1/vocab.pkl')
2019-11-08 16:46:39,355:INFO:	

2019-11-08 16:46:39,362:INFO:	> saving vocab to /home/lpmayos/hd/code/UniParse/models/kiperwasser_pytorch/ud//only_words_true/run1/vocab.pkl
2019-11-08 16:46:39,362:INFO:	Training with big dataset; subset_size = 10000
2019-11-08 16:46:39,362:DEBUG:	Init training with big dataset (there is no dev mode)
2019-11-08 16:46:39,362:INFO:	tokenizing dev data ...
2019-11-08 16:46:39,367:INFO:	_read_conll; read 38 sentences
2019-11-08 16:46:39,367:INFO:	... tokenized dev data
2019-11-08 16:46:39,367:INFO:	creating model ...
2019-11-08 16:46:39,373:INFO:	... model created
2019-11-08 16:46:39,373:INFO:	creating ModelSaveCallback ...
2019-11-08 16:46:39,373:INFO:	saving model to /home/lpmayos/hd/code/UniParse/models/kiperwasser_pytorch/ud//only_words_true/run1/model.model  (after step 0)
2019-11-08 16:46:39,373:INFO:	... ModelSaveCallback created
2019-11-08 16:46:39,373:INFO:	creating Model ...
2019-11-08 16:46:39,373:INFO:	... Model created
2019-11-08 16:46:39,373:INFO:	training Model ...
2019-11-08 16:46:39,373:DEBUG:	...Training without patience for exactly 30 epochs
2019-11-08 16:46:39,373:INFO:	
2019-11-08 16:46:39,374:INFO:	Epoch 1
2019-11-08 16:46:39,374:INFO:	=====================
2019-11-08 16:46:39,383:INFO:	train_big_datasets; epoch 1; total sentences used to train: 63; read_sentences 63
2019-11-08 16:46:41,939:DEBUG:	Completed epoch 1 in 2.5653433799743652
2019-11-08 16:46:42,270:DEBUG:	output file saved to 1108164639_on_en-ud-dev.conllu
2019-11-08 16:46:42,278:DEBUG:	UAS (wo. punct) 0.044796	 LAS (wo. punct) 0.011858
2019-11-08 16:46:42,278:DEBUG:	UAS (w. punct) 0.04603	 LAS (w. punct) 0.013809
2019-11-08 16:46:42,281:INFO:	saved to /home/lpmayos/hd/code/UniParse/models/kiperwasser_pytorch/ud//only_words_true/run1/model.model
2019-11-08 16:46:42,281:INFO:	
2019-11-08 16:46:42,281:INFO:	Epoch 2
2019-11-08 16:46:42,281:INFO:	=====================
2019-11-08 16:46:42,291:INFO:	train_big_datasets; epoch 2; total sentences used to train: 63; read_sentences 63
2019-11-08 16:46:44,988:DEBUG:	Completed epoch 2 in 2.7073957920074463
2019-11-08 16:46:45,437:DEBUG:	output file saved to 1108164639_on_en-ud-dev.conllu
2019-11-08 16:46:45,442:DEBUG:	UAS (wo. punct) 0.047431	 LAS (wo. punct) 0.011858
2019-11-08 16:46:45,443:DEBUG:	UAS (w. punct) 0.042578	 LAS (w. punct) 0.011507
2019-11-08 16:46:45,445:INFO:	saved to /home/lpmayos/hd/code/UniParse/models/kiperwasser_pytorch/ud//only_words_true/run1/model.model
2019-11-08 16:46:45,445:INFO:	
2019-11-08 16:46:45,445:INFO:	Epoch 3
2019-11-08 16:46:45,445:INFO:	=====================
2019-11-08 16:46:45,455:INFO:	train_big_datasets; epoch 3; total sentences used to train: 63; read_sentences 63
2019-11-08 16:46:49,323:DEBUG:	Completed epoch 3 in 3.8770530223846436
2019-11-08 16:46:49,786:DEBUG:	output file saved to 1108164639_on_en-ud-dev.conllu
2019-11-08 16:46:49,792:DEBUG:	UAS (wo. punct) 0.080369	 LAS (wo. punct) 0.023715
2019-11-08 16:46:49,792:DEBUG:	UAS (w. punct) 0.079402	 LAS (w. punct) 0.027618
2019-11-08 16:46:49,795:INFO:	saved to /home/lpmayos/hd/code/UniParse/models/kiperwasser_pytorch/ud//only_words_true/run1/model.model
2019-11-08 16:46:49,795:INFO:	
2019-11-08 16:46:49,795:INFO:	Epoch 4
2019-11-08 16:46:49,795:INFO:	=====================
2019-11-08 16:46:49,806:INFO:	train_big_datasets; epoch 4; total sentences used to train: 63; read_sentences 63
2019-11-08 16:46:53,738:DEBUG:	Completed epoch 4 in 3.9423813819885254
2019-11-08 16:46:54,188:DEBUG:	output file saved to 1108164639_on_en-ud-dev.conllu
2019-11-08 16:46:54,194:DEBUG:	UAS (wo. punct) 0.042161	 LAS (wo. punct) 0.017128
2019-11-08 16:46:54,194:DEBUG:	UAS (w. punct) 0.042578	 LAS (w. punct) 0.020713
2019-11-08 16:46:54,194:INFO:	
2019-11-08 16:46:54,195:INFO:	Epoch 5
2019-11-08 16:46:54,195:INFO:	=====================
2019-11-08 16:46:54,204:INFO:	train_big_datasets; epoch 5; total sentences used to train: 63; read_sentences 63
2019-11-08 16:46:57,253:DEBUG:	Completed epoch 5 in 3.0580337047576904
2019-11-08 16:46:57,632:DEBUG:	output file saved to 1108164639_on_en-ud-dev.conllu
2019-11-08 16:46:57,638:DEBUG:	UAS (wo. punct) 0.11199	 LAS (wo. punct) 0.063241
2019-11-08 16:46:57,638:DEBUG:	UAS (w. punct) 0.11047	 LAS (w. punct) 0.066743
2019-11-08 16:46:57,641:INFO:	saved to /home/lpmayos/hd/code/UniParse/models/kiperwasser_pytorch/ud//only_words_true/run1/model.model
2019-11-08 16:46:57,641:INFO:	
2019-11-08 16:46:57,641:INFO:	Epoch 6
2019-11-08 16:46:57,641:INFO:	=====================
2019-11-08 16:46:57,652:INFO:	train_big_datasets; epoch 6; total sentences used to train: 63; read_sentences 63
2019-11-08 16:46:59,954:DEBUG:	Completed epoch 6 in 2.31229305267334
2019-11-08 16:47:00,321:DEBUG:	output file saved to 1108164639_on_en-ud-dev.conllu
2019-11-08 16:47:00,327:DEBUG:	UAS (wo. punct) 0.20553	 LAS (wo. punct) 0.1357
2019-11-08 16:47:00,327:DEBUG:	UAS (w. punct) 0.19678	 LAS (w. punct) 0.13579
2019-11-08 16:47:00,330:INFO:	saved to /home/lpmayos/hd/code/UniParse/models/kiperwasser_pytorch/ud//only_words_true/run1/model.model
2019-11-08 16:47:00,330:INFO:	
2019-11-08 16:47:00,330:INFO:	Epoch 7
2019-11-08 16:47:00,330:INFO:	=====================
2019-11-08 16:47:00,343:INFO:	train_big_datasets; epoch 7; total sentences used to train: 63; read_sentences 63
2019-11-08 16:47:02,648:DEBUG:	Completed epoch 7 in 2.3176815509796143
2019-11-08 16:47:03,005:DEBUG:	output file saved to 1108164639_on_en-ud-dev.conllu
2019-11-08 16:47:03,011:DEBUG:	UAS (wo. punct) 0.29249	 LAS (wo. punct) 0.20026
2019-11-08 16:47:03,012:DEBUG:	UAS (w. punct) 0.27618	 LAS (w. punct) 0.19563
2019-11-08 16:47:03,014:INFO:	saved to /home/lpmayos/hd/code/UniParse/models/kiperwasser_pytorch/ud//only_words_true/run1/model.model
2019-11-08 16:47:03,014:INFO:	
2019-11-08 16:47:03,014:INFO:	Epoch 8
2019-11-08 16:47:03,014:INFO:	=====================
2019-11-08 16:47:03,024:INFO:	train_big_datasets; epoch 8; total sentences used to train: 63; read_sentences 63
2019-11-08 16:47:05,628:DEBUG:	Completed epoch 8 in 2.614041566848755
2019-11-08 16:47:05,984:DEBUG:	output file saved to 1108164639_on_en-ud-dev.conllu
2019-11-08 16:47:05,991:DEBUG:	UAS (wo. punct) 0.30698	 LAS (wo. punct) 0.2108
2019-11-08 16:47:05,991:DEBUG:	UAS (w. punct) 0.29229	 LAS (w. punct) 0.20829
2019-11-08 16:47:05,994:INFO:	saved to /home/lpmayos/hd/code/UniParse/models/kiperwasser_pytorch/ud//only_words_true/run1/model.model
2019-11-08 16:47:05,994:INFO:	
2019-11-08 16:47:05,994:INFO:	Epoch 9
2019-11-08 16:47:05,994:INFO:	=====================
2019-11-08 16:47:06,006:INFO:	train_big_datasets; epoch 9; total sentences used to train: 63; read_sentences 63
2019-11-08 16:47:08,925:DEBUG:	Completed epoch 9 in 2.931285858154297
2019-11-08 16:47:09,385:DEBUG:	output file saved to 1108164639_on_en-ud-dev.conllu
2019-11-08 16:47:09,392:DEBUG:	UAS (wo. punct) 0.3004	 LAS (wo. punct) 0.19236
2019-11-08 16:47:09,392:DEBUG:	UAS (w. punct) 0.28193	 LAS (w. punct) 0.18757
2019-11-08 16:47:09,392:INFO:	
2019-11-08 16:47:09,392:INFO:	Epoch 10
2019-11-08 16:47:09,392:INFO:	=====================
2019-11-08 16:47:09,402:INFO:	train_big_datasets; epoch 10; total sentences used to train: 63; read_sentences 63
2019-11-08 16:47:13,326:DEBUG:	Completed epoch 10 in 3.93379545211792
2019-11-08 16:47:13,775:DEBUG:	output file saved to 1108164639_on_en-ud-dev.conllu
2019-11-08 16:47:13,781:DEBUG:	UAS (wo. punct) 0.36495	 LAS (wo. punct) 0.24374
2019-11-08 16:47:13,781:DEBUG:	UAS (w. punct) 0.34292	 LAS (w. punct) 0.2359
2019-11-08 16:47:13,784:INFO:	saved to /home/lpmayos/hd/code/UniParse/models/kiperwasser_pytorch/ud//only_words_true/run1/model.model
2019-11-08 16:47:13,784:INFO:	
2019-11-08 16:47:13,784:INFO:	Epoch 11
2019-11-08 16:47:13,784:INFO:	=====================
2019-11-08 16:47:13,794:INFO:	train_big_datasets; epoch 11; total sentences used to train: 63; read_sentences 63
2019-11-08 16:47:17,780:DEBUG:	Completed epoch 11 in 3.995840311050415
2019-11-08 16:47:18,260:DEBUG:	output file saved to 1108164639_on_en-ud-dev.conllu
2019-11-08 16:47:18,266:DEBUG:	UAS (wo. punct) 0.32148	 LAS (wo. punct) 0.21739
2019-11-08 16:47:18,266:DEBUG:	UAS (w. punct) 0.3084	 LAS (w. punct) 0.21749
2019-11-08 16:47:18,266:INFO:	
2019-11-08 16:47:18,266:INFO:	Epoch 12
2019-11-08 16:47:18,266:INFO:	=====================
2019-11-08 16:47:18,276:INFO:	train_big_datasets; epoch 12; total sentences used to train: 63; read_sentences 63
2019-11-08 16:47:22,217:DEBUG:	Completed epoch 12 in 3.9510154724121094
2019-11-08 16:47:22,699:DEBUG:	output file saved to 1108164639_on_en-ud-dev.conllu
2019-11-08 16:47:22,705:DEBUG:	UAS (wo. punct) 0.39921	 LAS (wo. punct) 0.26614
2019-11-08 16:47:22,705:DEBUG:	UAS (w. punct) 0.3809	 LAS (w. punct) 0.26467
2019-11-08 16:47:22,708:INFO:	saved to /home/lpmayos/hd/code/UniParse/models/kiperwasser_pytorch/ud//only_words_true/run1/model.model
2019-11-08 16:47:22,708:INFO:	
2019-11-08 16:47:22,708:INFO:	Epoch 13
2019-11-08 16:47:22,708:INFO:	=====================
2019-11-08 16:47:22,718:INFO:	train_big_datasets; epoch 13; total sentences used to train: 63; read_sentences 63
2019-11-08 16:47:27,175:DEBUG:	Completed epoch 13 in 4.46681809425354
2019-11-08 16:47:27,617:DEBUG:	output file saved to 1108164639_on_en-ud-dev.conllu
2019-11-08 16:47:27,624:DEBUG:	UAS (wo. punct) 0.44532	 LAS (wo. punct) 0.28195
2019-11-08 16:47:27,624:DEBUG:	UAS (w. punct) 0.42923	 LAS (w. punct) 0.28654
2019-11-08 16:47:27,627:INFO:	saved to /home/lpmayos/hd/code/UniParse/models/kiperwasser_pytorch/ud//only_words_true/run1/model.model
2019-11-08 16:47:27,627:INFO:	
2019-11-08 16:47:27,627:INFO:	Epoch 14
2019-11-08 16:47:27,627:INFO:	=====================
2019-11-08 16:47:27,637:INFO:	train_big_datasets; epoch 14; total sentences used to train: 63; read_sentences 63
2019-11-08 16:47:32,725:DEBUG:	Completed epoch 14 in 5.098202228546143
2019-11-08 16:47:33,293:DEBUG:	output file saved to 1108164639_on_en-ud-dev.conllu
2019-11-08 16:47:33,299:DEBUG:	UAS (wo. punct) 0.47431	 LAS (wo. punct) 0.32675
2019-11-08 16:47:33,299:DEBUG:	UAS (w. punct) 0.45685	 LAS (w. punct) 0.32796
2019-11-08 16:47:33,302:INFO:	saved to /home/lpmayos/hd/code/UniParse/models/kiperwasser_pytorch/ud//only_words_true/run1/model.model
2019-11-08 16:47:33,302:INFO:	
2019-11-08 16:47:33,302:INFO:	Epoch 15
2019-11-08 16:47:33,302:INFO:	=====================
2019-11-08 16:47:33,314:INFO:	train_big_datasets; epoch 15; total sentences used to train: 63; read_sentences 63
2019-11-08 16:47:37,679:DEBUG:	Completed epoch 15 in 4.376784801483154
2019-11-08 16:47:38,135:DEBUG:	output file saved to 1108164639_on_en-ud-dev.conllu
2019-11-08 16:47:38,142:DEBUG:	UAS (wo. punct) 0.47826	 LAS (wo. punct) 0.33333
2019-11-08 16:47:38,142:DEBUG:	UAS (w. punct) 0.46605	 LAS (w. punct) 0.33832
2019-11-08 16:47:38,145:INFO:	saved to /home/lpmayos/hd/code/UniParse/models/kiperwasser_pytorch/ud//only_words_true/run1/model.model
2019-11-08 16:47:38,145:INFO:	
2019-11-08 16:47:38,145:INFO:	Epoch 16
2019-11-08 16:47:38,145:INFO:	=====================
2019-11-08 16:47:38,157:INFO:	train_big_datasets; epoch 16; total sentences used to train: 63; read_sentences 63
2019-11-08 16:47:42,032:DEBUG:	Completed epoch 16 in 3.8874824047088623
2019-11-08 16:47:42,489:DEBUG:	output file saved to 1108164639_on_en-ud-dev.conllu
2019-11-08 16:47:42,495:DEBUG:	UAS (wo. punct) 0.49144	 LAS (wo. punct) 0.33729
2019-11-08 16:47:42,495:DEBUG:	UAS (w. punct) 0.47411	 LAS (w. punct) 0.33947
2019-11-08 16:47:42,498:INFO:	saved to /home/lpmayos/hd/code/UniParse/models/kiperwasser_pytorch/ud//only_words_true/run1/model.model
2019-11-08 16:47:42,498:INFO:	
2019-11-08 16:47:42,498:INFO:	Epoch 17
2019-11-08 16:47:42,498:INFO:	=====================
2019-11-08 16:47:42,508:INFO:	train_big_datasets; epoch 17; total sentences used to train: 63; read_sentences 63
2019-11-08 16:47:46,266:DEBUG:	Completed epoch 17 in 3.7684109210968018
2019-11-08 16:47:46,697:DEBUG:	output file saved to 1108164639_on_en-ud-dev.conllu
2019-11-08 16:47:46,703:DEBUG:	UAS (wo. punct) 0.52042	 LAS (wo. punct) 0.36364
2019-11-08 16:47:46,703:DEBUG:	UAS (w. punct) 0.50288	 LAS (w. punct) 0.36479
2019-11-08 16:47:46,706:INFO:	saved to /home/lpmayos/hd/code/UniParse/models/kiperwasser_pytorch/ud//only_words_true/run1/model.model
2019-11-08 16:47:46,706:INFO:	
2019-11-08 16:47:46,706:INFO:	Epoch 18
2019-11-08 16:47:46,706:INFO:	=====================
2019-11-08 16:47:46,716:INFO:	train_big_datasets; epoch 18; total sentences used to train: 63; read_sentences 63
2019-11-08 16:47:50,509:DEBUG:	Completed epoch 18 in 3.8023149967193604
2019-11-08 16:47:50,984:DEBUG:	output file saved to 1108164639_on_en-ud-dev.conllu
2019-11-08 16:47:50,990:DEBUG:	UAS (wo. punct) 0.4888	 LAS (wo. punct) 0.34783
2019-11-08 16:47:50,990:DEBUG:	UAS (w. punct) 0.47066	 LAS (w. punct) 0.34753
2019-11-08 16:47:50,990:INFO:	
2019-11-08 16:47:50,990:INFO:	Epoch 19
2019-11-08 16:47:50,990:INFO:	=====================
2019-11-08 16:47:51,000:INFO:	train_big_datasets; epoch 19; total sentences used to train: 63; read_sentences 63
2019-11-08 16:47:55,026:DEBUG:	Completed epoch 19 in 4.035680294036865
2019-11-08 16:47:55,468:DEBUG:	output file saved to 1108164639_on_en-ud-dev.conllu
2019-11-08 16:47:55,474:DEBUG:	UAS (wo. punct) 0.49144	 LAS (wo. punct) 0.36495
2019-11-08 16:47:55,474:DEBUG:	UAS (w. punct) 0.47411	 LAS (w. punct) 0.36364
2019-11-08 16:47:55,474:INFO:	
2019-11-08 16:47:55,474:INFO:	Epoch 20
2019-11-08 16:47:55,474:INFO:	=====================
2019-11-08 16:47:55,484:INFO:	train_big_datasets; epoch 20; total sentences used to train: 63; read_sentences 63
2019-11-08 16:47:58,697:DEBUG:	Completed epoch 20 in 3.2225282192230225
2019-11-08 16:47:59,122:DEBUG:	output file saved to 1108164639_on_en-ud-dev.conllu
2019-11-08 16:47:59,128:DEBUG:	UAS (wo. punct) 0.50725	 LAS (wo. punct) 0.361
2019-11-08 16:47:59,128:DEBUG:	UAS (w. punct) 0.48907	 LAS (w. punct) 0.36133
2019-11-08 16:47:59,128:INFO:	
2019-11-08 16:47:59,128:INFO:	Epoch 21
2019-11-08 16:47:59,129:INFO:	=====================
2019-11-08 16:47:59,138:INFO:	train_big_datasets; epoch 21; total sentences used to train: 63; read_sentences 63
2019-11-08 16:48:02,894:DEBUG:	Completed epoch 21 in 3.76556134223938
2019-11-08 16:48:03,322:DEBUG:	output file saved to 1108164639_on_en-ud-dev.conllu
2019-11-08 16:48:03,328:DEBUG:	UAS (wo. punct) 0.50593	 LAS (wo. punct) 0.36232
2019-11-08 16:48:03,328:DEBUG:	UAS (w. punct) 0.49482	 LAS (w. punct) 0.36824
2019-11-08 16:48:03,328:INFO:	
2019-11-08 16:48:03,328:INFO:	Epoch 22
2019-11-08 16:48:03,328:INFO:	=====================
2019-11-08 16:48:03,338:INFO:	train_big_datasets; epoch 22; total sentences used to train: 63; read_sentences 63
2019-11-08 16:48:06,068:DEBUG:	Completed epoch 22 in 2.7398598194122314
2019-11-08 16:48:06,421:DEBUG:	output file saved to 1108164639_on_en-ud-dev.conllu
2019-11-08 16:48:06,428:DEBUG:	UAS (wo. punct) 0.50329	 LAS (wo. punct) 0.3531
2019-11-08 16:48:06,428:DEBUG:	UAS (w. punct) 0.48792	 LAS (w. punct) 0.35558
2019-11-08 16:48:06,428:INFO:	
2019-11-08 16:48:06,428:INFO:	Epoch 23
2019-11-08 16:48:06,428:INFO:	=====================
2019-11-08 16:48:06,438:INFO:	train_big_datasets; epoch 23; total sentences used to train: 63; read_sentences 63
2019-11-08 16:48:08,659:DEBUG:	Completed epoch 23 in 2.231433629989624
2019-11-08 16:48:09,011:DEBUG:	output file saved to 1108164639_on_en-ud-dev.conllu
2019-11-08 16:48:09,017:DEBUG:	UAS (wo. punct) 0.50988	 LAS (wo. punct) 0.36364
2019-11-08 16:48:09,017:DEBUG:	UAS (w. punct) 0.48331	 LAS (w. punct) 0.35558
2019-11-08 16:48:09,017:INFO:	
2019-11-08 16:48:09,018:INFO:	Epoch 24
2019-11-08 16:48:09,018:INFO:	=====================
2019-11-08 16:48:09,027:INFO:	train_big_datasets; epoch 24; total sentences used to train: 63; read_sentences 63
2019-11-08 16:48:13,073:DEBUG:	Completed epoch 24 in 4.055619239807129
2019-11-08 16:48:13,518:DEBUG:	output file saved to 1108164639_on_en-ud-dev.conllu
2019-11-08 16:48:13,526:DEBUG:	UAS (wo. punct) 0.52042	 LAS (wo. punct) 0.35178
2019-11-08 16:48:13,526:DEBUG:	UAS (w. punct) 0.50978	 LAS (w. punct) 0.36133
2019-11-08 16:48:13,526:INFO:	
2019-11-08 16:48:13,526:INFO:	Epoch 25
2019-11-08 16:48:13,526:INFO:	=====================
2019-11-08 16:48:13,536:INFO:	train_big_datasets; epoch 25; total sentences used to train: 63; read_sentences 63
2019-11-08 16:48:17,366:DEBUG:	Completed epoch 25 in 3.839745044708252
2019-11-08 16:48:17,853:DEBUG:	output file saved to 1108164639_on_en-ud-dev.conllu
2019-11-08 16:48:17,860:DEBUG:	UAS (wo. punct) 0.51647	 LAS (wo. punct) 0.35441
2019-11-08 16:48:17,860:DEBUG:	UAS (w. punct) 0.50288	 LAS (w. punct) 0.36018
2019-11-08 16:48:17,860:INFO:	
2019-11-08 16:48:17,860:INFO:	Epoch 26
2019-11-08 16:48:17,860:INFO:	=====================
2019-11-08 16:48:17,870:INFO:	train_big_datasets; epoch 26; total sentences used to train: 63; read_sentences 63
2019-11-08 16:48:21,939:DEBUG:	Completed epoch 26 in 4.078059434890747
2019-11-08 16:48:22,381:DEBUG:	output file saved to 1108164639_on_en-ud-dev.conllu
2019-11-08 16:48:22,387:DEBUG:	UAS (wo. punct) 0.50461	 LAS (wo. punct) 0.35573
2019-11-08 16:48:22,387:DEBUG:	UAS (w. punct) 0.48216	 LAS (w. punct) 0.35213
2019-11-08 16:48:22,387:INFO:	
2019-11-08 16:48:22,387:INFO:	Epoch 27
2019-11-08 16:48:22,387:INFO:	=====================
2019-11-08 16:48:22,397:INFO:	train_big_datasets; epoch 27; total sentences used to train: 63; read_sentences 63
2019-11-08 16:48:26,191:DEBUG:	Completed epoch 27 in 3.803583860397339
2019-11-08 16:48:26,637:DEBUG:	output file saved to 1108164639_on_en-ud-dev.conllu
2019-11-08 16:48:26,643:DEBUG:	UAS (wo. punct) 0.50593	 LAS (wo. punct) 0.35178
2019-11-08 16:48:26,643:DEBUG:	UAS (w. punct) 0.47526	 LAS (w. punct) 0.34062
2019-11-08 16:48:26,643:INFO:	
2019-11-08 16:48:26,643:INFO:	Epoch 28
2019-11-08 16:48:26,643:INFO:	=====================
2019-11-08 16:48:26,653:INFO:	train_big_datasets; epoch 28; total sentences used to train: 63; read_sentences 63
2019-11-08 16:48:30,459:DEBUG:	Completed epoch 28 in 3.815953254699707
2019-11-08 16:48:30,899:DEBUG:	output file saved to 1108164639_on_en-ud-dev.conllu
2019-11-08 16:48:30,905:DEBUG:	UAS (wo. punct) 0.51515	 LAS (wo. punct) 0.37022
2019-11-08 16:48:30,905:DEBUG:	UAS (w. punct) 0.48677	 LAS (w. punct) 0.36018
2019-11-08 16:48:30,905:INFO:	
2019-11-08 16:48:30,905:INFO:	Epoch 29
2019-11-08 16:48:30,905:INFO:	=====================
2019-11-08 16:48:30,914:INFO:	train_big_datasets; epoch 29; total sentences used to train: 63; read_sentences 63
2019-11-08 16:48:34,703:DEBUG:	Completed epoch 29 in 3.7987372875213623
2019-11-08 16:48:35,145:DEBUG:	output file saved to 1108164639_on_en-ud-dev.conllu
2019-11-08 16:48:35,151:DEBUG:	UAS (wo. punct) 0.50329	 LAS (wo. punct) 0.35705
2019-11-08 16:48:35,151:DEBUG:	UAS (w. punct) 0.48331	 LAS (w. punct) 0.35558
2019-11-08 16:48:35,151:INFO:	
2019-11-08 16:48:35,151:INFO:	Epoch 30
2019-11-08 16:48:35,151:INFO:	=====================
2019-11-08 16:48:35,161:INFO:	train_big_datasets; epoch 30; total sentences used to train: 63; read_sentences 63
2019-11-08 16:48:39,091:DEBUG:	Completed epoch 30 in 3.940607786178589
2019-11-08 16:48:39,624:DEBUG:	output file saved to 1108164639_on_en-ud-dev.conllu
2019-11-08 16:48:39,634:DEBUG:	UAS (wo. punct) 0.49934	 LAS (wo. punct) 0.361
2019-11-08 16:48:39,635:DEBUG:	UAS (w. punct) 0.48216	 LAS (w. punct) 0.36133
2019-11-08 16:48:39,635:DEBUG:	Finished at epoch 30
2019-11-08 16:48:39,635:INFO:	...Model trained
2019-11-08 16:48:39,635:INFO:	Model maxed on dev at epoch 17 
2019-11-08 16:48:39,645:INFO:	_read_conll; read 38 sentences
2019-11-08 16:48:39,920:DEBUG:	output file saved to /home/lpmayos/hd/code/UniParse/models/kiperwasser_pytorch/ud/only_words_true/run1/output.out
2019-11-08 16:48:39,927:INFO:	{'uas': 0.5028768699654775, 'las': 0.36478711162255467, 'nopunct_uas': 0.5204216073781291, 'nopunct_las': 0.36363636363636365}
2019-11-08 16:48:39,927:INFO:	
--------------------------------------------------------
2019-11-08 16:48:39,927:INFO:	Test score: 0.5204216073781291 0.36363636363636365
2019-11-08 16:48:39,927:INFO:	--------------------------------------------------------

